<?xml version="1.0" encoding="UTF-8"?>
<coverage generated="1680204132771" clover="3.2.0">
  <project timestamp="1680204132771" name="All files">
    <metrics statements="100" coveredstatements="76" conditionals="30" coveredconditionals="14" methods="25" coveredmethods="15" elements="155" coveredelements="105" complexity="0" loc="100" ncloc="100" packages="5" files="6" classes="6"/>
    <package name="_redux">
      <metrics statements="1" coveredstatements="1" conditionals="0" coveredconditionals="0" methods="0" coveredmethods="0"/>
      <file name="rootReducer.js" path="/Users/ant/SE/Personal-Projects/art-buddy/src/_redux/rootReducer.js">
        <metrics statements="1" coveredstatements="1" conditionals="0" coveredconditionals="0" methods="0" coveredmethods="0"/>
        <line num="23" count="93" type="stmt"/>
      </file>
    </package>
    <package name="_redux._general">
      <metrics statements="5" coveredstatements="5" conditionals="0" coveredconditionals="0" methods="0" coveredmethods="0"/>
      <file name="generalActions.js" path="/Users/ant/SE/Personal-Projects/art-buddy/src/_redux/_general/generalActions.js">
        <metrics statements="5" coveredstatements="5" conditionals="0" coveredconditionals="0" methods="0" coveredmethods="0"/>
        <line num="3" count="94" type="stmt"/>
        <line num="4" count="94" type="stmt"/>
        <line num="5" count="94" type="stmt"/>
        <line num="6" count="94" type="stmt"/>
        <line num="7" count="94" type="stmt"/>
      </file>
    </package>
    <package name="_redux.color-theory.color-wheel">
      <metrics statements="36" coveredstatements="36" conditionals="4" coveredconditionals="4" methods="7" coveredmethods="7"/>
      <file name="colorTheoryActions.js" path="/Users/ant/SE/Personal-Projects/art-buddy/src/_redux/color-theory/color-wheel/colorTheoryActions.js">
        <metrics statements="7" coveredstatements="7" conditionals="0" coveredconditionals="0" methods="0" coveredmethods="0"/>
        <line num="1" count="94" type="stmt"/>
        <line num="3" count="94" type="stmt"/>
        <line num="4" count="94" type="stmt"/>
        <line num="5" count="94" type="stmt"/>
        <line num="6" count="94" type="stmt"/>
        <line num="7" count="94" type="stmt"/>
        <line num="8" count="94" type="stmt"/>
      </file>
      <file name="colorTheoryReducer.js" path="/Users/ant/SE/Personal-Projects/art-buddy/src/_redux/color-theory/color-wheel/colorTheoryReducer.js">
        <metrics statements="29" coveredstatements="29" conditionals="4" coveredconditionals="4" methods="7" coveredmethods="7"/>
        <line num="5" count="94" type="stmt"/>
        <line num="7" count="94" type="stmt"/>
        <line num="8" count="94" type="stmt"/>
        <line num="10" count="6" type="stmt"/>
        <line num="11" count="6" type="stmt"/>
        <line num="12" count="6" type="stmt"/>
        <line num="13" count="72" type="cond" truecount="2" falsecount="0"/>
        <line num="14" count="18" type="stmt"/>
        <line num="15" count="18" type="stmt"/>
        <line num="18" count="6" type="stmt"/>
        <line num="21" count="2" type="stmt"/>
        <line num="22" count="2" type="stmt"/>
        <line num="23" count="24" type="stmt"/>
        <line num="25" count="2" type="stmt"/>
        <line num="28" count="1" type="stmt"/>
        <line num="29" count="1" type="stmt"/>
        <line num="30" count="1" type="stmt"/>
        <line num="31" count="1" type="stmt"/>
        <line num="34" count="4" type="stmt"/>
        <line num="35" count="4" type="stmt"/>
        <line num="36" count="4" type="stmt"/>
        <line num="37" count="48" type="cond" truecount="2" falsecount="0"/>
        <line num="38" count="12" type="stmt"/>
        <line num="41" count="4" type="stmt"/>
        <line num="44" count="1" type="stmt"/>
        <line num="45" count="1" type="stmt"/>
        <line num="46" count="1" type="stmt"/>
        <line num="47" count="1" type="stmt"/>
        <line num="50" count="8" type="stmt"/>
      </file>
    </package>
    <package name="color-theory.learn.colors">
      <metrics statements="7" coveredstatements="7" conditionals="0" coveredconditionals="0" methods="3" coveredmethods="3"/>
      <file name="LearnColors.js" path="/Users/ant/SE/Personal-Projects/art-buddy/src/color-theory/learn/colors/LearnColors.js">
        <metrics statements="7" coveredstatements="7" conditionals="0" coveredconditionals="0" methods="3" coveredmethods="3"/>
        <line num="14" count="7" type="stmt"/>
        <line num="15" count="4" type="stmt"/>
        <line num="16" count="4" type="stmt"/>
        <line num="18" count="4" type="stmt"/>
        <line num="19" count="4" type="stmt"/>
        <line num="20" count="4" type="stmt"/>
        <line num="23" count="4" type="stmt"/>
      </file>
    </package>
    <package name="color-theory.play.level">
      <metrics statements="51" coveredstatements="27" conditionals="26" coveredconditionals="10" methods="15" coveredmethods="5"/>
      <file name="PlayLevel.js" path="/Users/ant/SE/Personal-Projects/art-buddy/src/color-theory/play/level/PlayLevel.js">
        <metrics statements="51" coveredstatements="27" conditionals="26" coveredconditionals="10" methods="15" coveredmethods="5"/>
        <line num="28" count="6" type="stmt"/>
        <line num="29" count="4" type="stmt"/>
        <line num="30" count="3" type="stmt"/>
        <line num="31" count="3" type="stmt"/>
        <line num="32" count="3" type="stmt"/>
        <line num="33" count="3" type="stmt"/>
        <line num="39" count="3" type="stmt"/>
        <line num="41" count="3" type="stmt"/>
        <line num="42" count="3" type="stmt"/>
        <line num="43" count="3" type="stmt"/>
        <line num="44" count="3" type="stmt"/>
        <line num="46" count="3" type="stmt"/>
        <line num="47" count="3" type="stmt"/>
        <line num="48" count="3" type="cond" truecount="4" falsecount="0"/>
        <line num="49" count="1" type="stmt"/>
        <line num="51" count="2" type="stmt"/>
        <line num="52" count="3" type="stmt"/>
        <line num="54" count="3" type="stmt"/>
        <line num="57" count="3" type="stmt"/>
        <line num="58" count="0" type="stmt"/>
        <line num="59" count="0" type="stmt"/>
        <line num="60" count="0" type="cond" truecount="0" falsecount="2"/>
        <line num="61" count="0" type="stmt"/>
        <line num="63" count="0" type="stmt"/>
        <line num="70" count="0" type="stmt"/>
        <line num="74" count="3" type="stmt"/>
        <line num="75" count="0" type="stmt"/>
        <line num="76" count="0" type="stmt"/>
        <line num="77" count="0" type="cond" truecount="0" falsecount="2"/>
        <line num="78" count="0" type="stmt"/>
        <line num="88" count="0" type="stmt"/>
        <line num="92" count="3" type="stmt"/>
        <line num="93" count="0" type="stmt"/>
        <line num="95" count="0" type="cond" truecount="0" falsecount="2"/>
        <line num="96" count="0" type="stmt"/>
        <line num="102" count="0" type="cond" truecount="0" falsecount="4"/>
        <line num="103" count="0" type="stmt"/>
        <line num="110" count="0" type="cond" truecount="0" falsecount="2"/>
        <line num="111" count="0" type="stmt"/>
        <line num="118" count="0" type="stmt"/>
        <line num="124" count="0" type="stmt"/>
        <line num="128" count="3" type="stmt"/>
        <line num="131" count="3" type="stmt"/>
        <line num="132" count="3" type="cond" truecount="1" falsecount="1"/>
        <line num="133" count="0" type="stmt"/>
        <line num="134" count="0" type="stmt"/>
        <line num="135" count="3" type="cond" truecount="3" falsecount="1"/>
        <line num="136" count="0" type="stmt"/>
        <line num="137" count="0" type="stmt"/>
        <line num="139" count="3" type="stmt"/>
        <line num="147" count="3" type="stmt"/>
      </file>
    </package>
  </project>
</coverage>
