<?xml version="1.0" encoding="UTF-8"?>
<coverage generated="1680092695922" clover="3.2.0">
  <project timestamp="1680092695922" name="All files">
    <metrics statements="1684" coveredstatements="1475" conditionals="578" coveredconditionals="420" methods="569" coveredmethods="448" elements="2831" coveredelements="2343" complexity="0" loc="1684" ncloc="1684" packages="152" files="201" classes="201"/>
    <package name="src">
      <metrics statements="3" coveredstatements="3" conditionals="2" coveredconditionals="1" methods="1" coveredmethods="1"/>
      <file name="App.js" path="/Users/ant/SE/Personal-Projects/art-buddy/src/App.js">
        <metrics statements="3" coveredstatements="3" conditionals="2" coveredconditionals="1" methods="1" coveredmethods="1"/>
        <line num="8" count="3" type="stmt"/>
        <line num="9" count="3" type="stmt"/>
        <line num="10" count="3" type="stmt"/>
      </file>
    </package>
    <package name="src._components.button">
      <metrics statements="3" coveredstatements="3" conditionals="14" coveredconditionals="14" methods="1" coveredmethods="1"/>
      <file name="Button.js" path="/Users/ant/SE/Personal-Projects/art-buddy/src/_components/button/Button.js">
        <metrics statements="3" coveredstatements="3" conditionals="14" coveredconditionals="14" methods="1" coveredmethods="1"/>
        <line num="5" count="31" type="stmt"/>
        <line num="16" count="416" type="stmt"/>
        <line num="17" count="416" type="stmt"/>
      </file>
    </package>
    <package name="src._components.dropdown">
      <metrics statements="12" coveredstatements="12" conditionals="9" coveredconditionals="9" methods="6" coveredmethods="6"/>
      <file name="Dropdown.js" path="/Users/ant/SE/Personal-Projects/art-buddy/src/_components/dropdown/Dropdown.js">
        <metrics statements="12" coveredstatements="12" conditionals="9" coveredconditionals="9" methods="6" coveredmethods="6"/>
        <line num="7" count="16" type="cond" truecount="1" falsecount="0"/>
        <line num="8" count="304" type="stmt"/>
        <line num="9" count="304" type="stmt"/>
        <line num="11" count="304" type="stmt"/>
        <line num="13" count="304" type="stmt"/>
        <line num="14" count="12" type="stmt"/>
        <line num="15" count="12" type="stmt"/>
        <line num="19" count="304" type="stmt"/>
        <line num="26" count="2353" type="stmt"/>
        <line num="38" count="304" type="stmt"/>
        <line num="43" count="304" type="stmt"/>
        <line num="45" count="304" type="stmt"/>
      </file>
    </package>
    <package name="src._components.help">
      <metrics statements="6" coveredstatements="5" conditionals="0" coveredconditionals="0" methods="3" coveredmethods="2"/>
      <file name="Help.js" path="/Users/ant/SE/Personal-Projects/art-buddy/src/_components/help/Help.js">
        <metrics statements="6" coveredstatements="5" conditionals="0" coveredconditionals="0" methods="3" coveredmethods="2"/>
        <line num="10" count="32" type="stmt"/>
        <line num="11" count="64" type="stmt"/>
        <line num="12" count="47" type="stmt"/>
        <line num="14" count="47" type="stmt"/>
        <line num="15" count="0" type="stmt"/>
        <line num="19" count="47" type="stmt"/>
      </file>
    </package>
    <package name="src._components.icon">
      <metrics statements="4" coveredstatements="4" conditionals="17" coveredconditionals="17" methods="1" coveredmethods="1"/>
      <file name="Icon.js" path="/Users/ant/SE/Personal-Projects/art-buddy/src/_components/icon/Icon.js">
        <metrics statements="4" coveredstatements="4" conditionals="17" coveredconditionals="17" methods="1" coveredmethods="1"/>
        <line num="3" count="48" type="stmt"/>
        <line num="14" count="746" type="stmt"/>
        <line num="21" count="746" type="stmt"/>
        <line num="25" count="746" type="stmt"/>
      </file>
    </package>
    <package name="src._components.icon.add-icon">
      <metrics statements="2" coveredstatements="2" conditionals="0" coveredconditionals="0" methods="1" coveredmethods="1"/>
      <file name="AddIcon.js" path="/Users/ant/SE/Personal-Projects/art-buddy/src/_components/icon/add-icon/AddIcon.js">
        <metrics statements="2" coveredstatements="2" conditionals="0" coveredconditionals="0" methods="1" coveredmethods="1"/>
        <line num="5" count="12" type="stmt"/>
        <line num="6" count="72" type="stmt"/>
      </file>
    </package>
    <package name="src._components.instructions">
      <metrics statements="4" coveredstatements="4" conditionals="0" coveredconditionals="0" methods="3" coveredmethods="2"/>
      <file name="Instructions.js" path="/Users/ant/SE/Personal-Projects/art-buddy/src/_components/instructions/Instructions.js">
        <metrics statements="4" coveredstatements="4" conditionals="0" coveredconditionals="0" methods="3" coveredmethods="2"/>
        <line num="7" count="13" type="stmt"/>
        <line num="8" count="35" type="stmt"/>
        <line num="9" count="22" type="stmt"/>
        <line num="10" count="22" type="stmt"/>
      </file>
    </package>
    <package name="src._components.keyboard">
      <metrics statements="2" coveredstatements="2" conditionals="0" coveredconditionals="0" methods="1" coveredmethods="1"/>
      <file name="Keyboard.js" path="/Users/ant/SE/Personal-Projects/art-buddy/src/_components/keyboard/Keyboard.js">
        <metrics statements="2" coveredstatements="2" conditionals="0" coveredconditionals="0" methods="1" coveredmethods="1"/>
        <line num="7" count="9" type="stmt"/>
        <line num="8" count="42" type="stmt"/>
      </file>
    </package>
    <package name="src._components.option">
      <metrics statements="2" coveredstatements="2" conditionals="1" coveredconditionals="1" methods="1" coveredmethods="1"/>
      <file name="Options.js" path="/Users/ant/SE/Personal-Projects/art-buddy/src/_components/option/Options.js">
        <metrics statements="2" coveredstatements="2" conditionals="1" coveredconditionals="1" methods="1" coveredmethods="1"/>
        <line num="3" count="15" type="cond" truecount="1" falsecount="0"/>
        <line num="4" count="73" type="stmt"/>
      </file>
    </package>
    <package name="src._components.popup">
      <metrics statements="8" coveredstatements="8" conditionals="10" coveredconditionals="8" methods="2" coveredmethods="2"/>
      <file name="Popup.js" path="/Users/ant/SE/Personal-Projects/art-buddy/src/_components/popup/Popup.js">
        <metrics statements="8" coveredstatements="8" conditionals="10" coveredconditionals="8" methods="2" coveredmethods="2"/>
        <line num="8" count="4" type="stmt"/>
        <line num="9" count="12" type="stmt"/>
        <line num="11" count="12" type="stmt"/>
        <line num="12" count="4" type="cond" truecount="1" falsecount="1"/>
        <line num="14" count="4" type="cond" truecount="2" falsecount="0"/>
        <line num="16" count="4" type="cond" truecount="2" falsecount="0"/>
        <line num="17" count="1" type="stmt"/>
        <line num="22" count="12" type="cond" truecount="2" falsecount="0"/>
      </file>
    </package>
    <package name="src._components.popup.finished">
      <metrics statements="5" coveredstatements="1" conditionals="1" coveredconditionals="0" methods="2" coveredmethods="0"/>
      <file name="Finished.js" path="/Users/ant/SE/Personal-Projects/art-buddy/src/_components/popup/finished/Finished.js">
        <metrics statements="5" coveredstatements="1" conditionals="1" coveredconditionals="0" methods="2" coveredmethods="0"/>
        <line num="9" count="6" type="cond" truecount="0" falsecount="1"/>
        <line num="10" count="0" type="stmt"/>
        <line num="12" count="0" type="stmt"/>
        <line num="13" count="0" type="stmt"/>
        <line num="19" count="0" type="stmt"/>
      </file>
    </package>
    <package name="src._components.report-card">
      <metrics statements="8" coveredstatements="7" conditionals="1" coveredconditionals="0" methods="3" coveredmethods="2"/>
      <file name="ReportCard.js" path="/Users/ant/SE/Personal-Projects/art-buddy/src/_components/report-card/ReportCard.js">
        <metrics statements="8" coveredstatements="7" conditionals="1" coveredconditionals="0" methods="3" coveredmethods="2"/>
        <line num="9" count="14" type="cond" truecount="0" falsecount="1"/>
        <line num="10" count="2" type="stmt"/>
        <line num="11" count="2" type="stmt"/>
        <line num="12" count="12" type="stmt"/>
        <line num="13" count="12" type="stmt"/>
        <line num="24" count="2" type="stmt"/>
        <line num="25" count="0" type="stmt"/>
        <line num="27" count="2" type="stmt"/>
      </file>
    </package>
    <package name="src._components.report-card.score">
      <metrics statements="13" coveredstatements="13" conditionals="6" coveredconditionals="6" methods="2" coveredmethods="2"/>
      <file name="Score.js" path="/Users/ant/SE/Personal-Projects/art-buddy/src/_components/report-card/score/Score.js">
        <metrics statements="13" coveredstatements="13" conditionals="6" coveredconditionals="6" methods="2" coveredmethods="2"/>
        <line num="5" count="15" type="stmt"/>
        <line num="6" count="14" type="stmt"/>
        <line num="7" count="14" type="stmt"/>
        <line num="8" count="14" type="stmt"/>
        <line num="9" count="14" type="stmt"/>
        <line num="10" count="56" type="cond" truecount="4" falsecount="0"/>
        <line num="11" count="56" type="cond" truecount="2" falsecount="0"/>
        <line num="12" count="4" type="stmt"/>
        <line num="13" count="4" type="stmt"/>
        <line num="14" count="4" type="stmt"/>
        <line num="18" count="52" type="stmt"/>
        <line num="21" count="14" type="stmt"/>
        <line num="24" count="14" type="stmt"/>
      </file>
    </package>
    <package name="src._components.toggle">
      <metrics statements="2" coveredstatements="2" conditionals="5" coveredconditionals="5" methods="1" coveredmethods="1"/>
      <file name="Toggle.js" path="/Users/ant/SE/Personal-Projects/art-buddy/src/_components/toggle/Toggle.js">
        <metrics statements="2" coveredstatements="2" conditionals="5" coveredconditionals="5" methods="1" coveredmethods="1"/>
        <line num="3" count="12" type="cond" truecount="1" falsecount="0"/>
        <line num="4" count="38" type="stmt"/>
      </file>
    </package>
    <package name="src._components.too-small">
      <metrics statements="2" coveredstatements="2" conditionals="0" coveredconditionals="0" methods="1" coveredmethods="1"/>
      <file name="TooSmall.js" path="/Users/ant/SE/Personal-Projects/art-buddy/src/_components/too-small/TooSmall.js">
        <metrics statements="2" coveredstatements="2" conditionals="0" coveredconditionals="0" methods="1" coveredmethods="1"/>
        <line num="3" count="4" type="stmt"/>
        <line num="4" count="2" type="stmt"/>
      </file>
    </package>
    <package name="src._components.video">
      <metrics statements="2" coveredstatements="2" conditionals="0" coveredconditionals="0" methods="1" coveredmethods="1"/>
      <file name="Video.js" path="/Users/ant/SE/Personal-Projects/art-buddy/src/_components/video/Video.js">
        <metrics statements="2" coveredstatements="2" conditionals="0" coveredconditionals="0" methods="1" coveredmethods="1"/>
        <line num="3" count="10" type="stmt"/>
        <line num="4" count="2" type="stmt"/>
      </file>
    </package>
    <package name="src._components.window">
      <metrics statements="3" coveredstatements="3" conditionals="3" coveredconditionals="3" methods="1" coveredmethods="1"/>
      <file name="Window.js" path="/Users/ant/SE/Personal-Projects/art-buddy/src/_components/window/Window.js">
        <metrics statements="3" coveredstatements="3" conditionals="3" coveredconditionals="3" methods="1" coveredmethods="1"/>
        <line num="3" count="11" type="cond" truecount="1" falsecount="0"/>
        <line num="4" count="39" type="cond" truecount="2" falsecount="0"/>
        <line num="5" count="39" type="stmt"/>
      </file>
    </package>
    <package name="src._components.window-nav">
      <metrics statements="12" coveredstatements="12" conditionals="12" coveredconditionals="12" methods="6" coveredmethods="5"/>
      <file name="WindowNavbar.js" path="/Users/ant/SE/Personal-Projects/art-buddy/src/_components/window-nav/WindowNavbar.js">
        <metrics statements="12" coveredstatements="12" conditionals="12" coveredconditionals="12" methods="6" coveredmethods="5"/>
        <line num="13" count="31" type="cond" truecount="2" falsecount="0"/>
        <line num="14" count="375" type="stmt"/>
        <line num="15" count="239" type="stmt"/>
        <line num="16" count="239" type="stmt"/>
        <line num="17" count="239" type="stmt"/>
        <line num="19" count="239" type="stmt"/>
        <line num="20" count="144" type="stmt"/>
        <line num="24" count="239" type="stmt"/>
        <line num="25" count="478" type="cond" truecount="2" falsecount="0"/>
        <line num="28" count="239" type="stmt"/>
        <line num="47" count="239" type="stmt"/>
        <line num="57" count="239" type="cond" truecount="2" falsecount="0"/>
      </file>
    </package>
    <package name="src._components.window-nav.back-arrow">
      <metrics statements="4" coveredstatements="4" conditionals="0" coveredconditionals="0" methods="2" coveredmethods="1"/>
      <file name="BackArrow.js" path="/Users/ant/SE/Personal-Projects/art-buddy/src/_components/window-nav/back-arrow/BackArrow.js">
        <metrics statements="4" coveredstatements="4" conditionals="0" coveredconditionals="0" methods="2" coveredmethods="1"/>
        <line num="7" count="32" type="stmt"/>
        <line num="8" count="47" type="stmt"/>
        <line num="9" count="47" type="stmt"/>
        <line num="10" count="47" type="stmt"/>
      </file>
    </package>
    <package name="src._context">
      <metrics statements="10" coveredstatements="10" conditionals="0" coveredconditionals="0" methods="3" coveredmethods="3"/>
      <file name="PlayContext.js" path="/Users/ant/SE/Personal-Projects/art-buddy/src/_context/PlayContext.js">
        <metrics statements="4" coveredstatements="4" conditionals="0" coveredconditionals="0" methods="1" coveredmethods="1"/>
        <line num="3" count="93" type="stmt"/>
        <line num="5" count="93" type="stmt"/>
        <line num="6" count="299" type="stmt"/>
        <line num="8" count="299" type="stmt"/>
      </file>
      <file name="PopupContext.js" path="/Users/ant/SE/Personal-Projects/art-buddy/src/_context/PopupContext.js">
        <metrics statements="4" coveredstatements="4" conditionals="0" coveredconditionals="0" methods="1" coveredmethods="1"/>
        <line num="3" count="93" type="stmt"/>
        <line num="5" count="93" type="stmt"/>
        <line num="6" count="247" type="stmt"/>
        <line num="8" count="247" type="stmt"/>
      </file>
      <file name="global.js" path="/Users/ant/SE/Personal-Projects/art-buddy/src/_context/global.js">
        <metrics statements="2" coveredstatements="2" conditionals="0" coveredconditionals="0" methods="1" coveredmethods="1"/>
        <line num="5" count="93" type="stmt"/>
        <line num="6" count="238" type="stmt"/>
      </file>
    </package>
    <package name="src._data._activities">
      <metrics statements="13" coveredstatements="13" conditionals="0" coveredconditionals="0" methods="0" coveredmethods="0"/>
      <file name="activityList.js" path="/Users/ant/SE/Personal-Projects/art-buddy/src/_data/_activities/activityList.js">
        <metrics statements="13" coveredstatements="13" conditionals="0" coveredconditionals="0" methods="0" coveredmethods="0"/>
        <line num="10" count="17" type="stmt"/>
        <line num="11" count="17" type="stmt"/>
        <line num="23" count="17" type="stmt"/>
        <line num="25" count="17" type="stmt"/>
        <line num="36" count="17" type="stmt"/>
        <line num="47" count="17" type="stmt"/>
        <line num="58" count="17" type="stmt"/>
        <line num="68" count="17" type="stmt"/>
        <line num="78" count="17" type="stmt"/>
        <line num="89" count="17" type="stmt"/>
        <line num="100" count="17" type="stmt"/>
        <line num="111" count="17" type="stmt"/>
        <line num="122" count="17" type="stmt"/>
      </file>
    </package>
    <package name="src._data._report-cards">
      <metrics statements="10" coveredstatements="10" conditionals="0" coveredconditionals="0" methods="0" coveredmethods="0"/>
      <file name="colorsForProgressBar.js" path="/Users/ant/SE/Personal-Projects/art-buddy/src/_data/_report-cards/colorsForProgressBar.js">
        <metrics statements="8" coveredstatements="8" conditionals="0" coveredconditionals="0" methods="0" coveredmethods="0"/>
        <line num="7" count="19" type="stmt"/>
        <line num="10" count="19" type="stmt"/>
        <line num="13" count="19" type="stmt"/>
        <line num="14" count="19" type="stmt"/>
        <line num="35" count="19" type="stmt"/>
        <line num="37" count="19" type="stmt"/>
        <line num="43" count="19" type="stmt"/>
        <line num="49" count="19" type="stmt"/>
      </file>
      <file name="initialReportCards.js" path="/Users/ant/SE/Personal-Projects/art-buddy/src/_data/_report-cards/initialReportCards.js">
        <metrics statements="2" coveredstatements="2" conditionals="0" coveredconditionals="0" methods="0" coveredmethods="0"/>
        <line num="8" count="18" type="stmt"/>
        <line num="47" count="18" type="stmt"/>
      </file>
    </package>
    <package name="src._data._utils">
      <metrics statements="1" coveredstatements="1" conditionals="0" coveredconditionals="0" methods="0" coveredmethods="0"/>
      <file name="colorOrder.js" path="/Users/ant/SE/Personal-Projects/art-buddy/src/_data/_utils/colorOrder.js">
        <metrics statements="1" coveredstatements="1" conditionals="0" coveredconditionals="0" methods="0" coveredmethods="0"/>
        <line num="3" count="32" type="stmt"/>
      </file>
    </package>
    <package name="src._data.color-theory">
      <metrics statements="7" coveredstatements="7" conditionals="0" coveredconditionals="0" methods="0" coveredmethods="0"/>
      <file name="colorWheel.js" path="/Users/ant/SE/Personal-Projects/art-buddy/src/_data/color-theory/colorWheel.js">
        <metrics statements="2" coveredstatements="2" conditionals="0" coveredconditionals="0" methods="0" coveredmethods="0"/>
        <line num="3" count="97" type="stmt"/>
        <line num="8" count="97" type="stmt"/>
      </file>
      <file name="colors.js" path="/Users/ant/SE/Personal-Projects/art-buddy/src/_data/color-theory/colors.js">
        <metrics statements="3" coveredstatements="3" conditionals="0" coveredconditionals="0" methods="0" coveredmethods="0"/>
        <line num="3" count="97" type="stmt"/>
        <line num="71" count="97" type="stmt"/>
        <line num="72" count="1164" type="stmt"/>
      </file>
      <file name="levels.js" path="/Users/ant/SE/Personal-Projects/art-buddy/src/_data/color-theory/levels.js">
        <metrics statements="2" coveredstatements="2" conditionals="0" coveredconditionals="0" methods="0" coveredmethods="0"/>
        <line num="1" count="7" type="stmt"/>
        <line num="3" count="7" type="stmt"/>
      </file>
    </package>
    <package name="src._data.free-paint">
      <metrics statements="6" coveredstatements="6" conditionals="0" coveredconditionals="0" methods="3" coveredmethods="3"/>
      <file name="colors.js" path="/Users/ant/SE/Personal-Projects/art-buddy/src/_data/free-paint/colors.js">
        <metrics statements="2" coveredstatements="2" conditionals="0" coveredconditionals="0" methods="0" coveredmethods="0"/>
        <line num="1" count="94" type="stmt"/>
        <line num="10" count="94" type="stmt"/>
      </file>
      <file name="freePaintOptions.js" path="/Users/ant/SE/Personal-Projects/art-buddy/src/_data/free-paint/freePaintOptions.js">
        <metrics statements="4" coveredstatements="4" conditionals="0" coveredconditionals="0" methods="3" coveredmethods="3"/>
        <line num="6" count="8" type="stmt"/>
        <line num="7" count="208" type="stmt"/>
        <line num="8" count="208" type="stmt"/>
        <line num="9" count="80" type="stmt"/>
      </file>
    </package>
    <package name="src._data.instrument-id">
      <metrics statements="2" coveredstatements="2" conditionals="0" coveredconditionals="0" methods="0" coveredmethods="0"/>
      <file name="learnInstrumentOptions.js" path="/Users/ant/SE/Personal-Projects/art-buddy/src/_data/instrument-id/learnInstrumentOptions.js">
        <metrics statements="2" coveredstatements="2" conditionals="0" coveredconditionals="0" methods="0" coveredmethods="0"/>
        <line num="4" count="100" type="stmt"/>
        <line num="27" count="100" type="stmt"/>
      </file>
    </package>
    <package name="src._data.jump-into-rhythm">
      <metrics statements="1" coveredstatements="1" conditionals="0" coveredconditionals="0" methods="0" coveredmethods="0"/>
      <file name="noteInfo.js" path="/Users/ant/SE/Personal-Projects/art-buddy/src/_data/jump-into-rhythm/noteInfo.js">
        <metrics statements="1" coveredstatements="1" conditionals="0" coveredconditionals="0" methods="0" coveredmethods="0"/>
        <line num="7" count="7" type="stmt"/>
      </file>
    </package>
    <package name="src._data.mood-meter">
      <metrics statements="9" coveredstatements="9" conditionals="0" coveredconditionals="0" methods="0" coveredmethods="0"/>
      <file name="batteries.js" path="/Users/ant/SE/Personal-Projects/art-buddy/src/_data/mood-meter/batteries.js">
        <metrics statements="7" coveredstatements="7" conditionals="0" coveredconditionals="0" methods="0" coveredmethods="0"/>
        <line num="3" count="7" type="stmt"/>
        <line num="6" count="7" type="stmt"/>
        <line num="9" count="7" type="stmt"/>
        <line num="13" count="7" type="stmt"/>
        <line num="14" count="7" type="stmt"/>
        <line num="15" count="7" type="stmt"/>
        <line num="17" count="7" type="stmt"/>
      </file>
      <file name="faces.js" path="/Users/ant/SE/Personal-Projects/art-buddy/src/_data/mood-meter/faces.js">
        <metrics statements="1" coveredstatements="1" conditionals="0" coveredconditionals="0" methods="0" coveredmethods="0"/>
        <line num="5" count="7" type="stmt"/>
      </file>
      <file name="moods.js" path="/Users/ant/SE/Personal-Projects/art-buddy/src/_data/mood-meter/moods.js">
        <metrics statements="1" coveredstatements="1" conditionals="0" coveredconditionals="0" methods="0" coveredmethods="0"/>
        <line num="18" count="6" type="stmt"/>
      </file>
    </package>
    <package name="src._data.music-decoder">
      <metrics statements="1" coveredstatements="1" conditionals="0" coveredconditionals="0" methods="0" coveredmethods="0"/>
      <file name="letterNotes.js" path="/Users/ant/SE/Personal-Projects/art-buddy/src/_data/music-decoder/letterNotes.js">
        <metrics statements="1" coveredstatements="1" conditionals="0" coveredconditionals="0" methods="0" coveredmethods="0"/>
        <line num="6" count="9" type="stmt"/>
      </file>
    </package>
    <package name="src._data.score-keeper">
      <metrics statements="3" coveredstatements="3" conditionals="0" coveredconditionals="0" methods="2" coveredmethods="2"/>
      <file name="operations.js" path="/Users/ant/SE/Personal-Projects/art-buddy/src/_data/score-keeper/operations.js">
        <metrics statements="3" coveredstatements="3" conditionals="0" coveredconditionals="0" methods="2" coveredmethods="2"/>
        <line num="1" count="94" type="stmt"/>
        <line num="2" count="12" type="stmt"/>
        <line num="3" count="8" type="stmt"/>
      </file>
    </package>
    <package name="src._data.sequence-maker">
      <metrics statements="2" coveredstatements="2" conditionals="0" coveredconditionals="0" methods="0" coveredmethods="0"/>
      <file name="soundInfo.js" path="/Users/ant/SE/Personal-Projects/art-buddy/src/_data/sequence-maker/soundInfo.js">
        <metrics statements="2" coveredstatements="2" conditionals="0" coveredconditionals="0" methods="0" coveredmethods="0"/>
        <line num="3" count="94" type="stmt"/>
        <line num="9" count="94" type="stmt"/>
      </file>
    </package>
    <package name="src._data.time-keeper">
      <metrics statements="2" coveredstatements="2" conditionals="0" coveredconditionals="0" methods="0" coveredmethods="0"/>
      <file name="timeBlocks.js" path="/Users/ant/SE/Personal-Projects/art-buddy/src/_data/time-keeper/timeBlocks.js">
        <metrics statements="2" coveredstatements="2" conditionals="0" coveredconditionals="0" methods="0" coveredmethods="0"/>
        <line num="9" count="95" type="stmt"/>
        <line num="27" count="95" type="stmt"/>
      </file>
    </package>
    <package name="src._hooks.form-fields">
      <metrics statements="10" coveredstatements="10" conditionals="1" coveredconditionals="0" methods="6" coveredmethods="6"/>
      <file name="useFormFields.js" path="/Users/ant/SE/Personal-Projects/art-buddy/src/_hooks/form-fields/useFormFields.js">
        <metrics statements="10" coveredstatements="10" conditionals="1" coveredconditionals="0" methods="6" coveredmethods="6"/>
        <line num="3" count="15" type="stmt"/>
        <line num="4" count="78" type="stmt"/>
        <line num="6" count="78" type="stmt"/>
        <line num="7" count="46" type="stmt"/>
        <line num="8" count="46" type="stmt"/>
        <line num="11" count="78" type="stmt"/>
        <line num="12" count="3" type="stmt"/>
        <line num="15" count="78" type="cond" truecount="0" falsecount="1"/>
        <line num="16" count="1" type="stmt"/>
        <line num="19" count="78" type="stmt"/>
      </file>
    </package>
    <package name="src._hooks.report-card">
      <metrics statements="8" coveredstatements="8" conditionals="5" coveredconditionals="5" methods="2" coveredmethods="2"/>
      <file name="useReportCard.js" path="/Users/ant/SE/Personal-Projects/art-buddy/src/_hooks/report-card/useReportCard.js">
        <metrics statements="8" coveredstatements="8" conditionals="5" coveredconditionals="5" methods="2" coveredmethods="2"/>
        <line num="5" count="16" type="cond" truecount="1" falsecount="0"/>
        <line num="6" count="37" type="cond" truecount="2" falsecount="0"/>
        <line num="7" count="37" type="stmt"/>
        <line num="9" count="37" type="stmt"/>
        <line num="10" count="37" type="stmt"/>
        <line num="14" count="37" type="stmt"/>
        <line num="15" count="25" type="stmt"/>
        <line num="18" count="37" type="stmt"/>
      </file>
    </package>
    <package name="src._hooks.roster">
      <metrics statements="6" coveredstatements="6" conditionals="2" coveredconditionals="1" methods="2" coveredmethods="2"/>
      <file name="useRoster.js" path="/Users/ant/SE/Personal-Projects/art-buddy/src/_hooks/roster/useRoster.js">
        <metrics statements="6" coveredstatements="6" conditionals="2" coveredconditionals="1" methods="2" coveredmethods="2"/>
        <line num="3" count="8" type="stmt"/>
        <line num="4" count="9" type="cond" truecount="1" falsecount="1"/>
        <line num="5" count="9" type="stmt"/>
        <line num="7" count="9" type="stmt"/>
        <line num="8" count="9" type="stmt"/>
        <line num="11" count="9" type="stmt"/>
      </file>
    </package>
    <package name="src._hooks.saved-songs">
      <metrics statements="6" coveredstatements="6" conditionals="4" coveredconditionals="4" methods="2" coveredmethods="2"/>
      <file name="useSavedSongs.js" path="/Users/ant/SE/Personal-Projects/art-buddy/src/_hooks/saved-songs/useSavedSongs.js">
        <metrics statements="6" coveredstatements="6" conditionals="4" coveredconditionals="4" methods="2" coveredmethods="2"/>
        <line num="3" count="11" type="stmt"/>
        <line num="5" count="46" type="cond" truecount="2" falsecount="0"/>
        <line num="6" count="46" type="stmt"/>
        <line num="10" count="46" type="stmt"/>
        <line num="11" count="12" type="stmt"/>
        <line num="17" count="46" type="stmt"/>
      </file>
    </package>
    <package name="src._hooks.visited">
      <metrics statements="7" coveredstatements="7" conditionals="5" coveredconditionals="5" methods="2" coveredmethods="2"/>
      <file name="useVisited.js" path="/Users/ant/SE/Personal-Projects/art-buddy/src/_hooks/visited/useVisited.js">
        <metrics statements="7" coveredstatements="7" conditionals="5" coveredconditionals="5" methods="2" coveredmethods="2"/>
        <line num="3" count="16" type="cond" truecount="1" falsecount="0"/>
        <line num="4" count="155" type="cond" truecount="2" falsecount="0"/>
        <line num="5" count="155" type="cond" truecount="2" falsecount="0"/>
        <line num="6" count="155" type="stmt"/>
        <line num="8" count="155" type="stmt"/>
        <line num="9" count="48" type="stmt"/>
        <line num="12" count="155" type="stmt"/>
      </file>
    </package>
    <package name="src._media._general.lock-icons">
      <metrics statements="0" coveredstatements="0" conditionals="0" coveredconditionals="0" methods="0" coveredmethods="0"/>
      <file name="lockIconImports.js" path="/Users/ant/SE/Personal-Projects/art-buddy/src/_media/_general/lock-icons/lockIconImports.js">
        <metrics statements="0" coveredstatements="0" conditionals="0" coveredconditionals="0" methods="0" coveredmethods="0"/>
      </file>
    </package>
    <package name="src._media._general.report-card-bar">
      <metrics statements="0" coveredstatements="0" conditionals="0" coveredconditionals="0" methods="0" coveredmethods="0"/>
      <file name="iconImports.js" path="/Users/ant/SE/Personal-Projects/art-buddy/src/_media/_general/report-card-bar/iconImports.js">
        <metrics statements="0" coveredstatements="0" conditionals="0" coveredconditionals="0" methods="0" coveredmethods="0"/>
      </file>
    </package>
    <package name="src._media.instrument-id._icons">
      <metrics statements="0" coveredstatements="0" conditionals="0" coveredconditionals="0" methods="0" coveredmethods="0"/>
      <file name="iconImports.js" path="/Users/ant/SE/Personal-Projects/art-buddy/src/_media/instrument-id/_icons/iconImports.js">
        <metrics statements="0" coveredstatements="0" conditionals="0" coveredconditionals="0" methods="0" coveredmethods="0"/>
      </file>
    </package>
    <package name="src._media.instrument-id._melodies-rhythms">
      <metrics statements="8" coveredstatements="8" conditionals="0" coveredconditionals="0" methods="0" coveredmethods="0"/>
      <file name="melodies.js" path="/Users/ant/SE/Personal-Projects/art-buddy/src/_media/instrument-id/_melodies-rhythms/melodies.js">
        <metrics statements="5" coveredstatements="5" conditionals="0" coveredconditionals="0" methods="0" coveredmethods="0"/>
        <line num="1" count="9" type="stmt"/>
        <line num="20" count="9" type="stmt"/>
        <line num="53" count="9" type="stmt"/>
        <line num="74" count="9" type="stmt"/>
        <line num="97" count="9" type="stmt"/>
      </file>
      <file name="rhythms.js" path="/Users/ant/SE/Personal-Projects/art-buddy/src/_media/instrument-id/_melodies-rhythms/rhythms.js">
        <metrics statements="3" coveredstatements="3" conditionals="0" coveredconditionals="0" methods="0" coveredmethods="0"/>
        <line num="1" count="9" type="stmt"/>
        <line num="36" count="9" type="stmt"/>
        <line num="103" count="9" type="stmt"/>
      </file>
    </package>
    <package name="src._media.instrument-id._sounds">
      <metrics statements="6" coveredstatements="6" conditionals="0" coveredconditionals="0" methods="0" coveredmethods="0"/>
      <file name="soundImports.js" path="/Users/ant/SE/Personal-Projects/art-buddy/src/_media/instrument-id/_sounds/soundImports.js">
        <metrics statements="6" coveredstatements="6" conditionals="0" coveredconditionals="0" methods="0" coveredmethods="0"/>
        <line num="68" count="100" type="stmt"/>
        <line num="76" count="100" type="stmt"/>
        <line num="84" count="100" type="stmt"/>
        <line num="92" count="100" type="stmt"/>
        <line num="100" count="100" type="stmt"/>
        <line num="108" count="100" type="stmt"/>
      </file>
    </package>
    <package name="src._media.jump-into-rhythm._icons.notes">
      <metrics statements="0" coveredstatements="0" conditionals="0" coveredconditionals="0" methods="0" coveredmethods="0"/>
      <file name="noteImports.js" path="/Users/ant/SE/Personal-Projects/art-buddy/src/_media/jump-into-rhythm/_icons/notes/noteImports.js">
        <metrics statements="0" coveredstatements="0" conditionals="0" coveredconditionals="0" methods="0" coveredmethods="0"/>
      </file>
    </package>
    <package name="src._media.jump-into-rhythm.frogs">
      <metrics statements="0" coveredstatements="0" conditionals="0" coveredconditionals="0" methods="0" coveredmethods="0"/>
      <file name="frogs.js" path="/Users/ant/SE/Personal-Projects/art-buddy/src/_media/jump-into-rhythm/frogs/frogs.js">
        <metrics statements="0" coveredstatements="0" conditionals="0" coveredconditionals="0" methods="0" coveredmethods="0"/>
      </file>
    </package>
    <package name="src._media.sequence-maker">
      <metrics statements="2" coveredstatements="2" conditionals="0" coveredconditionals="0" methods="0" coveredmethods="0"/>
      <file name="soundImageImports.js" path="/Users/ant/SE/Personal-Projects/art-buddy/src/_media/sequence-maker/soundImageImports.js">
        <metrics statements="2" coveredstatements="2" conditionals="0" coveredconditionals="0" methods="0" coveredmethods="0"/>
        <line num="35" count="94" type="stmt"/>
        <line num="47" count="94" type="stmt"/>
      </file>
    </package>
    <package name="src._redux">
      <metrics statements="1" coveredstatements="1" conditionals="0" coveredconditionals="0" methods="0" coveredmethods="0"/>
      <file name="rootReducer.js" path="/Users/ant/SE/Personal-Projects/art-buddy/src/_redux/rootReducer.js">
        <metrics statements="1" coveredstatements="1" conditionals="0" coveredconditionals="0" methods="0" coveredmethods="0"/>
        <line num="23" count="93" type="stmt"/>
      </file>
    </package>
    <package name="src._redux._general">
      <metrics statements="9" coveredstatements="9" conditionals="0" coveredconditionals="0" methods="4" coveredmethods="4"/>
      <file name="generalActions.js" path="/Users/ant/SE/Personal-Projects/art-buddy/src/_redux/_general/generalActions.js">
        <metrics statements="3" coveredstatements="3" conditionals="0" coveredconditionals="0" methods="0" coveredmethods="0"/>
        <line num="3" count="94" type="stmt"/>
        <line num="4" count="94" type="stmt"/>
        <line num="5" count="94" type="stmt"/>
      </file>
      <file name="generalReducer.js" path="/Users/ant/SE/Personal-Projects/art-buddy/src/_redux/_general/generalReducer.js">
        <metrics statements="6" coveredstatements="6" conditionals="0" coveredconditionals="0" methods="4" coveredmethods="4"/>
        <line num="4" count="94" type="stmt"/>
        <line num="10" count="94" type="stmt"/>
        <line num="11" count="94" type="stmt"/>
        <line num="13" count="2" type="stmt"/>
        <line num="16" count="79" type="stmt"/>
        <line num="19" count="1" type="stmt"/>
      </file>
    </package>
    <package name="src._redux.color-theory.color-wheel">
      <metrics statements="36" coveredstatements="36" conditionals="4" coveredconditionals="4" methods="7" coveredmethods="7"/>
      <file name="colorWheelActions.js" path="/Users/ant/SE/Personal-Projects/art-buddy/src/_redux/color-theory/color-wheel/colorWheelActions.js">
        <metrics statements="7" coveredstatements="7" conditionals="0" coveredconditionals="0" methods="0" coveredmethods="0"/>
        <line num="1" count="94" type="stmt"/>
        <line num="3" count="94" type="stmt"/>
        <line num="4" count="94" type="stmt"/>
        <line num="5" count="94" type="stmt"/>
        <line num="6" count="94" type="stmt"/>
        <line num="7" count="94" type="stmt"/>
        <line num="8" count="94" type="stmt"/>
      </file>
      <file name="colorWheelReducer.js" path="/Users/ant/SE/Personal-Projects/art-buddy/src/_redux/color-theory/color-wheel/colorWheelReducer.js">
        <metrics statements="29" coveredstatements="29" conditionals="4" coveredconditionals="4" methods="7" coveredmethods="7"/>
        <line num="5" count="94" type="stmt"/>
        <line num="7" count="94" type="stmt"/>
        <line num="8" count="94" type="stmt"/>
        <line num="10" count="6" type="stmt"/>
        <line num="11" count="6" type="stmt"/>
        <line num="12" count="6" type="stmt"/>
        <line num="13" count="72" type="cond" truecount="2" falsecount="0"/>
        <line num="14" count="18" type="stmt"/>
        <line num="15" count="18" type="stmt"/>
        <line num="18" count="6" type="stmt"/>
        <line num="21" count="2" type="stmt"/>
        <line num="22" count="2" type="stmt"/>
        <line num="23" count="24" type="stmt"/>
        <line num="25" count="2" type="stmt"/>
        <line num="28" count="1" type="stmt"/>
        <line num="29" count="1" type="stmt"/>
        <line num="30" count="1" type="stmt"/>
        <line num="31" count="1" type="stmt"/>
        <line num="34" count="4" type="stmt"/>
        <line num="35" count="4" type="stmt"/>
        <line num="36" count="4" type="stmt"/>
        <line num="37" count="48" type="cond" truecount="2" falsecount="0"/>
        <line num="38" count="12" type="stmt"/>
        <line num="41" count="4" type="stmt"/>
        <line num="44" count="1" type="stmt"/>
        <line num="45" count="1" type="stmt"/>
        <line num="46" count="1" type="stmt"/>
        <line num="47" count="1" type="stmt"/>
        <line num="50" count="8" type="stmt"/>
      </file>
    </package>
    <package name="src._redux.free-paint">
      <metrics statements="24" coveredstatements="24" conditionals="0" coveredconditionals="0" methods="8" coveredmethods="8"/>
      <file name="freePaintActions.js" path="/Users/ant/SE/Personal-Projects/art-buddy/src/_redux/free-paint/freePaintActions.js">
        <metrics statements="7" coveredstatements="7" conditionals="0" coveredconditionals="0" methods="0" coveredmethods="0"/>
        <line num="3" count="94" type="stmt"/>
        <line num="4" count="94" type="stmt"/>
        <line num="5" count="94" type="stmt"/>
        <line num="6" count="94" type="stmt"/>
        <line num="7" count="94" type="stmt"/>
        <line num="8" count="94" type="stmt"/>
        <line num="9" count="94" type="stmt"/>
      </file>
      <file name="freePaintReducer.js" path="/Users/ant/SE/Personal-Projects/art-buddy/src/_redux/free-paint/freePaintReducer.js">
        <metrics statements="17" coveredstatements="17" conditionals="0" coveredconditionals="0" methods="8" coveredmethods="8"/>
        <line num="13" count="94" type="stmt"/>
        <line num="22" count="94" type="stmt"/>
        <line num="23" count="94" type="stmt"/>
        <line num="25" count="1" type="stmt"/>
        <line num="26" count="1" type="stmt"/>
        <line num="27" count="1" type="stmt"/>
        <line num="28" count="1" type="stmt"/>
        <line num="31" count="8" type="stmt"/>
        <line num="34" count="2" type="stmt"/>
        <line num="37" count="3" type="stmt"/>
        <line num="40" count="2" type="stmt"/>
        <line num="43" count="2" type="stmt"/>
        <line num="46" count="31" type="stmt"/>
        <line num="47" count="31" type="stmt"/>
        <line num="48" count="31" type="stmt"/>
        <line num="49" count="31" type="stmt"/>
        <line num="50" count="31" type="stmt"/>
      </file>
    </package>
    <package name="src._redux.instrument-id.listening-skills">
      <metrics statements="19" coveredstatements="19" conditionals="6" coveredconditionals="6" methods="4" coveredmethods="4"/>
      <file name="listeningSkillsTestActions.js" path="/Users/ant/SE/Personal-Projects/art-buddy/src/_redux/instrument-id/listening-skills/listeningSkillsTestActions.js">
        <metrics statements="3" coveredstatements="3" conditionals="0" coveredconditionals="0" methods="0" coveredmethods="0"/>
        <line num="4" count="95" type="stmt"/>
        <line num="5" count="95" type="stmt"/>
        <line num="6" count="95" type="stmt"/>
      </file>
      <file name="listeningSkillsTestReducer.js" path="/Users/ant/SE/Personal-Projects/art-buddy/src/_redux/instrument-id/listening-skills/listeningSkillsTestReducer.js">
        <metrics statements="16" coveredstatements="16" conditionals="6" coveredconditionals="6" methods="4" coveredmethods="4"/>
        <line num="10" count="95" type="stmt"/>
        <line num="16" count="95" type="stmt"/>
        <line num="17" count="95" type="stmt"/>
        <line num="19" count="7" type="stmt"/>
        <line num="20" count="7" type="stmt"/>
        <line num="21" count="7" type="stmt"/>
        <line num="23" count="7" type="cond" truecount="4" falsecount="0"/>
        <line num="24" count="2" type="stmt"/>
        <line num="26" count="5" type="stmt"/>
        <line num="27" count="5" type="stmt"/>
        <line num="31" count="3" type="stmt"/>
        <line num="32" count="3" type="stmt"/>
        <line num="33" count="3" type="cond" truecount="2" falsecount="0"/>
        <line num="36" count="6" type="stmt"/>
        <line num="37" count="6" type="stmt"/>
        <line num="38" count="6" type="stmt"/>
      </file>
    </package>
    <package name="src._redux.instrument-id.song-maker">
      <metrics statements="29" coveredstatements="29" conditionals="4" coveredconditionals="3" methods="7" coveredmethods="7"/>
      <file name="songMakerActions.js" path="/Users/ant/SE/Personal-Projects/art-buddy/src/_redux/instrument-id/song-maker/songMakerActions.js">
        <metrics statements="6" coveredstatements="6" conditionals="0" coveredconditionals="0" methods="0" coveredmethods="0"/>
        <line num="3" count="95" type="stmt"/>
        <line num="4" count="95" type="stmt"/>
        <line num="5" count="95" type="stmt"/>
        <line num="6" count="95" type="stmt"/>
        <line num="7" count="95" type="stmt"/>
        <line num="8" count="95" type="stmt"/>
      </file>
      <file name="songMakerReducer.js" path="/Users/ant/SE/Personal-Projects/art-buddy/src/_redux/instrument-id/song-maker/songMakerReducer.js">
        <metrics statements="23" coveredstatements="23" conditionals="4" coveredconditionals="3" methods="7" coveredmethods="7"/>
        <line num="13" count="95" type="stmt"/>
        <line num="19" count="95" type="stmt"/>
        <line num="25" count="95" type="stmt"/>
        <line num="26" count="95" type="stmt"/>
        <line num="28" count="4" type="stmt"/>
        <line num="29" count="4" type="stmt"/>
        <line num="32" count="1" type="stmt"/>
        <line num="33" count="1" type="stmt"/>
        <line num="36" count="10" type="stmt"/>
        <line num="37" count="10" type="stmt"/>
        <line num="38" count="10" type="stmt"/>
        <line num="39" count="10" type="stmt"/>
        <line num="40" count="10" type="cond" truecount="2" falsecount="0"/>
        <line num="44" count="10" type="cond" truecount="1" falsecount="1"/>
        <line num="45" count="10" type="stmt"/>
        <line num="46" count="10" type="stmt"/>
        <line num="49" count="5" type="stmt"/>
        <line num="50" count="5" type="stmt"/>
        <line num="54" count="5" type="stmt"/>
        <line num="57" count="2" type="stmt"/>
        <line num="60" count="1" type="stmt"/>
        <line num="61" count="1" type="stmt"/>
        <line num="62" count="1" type="stmt"/>
      </file>
    </package>
    <package name="src._redux.jump-into-rhythm">
      <metrics statements="31" coveredstatements="31" conditionals="10" coveredconditionals="9" methods="7" coveredmethods="7"/>
      <file name="jumpIntoRhythmActions.js" path="/Users/ant/SE/Personal-Projects/art-buddy/src/_redux/jump-into-rhythm/jumpIntoRhythmActions.js">
        <metrics statements="6" coveredstatements="6" conditionals="0" coveredconditionals="0" methods="0" coveredmethods="0"/>
        <line num="3" count="94" type="stmt"/>
        <line num="4" count="94" type="stmt"/>
        <line num="5" count="94" type="stmt"/>
        <line num="6" count="94" type="stmt"/>
        <line num="7" count="94" type="stmt"/>
        <line num="8" count="94" type="stmt"/>
      </file>
      <file name="jumpIntoRhythmReducer.js" path="/Users/ant/SE/Personal-Projects/art-buddy/src/_redux/jump-into-rhythm/jumpIntoRhythmReducer.js">
        <metrics statements="25" coveredstatements="25" conditionals="10" coveredconditionals="9" methods="7" coveredmethods="7"/>
        <line num="11" count="94" type="stmt"/>
        <line num="17" count="94" type="stmt"/>
        <line num="18" count="94" type="stmt"/>
        <line num="20" count="8" type="stmt"/>
        <line num="21" count="8" type="cond" truecount="1" falsecount="1"/>
        <line num="23" count="8" type="stmt"/>
        <line num="24" count="8" type="stmt"/>
        <line num="25" count="8" type="stmt"/>
        <line num="26" count="8" type="stmt"/>
        <line num="29" count="1" type="stmt"/>
        <line num="30" count="1" type="stmt"/>
        <line num="31" count="1" type="stmt"/>
        <line num="32" count="1" type="stmt"/>
        <line num="35" count="5" type="stmt"/>
        <line num="36" count="5" type="stmt"/>
        <line num="38" count="5" type="cond" truecount="4" falsecount="0"/>
        <line num="40" count="5" type="cond" truecount="2" falsecount="0"/>
        <line num="41" count="4" type="stmt"/>
        <line num="42" count="16" type="cond" truecount="2" falsecount="0"/>
        <line num="43" count="16" type="stmt"/>
        <line num="47" count="2" type="stmt"/>
        <line num="50" count="2" type="stmt"/>
        <line num="53" count="31" type="stmt"/>
        <line num="54" count="31" type="stmt"/>
        <line num="55" count="31" type="stmt"/>
      </file>
    </package>
    <package name="src._redux.mood-meter">
      <metrics statements="10" coveredstatements="10" conditionals="0" coveredconditionals="0" methods="4" coveredmethods="4"/>
      <file name="moodMeterActions.js" path="/Users/ant/SE/Personal-Projects/art-buddy/src/_redux/mood-meter/moodMeterActions.js">
        <metrics statements="3" coveredstatements="3" conditionals="0" coveredconditionals="0" methods="0" coveredmethods="0"/>
        <line num="3" count="94" type="stmt"/>
        <line num="4" count="94" type="stmt"/>
        <line num="5" count="94" type="stmt"/>
      </file>
      <file name="moodMeterReducer.js" path="/Users/ant/SE/Personal-Projects/art-buddy/src/_redux/mood-meter/moodMeterReducer.js">
        <metrics statements="7" coveredstatements="7" conditionals="0" coveredconditionals="0" methods="4" coveredmethods="4"/>
        <line num="4" count="94" type="stmt"/>
        <line num="9" count="94" type="stmt"/>
        <line num="10" count="94" type="stmt"/>
        <line num="12" count="6" type="stmt"/>
        <line num="15" count="6" type="stmt"/>
        <line num="18" count="1" type="stmt"/>
        <line num="19" count="1" type="stmt"/>
      </file>
    </package>
    <package name="src._redux.music-decoder">
      <metrics statements="34" coveredstatements="26" conditionals="4" coveredconditionals="2" methods="8" coveredmethods="7"/>
      <file name="musicDecoderActions.js" path="/Users/ant/SE/Personal-Projects/art-buddy/src/_redux/music-decoder/musicDecoderActions.js">
        <metrics statements="7" coveredstatements="7" conditionals="0" coveredconditionals="0" methods="0" coveredmethods="0"/>
        <line num="3" count="94" type="stmt"/>
        <line num="4" count="94" type="stmt"/>
        <line num="5" count="94" type="stmt"/>
        <line num="6" count="94" type="stmt"/>
        <line num="7" count="94" type="stmt"/>
        <line num="8" count="94" type="stmt"/>
        <line num="9" count="94" type="stmt"/>
      </file>
      <file name="musicDecoderReducer.js" path="/Users/ant/SE/Personal-Projects/art-buddy/src/_redux/music-decoder/musicDecoderReducer.js">
        <metrics statements="27" coveredstatements="19" conditionals="4" coveredconditionals="2" methods="8" coveredmethods="7"/>
        <line num="14" count="94" type="stmt"/>
        <line num="23" count="94" type="stmt"/>
        <line num="24" count="94" type="stmt"/>
        <line num="26" count="12" type="stmt"/>
        <line num="27" count="12" type="cond" truecount="1" falsecount="1"/>
        <line num="28" count="0" type="stmt"/>
        <line num="29" count="0" type="stmt"/>
        <line num="30" count="0" type="stmt"/>
        <line num="33" count="12" type="stmt"/>
        <line num="34" count="12" type="cond" truecount="1" falsecount="1"/>
        <line num="35" count="0" type="stmt"/>
        <line num="39" count="0" type="stmt"/>
        <line num="40" count="0" type="stmt"/>
        <line num="41" count="0" type="stmt"/>
        <line num="43" count="12" type="stmt"/>
        <line num="46" count="3" type="stmt"/>
        <line num="47" count="3" type="stmt"/>
        <line num="48" count="3" type="stmt"/>
        <line num="51" count="1" type="stmt"/>
        <line num="54" count="0" type="stmt"/>
        <line num="57" count="4" type="stmt"/>
        <line num="60" count="1" type="stmt"/>
        <line num="63" count="31" type="stmt"/>
        <line num="64" count="31" type="stmt"/>
        <line num="65" count="31" type="stmt"/>
        <line num="66" count="31" type="stmt"/>
        <line num="67" count="31" type="stmt"/>
      </file>
    </package>
    <package name="src._redux.score-keeper">
      <metrics statements="19" coveredstatements="19" conditionals="2" coveredconditionals="2" methods="6" coveredmethods="6"/>
      <file name="scoreKeeperActions.js" path="/Users/ant/SE/Personal-Projects/art-buddy/src/_redux/score-keeper/scoreKeeperActions.js">
        <metrics statements="3" coveredstatements="3" conditionals="0" coveredconditionals="0" methods="0" coveredmethods="0"/>
        <line num="3" count="94" type="stmt"/>
        <line num="4" count="94" type="stmt"/>
        <line num="5" count="94" type="stmt"/>
      </file>
      <file name="scoreKeeperReducer.js" path="/Users/ant/SE/Personal-Projects/art-buddy/src/_redux/score-keeper/scoreKeeperReducer.js">
        <metrics statements="16" coveredstatements="16" conditionals="2" coveredconditionals="2" methods="6" coveredmethods="6"/>
        <line num="7" count="94" type="stmt"/>
        <line num="11" count="94" type="stmt"/>
        <line num="12" count="94" type="stmt"/>
        <line num="14" count="26" type="stmt"/>
        <line num="18" count="7" type="stmt"/>
        <line num="21" count="20" type="stmt"/>
        <line num="22" count="20" type="stmt"/>
        <line num="23" count="20" type="stmt"/>
        <line num="24" count="20" type="stmt"/>
        <line num="25" count="35" type="stmt"/>
        <line num="27" count="20" type="stmt"/>
        <line num="28" count="20" type="stmt"/>
        <line num="29" count="20" type="cond" truecount="2" falsecount="0"/>
        <line num="30" count="20" type="stmt"/>
        <line num="31" count="20" type="stmt"/>
        <line num="34" count="31" type="stmt"/>
      </file>
    </package>
    <package name="src._redux.sequence-maker">
      <metrics statements="34" coveredstatements="34" conditionals="4" coveredconditionals="3" methods="10" coveredmethods="10"/>
      <file name="sequenceMakerActions.js" path="/Users/ant/SE/Personal-Projects/art-buddy/src/_redux/sequence-maker/sequenceMakerActions.js">
        <metrics statements="8" coveredstatements="8" conditionals="0" coveredconditionals="0" methods="0" coveredmethods="0"/>
        <line num="3" count="94" type="stmt"/>
        <line num="4" count="94" type="stmt"/>
        <line num="5" count="94" type="stmt"/>
        <line num="6" count="94" type="stmt"/>
        <line num="7" count="94" type="stmt"/>
        <line num="8" count="94" type="stmt"/>
        <line num="9" count="94" type="stmt"/>
        <line num="10" count="94" type="stmt"/>
      </file>
      <file name="sequenceMakerReducer.js" path="/Users/ant/SE/Personal-Projects/art-buddy/src/_redux/sequence-maker/sequenceMakerReducer.js">
        <metrics statements="26" coveredstatements="26" conditionals="4" coveredconditionals="3" methods="10" coveredmethods="10"/>
        <line num="15" count="94" type="stmt"/>
        <line num="23" count="94" type="stmt"/>
        <line num="24" count="94" type="stmt"/>
        <line num="26" count="7" type="stmt"/>
        <line num="29" count="13" type="stmt"/>
        <line num="30" count="13" type="stmt"/>
        <line num="31" count="13" type="cond" truecount="1" falsecount="1"/>
        <line num="32" count="13" type="stmt"/>
        <line num="37" count="13" type="stmt"/>
        <line num="40" count="1" type="stmt"/>
        <line num="41" count="1" type="stmt"/>
        <line num="42" count="1" type="stmt"/>
        <line num="43" count="1" type="stmt"/>
        <line num="46" count="2" type="stmt"/>
        <line num="47" count="2" type="stmt"/>
        <line num="50" count="1" type="stmt"/>
        <line num="53" count="1" type="stmt"/>
        <line num="56" count="12" type="stmt"/>
        <line num="57" count="12" type="stmt"/>
        <line num="58" count="12" type="stmt"/>
        <line num="59" count="12" type="stmt"/>
        <line num="60" count="29" type="cond" truecount="2" falsecount="0"/>
        <line num="63" count="31" type="stmt"/>
        <line num="64" count="31" type="stmt"/>
        <line num="65" count="31" type="stmt"/>
        <line num="66" count="31" type="stmt"/>
      </file>
    </package>
    <package name="src._redux.settings">
      <metrics statements="12" coveredstatements="12" conditionals="0" coveredconditionals="0" methods="5" coveredmethods="5"/>
      <file name="settingsActions.js" path="/Users/ant/SE/Personal-Projects/art-buddy/src/_redux/settings/settingsActions.js">
        <metrics statements="4" coveredstatements="4" conditionals="0" coveredconditionals="0" methods="0" coveredmethods="0"/>
        <line num="3" count="94" type="stmt"/>
        <line num="4" count="94" type="stmt"/>
        <line num="5" count="94" type="stmt"/>
        <line num="6" count="94" type="stmt"/>
      </file>
      <file name="settingsReducer.js" path="/Users/ant/SE/Personal-Projects/art-buddy/src/_redux/settings/settingsReducer.js">
        <metrics statements="8" coveredstatements="8" conditionals="0" coveredconditionals="0" methods="5" coveredmethods="5"/>
        <line num="9" count="94" type="stmt"/>
        <line num="14" count="94" type="stmt"/>
        <line num="24" count="94" type="stmt"/>
        <line num="25" count="94" type="stmt"/>
        <line num="27" count="1" type="stmt"/>
        <line num="30" count="1" type="stmt"/>
        <line num="33" count="1" type="stmt"/>
        <line num="36" count="1" type="stmt"/>
      </file>
    </package>
    <package name="src._redux.time-keeper">
      <metrics statements="12" coveredstatements="6" conditionals="2" coveredconditionals="0" methods="4" coveredmethods="2"/>
      <file name="timeKeeperActions.js" path="/Users/ant/SE/Personal-Projects/art-buddy/src/_redux/time-keeper/timeKeeperActions.js">
        <metrics statements="2" coveredstatements="2" conditionals="0" coveredconditionals="0" methods="0" coveredmethods="0"/>
        <line num="3" count="94" type="stmt"/>
        <line num="4" count="94" type="stmt"/>
      </file>
      <file name="timeKeeperReducer.js" path="/Users/ant/SE/Personal-Projects/art-buddy/src/_redux/time-keeper/timeKeeperReducer.js">
        <metrics statements="10" coveredstatements="4" conditionals="2" coveredconditionals="0" methods="4" coveredmethods="2"/>
        <line num="5" count="94" type="stmt"/>
        <line num="11" count="94" type="stmt"/>
        <line num="12" count="94" type="stmt"/>
        <line num="14" count="0" type="stmt"/>
        <line num="15" count="0" type="stmt"/>
        <line num="16" count="0" type="cond" truecount="0" falsecount="2"/>
        <line num="19" count="0" type="stmt"/>
        <line num="20" count="0" type="stmt"/>
        <line num="21" count="0" type="stmt"/>
        <line num="24" count="2" type="stmt"/>
      </file>
    </package>
    <package name="src._routes">
      <metrics statements="5" coveredstatements="5" conditionals="0" coveredconditionals="0" methods="1" coveredmethods="1"/>
      <file name="ArtBuddyRoutes.js" path="/Users/ant/SE/Personal-Projects/art-buddy/src/_routes/ArtBuddyRoutes.js">
        <metrics statements="2" coveredstatements="2" conditionals="0" coveredconditionals="0" methods="1" coveredmethods="1"/>
        <line num="13" count="4" type="stmt"/>
        <line num="14" count="5" type="stmt"/>
      </file>
      <file name="routeUrls.js" path="/Users/ant/SE/Personal-Projects/art-buddy/src/_routes/routeUrls.js">
        <metrics statements="3" coveredstatements="3" conditionals="0" coveredconditionals="0" methods="0" coveredmethods="0"/>
        <line num="1" count="27" type="stmt"/>
        <line num="17" count="27" type="stmt"/>
        <line num="27" count="27" type="stmt"/>
      </file>
    </package>
    <package name="src._routes._not-found">
      <metrics statements="4" coveredstatements="4" conditionals="0" coveredconditionals="0" methods="2" coveredmethods="1"/>
      <file name="NotFound.js" path="/Users/ant/SE/Personal-Projects/art-buddy/src/_routes/_not-found/NotFound.js">
        <metrics statements="4" coveredstatements="4" conditionals="0" coveredconditionals="0" methods="2" coveredmethods="1"/>
        <line num="7" count="5" type="stmt"/>
        <line num="8" count="3" type="stmt"/>
        <line num="9" count="3" type="stmt"/>
        <line num="11" count="3" type="stmt"/>
      </file>
    </package>
    <package name="src._routes.art">
      <metrics statements="2" coveredstatements="2" conditionals="0" coveredconditionals="0" methods="1" coveredmethods="1"/>
      <file name="ArtRoutes.js" path="/Users/ant/SE/Personal-Projects/art-buddy/src/_routes/art/ArtRoutes.js">
        <metrics statements="2" coveredstatements="2" conditionals="0" coveredconditionals="0" methods="1" coveredmethods="1"/>
        <line num="11" count="5" type="stmt"/>
        <line num="12" count="8" type="stmt"/>
      </file>
    </package>
    <package name="src._routes.art.color-theory">
      <metrics statements="2" coveredstatements="2" conditionals="0" coveredconditionals="0" methods="1" coveredmethods="1"/>
      <file name="ColorTheoryRoutes.js" path="/Users/ant/SE/Personal-Projects/art-buddy/src/_routes/art/color-theory/ColorTheoryRoutes.js">
        <metrics statements="2" coveredstatements="2" conditionals="0" coveredconditionals="0" methods="1" coveredmethods="1"/>
        <line num="11" count="6" type="stmt"/>
        <line num="12" count="17" type="stmt"/>
      </file>
    </package>
    <package name="src._routes.menu">
      <metrics statements="2" coveredstatements="2" conditionals="0" coveredconditionals="0" methods="1" coveredmethods="1"/>
      <file name="MenuRoutes.js" path="/Users/ant/SE/Personal-Projects/art-buddy/src/_routes/menu/MenuRoutes.js">
        <metrics statements="2" coveredstatements="2" conditionals="0" coveredconditionals="0" methods="1" coveredmethods="1"/>
        <line num="10" count="5" type="stmt"/>
        <line num="11" count="9" type="stmt"/>
      </file>
    </package>
    <package name="src._routes.music">
      <metrics statements="2" coveredstatements="2" conditionals="0" coveredconditionals="0" methods="1" coveredmethods="1"/>
      <file name="MusicRoutes.js" path="/Users/ant/SE/Personal-Projects/art-buddy/src/_routes/music/MusicRoutes.js">
        <metrics statements="2" coveredstatements="2" conditionals="0" coveredconditionals="0" methods="1" coveredmethods="1"/>
        <line num="13" count="5" type="stmt"/>
        <line num="14" count="10" type="stmt"/>
      </file>
    </package>
    <package name="src._routes.music.instrument-id">
      <metrics statements="2" coveredstatements="2" conditionals="0" coveredconditionals="0" methods="1" coveredmethods="1"/>
      <file name="InstrumentIdRoutes.js" path="/Users/ant/SE/Personal-Projects/art-buddy/src/_routes/music/instrument-id/InstrumentIdRoutes.js">
        <metrics statements="2" coveredstatements="2" conditionals="0" coveredconditionals="0" methods="1" coveredmethods="1"/>
        <line num="15" count="6" type="stmt"/>
        <line num="16" count="18" type="stmt"/>
      </file>
    </package>
    <package name="src._routes.tools">
      <metrics statements="2" coveredstatements="2" conditionals="0" coveredconditionals="0" methods="1" coveredmethods="1"/>
      <file name="ToolsRoutes.js" path="/Users/ant/SE/Personal-Projects/art-buddy/src/_routes/tools/ToolsRoutes.js">
        <metrics statements="2" coveredstatements="2" conditionals="0" coveredconditionals="0" methods="1" coveredmethods="1"/>
        <line num="10" count="5" type="stmt"/>
        <line num="11" count="9" type="stmt"/>
      </file>
    </package>
    <package name="src._testUtils">
      <metrics statements="5" coveredstatements="5" conditionals="8" coveredconditionals="8" methods="3" coveredmethods="3"/>
      <file name="render.js" path="/Users/ant/SE/Personal-Projects/art-buddy/src/_testUtils/render.js">
        <metrics statements="5" coveredstatements="5" conditionals="8" coveredconditionals="8" methods="3" coveredmethods="3"/>
        <line num="9" count="241" type="stmt"/>
        <line num="19" count="238" type="cond" truecount="4" falsecount="0"/>
        <line num="20" count="238" type="cond" truecount="4" falsecount="0"/>
        <line num="21" count="238" type="stmt"/>
        <line num="22" count="241" type="stmt"/>
      </file>
    </package>
    <package name="src._testUtils.mocks">
      <metrics statements="13" coveredstatements="13" conditionals="1" coveredconditionals="0" methods="5" coveredmethods="5"/>
      <file name="fileMock.js" path="/Users/ant/SE/Personal-Projects/art-buddy/src/_testUtils/mocks/fileMock.js">
        <metrics statements="1" coveredstatements="1" conditionals="0" coveredconditionals="0" methods="0" coveredmethods="0"/>
        <line num="1" count="106" type="stmt"/>
      </file>
      <file name="styleMock.js" path="/Users/ant/SE/Personal-Projects/art-buddy/src/_testUtils/mocks/styleMock.js">
        <metrics statements="1" coveredstatements="1" conditionals="0" coveredconditionals="0" methods="0" coveredmethods="0"/>
        <line num="1" count="93" type="stmt"/>
      </file>
      <file name="timeMock.js" path="/Users/ant/SE/Personal-Projects/art-buddy/src/_testUtils/mocks/timeMock.js">
        <metrics statements="11" coveredstatements="11" conditionals="1" coveredconditionals="0" methods="5" coveredmethods="5"/>
        <line num="5" count="4" type="stmt"/>
        <line num="6" count="4" type="stmt"/>
        <line num="7" count="4" type="stmt"/>
        <line num="11" count="4" type="stmt"/>
        <line num="12" count="4" type="stmt"/>
        <line num="13" count="12" type="stmt"/>
        <line num="14" count="12" type="stmt"/>
        <line num="15" count="12" type="stmt"/>
        <line num="16" count="12" type="stmt"/>
        <line num="21" count="4" type="stmt"/>
        <line num="25" count="3" type="stmt"/>
      </file>
    </package>
    <package name="src._testUtils.setup-functions">
      <metrics statements="13" coveredstatements="13" conditionals="3" coveredconditionals="3" methods="3" coveredmethods="3"/>
      <file name="ListeningSkillsTestSetup.js" path="/Users/ant/SE/Personal-Projects/art-buddy/src/_testUtils/setup-functions/ListeningSkillsTestSetup.js">
        <metrics statements="6" coveredstatements="6" conditionals="0" coveredconditionals="0" methods="1" coveredmethods="1"/>
        <line num="5" count="2" type="stmt"/>
        <line num="6" count="2" type="stmt"/>
        <line num="8" count="2" type="stmt"/>
        <line num="9" count="2" type="stmt"/>
        <line num="10" count="2" type="stmt"/>
        <line num="11" count="2" type="stmt"/>
      </file>
      <file name="instrumentIdReducerTestSetup.js" path="/Users/ant/SE/Personal-Projects/art-buddy/src/_testUtils/setup-functions/instrumentIdReducerTestSetup.js">
        <metrics statements="7" coveredstatements="7" conditionals="3" coveredconditionals="3" methods="2" coveredmethods="2"/>
        <line num="7" count="3" type="stmt"/>
        <line num="8" count="3" type="stmt"/>
        <line num="9" count="3" type="stmt"/>
        <line num="10" count="3" type="stmt"/>
        <line num="14" count="8" type="cond" truecount="2" falsecount="0"/>
        <line num="15" count="8" type="stmt"/>
        <line num="16" count="8" type="stmt"/>
      </file>
    </package>
    <package name="src._testUtils.test-states">
      <metrics statements="4" coveredstatements="4" conditionals="0" coveredconditionals="0" methods="0" coveredmethods="0"/>
      <file name="jumpIntoRhythmReducerTestState.js" path="/Users/ant/SE/Personal-Projects/art-buddy/src/_testUtils/test-states/jumpIntoRhythmReducerTestState.js">
        <metrics statements="1" coveredstatements="1" conditionals="0" coveredconditionals="0" methods="0" coveredmethods="0"/>
        <line num="3" count="1" type="stmt"/>
      </file>
      <file name="musicDecoderReducerTestState.js" path="/Users/ant/SE/Personal-Projects/art-buddy/src/_testUtils/test-states/musicDecoderReducerTestState.js">
        <metrics statements="1" coveredstatements="1" conditionals="0" coveredconditionals="0" methods="0" coveredmethods="0"/>
        <line num="3" count="1" type="stmt"/>
      </file>
      <file name="scoreKeeperReducerTestState.js" path="/Users/ant/SE/Personal-Projects/art-buddy/src/_testUtils/test-states/scoreKeeperReducerTestState.js">
        <metrics statements="1" coveredstatements="1" conditionals="0" coveredconditionals="0" methods="0" coveredmethods="0"/>
        <line num="3" count="1" type="stmt"/>
      </file>
      <file name="sequenceMakerReducerTestState.js" path="/Users/ant/SE/Personal-Projects/art-buddy/src/_testUtils/test-states/sequenceMakerReducerTestState.js">
        <metrics statements="1" coveredstatements="1" conditionals="0" coveredconditionals="0" methods="0" coveredmethods="0"/>
        <line num="3" count="1" type="stmt"/>
      </file>
    </package>
    <package name="src._utils._general">
      <metrics statements="9" coveredstatements="9" conditionals="0" coveredconditionals="0" methods="3" coveredmethods="3"/>
      <file name="convertToId.js" path="/Users/ant/SE/Personal-Projects/art-buddy/src/_utils/_general/convertToId.js">
        <metrics statements="7" coveredstatements="7" conditionals="0" coveredconditionals="0" methods="1" coveredmethods="1"/>
        <line num="6" count="10" type="stmt"/>
        <line num="7" count="10" type="stmt"/>
        <line num="8" count="10" type="stmt"/>
        <line num="9" count="2" type="stmt"/>
        <line num="10" count="2" type="stmt"/>
        <line num="11" count="2" type="stmt"/>
        <line num="13" count="10" type="stmt"/>
      </file>
      <file name="getRoutes.js" path="/Users/ant/SE/Personal-Projects/art-buddy/src/_utils/_general/getRoutes.js">
        <metrics statements="1" coveredstatements="1" conditionals="0" coveredconditionals="0" methods="1" coveredmethods="1"/>
        <line num="6" count="38" type="stmt"/>
      </file>
      <file name="prependBrightnessAndSaturation.js" path="/Users/ant/SE/Personal-Projects/art-buddy/src/_utils/_general/prependBrightnessAndSaturation.js">
        <metrics statements="1" coveredstatements="1" conditionals="0" coveredconditionals="0" methods="1" coveredmethods="1"/>
        <line num="5" count="1261" type="stmt"/>
      </file>
    </package>
    <package name="src._utils._report-card">
      <metrics statements="6" coveredstatements="6" conditionals="5" coveredconditionals="5" methods="5" coveredmethods="5"/>
      <file name="checkHasPassed.js" path="/Users/ant/SE/Personal-Projects/art-buddy/src/_utils/_report-card/checkHasPassed.js">
        <metrics statements="3" coveredstatements="3" conditionals="3" coveredconditionals="3" methods="3" coveredmethods="3"/>
        <line num="6" count="28" type="cond" truecount="2" falsecount="0"/>
        <line num="7" count="138" type="stmt"/>
        <line num="9" count="34" type="stmt"/>
      </file>
      <file name="updateReportCard.js" path="/Users/ant/SE/Personal-Projects/art-buddy/src/_utils/_report-card/updateReportCard.js">
        <metrics statements="3" coveredstatements="3" conditionals="2" coveredconditionals="2" methods="2" coveredmethods="2"/>
        <line num="7" count="4" type="stmt"/>
        <line num="8" count="4" type="cond" truecount="2" falsecount="0"/>
        <line num="9" count="4" type="stmt"/>
      </file>
    </package>
    <package name="src._utils.free-paint">
      <metrics statements="5" coveredstatements="5" conditionals="4" coveredconditionals="4" methods="1" coveredmethods="1"/>
      <file name="getNewSize.js" path="/Users/ant/SE/Personal-Projects/art-buddy/src/_utils/free-paint/getNewSize.js">
        <metrics statements="5" coveredstatements="5" conditionals="4" coveredconditionals="4" methods="1" coveredmethods="1"/>
        <line num="2" count="2" type="stmt"/>
        <line num="3" count="2" type="stmt"/>
        <line num="4" count="2" type="cond" truecount="2" falsecount="0"/>
        <line num="5" count="2" type="cond" truecount="2" falsecount="0"/>
        <line num="7" count="2" type="stmt"/>
      </file>
    </package>
    <package name="src._utils.instrument-id">
      <metrics statements="83" coveredstatements="72" conditionals="24" coveredconditionals="19" methods="26" coveredmethods="18"/>
      <file name="createLoop.js" path="/Users/ant/SE/Personal-Projects/art-buddy/src/_utils/instrument-id/createLoop.js">
        <metrics statements="36" coveredstatements="32" conditionals="12" coveredconditionals="9" methods="13" coveredmethods="9"/>
        <line num="13" count="15" type="stmt"/>
        <line num="14" count="15" type="stmt"/>
        <line num="16" count="15" type="stmt"/>
        <line num="17" count="60" type="cond" truecount="2" falsecount="0"/>
        <line num="19" count="22" type="stmt"/>
        <line num="20" count="22" type="cond" truecount="2" falsecount="0"/>
        <line num="22" count="12" type="stmt"/>
        <line num="23" count="12" type="stmt"/>
        <line num="24" count="12" type="cond" truecount="2" falsecount="0"/>
        <line num="26" count="20" type="stmt"/>
        <line num="28" count="0" type="stmt"/>
        <line num="33" count="0" type="stmt"/>
        <line num="35" count="12" type="cond" truecount="2" falsecount="0"/>
        <line num="36" count="12" type="stmt"/>
        <line num="40" count="3" type="cond" truecount="1" falsecount="1"/>
        <line num="41" count="3" type="stmt"/>
        <line num="42" count="6" type="stmt"/>
        <line num="43" count="6" type="stmt"/>
        <line num="44" count="0" type="cond" truecount="0" falsecount="2"/>
        <line num="45" count="0" type="stmt"/>
        <line num="48" count="6" type="stmt"/>
        <line num="49" count="6" type="stmt"/>
        <line num="50" count="6" type="stmt"/>
        <line num="51" count="6" type="stmt"/>
        <line num="54" count="3" type="stmt"/>
        <line num="55" count="8" type="stmt"/>
        <line num="56" count="3" type="stmt"/>
        <line num="60" count="4" type="stmt"/>
        <line num="61" count="1" type="stmt"/>
        <line num="62" count="1" type="stmt"/>
        <line num="63" count="1" type="stmt"/>
        <line num="67" count="2" type="stmt"/>
        <line num="68" count="4" type="stmt"/>
        <line num="69" count="4" type="stmt"/>
        <line num="70" count="2" type="stmt"/>
        <line num="73" count="15" type="stmt"/>
      </file>
      <file name="getChoices.js" path="/Users/ant/SE/Personal-Projects/art-buddy/src/_utils/instrument-id/getChoices.js">
        <metrics statements="9" coveredstatements="9" conditionals="2" coveredconditionals="2" methods="1" coveredmethods="1"/>
        <line num="9" count="9" type="stmt"/>
        <line num="10" count="9" type="stmt"/>
        <line num="11" count="9" type="stmt"/>
        <line num="13" count="9" type="cond" truecount="2" falsecount="0"/>
        <line num="15" count="6" type="stmt"/>
        <line num="16" count="6" type="stmt"/>
        <line num="17" count="6" type="stmt"/>
        <line num="19" count="6" type="stmt"/>
        <line num="20" count="6" type="stmt"/>
      </file>
      <file name="getInstrument.js" path="/Users/ant/SE/Personal-Projects/art-buddy/src/_utils/instrument-id/getInstrument.js">
        <metrics statements="6" coveredstatements="6" conditionals="2" coveredconditionals="2" methods="1" coveredmethods="1"/>
        <line num="9" count="47" type="stmt"/>
        <line num="10" count="47" type="stmt"/>
        <line num="11" count="121" type="stmt"/>
        <line num="12" count="121" type="stmt"/>
        <line num="13" count="464" type="cond" truecount="2" falsecount="0"/>
        <line num="14" count="46" type="stmt"/>
      </file>
      <file name="loadSounds.js" path="/Users/ant/SE/Personal-Projects/art-buddy/src/_utils/instrument-id/loadSounds.js">
        <metrics statements="32" coveredstatements="25" conditionals="8" coveredconditionals="6" methods="11" coveredmethods="7"/>
        <line num="9" count="11" type="stmt"/>
        <line num="10" count="11" type="stmt"/>
        <line num="11" count="13" type="stmt"/>
        <line num="12" count="13" type="stmt"/>
        <line num="13" count="13" type="cond" truecount="2" falsecount="0"/>
        <line num="14" count="13" type="stmt"/>
        <line num="18" count="4" type="stmt"/>
        <line num="19" count="4" type="stmt"/>
        <line num="20" count="0" type="stmt"/>
        <line num="21" count="0" type="cond" truecount="0" falsecount="2"/>
        <line num="24" count="4" type="stmt"/>
        <line num="25" count="4" type="stmt"/>
        <line num="26" count="4" type="stmt"/>
        <line num="27" count="0" type="stmt"/>
        <line num="28" count="0" type="stmt"/>
        <line num="29" count="0" type="stmt"/>
        <line num="32" count="4" type="stmt"/>
        <line num="35" count="11" type="stmt"/>
        <line num="43" count="2" type="cond" truecount="2" falsecount="0"/>
        <line num="44" count="2" type="stmt"/>
        <line num="45" count="2" type="stmt"/>
        <line num="46" count="2" type="stmt"/>
        <line num="47" count="15" type="stmt"/>
        <line num="49" count="0" type="stmt"/>
        <line num="51" count="15" type="stmt"/>
        <line num="53" count="2" type="stmt"/>
        <line num="61" count="2" type="stmt"/>
        <line num="62" count="2" type="cond" truecount="2" falsecount="0"/>
        <line num="64" count="2" type="stmt"/>
        <line num="66" count="0" type="stmt"/>
        <line num="68" count="13" type="stmt"/>
        <line num="73" count="2" type="stmt"/>
      </file>
    </package>
    <package name="src._utils.jump-into-rhythm">
      <metrics statements="44" coveredstatements="38" conditionals="24" coveredconditionals="12" methods="11" coveredmethods="9"/>
      <file name="createHoppingAnimation.js" path="/Users/ant/SE/Personal-Projects/art-buddy/src/_utils/jump-into-rhythm/createHoppingAnimation.js">
        <metrics statements="17" coveredstatements="17" conditionals="6" coveredconditionals="5" methods="5" coveredmethods="5"/>
        <line num="8" count="9" type="stmt"/>
        <line num="9" count="9" type="stmt"/>
        <line num="12" count="1" type="stmt"/>
        <line num="20" count="1" type="stmt"/>
        <line num="21" count="4" type="stmt"/>
        <line num="22" count="4" type="cond" truecount="2" falsecount="0"/>
        <line num="23" count="1" type="stmt"/>
        <line num="24" count="3" type="cond" truecount="2" falsecount="0"/>
        <line num="25" count="2" type="stmt"/>
        <line num="26" count="1" type="cond" truecount="1" falsecount="1"/>
        <line num="27" count="1" type="stmt"/>
        <line num="30" count="1" type="stmt"/>
        <line num="31" count="1" type="stmt"/>
        <line num="32" count="1" type="stmt"/>
        <line num="36" count="2" type="stmt"/>
        <line num="53" count="1" type="stmt"/>
        <line num="80" count="1" type="stmt"/>
      </file>
      <file name="createNoteOrder.js" path="/Users/ant/SE/Personal-Projects/art-buddy/src/_utils/jump-into-rhythm/createNoteOrder.js">
        <metrics statements="12" coveredstatements="10" conditionals="16" coveredconditionals="7" methods="2" coveredmethods="2"/>
        <line num="10" count="2" type="stmt"/>
        <line num="11" count="2" type="stmt"/>
        <line num="12" count="2" type="stmt"/>
        <line num="13" count="12" type="stmt"/>
        <line num="14" count="12" type="stmt"/>
        <line num="15" count="15" type="stmt"/>
        <line num="21" count="15" type="stmt"/>
        <line num="24" count="2" type="stmt"/>
        <line num="28" count="15" type="cond" truecount="4" falsecount="0"/>
        <line num="29" count="5" type="cond" truecount="3" falsecount="1"/>
        <line num="30" count="0" type="cond" truecount="0" falsecount="4"/>
        <line num="31" count="0" type="cond" truecount="0" falsecount="4"/>
      </file>
      <file name="makeFrog.js" path="/Users/ant/SE/Personal-Projects/art-buddy/src/_utils/jump-into-rhythm/makeFrog.js">
        <metrics statements="15" coveredstatements="11" conditionals="2" coveredconditionals="0" methods="4" coveredmethods="2"/>
        <line num="6" count="6" type="stmt"/>
        <line num="9" count="1" type="stmt"/>
        <line num="10" count="1" type="stmt"/>
        <line num="12" count="1" type="stmt"/>
        <line num="13" count="1" type="stmt"/>
        <line num="14" count="0" type="cond" truecount="0" falsecount="2"/>
        <line num="16" count="1" type="stmt"/>
        <line num="17" count="1" type="stmt"/>
        <line num="19" count="1" type="stmt"/>
        <line num="20" count="1" type="stmt"/>
        <line num="21" count="0" type="stmt"/>
        <line num="22" count="0" type="stmt"/>
        <line num="23" count="0" type="stmt"/>
        <line num="25" count="1" type="stmt"/>
        <line num="28" count="6" type="stmt"/>
      </file>
    </package>
    <package name="src._utils.music-decoder">
      <metrics statements="61" coveredstatements="57" conditionals="24" coveredconditionals="23" methods="10" coveredmethods="8"/>
      <file name="convertLettersToNotes.js" path="/Users/ant/SE/Personal-Projects/art-buddy/src/_utils/music-decoder/convertLettersToNotes.js">
        <metrics statements="13" coveredstatements="13" conditionals="4" coveredconditionals="4" methods="1" coveredmethods="1"/>
        <line num="9" count="4" type="stmt"/>
        <line num="10" count="4" type="stmt"/>
        <line num="12" count="4" type="stmt"/>
        <line num="13" count="6" type="stmt"/>
        <line num="14" count="18" type="cond" truecount="2" falsecount="0"/>
        <line num="15" count="4" type="stmt"/>
        <line num="17" count="14" type="stmt"/>
        <line num="18" count="14" type="stmt"/>
        <line num="19" count="14" type="stmt"/>
[...]
        <line num="29" count="0" type="stmt"/>
        <line num="30" count="0" type="cond" truecount="0" falsecount="2"/>
        <line num="31" count="0" type="stmt"/>
        <line num="34" count="4" type="stmt"/>
        <line num="35" count="0" type="stmt"/>
        <line num="38" count="4" type="cond" truecount="1" falsecount="1"/>
        <line num="40" count="4" type="stmt"/>
      </file>
    </package>
    <package name="src.navbar-settings.settings.rosters.new-roster">
      <metrics statements="32" coveredstatements="12" conditionals="6" coveredconditionals="0" methods="10" coveredmethods="2"/>
      <file name="NewRoster.js" path="/Users/ant/SE/Personal-Projects/art-buddy/src/navbar-settings/settings/rosters/new-roster/NewRoster.js">
        <metrics statements="32" coveredstatements="12" conditionals="6" coveredconditionals="0" methods="10" coveredmethods="2"/>
        <line num="14" count="7" type="stmt"/>
        <line num="15" count="2" type="stmt"/>
        <line num="19" count="2" type="stmt"/>
        <line num="20" count="2" type="stmt"/>
        <line num="21" count="2" type="stmt"/>
        <line num="23" count="2" type="stmt"/>
        <line num="26" count="2" type="stmt"/>
        <line num="41" count="2" type="stmt"/>
        <line num="42" count="0" type="stmt"/>
        <line num="43" count="0" type="stmt"/>
        <line num="44" count="0" type="stmt"/>
        <line num="47" count="2" type="stmt"/>
        <line num="48" count="0" type="stmt"/>
        <line num="49" count="0" type="stmt"/>
        <line num="50" count="0" type="stmt"/>
        <line num="51" count="0" type="cond" truecount="0" falsecount="2"/>
        <line num="52" count="0" type="cond" truecount="0" falsecount="2"/>
        <line num="57" count="2" type="stmt"/>
        <line num="58" count="0" type="cond" truecount="0" falsecount="2"/>
        <line num="59" count="0" type="stmt"/>
        <line num="60" count="0" type="stmt"/>
        <line num="61" count="0" type="stmt"/>
        <line num="62" count="0" type="stmt"/>
        <line num="63" count="0" type="stmt"/>
        <line num="64" count="0" type="stmt"/>
        <line num="68" count="0" type="stmt"/>
        <line num="69" count="0" type="stmt"/>
        <line num="70" count="0" type="stmt"/>
        <line num="71" count="0" type="stmt"/>
        <line num="72" count="0" type="stmt"/>
        <line num="76" count="2" type="stmt"/>
        <line num="78" count="2" type="stmt"/>
      </file>
    </package>
    <package name="src.navbar-settings.settings.text-to-speech">
      <metrics statements="5" coveredstatements="5" conditionals="0" coveredconditionals="0" methods="3" coveredmethods="2"/>
      <file name="TextToSpeech.js" path="/Users/ant/SE/Personal-Projects/art-buddy/src/navbar-settings/settings/text-to-speech/TextToSpeech.js">
        <metrics statements="5" coveredstatements="5" conditionals="0" coveredconditionals="0" methods="3" coveredmethods="2"/>
        <line num="8" count="6" type="stmt"/>
        <line num="9" count="4" type="stmt"/>
        <line num="10" count="4" type="stmt"/>
        <line num="12" count="4" type="stmt"/>
        <line num="14" count="4" type="stmt"/>
      </file>
    </package>
    <package name="src.navbar-settings.settings.volume">
      <metrics statements="7" coveredstatements="7" conditionals="6" coveredconditionals="3" methods="3" coveredmethods="2"/>
      <file name="Volume.js" path="/Users/ant/SE/Personal-Projects/art-buddy/src/navbar-settings/settings/volume/Volume.js">
        <metrics statements="7" coveredstatements="7" conditionals="6" coveredconditionals="3" methods="3" coveredmethods="2"/>
        <line num="12" count="6" type="stmt"/>
        <line num="13" count="4" type="stmt"/>
        <line num="14" count="4" type="stmt"/>
        <line num="16" count="4" type="stmt"/>
        <line num="22" count="4" type="stmt"/>
        <line num="28" count="4" type="stmt"/>
        <line num="30" count="4" type="stmt"/>
      </file>
    </package>
    <package name="src.score-keeper">
      <metrics statements="12" coveredstatements="12" conditionals="2" coveredconditionals="2" methods="5" coveredmethods="5"/>
      <file name="ScoreKeeper.js" path="/Users/ant/SE/Personal-Projects/art-buddy/src/score-keeper/ScoreKeeper.js">
        <metrics statements="12" coveredstatements="12" conditionals="2" coveredconditionals="2" methods="5" coveredmethods="5"/>
        <line num="17" count="6" type="stmt"/>
        <line num="18" count="10" type="stmt"/>
        <line num="19" count="37" type="stmt"/>
        <line num="20" count="37" type="stmt"/>
        <line num="21" count="10" type="stmt"/>
        <line num="23" count="10" type="stmt"/>
        <line num="24" count="5" type="stmt"/>
        <line num="25" count="5" type="stmt"/>
        <line num="26" count="5" type="stmt"/>
        <line num="27" count="5" type="stmt"/>
        <line num="28" count="5" type="stmt"/>
        <line num="32" count="10" type="stmt"/>
      </file>
    </package>
    <package name="src.score-keeper.students">
      <metrics statements="4" coveredstatements="4" conditionals="0" coveredconditionals="0" methods="3" coveredmethods="3"/>
      <file name="Students.js" path="/Users/ant/SE/Personal-Projects/art-buddy/src/score-keeper/students/Students.js">
        <metrics statements="4" coveredstatements="4" conditionals="0" coveredconditionals="0" methods="3" coveredmethods="3"/>
        <line num="7" count="7" type="stmt"/>
        <line num="8" count="46" type="stmt"/>
        <line num="10" count="24" type="stmt"/>
        <line num="13" count="84" type="stmt"/>
      </file>
    </package>
    <package name="src.score-keeper.students.student">
      <metrics statements="6" coveredstatements="6" conditionals="0" coveredconditionals="0" methods="3" coveredmethods="3"/>
      <file name="Student.js" path="/Users/ant/SE/Personal-Projects/art-buddy/src/score-keeper/students/student/Student.js">
        <metrics statements="6" coveredstatements="6" conditionals="0" coveredconditionals="0" methods="3" coveredmethods="3"/>
        <line num="9" count="8" type="stmt"/>
        <line num="10" count="86" type="stmt"/>
        <line num="12" count="86" type="stmt"/>
        <line num="13" count="86" type="stmt"/>
        <line num="14" count="6" type="stmt"/>
        <line num="16" count="86" type="stmt"/>
      </file>
    </package>
    <package name="src.sequence-maker">
      <metrics statements="16" coveredstatements="16" conditionals="2" coveredconditionals="2" methods="8" coveredmethods="8"/>
      <file name="SequenceMaker.js" path="/Users/ant/SE/Personal-Projects/art-buddy/src/sequence-maker/SequenceMaker.js">
        <metrics statements="16" coveredstatements="16" conditionals="2" coveredconditionals="2" methods="8" coveredmethods="8"/>
        <line num="20" count="6" type="stmt"/>
        <line num="21" count="57" type="stmt"/>
        <line num="22" count="91" type="stmt"/>
        <line num="23" count="91" type="stmt"/>
        <line num="24" count="91" type="stmt"/>
        <line num="25" count="57" type="stmt"/>
        <line num="26" count="57" type="stmt"/>
        <line num="28" count="57" type="stmt"/>
        <line num="29" count="9" type="stmt"/>
        <line num="30" count="9" type="stmt"/>
        <line num="31" count="9" type="stmt"/>
        <line num="32" count="9" type="stmt"/>
        <line num="33" count="9" type="stmt"/>
        <line num="37" count="57" type="stmt"/>
        <line num="38" count="27" type="stmt"/>
        <line num="42" count="57" type="stmt"/>
      </file>
    </package>
    <package name="src.sequence-maker.controls">
      <metrics statements="6" coveredstatements="6" conditionals="0" coveredconditionals="0" methods="4" coveredmethods="2"/>
      <file name="SequenceControls.js" path="/Users/ant/SE/Personal-Projects/art-buddy/src/sequence-maker/controls/SequenceControls.js">
        <metrics statements="6" coveredstatements="6" conditionals="0" coveredconditionals="0" methods="4" coveredmethods="2"/>
        <line num="16" count="7" type="stmt"/>
        <line num="17" count="57" type="stmt"/>
        <line num="19" count="57" type="stmt"/>
        <line num="20" count="57" type="stmt"/>
        <line num="21" count="57" type="stmt"/>
        <line num="23" count="57" type="stmt"/>
      </file>
    </package>
    <package name="src.sequence-maker.controls.dropdown-options">
      <metrics statements="3" coveredstatements="3" conditionals="0" coveredconditionals="0" methods="0" coveredmethods="0"/>
      <file name="categories.js" path="/Users/ant/SE/Personal-Projects/art-buddy/src/sequence-maker/controls/dropdown-options/categories.js">
        <metrics statements="1" coveredstatements="1" conditionals="0" coveredconditionals="0" methods="0" coveredmethods="0"/>
        <line num="1" count="7" type="stmt"/>
      </file>
      <file name="durations.js" path="/Users/ant/SE/Personal-Projects/art-buddy/src/sequence-maker/controls/dropdown-options/durations.js">
        <metrics statements="1" coveredstatements="1" conditionals="0" coveredconditionals="0" methods="0" coveredmethods="0"/>
        <line num="1" count="7" type="stmt"/>
      </file>
      <file name="pitches.js" path="/Users/ant/SE/Personal-Projects/art-buddy/src/sequence-maker/controls/dropdown-options/pitches.js">
        <metrics statements="1" coveredstatements="1" conditionals="0" coveredconditionals="0" methods="0" coveredmethods="0"/>
        <line num="1" count="7" type="stmt"/>
      </file>
    </package>
    <package name="src.sequence-maker.play-reset">
      <metrics statements="31" coveredstatements="31" conditionals="12" coveredconditionals="8" methods="8" coveredmethods="8"/>
      <file name="SequencePlayReset.js" path="/Users/ant/SE/Personal-Projects/art-buddy/src/sequence-maker/play-reset/SequencePlayReset.js">
        <metrics statements="31" coveredstatements="31" conditionals="12" coveredconditionals="8" methods="8" coveredmethods="8"/>
        <line num="19" count="7" type="stmt"/>
        <line num="20" count="57" type="stmt"/>
        <line num="21" count="90" type="stmt"/>
        <line num="23" count="57" type="stmt"/>
        <line num="24" count="57" type="stmt"/>
        <line num="26" count="57" type="stmt"/>
        <line num="27" count="1" type="cond" truecount="1" falsecount="1"/>
        <line num="28" count="1" type="cond" truecount="1" falsecount="1"/>
        <line num="30" count="1" type="stmt"/>
        <line num="31" count="4" type="cond" truecount="2" falsecount="0"/>
        <line num="32" count="2" type="stmt"/>
        <line num="33" count="2" type="stmt"/>
        <line num="34" count="2" type="stmt"/>
        <line num="36" count="2" type="stmt"/>
        <line num="37" count="2" type="stmt"/>
        <line num="38" count="2" type="stmt"/>
        <line num="41" count="1" type="stmt"/>
        <line num="44" count="57" type="stmt"/>
        <line num="45" count="1" type="cond" truecount="1" falsecount="1"/>
        <line num="46" count="1" type="cond" truecount="1" falsecount="1"/>
        <line num="48" count="1" type="stmt"/>
        <line num="49" count="4" type="cond" truecount="2" falsecount="0"/>
        <line num="50" count="2" type="stmt"/>
        <line num="51" count="2" type="stmt"/>
        <line num="52" count="2" type="stmt"/>
        <line num="53" count="2" type="stmt"/>
        <line num="56" count="1" type="stmt"/>
        <line num="59" count="57" type="stmt"/>
        <line num="60" count="1" type="stmt"/>
        <line num="61" count="1" type="stmt"/>
        <line num="64" count="57" type="stmt"/>
      </file>
    </package>
    <package name="src.sequence-maker.sequence">
      <metrics statements="17" coveredstatements="15" conditionals="10" coveredconditionals="9" methods="6" coveredmethods="5"/>
      <file name="Sequence.js" path="/Users/ant/SE/Personal-Projects/art-buddy/src/sequence-maker/sequence/Sequence.js">
        <metrics statements="17" coveredstatements="15" conditionals="10" coveredconditionals="9" methods="6" coveredmethods="5"/>
        <line num="13" count="7" type="stmt"/>
        <line num="14" count="90" type="stmt"/>
        <line num="15" count="57" type="stmt"/>
        <line num="16" count="57" type="stmt"/>
        <line num="18" count="57" type="stmt"/>
        <line num="19" count="0" type="stmt"/>
        <line num="20" count="0" type="stmt"/>
        <line num="23" count="57" type="stmt"/>
        <line num="24" count="1" type="cond" truecount="1" falsecount="1"/>
        <line num="25" count="1" type="stmt"/>
        <line num="26" count="1" type="stmt"/>
        <line num="27" count="1" type="stmt"/>
        <line num="28" count="1" type="stmt"/>
        <line num="29" count="1" type="stmt"/>
        <line num="31" count="1" type="stmt"/>
        <line num="34" count="57" type="stmt"/>
        <line num="37" count="228" type="stmt"/>
      </file>
    </package>
    <package name="src.sequence-maker.sound-options">
      <metrics statements="14" coveredstatements="14" conditionals="4" coveredconditionals="3" methods="7" coveredmethods="7"/>
      <file name="SoundOptions.js" path="/Users/ant/SE/Personal-Projects/art-buddy/src/sequence-maker/sound-options/SoundOptions.js">
        <metrics statements="14" coveredstatements="14" conditionals="4" coveredconditionals="3" methods="7" coveredmethods="7"/>
        <line num="15" count="7" type="stmt"/>
        <line num="16" count="90" type="stmt"/>
        <line num="17" count="90" type="stmt"/>
        <line num="18" count="57" type="stmt"/>
        <line num="19" count="57" type="stmt"/>
        <line num="21" count="57" type="stmt"/>
        <line num="22" count="11" type="cond" truecount="1" falsecount="1"/>
        <line num="23" count="8" type="stmt"/>
        <line num="24" count="8" type="stmt"/>
        <line num="25" count="8" type="stmt"/>
        <line num="29" count="57" type="stmt"/>
        <line num="31" count="57" type="cond" truecount="2" falsecount="0"/>
        <line num="33" count="156" type="stmt"/>
        <line num="44" count="57" type="stmt"/>
      </file>
    </package>
    <package name="src.time-keeper">
      <metrics statements="8" coveredstatements="8" conditionals="2" coveredconditionals="1" methods="4" coveredmethods="4"/>
      <file name="TimeKeeper.js" path="/Users/ant/SE/Personal-Projects/art-buddy/src/time-keeper/TimeKeeper.js">
        <metrics statements="8" coveredstatements="8" conditionals="2" coveredconditionals="1" methods="4" coveredmethods="4"/>
        <line num="15" count="6" type="stmt"/>
        <line num="16" count="6" type="stmt"/>
        <line num="17" count="9" type="stmt"/>
        <line num="18" count="6" type="stmt"/>
        <line num="20" count="6" type="stmt"/>
        <line num="21" count="3" type="stmt"/>
        <line num="22" count="3" type="stmt"/>
        <line num="25" count="6" type="stmt"/>
      </file>
    </package>
    <package name="src.time-keeper.interface">
      <metrics statements="2" coveredstatements="2" conditionals="0" coveredconditionals="0" methods="1" coveredmethods="1"/>
      <file name="Interface.js" path="/Users/ant/SE/Personal-Projects/art-buddy/src/time-keeper/interface/Interface.js">
        <metrics statements="2" coveredstatements="2" conditionals="0" coveredconditionals="0" methods="1" coveredmethods="1"/>
        <line num="6" count="7" type="stmt"/>
        <line num="7" count="3" type="stmt"/>
      </file>
    </package>
    <package name="src.time-keeper.interface.music-choices">
      <metrics statements="4" coveredstatements="4" conditionals="2" coveredconditionals="2" methods="2" coveredmethods="2"/>
      <file name="MusicChoices.js" path="/Users/ant/SE/Personal-Projects/art-buddy/src/time-keeper/interface/music-choices/MusicChoices.js">
        <metrics statements="4" coveredstatements="4" conditionals="2" coveredconditionals="2" methods="2" coveredmethods="2"/>
        <line num="9" count="8" type="stmt"/>
        <line num="10" count="6" type="cond" truecount="2" falsecount="0"/>
        <line num="11" count="6" type="stmt"/>
        <line num="15" count="30" type="stmt"/>
      </file>
    </package>
    <package name="src.time-keeper.interface.music-choices.music-option">
      <metrics statements="5" coveredstatements="5" conditionals="2" coveredconditionals="2" methods="2" coveredmethods="1"/>
      <file name="MusicOption.js" path="/Users/ant/SE/Personal-Projects/art-buddy/src/time-keeper/interface/music-choices/music-option/MusicOption.js">
        <metrics statements="5" coveredstatements="5" conditionals="2" coveredconditionals="2" methods="2" coveredmethods="1"/>
        <line num="5" count="8" type="stmt"/>
        <line num="6" count="30" type="stmt"/>
        <line num="8" count="30" type="stmt"/>
        <line num="10" count="30" type="cond" truecount="2" falsecount="0"/>
        <line num="11" count="30" type="stmt"/>
      </file>
    </package>
    <package name="src.time-keeper.interface.play-pause">
      <metrics statements="7" coveredstatements="7" conditionals="4" coveredconditionals="2" methods="3" coveredmethods="2"/>
      <file name="PlayPause.js" path="/Users/ant/SE/Personal-Projects/art-buddy/src/time-keeper/interface/play-pause/PlayPause.js">
        <metrics statements="7" coveredstatements="7" conditionals="4" coveredconditionals="2" methods="3" coveredmethods="2"/>
        <line num="11" count="8" type="stmt"/>
        <line num="12" count="4" type="stmt"/>
        <line num="13" count="4" type="stmt"/>
        <line num="14" count="4" type="stmt"/>
        <line num="16" count="4" type="cond" truecount="1" falsecount="1"/>
        <line num="17" count="4" type="cond" truecount="1" falsecount="1"/>
        <line num="19" count="4" type="stmt"/>
      </file>
    </package>
    <package name="src.time-keeper.time.time-bar">
      <metrics statements="5" coveredstatements="4" conditionals="2" coveredconditionals="1" methods="3" coveredmethods="2"/>
      <file name="TimeBar.js" path="/Users/ant/SE/Personal-Projects/art-buddy/src/time-keeper/time/time-bar/TimeBar.js">
        <metrics statements="5" coveredstatements="4" conditionals="2" coveredconditionals="1" methods="3" coveredmethods="2"/>
        <line num="7" count="7" type="stmt"/>
        <line num="8" count="2" type="stmt"/>
        <line num="9" count="2" type="cond" truecount="1" falsecount="1"/>
        <line num="10" count="2" type="stmt"/>
        <line num="13" count="0" type="stmt"/>
      </file>
    </package>
    <package name="src.time-keeper.time.time-bar.time-block">
      <metrics statements="5" coveredstatements="1" conditionals="4" coveredconditionals="0" methods="2" coveredmethods="0"/>
      <file name="TimeBlock.js" path="/Users/ant/SE/Personal-Projects/art-buddy/src/time-keeper/time/time-bar/time-block/TimeBlock.js">
        <metrics statements="5" coveredstatements="1" conditionals="4" coveredconditionals="0" methods="2" coveredmethods="0"/>
        <line num="5" count="7" type="stmt"/>
        <line num="6" count="0" type="stmt"/>
        <line num="7" count="0" type="stmt"/>
        <line num="8" count="0" type="stmt"/>
        <line num="9" count="0" type="stmt"/>
      </file>
    </package>
    <package name="src.time-keeper.time.time-left">
      <metrics statements="4" coveredstatements="4" conditionals="0" coveredconditionals="0" methods="2" coveredmethods="2"/>
      <file name="TimeLeft.js" path="/Users/ant/SE/Personal-Projects/art-buddy/src/time-keeper/time/time-left/TimeLeft.js">
        <metrics statements="4" coveredstatements="4" conditionals="0" coveredconditionals="0" methods="2" coveredmethods="2"/>
        <line num="7" count="7" type="stmt"/>
        <line num="8" count="2" type="stmt"/>
        <line num="10" count="2" type="stmt"/>
        <line num="12" count="2" type="stmt"/>
      </file>
    </package>
  </project>
</coverage>
