{"/Users/ant/SE/Personal-Projects/art-buddy/src/App.js": {"path":"/Users/ant/SE/Personal-Projects/art-buddy/src/App.js","statementMap":{"0":{"start":{"line":8,"column":12},"end":{"line":19,"column":1}},"1":{"start":{"line":9,"column":27},"end":{"line":9,"column":51}},"2":{"start":{"line":10,"column":2},"end":{"line":18,"column":4}}},"fnMap":{"0":{"name":"(anonymous_0)","decl":{"start":{"line":8,"column":12},"end":{"line":8,"column":13}},"loc":{"start":{"line":8,"column":18},"end":{"line":19,"column":1}},"line":8}},"branchMap":{"0":{"loc":{"start":{"line":12,"column":7},"end":{"line":16,"column":9}},"type":"cond-expr","locations":[{"start":{"line":12,"column":26},"end":{"line":12,"column":38}},{"start":{"line":12,"column":41},"end":{"line":16,"column":9}}],"line":12}},"s":{"0":3,"1":3,"2":3},"f":{"0":3},"b":{"0":[0,3]},"_coverageSchema":"1a1c01bbd47fc00a2c39e90264f33305004495a9","hash":"32ea74399ad1b29708c8f60f4dc9f5bef1aee303"}
,"/Users/ant/SE/Personal-Projects/art-buddy/src/_components/button/Button.js": {"path":"/Users/ant/SE/Personal-Projects/art-buddy/src/_components/button/Button.js","statementMap":{"0":{"start":{"line":5,"column":15},"end":{"line":35,"column":1}},"1":{"start":{"line":16,"column":22},"end":{"line":16,"column":37}},"2":{"start":{"line":17,"column":2},"end":{"line":34,"column":4}}},"fnMap":{"0":{"name":"(anonymous_0)","decl":{"start":{"line":5,"column":15},"end":{"line":5,"column":16}},"loc":{"start":{"line":15,"column":6},"end":{"line":35,"column":1}},"line":15}},"branchMap":{"0":{"loc":{"start":{"line":8,"column":2},"end":{"line":8,"column":18}},"type":"default-arg","locations":[{"start":{"line":8,"column":13},"end":{"line":8,"column":18}}],"line":8},"1":{"loc":{"start":{"line":9,"column":2},"end":{"line":9,"column":11}},"type":"default-arg","locations":[{"start":{"line":9,"column":7},"end":{"line":9,"column":11}}],"line":9},"2":{"loc":{"start":{"line":10,"column":2},"end":{"line":10,"column":13}},"type":"default-arg","locations":[{"start":{"line":10,"column":9},"end":{"line":10,"column":13}}],"line":10},"3":{"loc":{"start":{"line":12,"column":2},"end":{"line":12,"column":18}},"type":"default-arg","locations":[{"start":{"line":12,"column":16},"end":{"line":12,"column":18}}],"line":12},"4":{"loc":{"start":{"line":13,"column":2},"end":{"line":13,"column":15}},"type":"default-arg","locations":[{"start":{"line":13,"column":10},"end":{"line":13,"column":15}}],"line":13},"5":{"loc":{"start":{"line":14,"column":2},"end":{"line":14,"column":18}},"type":"default-arg","locations":[{"start":{"line":14,"column":13},"end":{"line":14,"column":18}}],"line":14},"6":{"loc":{"start":{"line":21,"column":27},"end":{"line":21,"column":54}},"type":"cond-expr","locations":[{"start":{"line":21,"column":35},"end":{"line":21,"column":42}},{"start":{"line":21,"column":45},"end":{"line":21,"column":54}}],"line":21},"7":{"loc":{"start":{"line":22,"column":8},"end":{"line":22,"column":35}},"type":"cond-expr","locations":[{"start":{"line":22,"column":19},"end":{"line":22,"column":30}},{"start":{"line":22,"column":33},"end":{"line":22,"column":35}}],"line":22},"8":{"loc":{"start":{"line":27,"column":25},"end":{"line":27,"column":49}},"type":"cond-expr","locations":[{"start":{"line":27,"column":36},"end":{"line":27,"column":42}},{"start":{"line":27,"column":45},"end":{"line":27,"column":49}}],"line":27},"9":{"loc":{"start":{"line":31,"column":7},"end":{"line":31,"column":46}},"type":"cond-expr","locations":[{"start":{"line":31,"column":14},"end":{"line":31,"column":39}},{"start":{"line":31,"column":42},"end":{"line":31,"column":46}}],"line":31}},"s":{"0":31,"1":416,"2":416},"f":{"0":416},"b":{"0":[339],"1":[281],"2":[363],"3":[253],"4":[313],"5":[415],"6":[103,313],"7":[1,415],"8":[31,385],"9":[52,364]},"_coverageSchema":"1a1c01bbd47fc00a2c39e90264f33305004495a9","hash":"ef01ea4a4c9a98b379f29a048955522bc565cd17"}
,"/Users/ant/SE/Personal-Projects/art-buddy/src/_components/dropdown/Dropdown.js": {"path":"/Users/ant/SE/Personal-Projects/art-buddy/src/_components/dropdown/Dropdown.js","statementMap":{"0":{"start":{"line":7,"column":17},"end":{"line":57,"column":1}},"1":{"start":{"line":8,"column":40},"end":{"line":8,"column":55}},"2":{"start":{"line":9,"column":50},"end":{"line":9,"column":69}},"3":{"start":{"line":11,"column":28},"end":{"line":11,"column":65}},"4":{"start":{"line":11,"column":34},"end":{"line":11,"column":65}},"5":{"start":{"line":11,"column":59},"end":{"line":11,"column":64}},"6":{"start":{"line":13,"column":28},"end":{"line":16,"column":3}},"7":{"start":{"line":14,"column":4},"end":{"line":14,"column":46}},"8":{"start":{"line":15,"column":4},"end":{"line":15,"column":36}},"9":{"start":{"line":15,"column":29},"end":{"line":15,"column":34}},"10":{"start":{"line":19,"column":4},"end":{"line":35,"column":10}},"11":{"start":{"line":26,"column":8},"end":{"line":33,"column":12}},"12":{"start":{"line":38,"column":21},"end":{"line":41,"column":3}},"13":{"start":{"line":43,"column":20},"end":{"line":43,"column":54}},"14":{"start":{"line":45,"column":2},"end":{"line":56,"column":4}}},"fnMap":{"0":{"name":"(anonymous_0)","decl":{"start":{"line":7,"column":17},"end":{"line":7,"column":18}},"loc":{"start":{"line":7,"column":78},"end":{"line":57,"column":1}},"line":7},"1":{"name":"(anonymous_1)","decl":{"start":{"line":11,"column":28},"end":{"line":11,"column":29}},"loc":{"start":{"line":11,"column":34},"end":{"line":11,"column":65}},"line":11},"2":{"name":"(anonymous_2)","decl":{"start":{"line":11,"column":49},"end":{"line":11,"column":50}},"loc":{"start":{"line":11,"column":59},"end":{"line":11,"column":64}},"line":11},"3":{"name":"(anonymous_3)","decl":{"start":{"line":13,"column":28},"end":{"line":13,"column":29}},"loc":{"start":{"line":13,"column":35},"end":{"line":16,"column":3}},"line":13},"4":{"name":"(anonymous_4)","decl":{"start":{"line":15,"column":19},"end":{"line":15,"column":20}},"loc":{"start":{"line":15,"column":29},"end":{"line":15,"column":34}},"line":15},"5":{"name":"(anonymous_5)","decl":{"start":{"line":25,"column":32},"end":{"line":25,"column":33}},"loc":{"start":{"line":26,"column":8},"end":{"line":33,"column":12}},"line":26}},"branchMap":{"0":{"loc":{"start":{"line":7,"column":20},"end":{"line":7,"column":29}},"type":"default-arg","locations":[{"start":{"line":7,"column":25},"end":{"line":7,"column":29}}],"line":7},"1":{"loc":{"start":{"line":21,"column":23},"end":{"line":21,"column":42}},"type":"cond-expr","locations":[{"start":{"line":21,"column":37},"end":{"line":21,"column":38}},{"start":{"line":21,"column":41},"end":{"line":21,"column":42}}],"line":21},"2":{"loc":{"start":{"line":23,"column":10},"end":{"line":23,"column":33}},"type":"cond-expr","locations":[{"start":{"line":23,"column":24},"end":{"line":23,"column":26}},{"start":{"line":23,"column":29},"end":{"line":23,"column":33}}],"line":23},"3":{"loc":{"start":{"line":39,"column":12},"end":{"line":39,"column":31}},"type":"cond-expr","locations":[{"start":{"line":39,"column":26},"end":{"line":39,"column":27}},{"start":{"line":39,"column":30},"end":{"line":39,"column":31}}],"line":39},"4":{"loc":{"start":{"line":54,"column":7},"end":{"line":54,"column":39}},"type":"cond-expr","locations":[{"start":{"line":54,"column":21},"end":{"line":54,"column":32}},{"start":{"line":54,"column":35},"end":{"line":54,"column":39}}],"line":54}},"s":{"0":16,"1":304,"2":304,"3":304,"4":12,"5":12,"6":304,"7":12,"8":12,"9":12,"10":304,"11":2353,"12":304,"13":304,"14":304},"f":{"0":304,"1":12,"2":12,"3":12,"4":12,"5":2353},"b":{"0":[235],"1":[12,292],"2":[69,235],"3":[12,292],"4":[12,292]},"_coverageSchema":"1a1c01bbd47fc00a2c39e90264f33305004495a9","hash":"facdae50c79298bcdeaa079ecf42067ea39fc07e"}
,"/Users/ant/SE/Personal-Projects/art-buddy/src/_components/help/Help.js": {"path":"/Users/ant/SE/Personal-Projects/art-buddy/src/_components/help/Help.js","statementMap":{"0":{"start":{"line":10,"column":13},"end":{"line":20,"column":1}},"1":{"start":{"line":11,"column":23},"end":{"line":11,"column":60}},"2":{"start":{"line":11,"column":46},"end":{"line":11,"column":59}},"3":{"start":{"line":12,"column":27},"end":{"line":12,"column":51}},"4":{"start":{"line":14,"column":19},"end":{"line":18,"column":6}},"5":{"start":{"line":15,"column":4},"end":{"line":18,"column":6}},"6":{"start":{"line":19,"column":2},"end":{"line":19,"column":75}}},"fnMap":{"0":{"name":"(anonymous_0)","decl":{"start":{"line":10,"column":13},"end":{"line":10,"column":14}},"loc":{"start":{"line":10,"column":19},"end":{"line":20,"column":1}},"line":10},"1":{"name":"(anonymous_1)","decl":{"start":{"line":11,"column":35},"end":{"line":11,"column":36}},"loc":{"start":{"line":11,"column":46},"end":{"line":11,"column":59}},"line":11},"2":{"name":"(anonymous_2)","decl":{"start":{"line":14,"column":19},"end":{"line":14,"column":20}},"loc":{"start":{"line":15,"column":4},"end":{"line":18,"column":6}},"line":15}},"branchMap":{},"s":{"0":32,"1":47,"2":64,"3":47,"4":47,"5":0,"6":47},"f":{"0":47,"1":64,"2":0},"b":{},"_coverageSchema":"1a1c01bbd47fc00a2c39e90264f33305004495a9","hash":"bb43d0cf9ed16c2d1be42a201773471b973e3756"}
,"/Users/ant/SE/Personal-Projects/art-buddy/src/_components/icon/Icon.js": {"path":"/Users/ant/SE/Personal-Projects/art-buddy/src/_components/icon/Icon.js","statementMap":{"0":{"start":{"line":3,"column":13},"end":{"line":38,"column":1}},"1":{"start":{"line":14,"column":20},"end":{"line":19,"column":3}},"2":{"start":{"line":21,"column":21},"end":{"line":23,"column":3}},"3":{"start":{"line":25,"column":2},"end":{"line":37,"column":4}}},"fnMap":{"0":{"name":"(anonymous_0)","decl":{"start":{"line":3,"column":13},"end":{"line":3,"column":14}},"loc":{"start":{"line":13,"column":6},"end":{"line":38,"column":1}},"line":13}},"branchMap":{"0":{"loc":{"start":{"line":4,"column":2},"end":{"line":4,"column":11}},"type":"default-arg","locations":[{"start":{"line":4,"column":7},"end":{"line":4,"column":11}}],"line":4},"1":{"loc":{"start":{"line":6,"column":2},"end":{"line":6,"column":19}},"type":"default-arg","locations":[{"start":{"line":6,"column":14},"end":{"line":6,"column":19}}],"line":6},"2":{"loc":{"start":{"line":7,"column":2},"end":{"line":7,"column":16}},"type":"default-arg","locations":[{"start":{"line":7,"column":12},"end":{"line":7,"column":16}}],"line":7},"3":{"loc":{"start":{"line":8,"column":2},"end":{"line":8,"column":21}},"type":"default-arg","locations":[{"start":{"line":8,"column":19},"end":{"line":8,"column":21}}],"line":8},"4":{"loc":{"start":{"line":9,"column":2},"end":{"line":9,"column":16}},"type":"default-arg","locations":[{"start":{"line":9,"column":9},"end":{"line":9,"column":16}}],"line":9},"5":{"loc":{"start":{"line":10,"column":2},"end":{"line":10,"column":15}},"type":"default-arg","locations":[{"start":{"line":10,"column":11},"end":{"line":10,"column":15}}],"line":10},"6":{"loc":{"start":{"line":12,"column":2},"end":{"line":12,"column":14}},"type":"default-arg","locations":[{"start":{"line":12,"column":10},"end":{"line":12,"column":14}}],"line":12},"7":{"loc":{"start":{"line":16,"column":11},"end":{"line":16,"column":31}},"type":"cond-expr","locations":[{"start":{"line":16,"column":19},"end":{"line":16,"column":24}},{"start":{"line":16,"column":27},"end":{"line":16,"column":31}}],"line":16},"8":{"loc":{"start":{"line":17,"column":12},"end":{"line":17,"column":38}},"type":"cond-expr","locations":[{"start":{"line":17,"column":22},"end":{"line":17,"column":31}},{"start":{"line":17,"column":34},"end":{"line":17,"column":38}}],"line":17},"9":{"loc":{"start":{"line":22,"column":14},"end":{"line":22,"column":78}},"type":"cond-expr","locations":[{"start":{"line":22,"column":26},"end":{"line":22,"column":34}},{"start":{"line":22,"column":37},"end":{"line":22,"column":78}}],"line":22},"10":{"loc":{"start":{"line":22,"column":37},"end":{"line":22,"column":78}},"type":"cond-expr","locations":[{"start":{"line":22,"column":60},"end":{"line":22,"column":66}},{"start":{"line":22,"column":69},"end":{"line":22,"column":78}}],"line":22},"11":{"loc":{"start":{"line":30,"column":19},"end":{"line":30,"column":39}},"type":"cond-expr","locations":[{"start":{"line":30,"column":28},"end":{"line":30,"column":34}},{"start":{"line":30,"column":37},"end":{"line":30,"column":39}}],"line":30}},"s":{"0":48,"1":746,"2":746,"3":746},"f":{"0":746},"b":{"0":[415],"1":[677],"2":[70],"3":[664],"4":[62],"5":[533],"6":[638],"7":[108,638],"8":[676,70],"9":[69,677],"10":[351,326],"11":[213,533]},"_coverageSchema":"1a1c01bbd47fc00a2c39e90264f33305004495a9","hash":"d2fc6712dd0026ab7da85adabd9478d9347137ec"}
,"/Users/ant/SE/Personal-Projects/art-buddy/src/_components/icon/add-icon/AddIcon.js": {"path":"/Users/ant/SE/Personal-Projects/art-buddy/src/_components/icon/add-icon/AddIcon.js","statementMap":{"0":{"start":{"line":5,"column":16},"end":{"line":7,"column":1}},"1":{"start":{"line":6,"column":2},"end":{"line":6,"column":71}}},"fnMap":{"0":{"name":"(anonymous_0)","decl":{"start":{"line":5,"column":16},"end":{"line":5,"column":17}},"loc":{"start":{"line":6,"column":2},"end":{"line":6,"column":71}},"line":6}},"branchMap":{},"s":{"0":12,"1":72},"f":{"0":72},"b":{},"_coverageSchema":"1a1c01bbd47fc00a2c39e90264f33305004495a9","hash":"00cb269f3b4a0c2f207f0ca0352364d587957ad7"}
,"/Users/ant/SE/Personal-Projects/art-buddy/src/_components/instructions/Instructions.js": {"path":"/Users/ant/SE/Personal-Projects/art-buddy/src/_components/instructions/Instructions.js","statementMap":{"0":{"start":{"line":7,"column":21},"end":{"line":16,"column":1}},"1":{"start":{"line":8,"column":23},"end":{"line":8,"column":60}},"2":{"start":{"line":8,"column":46},"end":{"line":8,"column":59}},"3":{"start":{"line":9,"column":27},"end":{"line":9,"column":49}},"4":{"start":{"line":9,"column":33},"end":{"line":9,"column":49}},"5":{"start":{"line":10,"column":2},"end":{"line":15,"column":4}}},"fnMap":{"0":{"name":"(anonymous_0)","decl":{"start":{"line":7,"column":21},"end":{"line":7,"column":22}},"loc":{"start":{"line":7,"column":41},"end":{"line":16,"column":1}},"line":7},"1":{"name":"(anonymous_1)","decl":{"start":{"line":8,"column":35},"end":{"line":8,"column":36}},"loc":{"start":{"line":8,"column":46},"end":{"line":8,"column":59}},"line":8},"2":{"name":"(anonymous_2)","decl":{"start":{"line":9,"column":27},"end":{"line":9,"column":28}},"loc":{"start":{"line":9,"column":33},"end":{"line":9,"column":49}},"line":9}},"branchMap":{},"s":{"0":13,"1":22,"2":35,"3":22,"4":0,"5":22},"f":{"0":22,"1":35,"2":0},"b":{},"_coverageSchema":"1a1c01bbd47fc00a2c39e90264f33305004495a9","hash":"f66637d98f08c6d02de9c818ed951dd77f16de2a"}
,"/Users/ant/SE/Personal-Projects/art-buddy/src/_components/keyboard/Keyboard.js": {"path":"/Users/ant/SE/Personal-Projects/art-buddy/src/_components/keyboard/Keyboard.js","statementMap":{"0":{"start":{"line":7,"column":17},"end":{"line":13,"column":1}},"1":{"start":{"line":8,"column":2},"end":{"line":12,"column":4}}},"fnMap":{"0":{"name":"(anonymous_0)","decl":{"start":{"line":7,"column":17},"end":{"line":7,"column":18}},"loc":{"start":{"line":7,"column":23},"end":{"line":13,"column":1}},"line":7}},"branchMap":{},"s":{"0":9,"1":42},"f":{"0":42},"b":{},"_coverageSchema":"1a1c01bbd47fc00a2c39e90264f33305004495a9","hash":"8d15f92bea2f58f653a42a25b5e109f0cb28abfc"}
,"/Users/ant/SE/Personal-Projects/art-buddy/src/_components/option/Options.js": {"path":"/Users/ant/SE/Personal-Projects/art-buddy/src/_components/option/Options.js","statementMap":{"0":{"start":{"line":3,"column":16},"end":{"line":9,"column":1}},"1":{"start":{"line":4,"column":2},"end":{"line":8,"column":4}}},"fnMap":{"0":{"name":"(anonymous_0)","decl":{"start":{"line":3,"column":16},"end":{"line":3,"column":17}},"loc":{"start":{"line":3,"column":50},"end":{"line":9,"column":1}},"line":3}},"branchMap":{"0":{"loc":{"start":{"line":3,"column":29},"end":{"line":3,"column":43}},"type":"default-arg","locations":[{"start":{"line":3,"column":37},"end":{"line":3,"column":43}}],"line":3}},"s":{"0":15,"1":73},"f":{"0":73},"b":{"0":[2]},"_coverageSchema":"1a1c01bbd47fc00a2c39e90264f33305004495a9","hash":"81886b8e27c3bfb64ccc2913f419fdaefd832f72"}
,"/Users/ant/SE/Personal-Projects/art-buddy/src/_components/popup/Popup.js": {"path":"/Users/ant/SE/Personal-Projects/art-buddy/src/_components/popup/Popup.js","statementMap":{"0":{"start":{"line":8,"column":14},"end":{"line":38,"column":1}},"1":{"start":{"line":9,"column":38},"end":{"line":9,"column":62}},"2":{"start":{"line":11,"column":27},"end":{"line":20,"column":3}},"3":{"start":{"line":12,"column":4},"end":{"line":19,"column":5}},"4":{"start":{"line":14,"column":8},"end":{"line":15,"column":41}},"5":{"start":{"line":16,"column":6},"end":{"line":18,"column":7}},"6":{"start":{"line":17,"column":8},"end":{"line":17,"column":27}},"7":{"start":{"line":22,"column":2},"end":{"line":37,"column":11}}},"fnMap":{"0":{"name":"(anonymous_0)","decl":{"start":{"line":8,"column":14},"end":{"line":8,"column":15}},"loc":{"start":{"line":8,"column":20},"end":{"line":38,"column":1}},"line":8},"1":{"name":"(anonymous_1)","decl":{"start":{"line":11,"column":27},"end":{"line":11,"column":28}},"loc":{"start":{"line":11,"column":34},"end":{"line":20,"column":3}},"line":11}},"branchMap":{"0":{"loc":{"start":{"line":12,"column":4},"end":{"line":19,"column":5}},"type":"if","locations":[{"start":{"line":12,"column":4},"end":{"line":19,"column":5}},{"start":{},"end":{}}],"line":12},"1":{"loc":{"start":{"line":14,"column":8},"end":{"line":15,"column":41}},"type":"binary-expr","locations":[{"start":{"line":14,"column":8},"end":{"line":14,"column":54}},{"start":{"line":15,"column":8},"end":{"line":15,"column":41}}],"line":14},"2":{"loc":{"start":{"line":16,"column":6},"end":{"line":18,"column":7}},"type":"if","locations":[{"start":{"line":16,"column":6},"end":{"line":18,"column":7}},{"start":{},"end":{}}],"line":16},"3":{"loc":{"start":{"line":22,"column":9},"end":{"line":37,"column":10}},"type":"cond-expr","locations":[{"start":{"line":23,"column":4},"end":{"line":36,"column":11}},{"start":{"line":37,"column":6},"end":{"line":37,"column":10}}],"line":22},"4":{"loc":{"start":{"line":25,"column":31},"end":{"line":25,"column":72}},"type":"cond-expr","locations":[{"start":{"line":25,"column":56},"end":{"line":25,"column":67}},{"start":{"line":25,"column":70},"end":{"line":25,"column":72}}],"line":25}},"s":{"0":4,"1":12,"2":12,"3":4,"4":4,"5":4,"6":1,"7":12},"f":{"0":12,"1":4},"b":{"0":[4,0],"1":[4,3],"2":[1,3],"3":[5,7],"4":[0,5]},"_coverageSchema":"1a1c01bbd47fc00a2c39e90264f33305004495a9","hash":"2bec886561894d0e46aadbc4a0736fa7044ce6d0"}
,"/Users/ant/SE/Personal-Projects/art-buddy/src/_components/popup/finished/Finished.js": {"path":"/Users/ant/SE/Personal-Projects/art-buddy/src/_components/popup/finished/Finished.js","statementMap":{"0":{"start":{"line":9,"column":17},"end":{"line":31,"column":1}},"1":{"start":{"line":10,"column":27},"end":{"line":10,"column":51}},"2":{"start":{"line":12,"column":25},"end":{"line":17,"column":3}},"3":{"start":{"line":13,"column":4},"end":{"line":16,"column":7}},"4":{"start":{"line":19,"column":2},"end":{"line":30,"column":4}}},"fnMap":{"0":{"name":"(anonymous_0)","decl":{"start":{"line":9,"column":17},"end":{"line":9,"column":18}},"loc":{"start":{"line":9,"column":77},"end":{"line":31,"column":1}},"line":9},"1":{"name":"(anonymous_1)","decl":{"start":{"line":12,"column":25},"end":{"line":12,"column":26}},"loc":{"start":{"line":12,"column":31},"end":{"line":17,"column":3}},"line":12}},"branchMap":{"0":{"loc":{"start":{"line":9,"column":58},"end":{"line":9,"column":70}},"type":"default-arg","locations":[{"start":{"line":9,"column":66},"end":{"line":9,"column":70}}],"line":9}},"s":{"0":6,"1":0,"2":0,"3":0,"4":0},"f":{"0":0,"1":0},"b":{"0":[0]},"_coverageSchema":"1a1c01bbd47fc00a2c39e90264f33305004495a9","hash":"4129e1896e769eb91b0b17b0bc69b974fdd15d62"}
,"/Users/ant/SE/Personal-Projects/art-buddy/src/_components/report-card/ReportCard.js": {"path":"/Users/ant/SE/Personal-Projects/art-buddy/src/_components/report-card/ReportCard.js","statementMap":{"0":{"start":{"line":9,"column":19},"end":{"line":35,"column":1}},"1":{"start":{"line":10,"column":38},"end":{"line":10,"column":64}},"2":{"start":{"line":11,"column":23},"end":{"line":22,"column":4}},"3":{"start":{"line":12,"column":54},"end":{"line":12,"column":71}},"4":{"start":{"line":13,"column":4},"end":{"line":21,"column":6}},"5":{"start":{"line":24,"column":32},"end":{"line":25,"column":51}},"6":{"start":{"line":25,"column":4},"end":{"line":25,"column":51}},"7":{"start":{"line":27,"column":2},"end":{"line":34,"column":4}}},"fnMap":{"0":{"name":"(anonymous_0)","decl":{"start":{"line":9,"column":19},"end":{"line":9,"column":20}},"loc":{"start":{"line":9,"column":47},"end":{"line":35,"column":1}},"line":9},"1":{"name":"(anonymous_1)","decl":{"start":{"line":11,"column":51},"end":{"line":11,"column":52}},"loc":{"start":{"line":11,"column":62},"end":{"line":22,"column":3}},"line":11},"2":{"name":"(anonymous_2)","decl":{"start":{"line":24,"column":32},"end":{"line":24,"column":33}},"loc":{"start":{"line":25,"column":4},"end":{"line":25,"column":51}},"line":25}},"branchMap":{"0":{"loc":{"start":{"line":9,"column":28},"end":{"line":9,"column":40}},"type":"default-arg","locations":[{"start":{"line":9,"column":36},"end":{"line":9,"column":40}}],"line":9}},"s":{"0":14,"1":2,"2":2,"3":12,"4":12,"5":2,"6":0,"7":2},"f":{"0":2,"1":12,"2":0},"b":{"0":[0]},"_coverageSchema":"1a1c01bbd47fc00a2c39e90264f33305004495a9","hash":"0919e6d136834a0470684e2f81e2b33b4fe8e904"}
,"/Users/ant/SE/Personal-Projects/art-buddy/src/_components/report-card/score/Score.js": {"path":"/Users/ant/SE/Personal-Projects/art-buddy/src/_components/report-card/score/Score.js","statementMap":{"0":{"start":{"line":5,"column":14},"end":{"line":33,"column":1}},"1":{"start":{"line":6,"column":29},"end":{"line":22,"column":3}},"2":{"start":{"line":7,"column":25},"end":{"line":7,"column":27}},"3":{"start":{"line":8,"column":18},"end":{"line":8,"column":42}},"4":{"start":{"line":9,"column":4},"end":{"line":20,"column":5}},"5":{"start":{"line":9,"column":17},"end":{"line":9,"column":18}},"6":{"start":{"line":10,"column":18},"end":{"line":10,"column":63}},"7":{"start":{"line":11,"column":6},"end":{"line":19,"column":7}},"8":{"start":{"line":12,"column":27},"end":{"line":12,"column":32}},"9":{"start":{"line":13,"column":23},"end":{"line":13,"column":47}},"10":{"start":{"line":14,"column":8},"end":{"line":16,"column":10}},"11":{"start":{"line":18,"column":8},"end":{"line":18,"column":78}},"12":{"start":{"line":21,"column":4},"end":{"line":21,"column":24}},"13":{"start":{"line":24,"column":2},"end":{"line":32,"column":4}}},"fnMap":{"0":{"name":"(anonymous_0)","decl":{"start":{"line":5,"column":14},"end":{"line":5,"column":15}},"loc":{"start":{"line":5,"column":59},"end":{"line":33,"column":1}},"line":5},"1":{"name":"(anonymous_1)","decl":{"start":{"line":6,"column":29},"end":{"line":6,"column":30}},"loc":{"start":{"line":6,"column":35},"end":{"line":22,"column":3}},"line":6}},"branchMap":{"0":{"loc":{"start":{"line":10,"column":18},"end":{"line":10,"column":63}},"type":"cond-expr","locations":[{"start":{"line":10,"column":28},"end":{"line":10,"column":33}},{"start":{"line":10,"column":36},"end":{"line":10,"column":63}}],"line":10},"1":{"loc":{"start":{"line":10,"column":36},"end":{"line":10,"column":63}},"type":"cond-expr","locations":[{"start":{"line":10,"column":53},"end":{"line":10,"column":57}},{"start":{"line":10,"column":60},"end":{"line":10,"column":63}}],"line":10},"2":{"loc":{"start":{"line":11,"column":6},"end":{"line":19,"column":7}},"type":"if","locations":[{"start":{"line":11,"column":6},"end":{"line":19,"column":7}},{"start":{"line":17,"column":13},"end":{"line":19,"column":7}}],"line":11}},"s":{"0":15,"1":14,"2":14,"3":14,"4":14,"5":14,"6":56,"7":56,"8":4,"9":4,"10":4,"11":52,"12":14,"13":14},"f":{"0":14,"1":14},"b":{"0":[14,42],"1":[14,28],"2":[4,52]},"_coverageSchema":"1a1c01bbd47fc00a2c39e90264f33305004495a9","hash":"e707e017210802b9993c3667f1ae15f219d769ec"}
,"/Users/ant/SE/Personal-Projects/art-buddy/src/_components/toggle/Toggle.js": {"path":"/Users/ant/SE/Personal-Projects/art-buddy/src/_components/toggle/Toggle.js","statementMap":{"0":{"start":{"line":3,"column":15},"end":{"line":17,"column":1}},"1":{"start":{"line":4,"column":2},"end":{"line":16,"column":4}}},"fnMap":{"0":{"name":"(anonymous_0)","decl":{"start":{"line":3,"column":15},"end":{"line":3,"column":16}},"loc":{"start":{"line":3,"column":59},"end":{"line":17,"column":1}},"line":3}},"branchMap":{"0":{"loc":{"start":{"line":3,"column":18},"end":{"line":3,"column":30}},"type":"default-arg","locations":[{"start":{"line":3,"column":26},"end":{"line":3,"column":30}}],"line":3},"1":{"loc":{"start":{"line":7,"column":36},"end":{"line":7,"column":61}},"type":"cond-expr","locations":[{"start":{"line":7,"column":49},"end":{"line":7,"column":53}},{"start":{"line":7,"column":56},"end":{"line":7,"column":61}}],"line":7},"2":{"loc":{"start":{"line":14,"column":7},"end":{"line":14,"column":67}},"type":"cond-expr","locations":[{"start":{"line":14,"column":15},"end":{"line":14,"column":60}},{"start":{"line":14,"column":63},"end":{"line":14,"column":67}}],"line":14}},"s":{"0":12,"1":38},"f":{"0":38},"b":{"0":[10],"1":[27,11],"2":[28,10]},"_coverageSchema":"1a1c01bbd47fc00a2c39e90264f33305004495a9","hash":"745c40ef2fe02d35917a60044292b709eeffc99c"}
,"/Users/ant/SE/Personal-Projects/art-buddy/src/_components/too-small/TooSmall.js": {"path":"/Users/ant/SE/Personal-Projects/art-buddy/src/_components/too-small/TooSmall.js","statementMap":{"0":{"start":{"line":3,"column":17},"end":{"line":13,"column":1}},"1":{"start":{"line":4,"column":2},"end":{"line":12,"column":4}}},"fnMap":{"0":{"name":"(anonymous_0)","decl":{"start":{"line":3,"column":17},"end":{"line":3,"column":18}},"loc":{"start":{"line":3,"column":23},"end":{"line":13,"column":1}},"line":3}},"branchMap":{},"s":{"0":4,"1":2},"f":{"0":2},"b":{},"_coverageSchema":"1a1c01bbd47fc00a2c39e90264f33305004495a9","hash":"bcc4103739467de647d0692c4323f71b775ca271"}
,"/Users/ant/SE/Personal-Projects/art-buddy/src/_components/video/Video.js": {"path":"/Users/ant/SE/Personal-Projects/art-buddy/src/_components/video/Video.js","statementMap":{"0":{"start":{"line":3,"column":14},"end":{"line":13,"column":1}},"1":{"start":{"line":4,"column":2},"end":{"line":12,"column":4}}},"fnMap":{"0":{"name":"(anonymous_0)","decl":{"start":{"line":3,"column":14},"end":{"line":3,"column":15}},"loc":{"start":{"line":3,"column":27},"end":{"line":13,"column":1}},"line":3}},"branchMap":{},"s":{"0":10,"1":2},"f":{"0":2},"b":{},"_coverageSchema":"1a1c01bbd47fc00a2c39e90264f33305004495a9","hash":"9ac5265ae5467ea952f0087fe390a42ae9bbe410"}
,"/Users/ant/SE/Personal-Projects/art-buddy/src/_components/window/Window.js": {"path":"/Users/ant/SE/Personal-Projects/art-buddy/src/_components/window/Window.js","statementMap":{"0":{"start":{"line":3,"column":15},"end":{"line":10,"column":1}},"1":{"start":{"line":4,"column":16},"end":{"line":4,"column":37}},"2":{"start":{"line":5,"column":2},"end":{"line":9,"column":4}}},"fnMap":{"0":{"name":"(anonymous_0)","decl":{"start":{"line":3,"column":15},"end":{"line":3,"column":16}},"loc":{"start":{"line":3,"column":48},"end":{"line":10,"column":1}},"line":3}},"branchMap":{"0":{"loc":{"start":{"line":3,"column":28},"end":{"line":3,"column":41}},"type":"default-arg","locations":[{"start":{"line":3,"column":36},"end":{"line":3,"column":41}}],"line":3},"1":{"loc":{"start":{"line":4,"column":16},"end":{"line":4,"column":37}},"type":"cond-expr","locations":[{"start":{"line":4,"column":24},"end":{"line":4,"column":29}},{"start":{"line":4,"column":32},"end":{"line":4,"column":37}}],"line":4}},"s":{"0":11,"1":39,"2":39},"f":{"0":39},"b":{"0":[32],"1":[7,32]},"_coverageSchema":"1a1c01bbd47fc00a2c39e90264f33305004495a9","hash":"d08d7d7647ad9e8fd69f60d8d4b5e62ec4ed6de8"}
,"/Users/ant/SE/Personal-Projects/art-buddy/src/_components/window-nav/WindowNavbar.js": {"path":"/Users/ant/SE/Personal-Projects/art-buddy/src/_components/window-nav/WindowNavbar.js","statementMap":{"0":{"start":{"line":13,"column":21},"end":{"line":58,"column":1}},"1":{"start":{"line":14,"column":19},"end":{"line":14,"column":56}},"2":{"start":{"line":14,"column":42},"end":{"line":14,"column":55}},"3":{"start":{"line":15,"column":27},"end":{"line":15,"column":51}},"4":{"start":{"line":16,"column":19},"end":{"line":16,"column":32}},"5":{"start":{"line":17,"column":19},"end":{"line":17,"column":32}},"6":{"start":{"line":19,"column":2},"end":{"line":22,"column":13}},"7":{"start":{"line":20,"column":4},"end":{"line":20,"column":36}},"8":{"start":{"line":20,"column":17},"end":{"line":20,"column":35}},"9":{"start":{"line":24,"column":23},"end":{"line":24,"column":63}},"10":{"start":{"line":24,"column":30},"end":{"line":24,"column":63}},"11":{"start":{"line":25,"column":20},"end":{"line":25,"column":70}},"12":{"start":{"line":25,"column":33},"end":{"line":25,"column":69}},"13":{"start":{"line":28,"column":4},"end":{"line":43,"column":13}},"14":{"start":{"line":47,"column":4},"end":{"line":54,"column":13}},"15":{"start":{"line":57,"column":2},"end":{"line":57,"column":39}}},"fnMap":{"0":{"name":"(anonymous_0)","decl":{"start":{"line":13,"column":21},"end":{"line":13,"column":22}},"loc":{"start":{"line":13,"column":61},"end":{"line":58,"column":1}},"line":13},"1":{"name":"(anonymous_1)","decl":{"start":{"line":14,"column":31},"end":{"line":14,"column":32}},"loc":{"start":{"line":14,"column":42},"end":{"line":14,"column":55}},"line":14},"2":{"name":"(anonymous_2)","decl":{"start":{"line":19,"column":12},"end":{"line":19,"column":13}},"loc":{"start":{"line":19,"column":18},"end":{"line":22,"column":3}},"line":19},"3":{"name":"(anonymous_3)","decl":{"start":{"line":20,"column":11},"end":{"line":20,"column":12}},"loc":{"start":{"line":20,"column":17},"end":{"line":20,"column":35}},"line":20},"4":{"name":"(anonymous_4)","decl":{"start":{"line":24,"column":23},"end":{"line":24,"column":24}},"loc":{"start":{"line":24,"column":30},"end":{"line":24,"column":63}},"line":24},"5":{"name":"(anonymous_5)","decl":{"start":{"line":25,"column":20},"end":{"line":25,"column":21}},"loc":{"start":{"line":25,"column":33},"end":{"line":25,"column":69}},"line":25}},"branchMap":{"0":{"loc":{"start":{"line":13,"column":24},"end":{"line":13,"column":41}},"type":"default-arg","locations":[{"start":{"line":13,"column":37},"end":{"line":13,"column":41}}],"line":13},"1":{"loc":{"start":{"line":13,"column":43},"end":{"line":13,"column":54}},"type":"default-arg","locations":[{"start":{"line":13,"column":50},"end":{"line":13,"column":54}}],"line":13},"2":{"loc":{"start":{"line":25,"column":33},"end":{"line":25,"column":69}},"type":"cond-expr","locations":[{"start":{"line":25,"column":51},"end":{"line":25,"column":64}},{"start":{"line":25,"column":67},"end":{"line":25,"column":69}}],"line":25},"3":{"loc":{"start":{"line":48,"column":7},"end":{"line":48,"column":60}},"type":"cond-expr","locations":[{"start":{"line":48,"column":40},"end":{"line":48,"column":44}},{"start":{"line":48,"column":47},"end":{"line":48,"column":60}}],"line":48},"4":{"loc":{"start":{"line":50,"column":7},"end":{"line":52,"column":14}},"type":"cond-expr","locations":[{"start":{"line":51,"column":8},"end":{"line":51,"column":63}},{"start":{"line":52,"column":10},"end":{"line":52,"column":14}}],"line":50},"5":{"loc":{"start":{"line":53,"column":7},"end":{"line":53,"column":55}},"type":"cond-expr","locations":[{"start":{"line":53,"column":40},"end":{"line":53,"column":44}},{"start":{"line":53,"column":47},"end":{"line":53,"column":55}}],"line":53},"6":{"loc":{"start":{"line":57,"column":9},"end":{"line":57,"column":38}},"type":"cond-expr","locations":[{"start":{"line":57,"column":16},"end":{"line":57,"column":27}},{"start":{"line":57,"column":30},"end":{"line":57,"column":38}}],"line":57}},"s":{"0":31,"1":239,"2":375,"3":239,"4":239,"5":239,"6":239,"7":144,"8":144,"9":239,"10":0,"11":239,"12":478,"13":239,"14":239,"15":239},"f":{"0":239,"1":375,"2":144,"3":144,"4":0,"5":478},"b":{"0":[203],"1":[41],"2":[239,239],"3":[183,56],"4":[36,203],"5":[183,56],"6":[194,45]},"_coverageSchema":"1a1c01bbd47fc00a2c39e90264f33305004495a9","hash":"99e4e9afc8b820481c4d2c3299fd1b2ed9cee7e4"}
,"/Users/ant/SE/Personal-Projects/art-buddy/src/_components/window-nav/back-arrow/BackArrow.js": {"path":"/Users/ant/SE/Personal-Projects/art-buddy/src/_components/window-nav/back-arrow/BackArrow.js","statementMap":{"0":{"start":{"line":7,"column":18},"end":{"line":16,"column":1}},"1":{"start":{"line":8,"column":19},"end":{"line":8,"column":32}},"2":{"start":{"line":9,"column":17},"end":{"line":9,"column":35}},"3":{"start":{"line":9,"column":23},"end":{"line":9,"column":35}},"4":{"start":{"line":10,"column":2},"end":{"line":15,"column":4}}},"fnMap":{"0":{"name":"(anonymous_0)","decl":{"start":{"line":7,"column":18},"end":{"line":7,"column":19}},"loc":{"start":{"line":7,"column":24},"end":{"line":16,"column":1}},"line":7},"1":{"name":"(anonymous_1)","decl":{"start":{"line":9,"column":17},"end":{"line":9,"column":18}},"loc":{"start":{"line":9,"column":23},"end":{"line":9,"column":35}},"line":9}},"branchMap":{},"s":{"0":32,"1":47,"2":47,"3":0,"4":47},"f":{"0":47,"1":0},"b":{},"_coverageSchema":"1a1c01bbd47fc00a2c39e90264f33305004495a9","hash":"60994ff235547dce43c79619dc6d28c6d9d5a446"}
,"/Users/ant/SE/Personal-Projects/art-buddy/src/_context/PlayContext.js": {"path":"/Users/ant/SE/Personal-Projects/art-buddy/src/_context/PlayContext.js","statementMap":{"0":{"start":{"line":3,"column":20},"end":{"line":3,"column":35}},"1":{"start":{"line":5,"column":21},"end":{"line":13,"column":1}},"2":{"start":{"line":6,"column":30},"end":{"line":6,"column":44}},"3":{"start":{"line":8,"column":2},"end":{"line":12,"column":4}}},"fnMap":{"0":{"name":"(anonymous_0)","decl":{"start":{"line":5,"column":21},"end":{"line":5,"column":22}},"loc":{"start":{"line":5,"column":39},"end":{"line":13,"column":1}},"line":5}},"branchMap":{},"s":{"0":93,"1":93,"2":299,"3":299},"f":{"0":299},"b":{},"_coverageSchema":"1a1c01bbd47fc00a2c39e90264f33305004495a9","hash":"feec5fbfab90e245061b98f2b6120184ed2012d8"}
,"/Users/ant/SE/Personal-Projects/art-buddy/src/_context/PopupContext.js": {"path":"/Users/ant/SE/Personal-Projects/art-buddy/src/_context/PopupContext.js","statementMap":{"0":{"start":{"line":3,"column":21},"end":{"line":3,"column":36}},"1":{"start":{"line":5,"column":22},"end":{"line":13,"column":1}},"2":{"start":{"line":6,"column":36},"end":{"line":6,"column":50}},"3":{"start":{"line":8,"column":2},"end":{"line":12,"column":4}}},"fnMap":{"0":{"name":"(anonymous_0)","decl":{"start":{"line":5,"column":22},"end":{"line":5,"column":23}},"loc":{"start":{"line":5,"column":40},"end":{"line":13,"column":1}},"line":5}},"branchMap":{},"s":{"0":93,"1":93,"2":247,"3":247},"f":{"0":247},"b":{},"_coverageSchema":"1a1c01bbd47fc00a2c39e90264f33305004495a9","hash":"ab31ff352d7a7224e0c61270a9900639b380391a"}
,"/Users/ant/SE/Personal-Projects/art-buddy/src/_context/global.js": {"path":"/Users/ant/SE/Personal-Projects/art-buddy/src/_context/global.js","statementMap":{"0":{"start":{"line":5,"column":22},"end":{"line":13,"column":1}},"1":{"start":{"line":6,"column":2},"end":{"line":12,"column":4}}},"fnMap":{"0":{"name":"(anonymous_0)","decl":{"start":{"line":5,"column":22},"end":{"line":5,"column":23}},"loc":{"start":{"line":5,"column":40},"end":{"line":13,"column":1}},"line":5}},"branchMap":{},"s":{"0":93,"1":238},"f":{"0":238},"b":{},"_coverageSchema":"1a1c01bbd47fc00a2c39e90264f33305004495a9","hash":"98e83bb76d5f7ee31b435e0ad7f1eec428619029"}
,"/Users/ant/SE/Personal-Projects/art-buddy/src/_data/_activities/activityList.js": {"path":"/Users/ant/SE/Personal-Projects/art-buddy/src/_data/_activities/activityList.js","statementMap":{"0":{"start":{"line":10,"column":14},"end":{"line":10,"column":32}},"1":{"start":{"line":11,"column":15},"end":{"line":11,"column":40}},"2":{"start":{"line":23,"column":4},"end":{"line":23,"column":8}},"3":{"start":{"line":25,"column":20},"end":{"line":35,"column":1}},"4":{"start":{"line":36,"column":21},"end":{"line":46,"column":1}},"5":{"start":{"line":47,"column":23},"end":{"line":57,"column":1}},"6":{"start":{"line":58,"column":22},"end":{"line":67,"column":1}},"7":{"start":{"line":68,"column":20},"end":{"line":77,"column":1}},"8":{"start":{"line":78,"column":18},"end":{"line":88,"column":1}},"9":{"start":{"line":89,"column":20},"end":{"line":99,"column":1}},"10":{"start":{"line":100,"column":19},"end":{"line":110,"column":1}},"11":{"start":{"line":111,"column":18},"end":{"line":120,"column":1}},"12":{"start":{"line":122,"column":19},"end":{"line":132,"column":1}}},"fnMap":{},"branchMap":{},"s":{"0":17,"1":17,"2":17,"3":17,"4":17,"5":17,"6":17,"7":17,"8":17,"9":17,"10":17,"11":17,"12":17},"f":{},"b":{},"_coverageSchema":"1a1c01bbd47fc00a2c39e90264f33305004495a9","hash":"899c913238b860efc199636b24f14088f8aa3516"}
,"/Users/ant/SE/Personal-Projects/art-buddy/src/_data/_report-cards/colorsForProgressBar.js": {"path":"/Users/ant/SE/Personal-Projects/art-buddy/src/_data/_report-cards/colorsForProgressBar.js","statementMap":{"0":{"start":{"line":7,"column":2},"end":{"line":7,"column":92}},"1":{"start":{"line":10,"column":2},"end":{"line":10,"column":93}},"2":{"start":{"line":13,"column":2},"end":{"line":13,"column":91}},"3":{"start":{"line":14,"column":34},"end":{"line":19,"column":1}},"4":{"start":{"line":35,"column":4},"end":{"line":35,"column":14}},"5":{"start":{"line":37,"column":29},"end":{"line":41,"column":1}},"6":{"start":{"line":43,"column":31},"end":{"line":47,"column":1}},"7":{"start":{"line":49,"column":30},"end":{"line":56,"column":1}}},"fnMap":{},"branchMap":{},"s":{"0":19,"1":19,"2":19,"3":19,"4":19,"5":19,"6":19,"7":19},"f":{},"b":{},"_coverageSchema":"1a1c01bbd47fc00a2c39e90264f33305004495a9","hash":"19cb4c2437340db919f17717e18f6bc871fdd805"}
,"/Users/ant/SE/Personal-Projects/art-buddy/src/_data/_report-cards/initialReportCards.js": {"path":"/Users/ant/SE/Personal-Projects/art-buddy/src/_data/_report-cards/initialReportCards.js","statementMap":{"0":{"start":{"line":8,"column":38},"end":{"line":45,"column":1}},"1":{"start":{"line":47,"column":37},"end":{"line":84,"column":1}}},"fnMap":{},"branchMap":{},"s":{"0":18,"1":18},"f":{},"b":{},"_coverageSchema":"1a1c01bbd47fc00a2c39e90264f33305004495a9","hash":"366c30e55d3f5cb477ff06b5713d74514e7cd8c9"}
,"/Users/ant/SE/Personal-Projects/art-buddy/src/_data/_utils/colorOrder.js": {"path":"/Users/ant/SE/Personal-Projects/art-buddy/src/_data/_utils/colorOrder.js","statementMap":{"0":{"start":{"line":3,"column":15},"end":{"line":9,"column":1}}},"fnMap":{},"branchMap":{},"s":{"0":32},"f":{},"b":{},"_coverageSchema":"1a1c01bbd47fc00a2c39e90264f33305004495a9","hash":"aed003e246492a54c2914063af8d130044e716da"}
,"/Users/ant/SE/Personal-Projects/art-buddy/src/_data/color-theory/colorWheel.js": {"path":"/Users/ant/SE/Personal-Projects/art-buddy/src/_data/color-theory/colorWheel.js","statementMap":{"0":{"start":{"line":3,"column":18},"end":{"line":6,"column":1}},"1":{"start":{"line":8,"column":19},"end":{"line":69,"column":1}}},"fnMap":{},"branchMap":{},"s":{"0":97,"1":97},"f":{},"b":{},"_coverageSchema":"1a1c01bbd47fc00a2c39e90264f33305004495a9","hash":"03a379da6b8d4c6d11dc956a41be45c9b26531c2"}
,"/Users/ant/SE/Personal-Projects/art-buddy/src/_data/color-theory/colors.js": {"path":"/Users/ant/SE/Personal-Projects/art-buddy/src/_data/color-theory/colors.js","statementMap":{"0":{"start":{"line":3,"column":15},"end":{"line":69,"column":1}},"1":{"start":{"line":71,"column":0},"end":{"line":73,"column":1}},"2":{"start":{"line":72,"column":2},"end":{"line":72,"column":78}}},"fnMap":{},"branchMap":{},"s":{"0":97,"1":97,"2":1164},"f":{},"b":{},"_coverageSchema":"1a1c01bbd47fc00a2c39e90264f33305004495a9","hash":"9fdfaf1669d17b8d628d32b3e3b2f772a38d7e58"}
,"/Users/ant/SE/Personal-Projects/art-buddy/src/_data/color-theory/levels.js": {"path":"/Users/ant/SE/Personal-Projects/art-buddy/src/_data/color-theory/levels.js","statementMap":{"0":{"start":{"line":1,"column":35},"end":{"line":1,"column":71}},"1":{"start":{"line":3,"column":15},"end":{"line":190,"column":1}}},"fnMap":{},"branchMap":{},"s":{"0":7,"1":7},"f":{},"b":{},"_coverageSchema":"1a1c01bbd47fc00a2c39e90264f33305004495a9","hash":"49482831ca7d061241fb17807a2982d420aac964"}
,"/Users/ant/SE/Personal-Projects/art-buddy/src/_data/free-paint/colors.js": {"path":"/Users/ant/SE/Personal-Projects/art-buddy/src/_data/free-paint/colors.js","statementMap":{"0":{"start":{"line":1,"column":27},"end":{"line":8,"column":1}},"1":{"start":{"line":10,"column":30},"end":{"line":86,"column":2}}},"fnMap":{},"branchMap":{},"s":{"0":94,"1":94},"f":{},"b":{},"_coverageSchema":"1a1c01bbd47fc00a2c39e90264f33305004495a9","hash":"42cbbb95dc7c0a2b95fffef9935ec2d151cb8ce8"}
,"/Users/ant/SE/Personal-Projects/art-buddy/src/_data/free-paint/freePaintOptions.js": {"path":"/Users/ant/SE/Personal-Projects/art-buddy/src/_data/free-paint/freePaintOptions.js","statementMap":{"0":{"start":{"line":6,"column":16},"end":{"line":17,"column":1}},"1":{"start":{"line":7,"column":49},"end":{"line":7,"column":76}},"2":{"start":{"line":8,"column":49},"end":{"line":8,"column":76}},"3":{"start":{"line":9,"column":47},"end":{"line":9,"column":74}}},"fnMap":{"0":{"name":"(anonymous_0)","decl":{"start":{"line":7,"column":39},"end":{"line":7,"column":40}},"loc":{"start":{"line":7,"column":49},"end":{"line":7,"column":76}},"line":7},"1":{"name":"(anonymous_1)","decl":{"start":{"line":8,"column":39},"end":{"line":8,"column":40}},"loc":{"start":{"line":8,"column":49},"end":{"line":8,"column":76}},"line":8},"2":{"name":"(anonymous_2)","decl":{"start":{"line":9,"column":37},"end":{"line":9,"column":38}},"loc":{"start":{"line":9,"column":47},"end":{"line":9,"column":74}},"line":9}},"branchMap":{},"s":{"0":8,"1":208,"2":208,"3":80},"f":{"0":208,"1":208,"2":80},"b":{},"_coverageSchema":"1a1c01bbd47fc00a2c39e90264f33305004495a9","hash":"8a88e5ca1ca11d221afed0780dde23ff6d6a7a6b"}
,"/Users/ant/SE/Personal-Projects/art-buddy/src/_data/instrument-id/learnInstrumentOptions.js": {"path":"/Users/ant/SE/Personal-Projects/art-buddy/src/_data/instrument-id/learnInstrumentOptions.js","statementMap":{"0":{"start":{"line":4,"column":18},"end":{"line":25,"column":1}},"1":{"start":{"line":27,"column":31},"end":{"line":375,"column":1}}},"fnMap":{},"branchMap":{},"s":{"0":100,"1":100},"f":{},"b":{},"_coverageSchema":"1a1c01bbd47fc00a2c39e90264f33305004495a9","hash":"c1b24e34fdf923a42eb175a9f70dc4d4c64ffcc5"}
,"/Users/ant/SE/Personal-Projects/art-buddy/src/_data/jump-into-rhythm/noteInfo.js": {"path":"/Users/ant/SE/Personal-Projects/art-buddy/src/_data/jump-into-rhythm/noteInfo.js","statementMap":{"0":{"start":{"line":7,"column":17},"end":{"line":29,"column":1}}},"fnMap":{},"branchMap":{},"s":{"0":7},"f":{},"b":{},"_coverageSchema":"1a1c01bbd47fc00a2c39e90264f33305004495a9","hash":"872f4e5ce1977944da9d460c47441c5ebba793c5"}
,"/Users/ant/SE/Personal-Projects/art-buddy/src/_data/mood-meter/batteries.js": {"path":"/Users/ant/SE/Personal-Projects/art-buddy/src/_data/mood-meter/batteries.js","statementMap":{"0":{"start":{"line":3,"column":28},"end":{"line":5,"column":1}},"1":{"start":{"line":6,"column":29},"end":{"line":8,"column":1}},"2":{"start":{"line":9,"column":26},"end":{"line":11,"column":1}},"3":{"start":{"line":13,"column":28},"end":{"line":13,"column":33}},"4":{"start":{"line":14,"column":30},"end":{"line":14,"column":35}},"5":{"start":{"line":15,"column":27},"end":{"line":15,"column":32}},"6":{"start":{"line":17,"column":18},"end":{"line":21,"column":1}}},"fnMap":{},"branchMap":{},"s":{"0":7,"1":7,"2":7,"3":7,"4":7,"5":7,"6":7},"f":{},"b":{},"_coverageSchema":"1a1c01bbd47fc00a2c39e90264f33305004495a9","hash":"b5b4cc5ad84351063478f9fd390722c11efb9697"}
,"/Users/ant/SE/Personal-Projects/art-buddy/src/_data/mood-meter/faces.js": {"path":"/Users/ant/SE/Personal-Projects/art-buddy/src/_data/mood-meter/faces.js","statementMap":{"0":{"start":{"line":5,"column":14},"end":{"line":9,"column":1}}},"fnMap":{},"branchMap":{},"s":{"0":7},"f":{},"b":{},"_coverageSchema":"1a1c01bbd47fc00a2c39e90264f33305004495a9","hash":"ca9d8dfd41c7259ee782545cf5662b5a516d22c7"}
,"/Users/ant/SE/Personal-Projects/art-buddy/src/_data/mood-meter/moods.js": {"path":"/Users/ant/SE/Personal-Projects/art-buddy/src/_data/mood-meter/moods.js","statementMap":{"0":{"start":{"line":18,"column":14},"end":{"line":34,"column":1}}},"fnMap":{},"branchMap":{},"s":{"0":6},"f":{},"b":{},"_coverageSchema":"1a1c01bbd47fc00a2c39e90264f33305004495a9","hash":"254508b4fd9e7a457014deb9e2e1fe1ba34e70c1"}
,"/Users/ant/SE/Personal-Projects/art-buddy/src/_data/music-decoder/letterNotes.js": {"path":"/Users/ant/SE/Personal-Projects/art-buddy/src/_data/music-decoder/letterNotes.js","statementMap":{"0":{"start":{"line":6,"column":21},"end":{"line":60,"column":1}}},"fnMap":{},"branchMap":{},"s":{"0":9},"f":{},"b":{},"_coverageSchema":"1a1c01bbd47fc00a2c39e90264f33305004495a9","hash":"a14e27d59675582cac48aa0a9522aca3548241e1"}
,"/Users/ant/SE/Personal-Projects/art-buddy/src/_data/score-keeper/operations.js": {"path":"/Users/ant/SE/Personal-Projects/art-buddy/src/_data/score-keeper/operations.js","statementMap":{"0":{"start":{"line":1,"column":26},"end":{"line":4,"column":1}},"1":{"start":{"line":2,"column":19},"end":{"line":2,"column":29}},"2":{"start":{"line":3,"column":24},"end":{"line":3,"column":34}}},"fnMap":{"0":{"name":"(anonymous_0)","decl":{"start":{"line":2,"column":7},"end":{"line":2,"column":8}},"loc":{"start":{"line":2,"column":19},"end":{"line":2,"column":29}},"line":2},"1":{"name":"(anonymous_1)","decl":{"start":{"line":3,"column":12},"end":{"line":3,"column":13}},"loc":{"start":{"line":3,"column":24},"end":{"line":3,"column":34}},"line":3}},"branchMap":{},"s":{"0":94,"1":12,"2":8},"f":{"0":12,"1":8},"b":{},"_coverageSchema":"1a1c01bbd47fc00a2c39e90264f33305004495a9","hash":"15d5027fd43d8e4384e7c680293aa066524aac5e"}
,"/Users/ant/SE/Personal-Projects/art-buddy/src/_data/sequence-maker/soundInfo.js": {"path":"/Users/ant/SE/Personal-Projects/art-buddy/src/_data/sequence-maker/soundInfo.js","statementMap":{"0":{"start":{"line":3,"column":13},"end":{"line":7,"column":1}},"1":{"start":{"line":9,"column":18},"end":{"line":64,"column":1}}},"fnMap":{},"branchMap":{},"s":{"0":94,"1":94},"f":{},"b":{},"_coverageSchema":"1a1c01bbd47fc00a2c39e90264f33305004495a9","hash":"6f6c7ae10e5dadf93976d93d0dfb9f1689c7ebfb"}
,"/Users/ant/SE/Personal-Projects/art-buddy/src/_data/time-keeper/timeBlocks.js": {"path":"/Users/ant/SE/Personal-Projects/art-buddy/src/_data/time-keeper/timeBlocks.js","statementMap":{"0":{"start":{"line":9,"column":33},"end":{"line":25,"column":1}},"1":{"start":{"line":27,"column":29},"end":{"line":39,"column":1}}},"fnMap":{},"branchMap":{},"s":{"0":95,"1":95},"f":{},"b":{},"_coverageSchema":"1a1c01bbd47fc00a2c39e90264f33305004495a9","hash":"280b6d582f35614f325ccbb1859e1b0daf95feb8"}
,"/Users/ant/SE/Personal-Projects/art-buddy/src/_hooks/form-fields/useFormFields.js": {"path":"/Users/ant/SE/Personal-Projects/art-buddy/src/_hooks/form-fields/useFormFields.js","statementMap":{"0":{"start":{"line":3,"column":22},"end":{"line":20,"column":1}},"1":{"start":{"line":4,"column":34},"end":{"line":4,"column":56}},"2":{"start":{"line":6,"column":23},"end":{"line":9,"column":3}},"3":{"start":{"line":7,"column":28},"end":{"line":7,"column":36}},"4":{"start":{"line":8,"column":4},"end":{"line":8,"column":64}},"5":{"start":{"line":8,"column":31},"end":{"line":8,"column":61}},"6":{"start":{"line":11,"column":24},"end":{"line":13,"column":3}},"7":{"start":{"line":12,"column":4},"end":{"line":12,"column":30}},"8":{"start":{"line":15,"column":19},"end":{"line":17,"column":3}},"9":{"start":{"line":16,"column":4},"end":{"line":16,"column":75}},"10":{"start":{"line":16,"column":31},"end":{"line":16,"column":72}},"11":{"start":{"line":19,"column":2},"end":{"line":19,"column":59}}},"fnMap":{"0":{"name":"(anonymous_0)","decl":{"start":{"line":3,"column":22},"end":{"line":3,"column":23}},"loc":{"start":{"line":3,"column":40},"end":{"line":20,"column":1}},"line":3},"1":{"name":"(anonymous_1)","decl":{"start":{"line":6,"column":23},"end":{"line":6,"column":24}},"loc":{"start":{"line":6,"column":30},"end":{"line":9,"column":3}},"line":6},"2":{"name":"(anonymous_2)","decl":{"start":{"line":8,"column":16},"end":{"line":8,"column":17}},"loc":{"start":{"line":8,"column":31},"end":{"line":8,"column":61}},"line":8},"3":{"name":"(anonymous_3)","decl":{"start":{"line":11,"column":24},"end":{"line":11,"column":25}},"loc":{"start":{"line":11,"column":30},"end":{"line":13,"column":3}},"line":11},"4":{"name":"(anonymous_4)","decl":{"start":{"line":15,"column":19},"end":{"line":15,"column":20}},"loc":{"start":{"line":15,"column":52},"end":{"line":17,"column":3}},"line":15},"5":{"name":"(anonymous_5)","decl":{"start":{"line":16,"column":16},"end":{"line":16,"column":17}},"loc":{"start":{"line":16,"column":31},"end":{"line":16,"column":72}},"line":16}},"branchMap":{"0":{"loc":{"start":{"line":15,"column":30},"end":{"line":15,"column":47}},"type":"default-arg","locations":[{"start":{"line":15,"column":45},"end":{"line":15,"column":47}}],"line":15}},"s":{"0":15,"1":78,"2":78,"3":46,"4":46,"5":46,"6":78,"7":3,"8":78,"9":1,"10":1,"11":78},"f":{"0":78,"1":46,"2":46,"3":3,"4":1,"5":1},"b":{"0":[0]},"_coverageSchema":"1a1c01bbd47fc00a2c39e90264f33305004495a9","hash":"3ab6598f3a97e325f219003c709257b92ea66c92"}
,"/Users/ant/SE/Personal-Projects/art-buddy/src/_hooks/report-card/useReportCard.js": {"path":"/Users/ant/SE/Personal-Projects/art-buddy/src/_hooks/report-card/useReportCard.js","statementMap":{"0":{"start":{"line":5,"column":22},"end":{"line":19,"column":1}},"1":{"start":{"line":6,"column":14},"end":{"line":6,"column":56}},"2":{"start":{"line":7,"column":28},"end":{"line":7,"column":60}},"3":{"start":{"line":9,"column":23},"end":{"line":9,"column":48}},"4":{"start":{"line":10,"column":38},"end":{"line":12,"column":3}},"5":{"start":{"line":14,"column":2},"end":{"line":16,"column":24}},"6":{"start":{"line":15,"column":4},"end":{"line":15,"column":58}},"7":{"start":{"line":18,"column":2},"end":{"line":18,"column":37}}},"fnMap":{"0":{"name":"(anonymous_0)","decl":{"start":{"line":5,"column":22},"end":{"line":5,"column":23}},"loc":{"start":{"line":5,"column":46},"end":{"line":19,"column":1}},"line":5},"1":{"name":"(anonymous_1)","decl":{"start":{"line":14,"column":12},"end":{"line":14,"column":13}},"loc":{"start":{"line":14,"column":18},"end":{"line":16,"column":3}},"line":14}},"branchMap":{"0":{"loc":{"start":{"line":5,"column":29},"end":{"line":5,"column":41}},"type":"default-arg","locations":[{"start":{"line":5,"column":37},"end":{"line":5,"column":41}}],"line":5},"1":{"loc":{"start":{"line":6,"column":25},"end":{"line":6,"column":42}},"type":"cond-expr","locations":[{"start":{"line":6,"column":33},"end":{"line":6,"column":38}},{"start":{"line":6,"column":41},"end":{"line":6,"column":42}}],"line":6},"2":{"loc":{"start":{"line":11,"column":4},"end":{"line":11,"column":63}},"type":"cond-expr","locations":[{"start":{"line":11,"column":19},"end":{"line":11,"column":43}},{"start":{"line":11,"column":46},"end":{"line":11,"column":63}}],"line":11}},"s":{"0":16,"1":37,"2":37,"3":37,"4":37,"5":37,"6":25,"7":37},"f":{"0":37,"1":25},"b":{"0":[19],"1":[18,19],"2":[28,9]},"_coverageSchema":"1a1c01bbd47fc00a2c39e90264f33305004495a9","hash":"7c8dcdc580da3baf5495c99bf3e76185a75b171c"}
,"/Users/ant/SE/Personal-Projects/art-buddy/src/_hooks/roster/useRoster.js": {"path":"/Users/ant/SE/Personal-Projects/art-buddy/src/_hooks/roster/useRoster.js","statementMap":{"0":{"start":{"line":3,"column":18},"end":{"line":12,"column":1}},"1":{"start":{"line":4,"column":21},"end":{"line":4,"column":70}},"2":{"start":{"line":5,"column":32},"end":{"line":5,"column":52}},"3":{"start":{"line":7,"column":2},"end":{"line":9,"column":16}},"4":{"start":{"line":8,"column":4},"end":{"line":8,"column":61}},"5":{"start":{"line":11,"column":2},"end":{"line":11,"column":31}}},"fnMap":{"0":{"name":"(anonymous_0)","decl":{"start":{"line":3,"column":18},"end":{"line":3,"column":19}},"loc":{"start":{"line":3,"column":24},"end":{"line":12,"column":1}},"line":3},"1":{"name":"(anonymous_1)","decl":{"start":{"line":7,"column":12},"end":{"line":7,"column":13}},"loc":{"start":{"line":7,"column":18},"end":{"line":9,"column":3}},"line":7}},"branchMap":{"0":{"loc":{"start":{"line":4,"column":21},"end":{"line":4,"column":70}},"type":"binary-expr","locations":[{"start":{"line":4,"column":21},"end":{"line":4,"column":64}},{"start":{"line":4,"column":68},"end":{"line":4,"column":70}}],"line":4}},"s":{"0":8,"1":9,"2":9,"3":9,"4":9,"5":9},"f":{"0":9,"1":9},"b":{"0":[9,0]},"_coverageSchema":"1a1c01bbd47fc00a2c39e90264f33305004495a9","hash":"d5bb12461954f141660ec3a51415162447c4f93e"}
,"/Users/ant/SE/Personal-Projects/art-buddy/src/_hooks/saved-songs/useSavedSongs.js": {"path":"/Users/ant/SE/Personal-Projects/art-buddy/src/_hooks/saved-songs/useSavedSongs.js","statementMap":{"0":{"start":{"line":3,"column":22},"end":{"line":18,"column":1}},"1":{"start":{"line":5,"column":4},"end":{"line":5,"column":61}},"2":{"start":{"line":6,"column":28},"end":{"line":8,"column":3}},"3":{"start":{"line":10,"column":2},"end":{"line":15,"column":14}},"4":{"start":{"line":11,"column":4},"end":{"line":14,"column":6}},"5":{"start":{"line":17,"column":2},"end":{"line":17,"column":36}}},"fnMap":{"0":{"name":"(anonymous_0)","decl":{"start":{"line":3,"column":22},"end":{"line":3,"column":23}},"loc":{"start":{"line":3,"column":28},"end":{"line":18,"column":1}},"line":3},"1":{"name":"(anonymous_1)","decl":{"start":{"line":10,"column":12},"end":{"line":10,"column":13}},"loc":{"start":{"line":10,"column":18},"end":{"line":15,"column":3}},"line":10}},"branchMap":{"0":{"loc":{"start":{"line":5,"column":4},"end":{"line":5,"column":61}},"type":"binary-expr","locations":[{"start":{"line":5,"column":4},"end":{"line":5,"column":53}},{"start":{"line":5,"column":57},"end":{"line":5,"column":61}}],"line":5},"1":{"loc":{"start":{"line":7,"column":4},"end":{"line":7,"column":57}},"type":"cond-expr","locations":[{"start":{"line":7,"column":28},"end":{"line":7,"column":52}},{"start":{"line":7,"column":55},"end":{"line":7,"column":57}}],"line":7}},"s":{"0":11,"1":46,"2":46,"3":46,"4":12,"5":46},"f":{"0":46,"1":12},"b":{"0":[46,4],"1":[1,45]},"_coverageSchema":"1a1c01bbd47fc00a2c39e90264f33305004495a9","hash":"7f9994686b2e28889eaa8b698359ce77b981334e"}
,"/Users/ant/SE/Personal-Projects/art-buddy/src/_hooks/visited/useVisited.js": {"path":"/Users/ant/SE/Personal-Projects/art-buddy/src/_hooks/visited/useVisited.js","statementMap":{"0":{"start":{"line":3,"column":19},"end":{"line":13,"column":1}},"1":{"start":{"line":4,"column":14},"end":{"line":4,"column":46}},"2":{"start":{"line":5,"column":23},"end":{"line":5,"column":57}},"3":{"start":{"line":6,"column":38},"end":{"line":6,"column":72}},"4":{"start":{"line":8,"column":2},"end":{"line":10,"column":24}},"5":{"start":{"line":9,"column":4},"end":{"line":9,"column":42}},"6":{"start":{"line":12,"column":2},"end":{"line":12,"column":37}}},"fnMap":{"0":{"name":"(anonymous_0)","decl":{"start":{"line":3,"column":19},"end":{"line":3,"column":20}},"loc":{"start":{"line":3,"column":34},"end":{"line":13,"column":1}},"line":3},"1":{"name":"(anonymous_1)","decl":{"start":{"line":8,"column":12},"end":{"line":8,"column":13}},"loc":{"start":{"line":8,"column":18},"end":{"line":10,"column":3}},"line":8}},"branchMap":{"0":{"loc":{"start":{"line":3,"column":20},"end":{"line":3,"column":29}},"type":"default-arg","locations":[{"start":{"line":3,"column":25},"end":{"line":3,"column":29}}],"line":3},"1":{"loc":{"start":{"line":4,"column":14},"end":{"line":4,"column":46}},"type":"cond-expr","locations":[{"start":{"line":4,"column":19},"end":{"line":4,"column":34}},{"start":{"line":4,"column":37},"end":{"line":4,"column":46}}],"line":4},"2":{"loc":{"start":{"line":5,"column":23},"end":{"line":5,"column":57}},"type":"binary-expr","locations":[{"start":{"line":5,"column":23},"end":{"line":5,"column":48}},{"start":{"line":5,"column":52},"end":{"line":5,"column":57}}],"line":5}},"s":{"0":16,"1":155,"2":155,"3":155,"4":155,"5":48,"6":155},"f":{"0":155,"1":48},"b":{"0":[6],"1":[149,6],"2":[155,30]},"_coverageSchema":"1a1c01bbd47fc00a2c39e90264f33305004495a9","hash":"c0b73453bfaaacf6847eaba83e9e17fbc9860664"}
,"/Users/ant/SE/Personal-Projects/art-buddy/src/_media/_general/lock-icons/lockIconImports.js": {"path":"/Users/ant/SE/Personal-Projects/art-buddy/src/_media/_general/lock-icons/lockIconImports.js","statementMap":{},"fnMap":{},"branchMap":{},"s":{},"f":{},"b":{},"_coverageSchema":"1a1c01bbd47fc00a2c39e90264f33305004495a9","hash":"c9ee7cb8ede6eb0be57bbff839da6a96cc4f740c"}
,"/Users/ant/SE/Personal-Projects/art-buddy/src/_media/_general/report-card-bar/iconImports.js": {"path":"/Users/ant/SE/Personal-Projects/art-buddy/src/_media/_general/report-card-bar/iconImports.js","statementMap":{},"fnMap":{},"branchMap":{},"s":{},"f":{},"b":{},"_coverageSchema":"1a1c01bbd47fc00a2c39e90264f33305004495a9","hash":"9e2eb31421621fdf4d7a578553618fb8af95933c"}
,"/Users/ant/SE/Personal-Projects/art-buddy/src/_media/instrument-id/_icons/iconImports.js": {"path":"/Users/ant/SE/Personal-Projects/art-buddy/src/_media/instrument-id/_icons/iconImports.js","statementMap":{},"fnMap":{},"branchMap":{},"s":{},"f":{},"b":{},"_coverageSchema":"1a1c01bbd47fc00a2c39e90264f33305004495a9","hash":"69f14705e9be7ba5509c0f70cd32ed641383070f"}
,"/Users/ant/SE/Personal-Projects/art-buddy/src/_media/instrument-id/_melodies-rhythms/melodies.js": {"path":"/Users/ant/SE/Personal-Projects/art-buddy/src/_media/instrument-id/_melodies-rhythms/melodies.js","statementMap":{"0":{"start":{"line":1,"column":37},"end":{"line":18,"column":1}},"1":{"start":{"line":20,"column":31},"end":{"line":51,"column":1}},"2":{"start":{"line":53,"column":30},"end":{"line":72,"column":1}},"3":{"start":{"line":74,"column":42},"end":{"line":95,"column":1}},"4":{"start":{"line":97,"column":37},"end":{"line":130,"column":1}}},"fnMap":{},"branchMap":{},"s":{"0":9,"1":9,"2":9,"3":9,"4":9},"f":{},"b":{},"_coverageSchema":"1a1c01bbd47fc00a2c39e90264f33305004495a9","hash":"8adf27168cdeff7a4fc1631edadc992eed097c83"}
,"/Users/ant/SE/Personal-Projects/art-buddy/src/_media/instrument-id/_melodies-rhythms/rhythms.js": {"path":"/Users/ant/SE/Personal-Projects/art-buddy/src/_media/instrument-id/_melodies-rhythms/rhythms.js","statementMap":{"0":{"start":{"line":1,"column":29},"end":{"line":34,"column":1}},"1":{"start":{"line":36,"column":26},"end":{"line":101,"column":1}},"2":{"start":{"line":103,"column":27},"end":{"line":148,"column":1}}},"fnMap":{},"branchMap":{},"s":{"0":9,"1":9,"2":9},"f":{},"b":{},"_coverageSchema":"1a1c01bbd47fc00a2c39e90264f33305004495a9","hash":"ece485cbf528ec54d50d0b312bebdcfbf77f42a9"}
,"/Users/ant/SE/Personal-Projects/art-buddy/src/_media/instrument-id/_sounds/soundImports.js": {"path":"/Users/ant/SE/Personal-Projects/art-buddy/src/_media/instrument-id/_sounds/soundImports.js","statementMap":{"0":{"start":{"line":68,"column":16},"end":{"line":74,"column":1}},"1":{"start":{"line":76,"column":19},"end":{"line":82,"column":1}},"2":{"start":{"line":84,"column":15},"end":{"line":90,"column":1}},"3":{"start":{"line":92,"column":17},"end":{"line":98,"column":1}},"4":{"start":{"line":100,"column":14},"end":{"line":106,"column":1}},"5":{"start":{"line":108,"column":16},"end":{"line":114,"column":1}}},"fnMap":{},"branchMap":{},"s":{"0":100,"1":100,"2":100,"3":100,"4":100,"5":100},"f":{},"b":{},"_coverageSchema":"1a1c01bbd47fc00a2c39e90264f33305004495a9","hash":"41d3f961be37ac9f7ee5d4c11e69d97fd365aae7"}
,"/Users/ant/SE/Personal-Projects/art-buddy/src/_media/jump-into-rhythm/_icons/notes/noteImports.js": {"path":"/Users/ant/SE/Personal-Projects/art-buddy/src/_media/jump-into-rhythm/_icons/notes/noteImports.js","statementMap":{},"fnMap":{},"branchMap":{},"s":{},"f":{},"b":{},"_coverageSchema":"1a1c01bbd47fc00a2c39e90264f33305004495a9","hash":"624ed3ed2ae25132e384f46583615b0e40c395f6"}
,"/Users/ant/SE/Personal-Projects/art-buddy/src/_media/jump-into-rhythm/frogs/frogs.js": {"path":"/Users/ant/SE/Personal-Projects/art-buddy/src/_media/jump-into-rhythm/frogs/frogs.js","statementMap":{},"fnMap":{},"branchMap":{},"s":{},"f":{},"b":{},"_coverageSchema":"1a1c01bbd47fc00a2c39e90264f33305004495a9","hash":"2083d660e660d2fc5048730d041d8a1fd93f009c"}
,"/Users/ant/SE/Personal-Projects/art-buddy/src/_media/sequence-maker/soundImageImports.js": {"path":"/Users/ant/SE/Personal-Projects/art-buddy/src/_media/sequence-maker/soundImageImports.js","statementMap":{"0":{"start":{"line":35,"column":15},"end":{"line":45,"column":1}},"1":{"start":{"line":47,"column":15},"end":{"line":55,"column":1}}},"fnMap":{},"branchMap":{},"s":{"0":94,"1":94},"f":{},"b":{},"_coverageSchema":"1a1c01bbd47fc00a2c39e90264f33305004495a9","hash":"a77061da8b9ec7e60cec5e078bf90fd1b20d8a29"}
,"/Users/ant/SE/Personal-Projects/art-buddy/src/_redux/rootReducer.js": {"path":"/Users/ant/SE/Personal-Projects/art-buddy/src/_redux/rootReducer.js","statementMap":{"0":{"start":{"line":23,"column":20},"end":{"line":38,"column":2}}},"fnMap":{},"branchMap":{},"s":{"0":93},"f":{},"b":{},"_coverageSchema":"1a1c01bbd47fc00a2c39e90264f33305004495a9","hash":"1d735e3dfd4a2d98ca4b02b84c338b5c2858db5e"}
,"/Users/ant/SE/Personal-Projects/art-buddy/src/_redux/_general/generalActions.js": {"path":"/Users/ant/SE/Personal-Projects/art-buddy/src/_redux/_general/generalActions.js","statementMap":{"0":{"start":{"line":3,"column":26},"end":{"line":3,"column":52}},"1":{"start":{"line":4,"column":30},"end":{"line":4,"column":60}},"2":{"start":{"line":5,"column":28},"end":{"line":5,"column":56}}},"fnMap":{},"branchMap":{},"s":{"0":94,"1":94,"2":94},"f":{},"b":{},"_coverageSchema":"1a1c01bbd47fc00a2c39e90264f33305004495a9","hash":"35c5e059976fc8cf10c321f4f507a42c8bd4c95a"}
,"/Users/ant/SE/Personal-Projects/art-buddy/src/_redux/_general/generalReducer.js": {"path":"/Users/ant/SE/Personal-Projects/art-buddy/src/_redux/_general/generalReducer.js","statementMap":{"0":{"start":{"line":4,"column":29},"end":{"line":8,"column":1}},"1":{"start":{"line":10,"column":23},"end":{"line":21,"column":2}},"2":{"start":{"line":11,"column":2},"end":{"line":20,"column":7}},"3":{"start":{"line":13,"column":6},"end":{"line":13,"column":34}},"4":{"start":{"line":16,"column":6},"end":{"line":16,"column":38}},"5":{"start":{"line":19,"column":6},"end":{"line":19,"column":39}}},"fnMap":{"0":{"name":"(anonymous_0)","decl":{"start":{"line":10,"column":52},"end":{"line":10,"column":53}},"loc":{"start":{"line":10,"column":65},"end":{"line":21,"column":1}},"line":10},"1":{"name":"(anonymous_1)","decl":{"start":{"line":12,"column":25},"end":{"line":12,"column":26}},"loc":{"start":{"line":12,"column":44},"end":{"line":14,"column":5}},"line":12},"2":{"name":"(anonymous_2)","decl":{"start":{"line":15,"column":29},"end":{"line":15,"column":30}},"loc":{"start":{"line":15,"column":48},"end":{"line":17,"column":5}},"line":15},"3":{"name":"(anonymous_3)","decl":{"start":{"line":18,"column":27},"end":{"line":18,"column":28}},"loc":{"start":{"line":18,"column":46},"end":{"line":20,"column":5}},"line":18}},"branchMap":{},"s":{"0":94,"1":94,"2":94,"3":2,"4":79,"5":1},"f":{"0":94,"1":2,"2":79,"3":1},"b":{},"_coverageSchema":"1a1c01bbd47fc00a2c39e90264f33305004495a9","hash":"4089904d9724a2e55b3fce71bb39a476ed4ce61d"}
,"/Users/ant/SE/Personal-Projects/art-buddy/src/_redux/color-theory/color-wheel/colorWheelActions.js": {"path":"/Users/ant/SE/Personal-Projects/art-buddy/src/_redux/color-theory/color-wheel/colorWheelActions.js","statementMap":{"0":{"start":{"line":1,"column":25},"end":{"line":1,"column":52}},"1":{"start":{"line":3,"column":27},"end":{"line":3,"column":54}},"2":{"start":{"line":4,"column":31},"end":{"line":4,"column":62}},"3":{"start":{"line":5,"column":27},"end":{"line":5,"column":54}},"4":{"start":{"line":6,"column":27},"end":{"line":6,"column":54}},"5":{"start":{"line":7,"column":26},"end":{"line":7,"column":52}},"6":{"start":{"line":8,"column":26},"end":{"line":8,"column":52}}},"fnMap":{},"branchMap":{},"s":{"0":94,"1":94,"2":94,"3":94,"4":94,"5":94,"6":94},"f":{},"b":{},"_coverageSchema":"1a1c01bbd47fc00a2c39e90264f33305004495a9","hash":"875c23006133f6af444cce28517b04e9e7acdc65"}
,"/Users/ant/SE/Personal-Projects/art-buddy/src/_redux/color-theory/color-wheel/colorWheelReducer.js": {"path":"/Users/ant/SE/Personal-Projects/art-buddy/src/_redux/color-theory/color-wheel/colorWheelReducer.js","statementMap":{"0":{"start":{"line":5,"column":29},"end":{"line":5,"column":43}},"1":{"start":{"line":7,"column":27},"end":{"line":52,"column":2}},"2":{"start":{"line":8,"column":2},"end":{"line":51,"column":7}},"3":{"start":{"line":10,"column":23},"end":{"line":10,"column":37}},"4":{"start":{"line":11,"column":28},"end":{"line":11,"column":51}},"5":{"start":{"line":12,"column":6},"end":{"line":17,"column":7}},"6":{"start":{"line":13,"column":8},"end":{"line":16,"column":9}},"7":{"start":{"line":14,"column":10},"end":{"line":14,"column":54}},"8":{"start":{"line":15,"column":10},"end":{"line":15,"column":53}},"9":{"start":{"line":18,"column":6},"end":{"line":18,"column":39}},"10":{"start":{"line":21,"column":28},"end":{"line":21,"column":51}},"11":{"start":{"line":22,"column":6},"end":{"line":24,"column":7}},"12":{"start":{"line":23,"column":8},"end":{"line":23,"column":52}},"13":{"start":{"line":25,"column":6},"end":{"line":25,"column":39}},"14":{"start":{"line":28,"column":20},"end":{"line":28,"column":34}},"15":{"start":{"line":29,"column":28},"end":{"line":29,"column":51}},"16":{"start":{"line":30,"column":6},"end":{"line":30,"column":50}},"17":{"start":{"line":31,"column":6},"end":{"line":31,"column":39}},"18":{"start":{"line":34,"column":23},"end":{"line":34,"column":37}},"19":{"start":{"line":35,"column":28},"end":{"line":35,"column":51}},"20":{"start":{"line":36,"column":6},"end":{"line":40,"column":7}},"21":{"start":{"line":37,"column":8},"end":{"line":39,"column":9}},"22":{"start":{"line":38,"column":10},"end":{"line":38,"column":54}},"23":{"start":{"line":41,"column":6},"end":{"line":41,"column":39}},"24":{"start":{"line":44,"column":20},"end":{"line":44,"column":34}},"25":{"start":{"line":45,"column":28},"end":{"line":45,"column":51}},"26":{"start":{"line":46,"column":6},"end":{"line":46,"column":49}},"27":{"start":{"line":47,"column":6},"end":{"line":47,"column":39}},"28":{"start":{"line":50,"column":6},"end":{"line":50,"column":50}}},"fnMap":{"0":{"name":"(anonymous_0)","decl":{"start":{"line":7,"column":56},"end":{"line":7,"column":57}},"loc":{"start":{"line":7,"column":69},"end":{"line":52,"column":1}},"line":7},"1":{"name":"(anonymous_1)","decl":{"start":{"line":9,"column":26},"end":{"line":9,"column":27}},"loc":{"start":{"line":9,"column":45},"end":{"line":19,"column":5}},"line":9},"2":{"name":"(anonymous_2)","decl":{"start":{"line":20,"column":30},"end":{"line":20,"column":31}},"loc":{"start":{"line":20,"column":41},"end":{"line":26,"column":5}},"line":20},"3":{"name":"(anonymous_3)","decl":{"start":{"line":27,"column":26},"end":{"line":27,"column":27}},"loc":{"start":{"line":27,"column":45},"end":{"line":32,"column":5}},"line":27},"4":{"name":"(anonymous_4)","decl":{"start":{"line":33,"column":26},"end":{"line":33,"column":27}},"loc":{"start":{"line":33,"column":45},"end":{"line":42,"column":5}},"line":33},"5":{"name":"(anonymous_5)","decl":{"start":{"line":43,"column":25},"end":{"line":43,"column":26}},"loc":{"start":{"line":43,"column":44},"end":{"line":48,"column":5}},"line":43},"6":{"name":"(anonymous_6)","decl":{"start":{"line":49,"column":25},"end":{"line":49,"column":26}},"loc":{"start":{"line":49,"column":36},"end":{"line":51,"column":5}},"line":49}},"branchMap":{"0":{"loc":{"start":{"line":13,"column":8},"end":{"line":16,"column":9}},"type":"if","locations":[{"start":{"line":13,"column":8},"end":{"line":16,"column":9}},{"start":{},"end":{}}],"line":13},"1":{"loc":{"start":{"line":37,"column":8},"end":{"line":39,"column":9}},"type":"if","locations":[{"start":{"line":37,"column":8},"end":{"line":39,"column":9}},{"start":{},"end":{}}],"line":37}},"s":{"0":94,"1":94,"2":94,"3":6,"4":6,"5":6,"6":72,"7":18,"8":18,"9":6,"10":2,"11":2,"12":24,"13":2,"14":1,"15":1,"16":1,"17":1,"18":4,"19":4,"20":4,"21":48,"22":12,"23":4,"24":1,"25":1,"26":1,"27":1,"28":8},"f":{"0":94,"1":6,"2":2,"3":1,"4":4,"5":1,"6":8},"b":{"0":[18,54],"1":[12,36]},"_coverageSchema":"1a1c01bbd47fc00a2c39e90264f33305004495a9","hash":"e082eced49ee53478bd98158c5710019e77f88e2"}
,"/Users/ant/SE/Personal-Projects/art-buddy/src/_redux/free-paint/freePaintActions.js": {"path":"/Users/ant/SE/Personal-Projects/art-buddy/src/_redux/free-paint/freePaintActions.js","statementMap":{"0":{"start":{"line":3,"column":34},"end":{"line":3,"column":68}},"1":{"start":{"line":4,"column":24},"end":{"line":4,"column":48}},"2":{"start":{"line":5,"column":26},"end":{"line":5,"column":52}},"3":{"start":{"line":6,"column":31},"end":{"line":6,"column":62}},"4":{"start":{"line":7,"column":28},"end":{"line":7,"column":56}},"5":{"start":{"line":8,"column":34},"end":{"line":8,"column":68}},"6":{"start":{"line":9,"column":25},"end":{"line":9,"column":50}}},"fnMap":{},"branchMap":{},"s":{"0":94,"1":94,"2":94,"3":94,"4":94,"5":94,"6":94},"f":{},"b":{},"_coverageSchema":"1a1c01bbd47fc00a2c39e90264f33305004495a9","hash":"4ef44276eb5534f67bef2d329d8638dc8c432fd6"}
,"/Users/ant/SE/Personal-Projects/art-buddy/src/_redux/free-paint/freePaintReducer.js": {"path":"/Users/ant/SE/Personal-Projects/art-buddy/src/_redux/free-paint/freePaintReducer.js","statementMap":{"0":{"start":{"line":13,"column":29},"end":{"line":20,"column":1}},"1":{"start":{"line":22,"column":25},"end":{"line":52,"column":2}},"2":{"start":{"line":23,"column":2},"end":{"line":51,"column":7}},"3":{"start":{"line":25,"column":26},"end":{"line":25,"column":40}},"4":{"start":{"line":26,"column":24},"end":{"line":26,"column":50}},"5":{"start":{"line":27,"column":6},"end":{"line":27,"column":37}},"6":{"start":{"line":28,"column":6},"end":{"line":28,"column":40}},"7":{"start":{"line":31,"column":6},"end":{"line":31,"column":42}},"8":{"start":{"line":34,"column":6},"end":{"line":34,"column":35}},"9":{"start":{"line":37,"column":6},"end":{"line":37,"column":37}},"10":{"start":{"line":40,"column":6},"end":{"line":40,"column":39}},"11":{"start":{"line":43,"column":6},"end":{"line":43,"column":46}},"12":{"start":{"line":46,"column":6},"end":{"line":46,"column":40}},"13":{"start":{"line":47,"column":6},"end":{"line":47,"column":44}},"14":{"start":{"line":48,"column":6},"end":{"line":48,"column":48}},"15":{"start":{"line":49,"column":6},"end":{"line":49,"column":62}},"16":{"start":{"line":50,"column":6},"end":{"line":50,"column":60}}},"fnMap":{"0":{"name":"(anonymous_0)","decl":{"start":{"line":22,"column":54},"end":{"line":22,"column":55}},"loc":{"start":{"line":22,"column":67},"end":{"line":52,"column":1}},"line":22},"1":{"name":"(anonymous_1)","decl":{"start":{"line":24,"column":33},"end":{"line":24,"column":34}},"loc":{"start":{"line":24,"column":52},"end":{"line":29,"column":5}},"line":24},"2":{"name":"(anonymous_2)","decl":{"start":{"line":30,"column":30},"end":{"line":30,"column":31}},"loc":{"start":{"line":30,"column":49},"end":{"line":32,"column":5}},"line":30},"3":{"name":"(anonymous_3)","decl":{"start":{"line":33,"column":23},"end":{"line":33,"column":24}},"loc":{"start":{"line":33,"column":42},"end":{"line":35,"column":5}},"line":33},"4":{"name":"(anonymous_4)","decl":{"start":{"line":36,"column":25},"end":{"line":36,"column":26}},"loc":{"start":{"line":36,"column":44},"end":{"line":38,"column":5}},"line":36},"5":{"name":"(anonymous_5)","decl":{"start":{"line":39,"column":27},"end":{"line":39,"column":28}},"loc":{"start":{"line":39,"column":46},"end":{"line":41,"column":5}},"line":39},"6":{"name":"(anonymous_6)","decl":{"start":{"line":42,"column":33},"end":{"line":42,"column":34}},"loc":{"start":{"line":42,"column":52},"end":{"line":44,"column":5}},"line":42},"7":{"name":"(anonymous_7)","decl":{"start":{"line":45,"column":24},"end":{"line":45,"column":25}},"loc":{"start":{"line":45,"column":35},"end":{"line":51,"column":5}},"line":45}},"branchMap":{},"s":{"0":94,"1":94,"2":94,"3":1,"4":1,"5":1,"6":1,"7":8,"8":2,"9":3,"10":2,"11":2,"12":31,"13":31,"14":31,"15":31,"16":31},"f":{"0":94,"1":1,"2":8,"3":2,"4":3,"5":2,"6":2,"7":31},"b":{},"_coverageSchema":"1a1c01bbd47fc00a2c39e90264f33305004495a9","hash":"1993523e7fd0f066f1a6385bd20c8485de7a298b"}
,"/Users/ant/SE/Personal-Projects/art-buddy/src/_redux/instrument-id/listening-skills/listeningSkillsTestActions.js": {"path":"/Users/ant/SE/Personal-Projects/art-buddy/src/_redux/instrument-id/listening-skills/listeningSkillsTestActions.js","statementMap":{"0":{"start":{"line":4,"column":28},"end":{"line":4,"column":56}},"1":{"start":{"line":5,"column":30},"end":{"line":5,"column":60}},"2":{"start":{"line":6,"column":28},"end":{"line":6,"column":56}}},"fnMap":{},"branchMap":{},"s":{"0":95,"1":95,"2":95},"f":{},"b":{},"_coverageSchema":"1a1c01bbd47fc00a2c39e90264f33305004495a9","hash":"cf89e0626424646d701f1e9c894a03d5ab997f4d"}
,"/Users/ant/SE/Personal-Projects/art-buddy/src/_redux/instrument-id/listening-skills/listeningSkillsTestReducer.js": {"path":"/Users/ant/SE/Personal-Projects/art-buddy/src/_redux/instrument-id/listening-skills/listeningSkillsTestReducer.js","statementMap":{"0":{"start":{"line":10,"column":29},"end":{"line":14,"column":1}},"1":{"start":{"line":16,"column":35},"end":{"line":40,"column":2}},"2":{"start":{"line":17,"column":2},"end":{"line":39,"column":7}},"3":{"start":{"line":19,"column":36},"end":{"line":19,"column":50}},"4":{"start":{"line":20,"column":24},"end":{"line":20,"column":53}},"5":{"start":{"line":21,"column":54},"end":{"line":21,"column":63}},"6":{"start":{"line":23,"column":6},"end":{"line":28,"column":7}},"7":{"start":{"line":24,"column":8},"end":{"line":24,"column":41}},"8":{"start":{"line":26,"column":8},"end":{"line":26,"column":41}},"9":{"start":{"line":27,"column":8},"end":{"line":27,"column":42}},"10":{"start":{"line":31,"column":35},"end":{"line":31,"column":49}},"11":{"start":{"line":32,"column":21},"end":{"line":32,"column":49}},"12":{"start":{"line":33,"column":6},"end":{"line":33,"column":54}},"13":{"start":{"line":36,"column":6},"end":{"line":36,"column":44}},"14":{"start":{"line":37,"column":6},"end":{"line":37,"column":44}},"15":{"start":{"line":38,"column":6},"end":{"line":38,"column":42}}},"fnMap":{"0":{"name":"(anonymous_0)","decl":{"start":{"line":16,"column":64},"end":{"line":16,"column":65}},"loc":{"start":{"line":16,"column":77},"end":{"line":40,"column":1}},"line":16},"1":{"name":"(anonymous_1)","decl":{"start":{"line":18,"column":27},"end":{"line":18,"column":28}},"loc":{"start":{"line":18,"column":46},"end":{"line":29,"column":5}},"line":18},"2":{"name":"(anonymous_2)","decl":{"start":{"line":30,"column":29},"end":{"line":30,"column":30}},"loc":{"start":{"line":30,"column":48},"end":{"line":34,"column":5}},"line":30},"3":{"name":"(anonymous_3)","decl":{"start":{"line":35,"column":27},"end":{"line":35,"column":28}},"loc":{"start":{"line":35,"column":38},"end":{"line":39,"column":5}},"line":35}},"branchMap":{"0":{"loc":{"start":{"line":23,"column":6},"end":{"line":28,"column":7}},"type":"if","locations":[{"start":{"line":23,"column":6},"end":{"line":28,"column":7}},{"start":{"line":25,"column":13},"end":{"line":28,"column":7}}],"line":23},"1":{"loc":{"start":{"line":23,"column":10},"end":{"line":23,"column":49}},"type":"binary-expr","locations":[{"start":{"line":23,"column":10},"end":{"line":23,"column":27}},{"start":{"line":23,"column":31},"end":{"line":23,"column":49}}],"line":23},"2":{"loc":{"start":{"line":33,"column":21},"end":{"line":33,"column":53}},"type":"cond-expr","locations":[{"start":{"line":33,"column":36},"end":{"line":33,"column":43}},{"start":{"line":33,"column":46},"end":{"line":33,"column":53}}],"line":33}},"s":{"0":95,"1":95,"2":95,"3":7,"4":7,"5":7,"6":7,"7":2,"8":5,"9":5,"10":3,"11":3,"12":3,"13":6,"14":6,"15":6},"f":{"0":95,"1":7,"2":3,"3":6},"b":{"0":[2,5],"1":[7,2],"2":[2,1]},"_coverageSchema":"1a1c01bbd47fc00a2c39e90264f33305004495a9","hash":"8563068e897a70afcf35d7818d0e7513a130b3bb"}
,"/Users/ant/SE/Personal-Projects/art-buddy/src/_redux/instrument-id/song-maker/songMakerActions.js": {"path":"/Users/ant/SE/Personal-Projects/art-buddy/src/_redux/instrument-id/song-maker/songMakerActions.js","statementMap":{"0":{"start":{"line":3,"column":29},"end":{"line":3,"column":58}},"1":{"start":{"line":4,"column":32},"end":{"line":4,"column":64}},"2":{"start":{"line":5,"column":32},"end":{"line":5,"column":64}},"3":{"start":{"line":6,"column":28},"end":{"line":6,"column":56}},"4":{"start":{"line":7,"column":26},"end":{"line":7,"column":52}},"5":{"start":{"line":8,"column":25},"end":{"line":8,"column":50}}},"fnMap":{},"branchMap":{},"s":{"0":95,"1":95,"2":95,"3":95,"4":95,"5":95},"f":{},"b":{},"_coverageSchema":"1a1c01bbd47fc00a2c39e90264f33305004495a9","hash":"864bc2d4ab2d89f70542ce71a40bb70de338be94"}
,"/Users/ant/SE/Personal-Projects/art-buddy/src/_redux/instrument-id/song-maker/songMakerReducer.js": {"path":"/Users/ant/SE/Personal-Projects/art-buddy/src/_redux/instrument-id/song-maker/songMakerReducer.js","statementMap":{"0":{"start":{"line":13,"column":33},"end":{"line":17,"column":1}},"1":{"start":{"line":19,"column":29},"end":{"line":23,"column":1}},"2":{"start":{"line":25,"column":25},"end":{"line":64,"column":2}},"3":{"start":{"line":26,"column":2},"end":{"line":63,"column":7}},"4":{"start":{"line":28,"column":17},"end":{"line":28,"column":31}},"5":{"start":{"line":29,"column":6},"end":{"line":29,"column":41}},"6":{"start":{"line":32,"column":17},"end":{"line":32,"column":31}},"7":{"start":{"line":33,"column":6},"end":{"line":33,"column":28}},"8":{"start":{"line":36,"column":35},"end":{"line":36,"column":49}},"9":{"start":{"line":37,"column":25},"end":{"line":37,"column":52}},"10":{"start":{"line":38,"column":27},"end":{"line":38,"column":37}},"11":{"start":{"line":39,"column":29},"end":{"line":39,"column":43}},"12":{"start":{"line":40,"column":37},"end":{"line":42,"column":19}},"13":{"start":{"line":44,"column":8},"end":{"line":44,"column":76}},"14":{"start":{"line":45,"column":28},"end":{"line":45,"column":64}},"15":{"start":{"line":46,"column":6},"end":{"line":46,"column":37}},"16":{"start":{"line":49,"column":31},"end":{"line":49,"column":45}},"17":{"start":{"line":50,"column":35},"end":{"line":53,"column":7}},"18":{"start":{"line":54,"column":6},"end":{"line":54,"column":44}},"19":{"start":{"line":57,"column":6},"end":{"line":57,"column":41}},"20":{"start":{"line":60,"column":6},"end":{"line":60,"column":38}},"21":{"start":{"line":61,"column":6},"end":{"line":61,"column":48}},"22":{"start":{"line":62,"column":6},"end":{"line":62,"column":48}}},"fnMap":{"0":{"name":"(anonymous_0)","decl":{"start":{"line":25,"column":54},"end":{"line":25,"column":55}},"loc":{"start":{"line":25,"column":67},"end":{"line":64,"column":1}},"line":25},"1":{"name":"(anonymous_1)","decl":{"start":{"line":27,"column":28},"end":{"line":27,"column":29}},"loc":{"start":{"line":27,"column":47},"end":{"line":30,"column":5}},"line":27},"2":{"name":"(anonymous_2)","decl":{"start":{"line":31,"column":31},"end":{"line":31,"column":32}},"loc":{"start":{"line":31,"column":50},"end":{"line":34,"column":5}},"line":31},"3":{"name":"(anonymous_3)","decl":{"start":{"line":35,"column":31},"end":{"line":35,"column":32}},"loc":{"start":{"line":35,"column":50},"end":{"line":47,"column":5}},"line":35},"4":{"name":"(anonymous_4)","decl":{"start":{"line":48,"column":27},"end":{"line":48,"column":28}},"loc":{"start":{"line":48,"column":46},"end":{"line":55,"column":5}},"line":48},"5":{"name":"(anonymous_5)","decl":{"start":{"line":56,"column":25},"end":{"line":56,"column":26}},"loc":{"start":{"line":56,"column":36},"end
[...]
,"/Users/ant/SE/Personal-Projects/art-buddy/src/sequence-maker/sequence/Sequence.js": {"path":"/Users/ant/SE/Personal-Projects/art-buddy/src/sequence-maker/sequence/Sequence.js","statementMap":{"0":{"start":{"line":13,"column":17},"end":{"line":56,"column":1}},"1":{"start":{"line":14,"column":51},"end":{"line":14,"column":94}},"2":{"start":{"line":14,"column":74},"end":{"line":14,"column":93}},"3":{"start":{"line":15,"column":21},"end":{"line":15,"column":44}},"4":{"start":{"line":16,"column":19},"end":{"line":16,"column":32}},"5":{"start":{"line":18,"column":17},"end":{"line":21,"column":3}},"6":{"start":{"line":19,"column":19},"end":{"line":19,"column":41}},"7":{"start":{"line":20,"column":4},"end":{"line":20,"column":38}},"8":{"start":{"line":23,"column":15},"end":{"line":32,"column":3}},"9":{"start":{"line":24,"column":4},"end":{"line":24,"column":26}},"10":{"start":{"line":24,"column":19},"end":{"line":24,"column":26}},"11":{"start":{"line":25,"column":15},"end":{"line":25,"column":41}},"12":{"start":{"line":26,"column":4},"end":{"line":26,"column":32}},"13":{"start":{"line":27,"column":18},"end":{"line":30,"column":23}},"14":{"start":{"line":28,"column":6},"end":{"line":28,"column":34}},"15":{"start":{"line":29,"column":6},"end":{"line":29,"column":26}},"16":{"start":{"line":31,"column":4},"end":{"line":31,"column":44}},"17":{"start":{"line":34,"column":2},"end":{"line":55,"column":4}},"18":{"start":{"line":37,"column":8},"end":{"line":52,"column":17}}},"fnMap":{"0":{"name":"(anonymous_0)","decl":{"start":{"line":13,"column":17},"end":{"line":13,"column":18}},"loc":{"start":{"line":13,"column":23},"end":{"line":56,"column":1}},"line":13},"1":{"name":"(anonymous_1)","decl":{"start":{"line":14,"column":63},"end":{"line":14,"column":64}},"loc":{"start":{"line":14,"column":74},"end":{"line":14,"column":93}},"line":14},"2":{"name":"(anonymous_2)","decl":{"start":{"line":18,"column":17},"end":{"line":18,"column":18}},"loc":{"start":{"line":18,"column":24},"end":{"line":21,"column":3}},"line":18},"3":{"name":"(anonymous_3)","decl":{"start":{"line":23,"column":15},"end":{"line":23,"column":16}},"loc":{"start":{"line":23,"column":22},"end":{"line":32,"column":3}},"line":23},"4":{"name":"(anonymous_4)","decl":{"start":{"line":27,"column":29},"end":{"line":27,"column":30}},"loc":{"start":{"line":27,"column":35},"end":{"line":30,"column":5}},"line":27},"5":{"name":"(anonymous_5)","decl":{"start":{"line":36,"column":20},"end":{"line":36,"column":21}},"loc":{"start":{"line":37,"column":8},"end":{"line":52,"column":17}},"line":37}},"branchMap":{"0":{"loc":{"start":{"line":24,"column":4},"end":{"line":24,"column":26}},"type":"if","locations":[{"start":{"line":24,"column":4},"end":{"line":24,"column":26}},{"start":{},"end":{}}],"line":24},"1":{"loc":{"start":{"line":38,"column":15},"end":{"line":38,"column":36}},"type":"cond-expr","locations":[{"start":{"line":38,"column":23},"end":{"line":38,"column":32}},{"start":{"line":38,"column":35},"end":{"line":38,"column":36}}],"line":38},"2":{"loc":{"start":{"line":39,"column":38},"end":{"line":39,"column":80}},"type":"cond-expr","locations":[{"start":{"line":39,"column":65},"end":{"line":39,"column":75}},{"start":{"line":39,"column":78},"end":{"line":39,"column":80}}],"line":39},"3":{"loc":{"start":{"line":39,"column":38},"end":{"line":39,"column":62}},"type":"binary-expr","locations":[{"start":{"line":39,"column":38},"end":{"line":39,"column":43}},{"start":{"line":39,"column":47},"end":{"line":39,"column":62}}],"line":39},"4":{"loc":{"start":{"line":44,"column":11},"end":{"line":51,"column":18}},"type":"cond-expr","locations":[{"start":{"line":45,"column":12},"end":{"line":50,"column":15}},{"start":{"line":51,"column":14},"end":{"line":51,"column":18}}],"line":44}},"s":{"0":7,"1":57,"2":90,"3":57,"4":57,"5":57,"6":0,"7":0,"8":57,"9":1,"10":0,"11":1,"12":1,"13":1,"14":1,"15":1,"16":1,"17":57,"18":228},"f":{"0":57,"1":90,"2":0,"3":1,"4":1,"5":228},"b":{"0":[0,1],"1":[49,179],"2":[11,217],"3":[228,49],"4":[49,179]},"_coverageSchema":"1a1c01bbd47fc00a2c39e90264f33305004495a9","hash":"000ecde7c5752284c2d3099aa3ed788d92f0a57f"}
,"/Users/ant/SE/Personal-Projects/art-buddy/src/sequence-maker/sound-options/SoundOptions.js": {"path":"/Users/ant/SE/Personal-Projects/art-buddy/src/sequence-maker/sound-options/SoundOptions.js","statementMap":{"0":{"start":{"line":15,"column":21},"end":{"line":49,"column":1}},"1":{"start":{"line":16,"column":33},"end":{"line":16,"column":76}},"2":{"start":{"line":16,"column":56},"end":{"line":16,"column":75}},"3":{"start":{"line":17,"column":21},"end":{"line":17,"column":59}},"4":{"start":{"line":17,"column":44},"end":{"line":17,"column":58}},"5":{"start":{"line":18,"column":24},"end":{"line":18,"column":47}},"6":{"start":{"line":19,"column":19},"end":{"line":19,"column":32}},"7":{"start":{"line":21,"column":30},"end":{"line":27,"column":3}},"8":{"start":{"line":22,"column":4},"end":{"line":26,"column":5}},"9":{"start":{"line":22,"column":33},"end":{"line":22,"column":39}},"10":{"start":{"line":23,"column":22},"end":{"line":23,"column":40}},"11":{"start":{"line":24,"column":6},"end":{"line":24,"column":39}},"12":{"start":{"line":25,"column":6},"end":{"line":25,"column":54}},"13":{"start":{"line":25,"column":22},"end":{"line":25,"column":52}},"14":{"start":{"line":29,"column":17},"end":{"line":29,"column":36}},"15":{"start":{"line":31,"column":24},"end":{"line":42,"column":10}},"16":{"start":{"line":33,"column":8},"end":{"line":40,"column":10}},"17":{"start":{"line":44,"column":2},"end":{"line":48,"column":4}}},"fnMap":{"0":{"name":"(anonymous_0)","decl":{"start":{"line":15,"column":21},"end":{"line":15,"column":22}},"loc":{"start":{"line":15,"column":27},"end":{"line":49,"column":1}},"line":15},"1":{"name":"(anonymous_1)","decl":{"start":{"line":16,"column":45},"end":{"line":16,"column":46}},"loc":{"start":{"line":16,"column":56},"end":{"line":16,"column":75}},"line":16},"2":{"name":"(anonymous_2)","decl":{"start":{"line":17,"column":33},"end":{"line":17,"column":34}},"loc":{"start":{"line":17,"column":44},"end":{"line":17,"column":58}},"line":17},"3":{"name":"(anonymous_3)","decl":{"start":{"line":21,"column":30},"end":{"line":21,"column":31}},"loc":{"start":{"line":21,"column":37},"end":{"line":27,"column":3}},"line":21},"4":{"name":"(anonymous_4)","decl":{"start":{"line":22,"column":22},"end":{"line":22,"column":23}},"loc":{"start":{"line":22,"column":33},"end":{"line":22,"column":39}},"line":22},"5":{"name":"(anonymous_5)","decl":{"start":{"line":25,"column":16},"end":{"line":25,"column":17}},"loc":{"start":{"line":25,"column":22},"end":{"line":25,"column":52}},"line":25},"6":{"name":"(anonymous_6)","decl":{"start":{"line":32,"column":30},"end":{"line":32,"column":31}},"loc":{"start":{"line":33,"column":8},"end":{"line":40,"column":10}},"line":33}},"branchMap":{"0":{"loc":{"start":{"line":22,"column":4},"end":{"line":26,"column":5}},"type":"if","locations":[{"start":{"line":22,"column":4},"end":{"line":26,"column":5}},{"start":{},"end":{}}],"line":22},"1":{"loc":{"start":{"line":31,"column":24},"end":{"line":42,"column":10}},"type":"cond-expr","locations":[{"start":{"line":32,"column":6},"end":{"line":41,"column":8}},{"start":{"line":42,"column":6},"end":{"line":42,"column":10}}],"line":31}},"s":{"0":7,"1":57,"2":90,"3":57,"4":90,"5":57,"6":57,"7":57,"8":8,"9":11,"10":8,"11":8,"12":8,"13":8,"14":57,"15":57,"16":156,"17":57},"f":{"0":57,"1":90,"2":90,"3":8,"4":11,"5":8,"6":156},"b":{"0":[8,0],"1":[39,18]},"_coverageSchema":"1a1c01bbd47fc00a2c39e90264f33305004495a9","hash":"23f588e01619c5db04656f3bbd02345b3c10d0f0"}
,"/Users/ant/SE/Personal-Projects/art-buddy/src/time-keeper/TimeKeeper.js": {"path":"/Users/ant/SE/Personal-Projects/art-buddy/src/time-keeper/TimeKeeper.js","statementMap":{"0":{"start":{"line":15,"column":19},"end":{"line":39,"column":1}},"1":{"start":{"line":16,"column":38},"end":{"line":16,"column":66}},"2":{"start":{"line":17,"column":23},"end":{"line":17,"column":60}},"3":{"start":{"line":17,"column":46},"end":{"line":17,"column":59}},"4":{"start":{"line":18,"column":19},"end":{"line":18,"column":32}},"5":{"start":{"line":20,"column":2},"end":{"line":23,"column":17}},"6":{"start":{"line":21,"column":4},"end":{"line":21,"column":41}},"7":{"start":{"line":22,"column":4},"end":{"line":22,"column":46}},"8":{"start":{"line":22,"column":17},"end":{"line":22,"column":45}},"9":{"start":{"line":25,"column":2},"end":{"line":38,"column":4}}},"fnMap":{"0":{"name":"(anonymous_0)","decl":{"start":{"line":15,"column":19},"end":{"line":15,"column":20}},"loc":{"start":{"line":15,"column":25},"end":{"line":39,"column":1}},"line":15},"1":{"name":"(anonymous_1)","decl":{"start":{"line":17,"column":35},"end":{"line":17,"column":36}},"loc":{"start":{"line":17,"column":46},"end":{"line":17,"column":59}},"line":17},"2":{"name":"(anonymous_2)","decl":{"start":{"line":20,"column":12},"end":{"line":20,"column":13}},"loc":{"start":{"line":20,"column":18},"end":{"line":23,"column":3}},"line":20},"3":{"name":"(anonymous_3)","decl":{"start":{"line":22,"column":11},"end":{"line":22,"column":12}},"loc":{"start":{"line":22,"column":17},"end":{"line":22,"column":45}},"line":22}},"branchMap":{"0":{"loc":{"start":{"line":28,"column":7},"end":{"line":36,"column":7}},"type":"cond-expr","locations":[{"start":{"line":29,"column":8},"end":{"line":29,"column":51}},{"start":{"line":31,"column":8},"end":{"line":35,"column":11}}],"line":28}},"s":{"0":6,"1":6,"2":6,"3":9,"4":6,"5":6,"6":3,"7":3,"8":3,"9":6},"f":{"0":6,"1":9,"2":3,"3":3},"b":{"0":[6,0]},"_coverageSchema":"1a1c01bbd47fc00a2c39e90264f33305004495a9","hash":"84379cf78d70c6c10946e4b4f3e8e3d5e5077a38"}
,"/Users/ant/SE/Personal-Projects/art-buddy/src/time-keeper/interface/Interface.js": {"path":"/Users/ant/SE/Personal-Projects/art-buddy/src/time-keeper/interface/Interface.js","statementMap":{"0":{"start":{"line":6,"column":18},"end":{"line":16,"column":1}},"1":{"start":{"line":7,"column":2},"end":{"line":15,"column":4}}},"fnMap":{"0":{"name":"(anonymous_0)","decl":{"start":{"line":6,"column":18},"end":{"line":6,"column":19}},"loc":{"start":{"line":6,"column":24},"end":{"line":16,"column":1}},"line":6}},"branchMap":{},"s":{"0":7,"1":3},"f":{"0":3},"b":{},"_coverageSchema":"1a1c01bbd47fc00a2c39e90264f33305004495a9","hash":"9543ffb1d047cbbb4a52d07afb249d331881be75"}
,"/Users/ant/SE/Personal-Projects/art-buddy/src/time-keeper/interface/music-choices/MusicChoices.js": {"path":"/Users/ant/SE/Personal-Projects/art-buddy/src/time-keeper/interface/music-choices/MusicChoices.js","statementMap":{"0":{"start":{"line":9,"column":21},"end":{"line":19,"column":1}},"1":{"start":{"line":10,"column":18},"end":{"line":10,"column":56}},"2":{"start":{"line":11,"column":2},"end":{"line":18,"column":4}},"3":{"start":{"line":15,"column":8},"end":{"line":15,"column":79}}},"fnMap":{"0":{"name":"(anonymous_0)","decl":{"start":{"line":9,"column":21},"end":{"line":9,"column":22}},"loc":{"start":{"line":9,"column":35},"end":{"line":19,"column":1}},"line":9},"1":{"name":"(anonymous_1)","decl":{"start":{"line":14,"column":22},"end":{"line":14,"column":23}},"loc":{"start":{"line":15,"column":8},"end":{"line":15,"column":79}},"line":15}},"branchMap":{"0":{"loc":{"start":{"line":10,"column":18},"end":{"line":10,"column":56}},"type":"cond-expr","locations":[{"start":{"line":10,"column":39},"end":{"line":10,"column":46}},{"start":{"line":10,"column":49},"end":{"line":10,"column":56}}],"line":10}},"s":{"0":8,"1":6,"2":6,"3":30},"f":{"0":6,"1":30},"b":{"0":[4,2]},"_coverageSchema":"1a1c01bbd47fc00a2c39e90264f33305004495a9","hash":"986469cbbb29455c996850dcdb36b20c695fd89a"}
,"/Users/ant/SE/Personal-Projects/art-buddy/src/time-keeper/interface/music-choices/music-option/MusicOption.js": {"path":"/Users/ant/SE/Personal-Projects/art-buddy/src/time-keeper/interface/music-choices/music-option/MusicOption.js","statementMap":{"0":{"start":{"line":5,"column":20},"end":{"line":16,"column":1}},"1":{"start":{"line":6,"column":19},"end":{"line":6,"column":32}},"2":{"start":{"line":8,"column":24},"end":{"line":8,"column":79}},"3":{"start":{"line":8,"column":30},"end":{"line":8,"column":79}},"4":{"start":{"line":10,"column":23},"end":{"line":10,"column":79}},"5":{"start":{"line":11,"column":2},"end":{"line":15,"column":4}}},"fnMap":{"0":{"name":"(anonymous_0)","decl":{"start":{"line":5,"column":20},"end":{"line":5,"column":21}},"loc":{"start":{"line":5,"column":50},"end":{"line":16,"column":1}},"line":5},"1":{"name":"(anonymous_1)","decl":{"start":{"line":8,"column":24},"end":{"line":8,"column":25}},"loc":{"start":{"line":8,"column":30},"end":{"line":8,"column":79}},"line":8}},"branchMap":{"0":{"loc":{"start":{"line":10,"column":23},"end":{"line":10,"column":79}},"type":"cond-expr","locations":[{"start":{"line":10,"column":39},"end":{"line":10,"column":60}},{"start":{"line":10,"column":63},"end":{"line":10,"column":79}}],"line":10}},"s":{"0":8,"1":30,"2":30,"3":0,"4":30,"5":30},"f":{"0":30,"1":0},"b":{"0":[18,12]},"_coverageSchema":"1a1c01bbd47fc00a2c39e90264f33305004495a9","hash":"7a03cb4d0b9698ee7758f12d776313117ba533df"}
,"/Users/ant/SE/Personal-Projects/art-buddy/src/time-keeper/interface/play-pause/PlayPause.js": {"path":"/Users/ant/SE/Personal-Projects/art-buddy/src/time-keeper/interface/play-pause/PlayPause.js","statementMap":{"0":{"start":{"line":11,"column":18},"end":{"line":24,"column":1}},"1":{"start":{"line":12,"column":24},"end":{"line":12,"column":64}},"2":{"start":{"line":12,"column":47},"end":{"line":12,"column":63}},"3":{"start":{"line":13,"column":19},"end":{"line":13,"column":32}},"4":{"start":{"line":14,"column":24},"end":{"line":14,"column":53}},"5":{"start":{"line":14,"column":30},"end":{"line":14,"column":53}},"6":{"start":{"line":16,"column":15},"end":{"line":16,"column":40}},"7":{"start":{"line":17,"column":15},"end":{"line":17,"column":44}},"8":{"start":{"line":19,"column":2},"end":{"line":23,"column":4}}},"fnMap":{"0":{"name":"(anonymous_0)","decl":{"start":{"line":11,"column":18},"end":{"line":11,"column":19}},"loc":{"start":{"line":11,"column":24},"end":{"line":24,"column":1}},"line":11},"1":{"name":"(anonymous_1)","decl":{"start":{"line":12,"column":36},"end":{"line":12,"column":37}},"loc":{"start":{"line":12,"column":47},"end":{"line":12,"column":63}},"line":12},"2":{"name":"(anonymous_2)","decl":{"start":{"line":14,"column":24},"end":{"line":14,"column":25}},"loc":{"start":{"line":14,"column":30},"end":{"line":14,"column":53}},"line":14}},"branchMap":{"0":{"loc":{"start":{"line":16,"column":15},"end":{"line":16,"column":40}},"type":"cond-expr","locations":[{"start":{"line":16,"column":28},"end":{"line":16,"column":32}},{"start":{"line":16,"column":35},"end":{"line":16,"column":40}}],"line":16},"1":{"loc":{"start":{"line":17,"column":15},"end":{"line":17,"column":44}},"type":"cond-expr","locations":[{"start":{"line":17,"column":28},"end":{"line":17,"column":35}},{"start":{"line":17,"column":38},"end":{"line":17,"column":44}}],"line":17}},"s":{"0":8,"1":4,"2":4,"3":4,"4":4,"5":0,"6":4,"7":4,"8":4},"f":{"0":4,"1":4,"2":0},"b":{"0":[4,0],"1":[4,0]},"_coverageSchema":"1a1c01bbd47fc00a2c39e90264f33305004495a9","hash":"51bab7e37cc9ced662aec580994606859658f8e8"}
,"/Users/ant/SE/Personal-Projects/art-buddy/src/time-keeper/time/time-bar/TimeBar.js": {"path":"/Users/ant/SE/Personal-Projects/art-buddy/src/time-keeper/time/time-bar/TimeBar.js","statementMap":{"0":{"start":{"line":7,"column":16},"end":{"line":17,"column":1}},"1":{"start":{"line":8,"column":19},"end":{"line":8,"column":59}},"2":{"start":{"line":8,"column":42},"end":{"line":8,"column":58}},"3":{"start":{"line":9,"column":17},"end":{"line":9,"column":72}},"4":{"start":{"line":10,"column":2},"end":{"line":16,"column":4}},"5":{"start":{"line":13,"column":8},"end":{"line":13,"column":80}}},"fnMap":{"0":{"name":"(anonymous_0)","decl":{"start":{"line":7,"column":16},"end":{"line":7,"column":17}},"loc":{"start":{"line":7,"column":22},"end":{"line":17,"column":1}},"line":7},"1":{"name":"(anonymous_1)","decl":{"start":{"line":8,"column":31},"end":{"line":8,"column":32}},"loc":{"start":{"line":8,"column":42},"end":{"line":8,"column":58}},"line":8},"2":{"name":"(anonymous_2)","decl":{"start":{"line":12,"column":16},"end":{"line":12,"column":17}},"loc":{"start":{"line":13,"column":8},"end":{"line":13,"column":80}},"line":13}},"branchMap":{"0":{"loc":{"start":{"line":9,"column":30},"end":{"line":9,"column":70}},"type":"cond-expr","locations":[{"start":{"line":9,"column":45},"end":{"line":9,"column":54}},{"start":{"line":9,"column":57},"end":{"line":9,"column":70}}],"line":9}},"s":{"0":7,"1":2,"2":2,"3":2,"4":2,"5":0},"f":{"0":2,"1":2,"2":0},"b":{"0":[2,0]},"_coverageSchema":"1a1c01bbd47fc00a2c39e90264f33305004495a9","hash":"66f352bc08e8dfed8df94cec9728657aa8900946"}
,"/Users/ant/SE/Personal-Projects/art-buddy/src/time-keeper/time/time-bar/time-block/TimeBlock.js": {"path":"/Users/ant/SE/Personal-Projects/art-buddy/src/time-keeper/time/time-bar/time-block/TimeBlock.js","statementMap":{"0":{"start":{"line":5,"column":18},"end":{"line":14,"column":1}},"1":{"start":{"line":6,"column":2},"end":{"line":6,"column":36}},"2":{"start":{"line":7,"column":26},"end":{"line":7,"column":66}},"3":{"start":{"line":7,"column":49},"end":{"line":7,"column":65}},"4":{"start":{"line":8,"column":16},"end":{"line":8,"column":51}},"5":{"start":{"line":9,"column":2},"end":{"line":13,"column":4}}},"fnMap":{"0":{"name":"(anonymous_0)","decl":{"start":{"line":5,"column":18},"end":{"line":5,"column":19}},"loc":{"start":{"line":5,"column":48},"end":{"line":14,"column":1}},"line":5},"1":{"name":"(anonymous_1)","decl":{"start":{"line":7,"column":38},"end":{"line":7,"column":39}},"loc":{"start":{"line":7,"column":49},"end":{"line":7,"column":65}},"line":7}},"branchMap":{"0":{"loc":{"start":{"line":11,"column":7},"end":{"line":11,"column":79}},"type":"cond-expr","locations":[{"start":{"line":11,"column":29},"end":{"line":11,"column":33}},{"start":{"line":11,"column":36},"end":{"line":11,"column":79}}],"line":11},"1":{"loc":{"start":{"line":11,"column":36},"end":{"line":11,"column":79}},"type":"cond-expr","locations":[{"start":{"line":11,"column":53},"end":{"line":11,"column":60}},{"start":{"line":11,"column":63},"end":{"line":11,"column":79}}],"line":11}},"s":{"0":7,"1":0,"2":0,"3":0,"4":0,"5":0},"f":{"0":0,"1":0},"b":{"0":[0,0],"1":[0,0]},"_coverageSchema":"1a1c01bbd47fc00a2c39e90264f33305004495a9","hash":"f50a2da0be1bfd050691393813b9682f3924c440"}
,"/Users/ant/SE/Personal-Projects/art-buddy/src/time-keeper/time/time-left/TimeLeft.js": {"path":"/Users/ant/SE/Personal-Projects/art-buddy/src/time-keeper/time/time-left/TimeLeft.js","statementMap":{"0":{"start":{"line":7,"column":17},"end":{"line":13,"column":1}},"1":{"start":{"line":8,"column":26},"end":{"line":8,"column":66}},"2":{"start":{"line":8,"column":49},"end":{"line":8,"column":65}},"3":{"start":{"line":10,"column":22},"end":{"line":10,"column":52}},"4":{"start":{"line":12,"column":2},"end":{"line":12,"column":53}}},"fnMap":{"0":{"name":"(anonymous_0)","decl":{"start":{"line":7,"column":17},"end":{"line":7,"column":18}},"loc":{"start":{"line":7,"column":23},"end":{"line":13,"column":1}},"line":7},"1":{"name":"(anonymous_1)","decl":{"start":{"line":8,"column":38},"end":{"line":8,"column":39}},"loc":{"start":{"line":8,"column":49},"end":{"line":8,"column":65}},"line":8}},"branchMap":{},"s":{"0":7,"1":2,"2":2,"3":2,"4":2},"f":{"0":2,"1":2},"b":{},"_coverageSchema":"1a1c01bbd47fc00a2c39e90264f33305004495a9","hash":"515f5007165e7a1e66922938531e716a1619edbf"}
}
