{"/Users/ant/SE/Personal-Projects/art-buddy/src/_redux/rootReducer.js": {"path":"/Users/ant/SE/Personal-Projects/art-buddy/src/_redux/rootReducer.js","statementMap":{"0":{"start":{"line":23,"column":20},"end":{"line":38,"column":2}}},"fnMap":{},"branchMap":{},"s":{"0":93},"f":{},"b":{},"_coverageSchema":"1a1c01bbd47fc00a2c39e90264f33305004495a9","hash":"1d735e3dfd4a2d98ca4b02b84c338b5c2858db5e"}
,"/Users/ant/SE/Personal-Projects/art-buddy/src/_redux/_general/generalActions.js": {"path":"/Users/ant/SE/Personal-Projects/art-buddy/src/_redux/_general/generalActions.js","statementMap":{"0":{"start":{"line":3,"column":21},"end":{"line":3,"column":42}},"1":{"start":{"line":4,"column":24},"end":{"line":4,"column":48}},"2":{"start":{"line":5,"column":26},"end":{"line":5,"column":52}},"3":{"start":{"line":6,"column":30},"end":{"line":6,"column":60}},"4":{"start":{"line":7,"column":28},"end":{"line":7,"column":56}}},"fnMap":{},"branchMap":{},"s":{"0":94,"1":94,"2":94,"3":94,"4":94},"f":{},"b":{},"_coverageSchema":"1a1c01bbd47fc00a2c39e90264f33305004495a9","hash":"bd3b6a64fe0e8e1b6eedf8143aa6d739af297c3e"}
,"/Users/ant/SE/Personal-Projects/art-buddy/src/_redux/color-theory/color-wheel/colorTheoryActions.js": {"path":"/Users/ant/SE/Personal-Projects/art-buddy/src/_redux/color-theory/color-wheel/colorTheoryActions.js","statementMap":{"0":{"start":{"line":1,"column":25},"end":{"line":1,"column":52}},"1":{"start":{"line":3,"column":27},"end":{"line":3,"column":54}},"2":{"start":{"line":4,"column":31},"end":{"line":4,"column":62}},"3":{"start":{"line":5,"column":27},"end":{"line":5,"column":54}},"4":{"start":{"line":6,"column":27},"end":{"line":6,"column":54}},"5":{"start":{"line":7,"column":26},"end":{"line":7,"column":52}},"6":{"start":{"line":8,"column":26},"end":{"line":8,"column":52}}},"fnMap":{},"branchMap":{},"s":{"0":94,"1":94,"2":94,"3":94,"4":94,"5":94,"6":94},"f":{},"b":{},"_coverageSchema":"1a1c01bbd47fc00a2c39e90264f33305004495a9","hash":"173234411f04fed76db8af9c81694a356bd10b40"}
,"/Users/ant/SE/Personal-Projects/art-buddy/src/_redux/color-theory/color-wheel/colorTheoryReducer.js": {"path":"/Users/ant/SE/Personal-Projects/art-buddy/src/_redux/color-theory/color-wheel/colorTheoryReducer.js","statementMap":{"0":{"start":{"line":5,"column":29},"end":{"line":5,"column":43}},"1":{"start":{"line":7,"column":27},"end":{"line":52,"column":2}},"2":{"start":{"line":8,"column":2},"end":{"line":51,"column":7}},"3":{"start":{"line":10,"column":23},"end":{"line":10,"column":37}},"4":{"start":{"line":11,"column":28},"end":{"line":11,"column":51}},"5":{"start":{"line":12,"column":6},"end":{"line":17,"column":7}},"6":{"start":{"line":13,"column":8},"end":{"line":16,"column":9}},"7":{"start":{"line":14,"column":10},"end":{"line":14,"column":54}},"8":{"start":{"line":15,"column":10},"end":{"line":15,"column":53}},"9":{"start":{"line":18,"column":6},"end":{"line":18,"column":39}},"10":{"start":{"line":21,"column":28},"end":{"line":21,"column":51}},"11":{"start":{"line":22,"column":6},"end":{"line":24,"column":7}},"12":{"start":{"line":23,"column":8},"end":{"line":23,"column":52}},"13":{"start":{"line":25,"column":6},"end":{"line":25,"column":39}},"14":{"start":{"line":28,"column":20},"end":{"line":28,"column":34}},"15":{"start":{"line":29,"column":28},"end":{"line":29,"column":51}},"16":{"start":{"line":30,"column":6},"end":{"line":30,"column":50}},"17":{"start":{"line":31,"column":6},"end":{"line":31,"column":39}},"18":{"start":{"line":34,"column":23},"end":{"line":34,"column":37}},"19":{"start":{"line":35,"column":28},"end":{"line":35,"column":51}},"20":{"start":{"line":36,"column":6},"end":{"line":40,"column":7}},"21":{"start":{"line":37,"column":8},"end":{"line":39,"column":9}},"22":{"start":{"line":38,"column":10},"end":{"line":38,"column":54}},"23":{"start":{"line":41,"column":6},"end":{"line":41,"column":39}},"24":{"start":{"line":44,"column":20},"end":{"line":44,"column":34}},"25":{"start":{"line":45,"column":28},"end":{"line":45,"column":51}},"26":{"start":{"line":46,"column":6},"end":{"line":46,"column":49}},"27":{"start":{"line":47,"column":6},"end":{"line":47,"column":39}},"28":{"start":{"line":50,"column":6},"end":{"line":50,"column":50}}},"fnMap":{"0":{"name":"(anonymous_0)","decl":{"start":{"line":7,"column":56},"end":{"line":7,"column":57}},"loc":{"start":{"line":7,"column":69},"end":{"line":52,"column":1}},"line":7},"1":{"name":"(anonymous_1)","decl":{"start":{"line":9,"column":26},"end":{"line":9,"column":27}},"loc":{"start":{"line":9,"column":45},"end":{"line":19,"column":5}},"line":9},"2":{"name":"(anonymous_2)","decl":{"start":{"line":20,"column":30},"end":{"line":20,"column":31}},"loc":{"start":{"line":20,"column":41},"end":{"line":26,"column":5}},"line":20},"3":{"name":"(anonymous_3)","decl":{"start":{"line":27,"column":26},"end":{"line":27,"column":27}},"loc":{"start":{"line":27,"column":45},"end":{"line":32,"column":5}},"line":27},"4":{"name":"(anonymous_4)","decl":{"start":{"line":33,"column":26},"end":{"line":33,"column":27}},"loc":{"start":{"line":33,"column":45},"end":{"line":42,"column":5}},"line":33},"5":{"name":"(anonymous_5)","decl":{"start":{"line":43,"column":25},"end":{"line":43,"column":26}},"loc":{"start":{"line":43,"column":44},"end":{"line":48,"column":5}},"line":43},"6":{"name":"(anonymous_6)","decl":{"start":{"line":49,"column":25},"end":{"line":49,"column":26}},"loc":{"start":{"line":49,"column":36},"end":{"line":51,"column":5}},"line":49}},"branchMap":{"0":{"loc":{"start":{"line":13,"column":8},"end":{"line":16,"column":9}},"type":"if","locations":[{"start":{"line":13,"column":8},"end":{"line":16,"column":9}},{"start":{},"end":{}}],"line":13},"1":{"loc":{"start":{"line":37,"column":8},"end":{"line":39,"column":9}},"type":"if","locations":[{"start":{"line":37,"column":8},"end":{"line":39,"column":9}},{"start":{},"end":{}}],"line":37}},"s":{"0":94,"1":94,"2":94,"3":6,"4":6,"5":6,"6":72,"7":18,"8":18,"9":6,"10":2,"11":2,"12":24,"13":2,"14":1,"15":1,"16":1,"17":1,"18":4,"19":4,"20":4,"21":48,"22":12,"23":4,"24":1,"25":1,"26":1,"27":1,"28":8},"f":{"0":94,"1":6,"2":2,"3":1,"4":4,"5":1,"6":8},"b":{"0":[18,54],"1":[12,36]},"_coverageSchema":"1a1c01bbd47fc00a2c39e90264f33305004495a9","hash":"c4d2fbc58cf8dec8c8312ebff8e8b6330120b0a9"}
,"/Users/ant/SE/Personal-Projects/art-buddy/src/color-theory/learn/colors/LearnColors.js": {"path":"/Users/ant/SE/Personal-Projects/art-buddy/src/color-theory/learn/colors/LearnColors.js","statementMap":{"0":{"start":{"line":14,"column":20},"end":{"line":34,"column":1}},"1":{"start":{"line":15,"column":23},"end":{"line":15,"column":34}},"2":{"start":{"line":16,"column":19},"end":{"line":16,"column":32}},"3":{"start":{"line":18,"column":2},"end":{"line":21,"column":27}},"4":{"start":{"line":19,"column":4},"end":{"line":19,"column":36}},"5":{"start":{"line":20,"column":4},"end":{"line":20,"column":40}},"6":{"start":{"line":20,"column":17},"end":{"line":20,"column":39}},"7":{"start":{"line":23,"column":2},"end":{"line":33,"column":4}}},"fnMap":{"0":{"name":"(anonymous_0)","decl":{"start":{"line":14,"column":20},"end":{"line":14,"column":21}},"loc":{"start":{"line":14,"column":26},"end":{"line":34,"column":1}},"line":14},"1":{"name":"(anonymous_1)","decl":{"start":{"line":18,"column":12},"end":{"line":18,"column":13}},"loc":{"start":{"line":18,"column":18},"end":{"line":21,"column":3}},"line":18},"2":{"name":"(anonymous_2)","decl":{"start":{"line":20,"column":11},"end":{"line":20,"column":12}},"loc":{"start":{"line":20,"column":17},"end":{"line":20,"column":39}},"line":20}},"branchMap":{},"s":{"0":7,"1":4,"2":4,"3":4,"4":4,"5":4,"6":4,"7":4},"f":{"0":4,"1":4,"2":4},"b":{},"_coverageSchema":"1a1c01bbd47fc00a2c39e90264f33305004495a9","hash":"f925a7f7ed05156bfcce0d6e23a81abf4f607b41"}
,"/Users/ant/SE/Personal-Projects/art-buddy/src/color-theory/play/level/PlayLevel.js": {"path":"/Users/ant/SE/Personal-Projects/art-buddy/src/color-theory/play/level/PlayLevel.js","statementMap":{"0":{"start":{"line":28,"column":18},"end":{"line":169,"column":1}},"1":{"start":{"line":29,"column":20},"end":{"line":29,"column":31}},"2":{"start":{"line":30,"column":27},"end":{"line":30,"column":51}},"3":{"start":{"line":31,"column":19},"end":{"line":31,"column":32}},"4":{"start":{"line":32,"column":19},"end":{"line":32,"column":32}},"5":{"start":{"line":33,"column":38},"end":{"line":38,"column":4}},"6":{"start":{"line":39,"column":28},"end":{"line":39,"column":56}},"7":{"start":{"line":41,"column":19},"end":{"line":41,"column":49}},"8":{"start":{"line":42,"column":57},"end":{"line":42,"column":67}},"9":{"start":{"line":43,"column":36},"end":{"line":43,"column":71}},"10":{"start":{"line":44,"column":57},"end":{"line":44,"column":61}},"11":{"start":{"line":46,"column":2},"end":{"line":55,"column":34}},"12":{"start":{"line":47,"column":31},"end":{"line":47,"column":46}},"13":{"start":{"line":48,"column":4},"end":{"line":53,"column":5}},"14":{"start":{"line":49,"column":6},"end":{"line":49,"column":34}},"15":{"start":{"line":51,"column":6},"end":{"line":51,"column":62}},"16":{"start":{"line":51,"column":32},"end":{"line":51,"column":60}},"17":{"start":{"line":52,"column":6},"end":{"line":52,"column":62}},"18":{"start":{"line":52,"column":32},"end":{"line":52,"column":60}},"19":{"start":{"line":54,"column":4},"end":{"line":54,"column":40}},"20":{"start":{"line":54,"column":17},"end":{"line":54,"column":39}},"21":{"start":{"line":57,"column":23},"end":{"line":72,"column":3}},"22":{"start":{"line":58,"column":19},"end":{"line":58,"column":42}},"23":{"start":{"line":59,"column":21},"end":{"line":59,"column":32}},"24":{"start":{"line":60,"column":4},"end":{"line":71,"column":5}},"25":{"start":{"line":61,"column":6},"end":{"line":61,"column":35}},"26":{"start":{"line":63,"column":6},"end":{"line":67,"column":10}},"27":{"start":{"line":63,"column":32},"end":{"line":67,"column":7}},"28":{"start":{"line":70,"column":6},"end":{"line":70,"column":67}},"29":{"start":{"line":70,"column":32},"end":{"line":70,"column":64}},"30":{"start":{"line":74,"column":27},"end":{"line":90,"column":3}},"31":{"start":{"line":75,"column":4},"end":{"line":89,"column":7}},"32":{"start":{"line":76,"column":18},"end":{"line":76,"column":37}},"33":{"start":{"line":77,"column":20},"end":{"line":77,"column":51}},"34":{"start":{"line":78,"column":21},"end":{"line":87,"column":7}},"35":{"start":{"line":88,"column":6},"end":{"line":88,"column":20}},"36":{"start":{"line":92,"column":24},"end":{"line":126,"column":3}},"37":{"start":{"line":93,"column":4},"end":{"line":93,"column":23}},"38":{"start":{"line":95,"column":4},"end":{"line":125,"column":5}},"39":{"start":{"line":96,"column":6},"end":{"line":100,"column":10}},"40":{"start":{"line":96,"column":32},"end":{"line":100,"column":7}},"41":{"start":{"line":102,"column":11},"end":{"line":125,"column":5}},"42":{"start":{"line":103,"column":6},"end":{"line":108,"column":10}},"43":{"start":{"line":103,"column":32},"end":{"line":108,"column":7}},"44":{"start":{"line":110,"column":11},"end":{"line":125,"column":5}},"45":{"start":{"line":111,"column":6},"end":{"line":115,"column":9}},"46":{"start":{"line":118,"column":6},"end":{"line":123,"column":10}},"47":{"start":{"line":118,"column":32},"end":{"line":123,"column":7}},"48":{"start":{"line":124,"column":6},"end":{"line":124,"column":79}},"49":{"start":{"line":128,"column":24},"end":{"line":145,"column":6}},"50":{"start":{"line":131,"column":22},"end":{"line":131,"column":26}},"51":{"start":{"line":132,"column":6},"end":{"line":138,"column":7}},"52":{"start":{"line":133,"column":8},"end":{"line":133,"column":26}},"53":{"start":{"line":134,"column":8},"end":{"line":134,"column":26}},"54":{"start":{"line":135,"column":13},"end":{"line":138,"column":7}},"55":{"start":{"line":136,"column":8},"end":{"line":136,"column":28}},"56":{"start":{"line":137,"column":8},"end":{"line":137,"column":27}},"57":{"start":{"line":139,"column":6},"end":{"line":144,"column":8}},"58":{"start":{"line":147,"column":2},"end":{"line":168,"column":4}}},"fnMap":{"0":{"name":"(anonymous_0)","decl":{"start":{"line":28,"column":18},"end":{"line":28,"column":19}},"loc":{"start":{"line":28,"column":24},"end":{"line":169,"column":1}},"line":28},"1":{"name":"(anonymous_1)","decl":{"start":{"line":46,"column":12},"end":{"line":46,"column":13}},"loc":{"start":{"line":46,"column":18},"end":{"line":55,"column":3}},"line":46},"2":{"name":"(anonymous_2)","decl":{"start":{"line":51,"column":21},"end":{"line":51,"column":22}},"loc":{"start":{"line":51,"column":32},"end":{"line":51,"column":60}},"line":51},"3":{"name":"(anonymous_3)","decl":{"start":{"line":52,"column":21},"end":{"line":52,"column":22}},"loc":{"start":{"line":52,"column":32},"end":{"line":52,"column":60}},"line":52},"4":{"name":"(anonymous_4)","decl":{"start":{"line":54,"column":11},"end":{"line":54,"column":12}},"loc":{"start":{"line":54,"column":17},"end":{"line":54,"column":39}},"line":54},"5":{"name":"(anonymous_5)","decl":{"start":{"line":57,"column":23},"end":{"line":57,"column":24}},"loc":{"start":{"line":57,"column":30},"end":{"line":72,"column":3}},"line":57},"6":{"name":"(anonymous_6)","decl":{"start":{"line":63,"column":20},"end":{"line":63,"column":21}},"loc":{"start":{"line":63,"column":32},"end":{"line":67,"column":7}},"line":63},"7":{"name":"(anonymous_7)","decl":{"start":{"line":70,"column":20},"end":{"line":70,"column":21}},"loc":{"start":{"line":70,"column":32},"end":{"line":70,"column":64}},"line":70},"8":{"name":"(anonymous_8)","decl":{"start":{"line":74,"column":27},"end":{"line":74,"column":28}},"loc":{"start":{"line":74,"column":33},"end":{"line":90,"column":3}},"line":74},"9":{"name":"(anonymous_9)","decl":{"start":{"line":75,"column":18},"end":{"line":75,"column":19}},"loc":{"start":{"line":75,"column":34},"end":{"line":89,"column":5}},"line":75},"10":{"name":"(anonymous_10)","decl":{"start":{"line":92,"column":24},"end":{"line":92,"column":25}},"loc":{"start":{"line":92,"column":30},"end":{"line":126,"column":3}},"line":92},"11":{"name":"(anonymous_11)","decl":{"start":{"line":96,"column":20},"end":{"line":96,"column":21}},"loc":{"start":{"line":96,"column":32},"end":{"line":100,"column":7}},"line":96},"12":{"name":"(anonymous_12)","decl":{"start":{"line":103,"column":20},"end":{"line":103,"column":21}},"loc":{"start":{"line":103,"column":32},"end":{"line":108,"column":7}},"line":103},"13":{"name":"(anonymous_13)","decl":{"start":{"line":118,"column":20},"end":{"line":118,"column":21}},"loc":{"start":{"line":118,"column":32},"end":{"line":123,"column":7}},"line":118},"14":{"name":"(anonymous_14)","decl":{"start":{"line":130,"column":9},"end":{"line":130,"column":10}},"loc":{"start":{"line":130,"column":24},"end":{"line":145,"column":5}},"line":130}},"branchMap":{"0":{"loc":{"start":{"line":48,"column":4},"end":{"line":53,"column":5}},"type":"if","locations":[{"start":{"line":48,"column":4},"end":{"line":53,"column":5}},{"start":{"line":50,"column":11},"end":{"line":53,"column":5}}],"line":48},"1":{"loc":{"start":{"line":48,"column":8},"end":{"line":48,"column":40}},"type":"binary-expr","locations":[{"start":{"line":48,"column":8},"end":{"line":48,"column":22}},{"start":{"line":48,"column":26},"end":{"line":48,"column":40}}],"line":48},"2":{"loc":{"start":{"line":60,"column":4},"end":{"line":71,"column":5}},"type":"if","locations":[{"start":{"line":60,"column":4},"end":{"line":71,"column":5}},{"start":{"line":68,"column":11},"end":{"line":71,"column":5}}],"line":60},"3":{"loc":{"start":{"line":77,"column":20},"end":{"line":77,"column":51}},"type":"cond-expr","locations":[{"start":{"line":77,"column":32},"end":{"line":77,"column":41}},{"start":{"line":77,"column":44},"end":{"line":77,"column":51}}],"line":77},"4":{"loc":{"start":{"line":95,"column":4},"end":{"line":125,"column":5}},"type":"if","locations":[{"start":{"line":95,"column":4},"end":{"line":125,"column":5}},{"start":{"line":102,"column":11},"end":{"line":125,"column":5}}],"line":95},"5":{"loc":{"start":{"line":102,"column":11},"end":{"line":125,"column":5}},"type":"if","locations":[{"start":{"line":102,"column":11},"end":{"line":125,"column":5}},{"start":{"line":110,"column":11},"end":{"line":125,"column":5}}],"line":102},"6":{"loc":{"start":{"line":102,"column":15},"end":{"line":102,"column":63}},"type":"binary-expr","locations":[{"start":{"line":102,"column":15},"end":{"line":102,"column":31}},{"start":{"line":102,"column":35},"end":{"line":102,"column":63}}],"line":102},"7":{"loc":{"start":{"line":110,"column":11},"end":{"line":125,"column":5}},"type":"if","locations":[{"start":{"line":110,"column":11},"end":{"line":125,"column":5}},{"start":{"line":117,"column":11},"end":{"line":125,"column":5}}],"line":110},"8":{"loc":{"start":{"line":129,"column":27},"end":{"line":129,"column":46}},"type":"cond-expr","locations":[{"start":{"line":129,"column":41},"end":{"line":129,"column":42}},{"start":{"line":129,"column":45},"end":{"line":129,"column":46}}],"line":129},"9":{"loc":{"start":{"line":132,"column":6},"end":{"line":138,"column":7}},"type":"if","locations":[{"start":{"line":132,"column":6},"end":{"line":138,"column":7}},{"start":{"line":135,"column":13},"end":{"line":138,"column":7}}],"line":132},"10":{"loc":{"start":{"line":135,"column":13},"end":{"line":138,"column":7}},"type":"if","locations":[{"start":{"line":135,"column":13},"end":{"line":138,"column":7}},{"start":{},"end":{}}],"line":135},"11":{"loc":{"start":{"line":135,"column":17},"end":{"line":135,"column":48}},"type":"binary-expr","locations":[{"start":{"line":135,"column":17},"end":{"line":135,"column":32}},{"start":{"line":135,"column":36},"end":{"line":135,"column":48}}],"line":135},"12":{"loc":{"start":{"line":162,"column":11},"end":{"line":164,"column":11}},"type":"binary-expr","locations":[{"start":{"line":162,"column":11},"end":{"line":162,"column":39}},{"start":{"line":163,"column":12},"end":{"line":163,"column":75}}],"line":162}},"s":{"0":6,"1":4,"2":3,"3":3,"4":3,"5":3,"6":3,"7":3,"8":3,"9":3,"10":3,"11":3,"12":3,"13":3,"14":1,"15":2,"16":0,"17":2,"18":3,"19":3,"20":3,"21":3,"22":0,"23":0,"24":0,"25":0,"26":0,"27":0,"28":0,"29":0,"30":3,"31":0,"32":0,"33":0,"34":0,"35":0,"36":3,"37":0,"38":0,"39":0,"40":0,"41":0,"42":0,"43":0,"44":0,"45":0,"46":0,"47":0,"48":0,"49":3,"50":3,"51":3,"52":0,"53":0,"54":3,"55":0,"56":0,"57":3,"58":3},"f":{"0":4,"1":3,"2":0,"3":3,"4":3,"5":0,"6":0,"7":0,"8":0,"9":0,"10":0,"11":0,"12":0,"13":0,"14":3},"b":{"0":[1,2],"1":[3,3],"2":[0,0],"3":[0,0],"4":[0,0],"5":[0,0],"6":[0,0],"7":[0,0],"8":[3,0],"9":[0,3],"10":[0,3],"11":[3,3],"12":[3,0]},"_coverageSchema":"1a1c01bbd47fc00a2c39e90264f33305004495a9","hash":"4add866e7db2fbdc90017bef0df2bd3837d0d602"}
}
