TN:
SF:src/_redux/rootReducer.js
FNF:0
FNH:0
DA:23,93
LF:1
LH:1
BRF:0
BRH:0
end_of_record
TN:
SF:src/_redux/_general/generalActions.js
FNF:0
FNH:0
DA:3,94
DA:4,94
DA:5,94
DA:6,94
DA:7,94
LF:5
LH:5
BRF:0
BRH:0
end_of_record
TN:
SF:src/_redux/color-theory/color-wheel/colorTheoryActions.js
FNF:0
FNH:0
DA:1,94
DA:3,94
DA:4,94
DA:5,94
DA:6,94
DA:7,94
DA:8,94
LF:7
LH:7
BRF:0
BRH:0
end_of_record
TN:
SF:src/_redux/color-theory/color-wheel/colorTheoryReducer.js
FN:7,(anonymous_0)
FN:9,(anonymous_1)
FN:20,(anonymous_2)
FN:27,(anonymous_3)
FN:33,(anonymous_4)
FN:43,(anonymous_5)
FN:49,(anonymous_6)
FNF:7
FNH:7
FNDA:94,(anonymous_0)
FNDA:6,(anonymous_1)
FNDA:2,(anonymous_2)
FNDA:1,(anonymous_3)
FNDA:4,(anonymous_4)
FNDA:1,(anonymous_5)
FNDA:8,(anonymous_6)
DA:5,94
DA:7,94
DA:8,94
DA:10,6
DA:11,6
DA:12,6
DA:13,72
DA:14,18
DA:15,18
DA:18,6
DA:21,2
DA:22,2
DA:23,24
DA:25,2
DA:28,1
DA:29,1
DA:30,1
DA:31,1
DA:34,4
DA:35,4
DA:36,4
DA:37,48
DA:38,12
DA:41,4
DA:44,1
DA:45,1
DA:46,1
DA:47,1
DA:50,8
LF:29
LH:29
BRDA:13,0,0,18
BRDA:13,0,1,54
BRDA:37,1,0,12
BRDA:37,1,1,36
BRF:4
BRH:4
end_of_record
TN:
SF:src/color-theory/learn/colors/LearnColors.js
FN:14,(anonymous_0)
FN:18,(anonymous_1)
FN:20,(anonymous_2)
FNF:3
FNH:3
FNDA:4,(anonymous_0)
FNDA:4,(anonymous_1)
FNDA:4,(anonymous_2)
DA:14,7
DA:15,4
DA:16,4
DA:18,4
DA:19,4
DA:20,4
DA:23,4
LF:7
LH:7
BRF:0
BRH:0
end_of_record
TN:
SF:src/color-theory/play/level/PlayLevel.js
FN:28,(anonymous_0)
FN:46,(anonymous_1)
FN:51,(anonymous_2)
FN:52,(anonymous_3)
FN:54,(anonymous_4)
FN:57,(anonymous_5)
FN:63,(anonymous_6)
FN:70,(anonymous_7)
FN:74,(anonymous_8)
FN:75,(anonymous_9)
FN:92,(anonymous_10)
FN:96,(anonymous_11)
FN:103,(anonymous_12)
FN:118,(anonymous_13)
FN:130,(anonymous_14)
FNF:15
FNH:5
FNDA:4,(anonymous_0)
FNDA:3,(anonymous_1)
FNDA:0,(anonymous_2)
FNDA:3,(anonymous_3)
FNDA:3,(anonymous_4)
FNDA:0,(anonymous_5)
FNDA:0,(anonymous_6)
FNDA:0,(anonymous_7)
FNDA:0,(anonymous_8)
FNDA:0,(anonymous_9)
FNDA:0,(anonymous_10)
FNDA:0,(anonymous_11)
FNDA:0,(anonymous_12)
FNDA:0,(anonymous_13)
FNDA:3,(anonymous_14)
DA:28,6
DA:29,4
DA:30,3
DA:31,3
DA:32,3
DA:33,3
DA:39,3
DA:41,3
DA:42,3
DA:43,3
DA:44,3
DA:46,3
DA:47,3
DA:48,3
DA:49,1
DA:51,2
DA:52,3
DA:54,3
DA:57,3
DA:58,0
DA:59,0
DA:60,0
DA:61,0
DA:63,0
DA:70,0
DA:74,3
DA:75,0
DA:76,0
DA:77,0
DA:78,0
DA:88,0
DA:92,3
DA:93,0
DA:95,0
DA:96,0
DA:102,0
DA:103,0
DA:110,0
DA:111,0
DA:118,0
DA:124,0
DA:128,3
DA:131,3
DA:132,3
DA:133,0
DA:134,0
DA:135,3
DA:136,0
DA:137,0
DA:139,3
DA:147,3
LF:51
LH:27
BRDA:48,0,0,1
BRDA:48,0,1,2
BRDA:48,1,0,3
BRDA:48,1,1,3
BRDA:60,2,0,0
BRDA:60,2,1,0
BRDA:77,3,0,0
BRDA:77,3,1,0
BRDA:95,4,0,0
BRDA:95,4,1,0
BRDA:102,5,0,0
BRDA:102,5,1,0
BRDA:102,6,0,0
BRDA:102,6,1,0
BRDA:110,7,0,0
BRDA:110,7,1,0
BRDA:129,8,0,3
BRDA:129,8,1,0
BRDA:132,9,0,0
BRDA:132,9,1,3
BRDA:135,10,0,0
BRDA:135,10,1,3
BRDA:135,11,0,3
BRDA:135,11,1,3
BRDA:162,12,0,3
BRDA:162,12,1,0
BRF:26
BRH:10
end_of_record
