TN:
SF:src/App.js
FN:8,(anonymous_0)
FNF:1
FNH:1
FNDA:3,(anonymous_0)
DA:8,3
DA:9,3
DA:10,3
LF:3
LH:3
BRDA:12,0,0,0
BRDA:12,0,1,3
BRF:2
BRH:1
end_of_record
TN:
SF:src/_components/button/Button.js
FN:5,(anonymous_0)
FNF:1
FNH:1
FNDA:416,(anonymous_0)
DA:5,31
DA:16,416
DA:17,416
LF:3
LH:3
BRDA:8,0,0,339
BRDA:9,1,0,281
BRDA:10,2,0,363
BRDA:12,3,0,253
BRDA:13,4,0,313
BRDA:14,5,0,415
BRDA:21,6,0,103
BRDA:21,6,1,313
BRDA:22,7,0,1
BRDA:22,7,1,415
BRDA:27,8,0,31
BRDA:27,8,1,385
BRDA:31,9,0,52
BRDA:31,9,1,364
BRF:14
BRH:14
end_of_record
TN:
SF:src/_components/dropdown/Dropdown.js
FN:7,(anonymous_0)
FN:11,(anonymous_1)
FN:11,(anonymous_2)
FN:13,(anonymous_3)
FN:15,(anonymous_4)
FN:25,(anonymous_5)
FNF:6
FNH:6
FNDA:304,(anonymous_0)
FNDA:12,(anonymous_1)
FNDA:12,(anonymous_2)
FNDA:12,(anonymous_3)
FNDA:12,(anonymous_4)
FNDA:2353,(anonymous_5)
DA:7,16
DA:8,304
DA:9,304
DA:11,304
DA:13,304
DA:14,12
DA:15,12
DA:19,304
DA:26,2353
DA:38,304
DA:43,304
DA:45,304
LF:12
LH:12
BRDA:7,0,0,235
BRDA:21,1,0,12
BRDA:21,1,1,292
BRDA:23,2,0,69
BRDA:23,2,1,235
BRDA:39,3,0,12
BRDA:39,3,1,292
BRDA:54,4,0,12
BRDA:54,4,1,292
BRF:9
BRH:9
end_of_record
TN:
SF:src/_components/help/Help.js
FN:10,(anonymous_0)
FN:11,(anonymous_1)
FN:14,(anonymous_2)
FNF:3
FNH:2
FNDA:47,(anonymous_0)
FNDA:64,(anonymous_1)
FNDA:0,(anonymous_2)
DA:10,32
DA:11,64
DA:12,47
DA:14,47
DA:15,0
DA:19,47
LF:6
LH:5
BRF:0
BRH:0
end_of_record
TN:
SF:src/_components/icon/Icon.js
FN:3,(anonymous_0)
FNF:1
FNH:1
FNDA:746,(anonymous_0)
DA:3,48
DA:14,746
DA:21,746
DA:25,746
LF:4
LH:4
BRDA:4,0,0,415
BRDA:6,1,0,677
BRDA:7,2,0,70
BRDA:8,3,0,664
BRDA:9,4,0,62
BRDA:10,5,0,533
BRDA:12,6,0,638
BRDA:16,7,0,108
BRDA:16,7,1,638
BRDA:17,8,0,676
BRDA:17,8,1,70
BRDA:22,9,0,69
BRDA:22,9,1,677
BRDA:22,10,0,351
BRDA:22,10,1,326
BRDA:30,11,0,213
BRDA:30,11,1,533
BRF:17
BRH:17
end_of_record
TN:
SF:src/_components/icon/add-icon/AddIcon.js
FN:5,(anonymous_0)
FNF:1
FNH:1
FNDA:72,(anonymous_0)
DA:5,12
DA:6,72
LF:2
LH:2
BRF:0
BRH:0
end_of_record
TN:
SF:src/_components/instructions/Instructions.js
FN:7,(anonymous_0)
FN:8,(anonymous_1)
FN:9,(anonymous_2)
FNF:3
FNH:2
FNDA:22,(anonymous_0)
FNDA:35,(anonymous_1)
FNDA:0,(anonymous_2)
DA:7,13
DA:8,35
DA:9,22
DA:10,22
LF:4
LH:4
BRF:0
BRH:0
end_of_record
TN:
SF:src/_components/keyboard/Keyboard.js
FN:7,(anonymous_0)
FNF:1
FNH:1
FNDA:42,(anonymous_0)
DA:7,9
DA:8,42
LF:2
LH:2
BRF:0
BRH:0
end_of_record
TN:
SF:src/_components/option/Options.js
FN:3,(anonymous_0)
FNF:1
FNH:1
FNDA:73,(anonymous_0)
DA:3,15
DA:4,73
LF:2
LH:2
BRDA:3,0,0,2
BRF:1
BRH:1
end_of_record
TN:
SF:src/_components/popup/Popup.js
FN:8,(anonymous_0)
FN:11,(anonymous_1)
FNF:2
FNH:2
FNDA:12,(anonymous_0)
FNDA:4,(anonymous_1)
DA:8,4
DA:9,12
DA:11,12
DA:12,4
DA:14,4
DA:16,4
DA:17,1
DA:22,12
LF:8
LH:8
BRDA:12,0,0,4
BRDA:12,0,1,0
BRDA:14,1,0,4
BRDA:14,1,1,3
BRDA:16,2,0,1
BRDA:16,2,1,3
BRDA:22,3,0,5
BRDA:22,3,1,7
BRDA:25,4,0,0
BRDA:25,4,1,5
BRF:10
BRH:8
end_of_record
TN:
SF:src/_components/popup/finished/Finished.js
FN:9,(anonymous_0)
FN:12,(anonymous_1)
FNF:2
FNH:0
FNDA:0,(anonymous_0)
FNDA:0,(anonymous_1)
DA:9,6
DA:10,0
DA:12,0
DA:13,0
DA:19,0
LF:5
LH:1
BRDA:9,0,0,0
BRF:1
BRH:0
end_of_record
TN:
SF:src/_components/report-card/ReportCard.js
FN:9,(anonymous_0)
FN:11,(anonymous_1)
FN:24,(anonymous_2)
FNF:3
FNH:2
FNDA:2,(anonymous_0)
FNDA:12,(anonymous_1)
FNDA:0,(anonymous_2)
DA:9,14
DA:10,2
DA:11,2
DA:12,12
DA:13,12
DA:24,2
DA:25,0
DA:27,2
LF:8
LH:7
BRDA:9,0,0,0
BRF:1
BRH:0
end_of_record
TN:
SF:src/_components/report-card/score/Score.js
FN:5,(anonymous_0)
FN:6,(anonymous_1)
FNF:2
FNH:2
FNDA:14,(anonymous_0)
FNDA:14,(anonymous_1)
DA:5,15
DA:6,14
DA:7,14
DA:8,14
DA:9,14
DA:10,56
DA:11,56
DA:12,4
DA:13,4
DA:14,4
DA:18,52
DA:21,14
DA:24,14
LF:13
LH:13
BRDA:10,0,0,14
BRDA:10,0,1,42
BRDA:10,1,0,14
BRDA:10,1,1,28
BRDA:11,2,0,4
BRDA:11,2,1,52
BRF:6
BRH:6
end_of_record
TN:
SF:src/_components/toggle/Toggle.js
FN:3,(anonymous_0)
FNF:1
FNH:1
FNDA:38,(anonymous_0)
DA:3,12
DA:4,38
LF:2
LH:2
BRDA:3,0,0,10
BRDA:7,1,0,27
BRDA:7,1,1,11
BRDA:14,2,0,28
BRDA:14,2,1,10
BRF:5
BRH:5
end_of_record
TN:
SF:src/_components/too-small/TooSmall.js
FN:3,(anonymous_0)
FNF:1
FNH:1
FNDA:2,(anonymous_0)
DA:3,4
DA:4,2
LF:2
LH:2
BRF:0
BRH:0
end_of_record
TN:
SF:src/_components/video/Video.js
FN:3,(anonymous_0)
FNF:1
FNH:1
FNDA:2,(anonymous_0)
DA:3,10
DA:4,2
LF:2
LH:2
BRF:0
BRH:0
end_of_record
TN:
SF:src/_components/window/Window.js
FN:3,(anonymous_0)
FNF:1
FNH:1
FNDA:39,(anonymous_0)
DA:3,11
DA:4,39
DA:5,39
LF:3
LH:3
BRDA:3,0,0,32
BRDA:4,1,0,7
BRDA:4,1,1,32
BRF:3
BRH:3
end_of_record
TN:
SF:src/_components/window-nav/WindowNavbar.js
FN:13,(anonymous_0)
FN:14,(anonymous_1)
FN:19,(anonymous_2)
FN:20,(anonymous_3)
FN:24,(anonymous_4)
FN:25,(anonymous_5)
FNF:6
FNH:5
FNDA:239,(anonymous_0)
FNDA:375,(anonymous_1)
FNDA:144,(anonymous_2)
FNDA:144,(anonymous_3)
FNDA:0,(anonymous_4)
FNDA:478,(anonymous_5)
DA:13,31
DA:14,375
DA:15,239
DA:16,239
DA:17,239
DA:19,239
DA:20,144
DA:24,239
DA:25,478
DA:28,239
DA:47,239
DA:57,239
LF:12
LH:12
BRDA:13,0,0,203
BRDA:13,1,0,41
BRDA:25,2,0,239
BRDA:25,2,1,239
BRDA:48,3,0,183
BRDA:48,3,1,56
BRDA:50,4,0,36
BRDA:50,4,1,203
BRDA:53,5,0,183
BRDA:53,5,1,56
BRDA:57,6,0,194
BRDA:57,6,1,45
BRF:12
BRH:12
end_of_record
TN:
SF:src/_components/window-nav/back-arrow/BackArrow.js
FN:7,(anonymous_0)
FN:9,(anonymous_1)
FNF:2
FNH:1
FNDA:47,(anonymous_0)
FNDA:0,(anonymous_1)
DA:7,32
DA:8,47
DA:9,47
DA:10,47
LF:4
LH:4
BRF:0
BRH:0
end_of_record
TN:
SF:src/_context/PlayContext.js
FN:5,(anonymous_0)
FNF:1
FNH:1
FNDA:299,(anonymous_0)
DA:3,93
DA:5,93
DA:6,299
DA:8,299
LF:4
LH:4
BRF:0
BRH:0
end_of_record
TN:
SF:src/_context/PopupContext.js
FN:5,(anonymous_0)
FNF:1
FNH:1
FNDA:247,(anonymous_0)
DA:3,93
DA:5,93
DA:6,247
DA:8,247
LF:4
LH:4
BRF:0
BRH:0
end_of_record
TN:
SF:src/_context/global.js
FN:5,(anonymous_0)
FNF:1
FNH:1
FNDA:238,(anonymous_0)
DA:5,93
DA:6,238
LF:2
LH:2
BRF:0
BRH:0
end_of_record
TN:
SF:src/_data/_activities/activityList.js
FNF:0
FNH:0
DA:10,17
DA:11,17
DA:23,17
DA:25,17
DA:36,17
DA:47,17
DA:58,17
DA:68,17
DA:78,17
DA:89,17
DA:100,17
DA:111,17
DA:122,17
LF:13
LH:13
BRF:0
BRH:0
end_of_record
TN:
SF:src/_data/_report-cards/colorsForProgressBar.js
FNF:0
FNH:0
DA:7,19
DA:10,19
DA:13,19
DA:14,19
DA:35,19
DA:37,19
DA:43,19
DA:49,19
LF:8
LH:8
BRF:0
BRH:0
end_of_record
TN:
SF:src/_data/_report-cards/initialReportCards.js
FNF:0
FNH:0
DA:8,18
DA:47,18
LF:2
LH:2
BRF:0
BRH:0
end_of_record
TN:
SF:src/_data/_utils/colorOrder.js
FNF:0
FNH:0
DA:3,32
LF:1
LH:1
BRF:0
BRH:0
end_of_record
TN:
SF:src/_data/color-theory/colorWheel.js
FNF:0
FNH:0
DA:3,97
DA:8,97
LF:2
LH:2
BRF:0
BRH:0
end_of_record
TN:
SF:src/_data/color-theory/colors.js
FNF:0
FNH:0
DA:3,97
DA:71,97
DA:72,1164
LF:3
LH:3
BRF:0
BRH:0
end_of_record
TN:
SF:src/_data/color-theory/levels.js
FNF:0
FNH:0
DA:1,7
DA:3,7
LF:2
LH:2
BRF:0
BRH:0
end_of_record
TN:
SF:src/_data/free-paint/colors.js
FNF:0
FNH:0
DA:1,94
DA:10,94
LF:2
LH:2
BRF:0
BRH:0
end_of_record
TN:
SF:src/_data/free-paint/freePaintOptions.js
FN:7,(anonymous_0)
FN:8,(anonymous_1)
FN:9,(anonymous_2)
FNF:3
FNH:3
FNDA:208,(anonymous_0)
FNDA:208,(anonymous_1)
FNDA:80,(anonymous_2)
DA:6,8
DA:7,208
DA:8,208
DA:9,80
LF:4
LH:4
BRF:0
BRH:0
end_of_record
TN:
SF:src/_data/instrument-id/learnInstrumentOptions.js
FNF:0
FNH:0
DA:4,100
DA:27,100
LF:2
LH:2
BRF:0
BRH:0
end_of_record
TN:
SF:src/_data/jump-into-rhythm/noteInfo.js
FNF:0
FNH:0
DA:7,7
LF:1
LH:1
BRF:0
BRH:0
end_of_record
TN:
SF:src/_data/mood-meter/batteries.js
FNF:0
FNH:0
DA:3,7
DA:6,7
DA:9,7
DA:13,7
DA:14,7
DA:15,7
DA:17,7
LF:7
LH:7
BRF:0
BRH:0
end_of_record
TN:
SF:src/_data/mood-meter/faces.js
FNF:0
FNH:0
DA:5,7
LF:1
LH:1
BRF:0
BRH:0
end_of_record
TN:
SF:src/_data/mood-meter/moods.js
FNF:0
FNH:0
DA:18,6
LF:1
LH:1
BRF:0
BRH:0
end_of_record
TN:
SF:src/_data/music-decoder/letterNotes.js
FNF:0
FNH:0
DA:6,9
LF:1
LH:1
BRF:0
BRH:0
end_of_record
TN:
SF:src/_data/score-keeper/operations.js
FN:2,(anonymous_0)
FN:3,(anonymous_1)
FNF:2
FNH:2
FNDA:12,(anonymous_0)
FNDA:8,(anonymous_1)
DA:1,94
DA:2,12
DA:3,8
LF:3
LH:3
BRF:0
BRH:0
end_of_record
TN:
SF:src/_data/sequence-maker/soundInfo.js
FNF:0
FNH:0
DA:3,94
DA:9,94
LF:2
LH:2
BRF:0
BRH:0
end_of_record
TN:
SF:src/_data/time-keeper/timeBlocks.js
FNF:0
FNH:0
DA:9,95
DA:27,95
LF:2
LH:2
BRF:0
BRH:0
end_of_record
TN:
SF:src/_hooks/form-fields/useFormFields.js
FN:3,(anonymous_0)
FN:6,(anonymous_1)
FN:8,(anonymous_2)
FN:11,(anonymous_3)
FN:15,(anonymous_4)
FN:16,(anonymous_5)
FNF:6
FNH:6
FNDA:78,(anonymous_0)
FNDA:46,(anonymous_1)
FNDA:46,(anonymous_2)
FNDA:3,(anonymous_3)
FNDA:1,(anonymous_4)
FNDA:1,(anonymous_5)
DA:3,15
DA:4,78
DA:6,78
DA:7,46
DA:8,46
DA:11,78
DA:12,3
DA:15,78
DA:16,1
DA:19,78
LF:10
LH:10
BRDA:15,0,0,0
BRF:1
BRH:0
end_of_record
TN:
SF:src/_hooks/report-card/useReportCard.js
FN:5,(anonymous_0)
FN:14,(anonymous_1)
FNF:2
FNH:2
FNDA:37,(anonymous_0)
FNDA:25,(anonymous_1)
DA:5,16
DA:6,37
DA:7,37
DA:9,37
DA:10,37
DA:14,37
DA:15,25
DA:18,37
LF:8
LH:8
BRDA:5,0,0,19
BRDA:6,1,0,18
BRDA:6,1,1,19
BRDA:11,2,0,28
BRDA:11,2,1,9
BRF:5
BRH:5
end_of_record
TN:
SF:src/_hooks/roster/useRoster.js
FN:3,(anonymous_0)
FN:7,(anonymous_1)
FNF:2
FNH:2
FNDA:9,(anonymous_0)
FNDA:9,(anonymous_1)
DA:3,8
DA:4,9
DA:5,9
DA:7,9
DA:8,9
DA:11,9
LF:6
LH:6
BRDA:4,0,0,9
BRDA:4,0,1,0
BRF:2
BRH:1
end_of_record
TN:
SF:src/_hooks/saved-songs/useSavedSongs.js
FN:3,(anonymous_0)
FN:10,(anonymous_1)
FNF:2
FNH:2
FNDA:46,(anonymous_0)
FNDA:12,(anonymous_1)
DA:3,11
DA:5,46
DA:6,46
DA:10,46
DA:11,12
DA:17,46
LF:6
LH:6
BRDA:5,0,0,46
BRDA:5,0,1,4
BRDA:7,1,0,1
BRDA:7,1,1,45
BRF:4
BRH:4
end_of_record
TN:
SF:src/_hooks/visited/useVisited.js
FN:3,(anonymous_0)
FN:8,(anonymous_1)
FNF:2
FNH:2
FNDA:155,(anonymous_0)
FNDA:48,(anonymous_1)
DA:3,16
DA:4,155
DA:5,155
DA:6,155
DA:8,155
DA:9,48
DA:12,155
LF:7
LH:7
BRDA:3,0,0,6
BRDA:4,1,0,149
BRDA:4,1,1,6
BRDA:5,2,0,155
BRDA:5,2,1,30
BRF:5
BRH:5
end_of_record
TN:
SF:src/_media/_general/lock-icons/lockIconImports.js
FNF:0
FNH:0
LF:0
LH:0
BRF:0
BRH:0
end_of_record
TN:
SF:src/_media/_general/report-card-bar/iconImports.js
FNF:0
FNH:0
LF:0
LH:0
BRF:0
BRH:0
end_of_record
TN:
SF:src/_media/instrument-id/_icons/iconImports.js
FNF:0
FNH:0
LF:0
LH:0
BRF:0
BRH:0
end_of_record
TN:
SF:src/_media/instrument-id/_melodies-rhythms/melodies.js
FNF:0
FNH:0
DA:1,9
DA:20,9
DA:53,9
DA:74,9
DA:97,9
LF:5
LH:5
BRF:0
BRH:0
end_of_record
TN:
SF:src/_media/instrument-id/_melodies-rhythms/rhythms.js
FNF:0
FNH:0
DA:1,9
DA:36,9
DA:103,9
LF:3
LH:3
BRF:0
BRH:0
end_of_record
TN:
SF:src/_media/instrument-id/_sounds/soundImports.js
FNF:0
FNH:0
DA:68,100
DA:76,100
DA:84,100
DA:92,100
DA:100,100
DA:108,100
LF:6
LH:6
BRF:0
BRH:0
end_of_record
TN:
SF:src/_media/jump-into-rhythm/_icons/notes/noteImports.js
FNF:0
FNH:0
LF:0
LH:0
BRF:0
BRH:0
end_of_record
TN:
SF:src/_media/jump-into-rhythm/frogs/frogs.js
FNF:0
FNH:0
LF:0
LH:0
BRF:0
BRH:0
end_of_record
TN:
SF:src/_media/sequence-maker/soundImageImports.js
FNF:0
FNH:0
DA:35,94
DA:47,94
LF:2
LH:2
BRF:0
BRH:0
end_of_record
TN:
SF:src/_redux/rootReducer.js
FNF:0
FNH:0
DA:23,93
LF:1
LH:1
BRF:0
BRH:0
end_of_record
TN:
SF:src/_redux/_general/generalActions.js
FNF:0
FNH:0
DA:3,94
DA:4,94
DA:5,94
LF:3
LH:3
BRF:0
BRH:0
end_of_record
TN:
SF:src/_redux/_general/generalReducer.js
FN:10,(anonymous_0)
FN:12,(anonymous_1)
FN:15,(anonymous_2)
FN:18,(anonymous_3)
FNF:4
FNH:4
FNDA:94,(anonymous_0)
FNDA:2,(anonymous_1)
FNDA:79,(anonymous_2)
FNDA:1,(anonymous_3)
DA:4,94
DA:10,94
DA:11,94
DA:13,2
DA:16,79
DA:19,1
LF:6
LH:6
BRF:0
BRH:0
end_of_record
TN:
SF:src/_redux/color-theory/color-wheel/colorWheelActions.js
FNF:0
FNH:0
DA:1,94
DA:3,94
DA:4,94
DA:5,94
DA:6,94
DA:7,94
DA:8,94
LF:7
LH:7
BRF:0
BRH:0
end_of_record
TN:
SF:src/_redux/color-theory/color-wheel/colorWheelReducer.js
FN:7,(anonymous_0)
FN:9,(anonymous_1)
FN:20,(anonymous_2)
FN:27,(anonymous_3)
FN:33,(anonymous_4)
FN:43,(anonymous_5)
FN:49,(anonymous_6)
FNF:7
FNH:7
FNDA:94,(anonymous_0)
FNDA:6,(anonymous_1)
FNDA:2,(anonymous_2)
FNDA:1,(anonymous_3)
FNDA:4,(anonymous_4)
FNDA:1,(anonymous_5)
FNDA:8,(anonymous_6)
DA:5,94
DA:7,94
DA:8,94
DA:10,6
DA:11,6
DA:12,6
DA:13,72
DA:14,18
DA:15,18
DA:18,6
DA:21,2
DA:22,2
DA:23,24
DA:25,2
DA:28,1
DA:29,1
DA:30,1
DA:31,1
DA:34,4
DA:35,4
DA:36,4
DA:37,48
DA:38,12
DA:41,4
DA:44,1
DA:45,1
DA:46,1
DA:47,1
DA:50,8
LF:29
LH:29
BRDA:13,0,0,18
BRDA:13,0,1,54
BRDA:37,1,0,12
BRDA:37,1,1,36
BRF:4
BRH:4
end_of_record
TN:
SF:src/_redux/free-paint/freePaintActions.js
FNF:0
FNH:0
DA:3,94
DA:4,94
DA:5,94
DA:6,94
DA:7,94
DA:8,94
DA:9,94
LF:7
LH:7
BRF:0
BRH:0
end_of_record
TN:
SF:src/_redux/free-paint/freePaintReducer.js
FN:22,(anonymous_0)
FN:24,(anonymous_1)
FN:30,(anonymous_2)
FN:33,(anonymous_3)
FN:36,(anonymous_4)
FN:39,(anonymous_5)
FN:42,(anonymous_6)
FN:45,(anonymous_7)
FNF:8
FNH:8
FNDA:94,(anonymous_0)
FNDA:1,(anonymous_1)
FNDA:8,(anonymous_2)
FNDA:2,(anonymous_3)
FNDA:3,(anonymous_4)
FNDA:2,(anonymous_5)
FNDA:2,(anonymous_6)
FNDA:31,(anonymous_7)
DA:13,94
DA:22,94
DA:23,94
DA:25,1
DA:26,1
DA:27,1
DA:28,1
DA:31,8
DA:34,2
DA:37,3
DA:40,2
DA:43,2
DA:46,31
DA:47,31
DA:48,31
DA:49,31
DA:50,31
LF:17
LH:17
BRF:0
BRH:0
end_of_record
TN:
SF:src/_redux/instrument-id/listening-skills/listeningSkillsTestActions.js
FNF:0
FNH:0
DA:4,95
DA:5,95
DA:6,95
LF:3
LH:3
BRF:0
BRH:0
end_of_record
TN:
SF:src/_redux/instrument-id/listening-skills/listeningSkillsTestReducer.js
FN:16,(anonymous_0)
FN:18,(anonymous_1)
FN:30,(anonymous_2)
FN:35,(anonymous_3)
FNF:4
FNH:4
FNDA:95,(anonymous_0)
FNDA:7,(anonymous_1)
FNDA:3,(anonymous_2)
FNDA:6,(anonymous_3)
DA:10,95
DA:16,95
DA:17,95
DA:19,7
DA:20,7
DA:21,7
DA:23,7
DA:24,2
DA:26,5
DA:27,5
DA:31,3
DA:32,3
DA:33,3
DA:36,6
DA:37,6
DA:38,6
LF:16
LH:16
BRDA:23,0,0,2
BRDA:23,0,1,5
BRDA:23,1,0,7
BRDA:23,1,1,2
BRDA:33,2,0,2
BRDA:33,2,1,1
BRF:6
BRH:6
end_of_record
TN:
SF:src/_redux/instrument-id/song-maker/songMakerActions.js
FNF:0
FNH:0
DA:3,95
DA:4,95
DA:5,95
DA:6,95
DA:7,95
DA:8,95
LF:6
LH:6
BRF:0
BRH:0
end_of_record
TN:
SF:src/_redux/instrument-id/song-maker/songMakerReducer.js
FN:25,(anonymous_0)
FN:27,(anonymous_1)
FN:31,(anonymous_2)
FN:35,(anonymous_3)
FN:48,(anonymous_4)
FN:56,(anonymous_5)
FN:59,(anonymous_6)
FNF:7
FNH:7
FNDA:95,(anonymous_0)
FNDA:4,(anonymous_1)
FNDA:1,(anonymous_2)
FNDA:10,(anonymous_3)
FNDA:5,(anonymous_4)
FNDA:2,(anonymous_5)
FNDA:1,(anonymous_6)
DA:13,95
DA:19,95
DA:25,95
DA:26,95
DA:28,4
DA:29,4
DA:32,1
DA:33,1
DA:36,10
DA:37,10
DA:38,10
DA:39,10
DA:40,10
DA:44,10
DA:45,10
DA:46,10
DA:49,5
DA:50,5
DA:54,5
DA:57,2
DA:60,1
DA:61,1
DA:62,1
LF:23
LH:23
BRDA:40,0,0,9
BRDA:40,0,1,1
BRDA:44,1,0,0
BRDA:44,1,1,10
BRF:4
BRH:3
end_of_record
TN:
SF:src/_redux/jump-into-rhythm/jumpIntoRhythmActions.js
FNF:0
FNH:0
DA:3,94
DA:4,94
DA:5,94
DA:6,94
DA:7,94
DA:8,94
LF:6
LH:6
BRF:0
BRH:0
end_of_record
TN:
SF:src/_redux/jump-into-rhythm/jumpIntoRhythmReducer.js
FN:17,(anonymous_0)
FN:19,(anonymous_1)
FN:28,(anonymous_2)
FN:34,(anonymous_3)
FN:46,(anonymous_4)
FN:49,(anonymous_5)
FN:52,(anonymous_6)
FNF:7
FNH:7
FNDA:94,(anonymous_0)
FNDA:8,(anonymous_1)
FNDA:1,(anonymous_2)
FNDA:5,(anonymous_3)
FNDA:2,(anonymous_4)
FNDA:2,(anonymous_5)
FNDA:31,(anonymous_6)
DA:11,94
DA:17,94
DA:18,94
DA:20,8
DA:21,8
DA:23,8
DA:24,8
DA:25,8
DA:26,8
DA:29,1
DA:30,1
DA:31,1
DA:32,1
DA:35,5
DA:36,5
DA:38,5
DA:40,5
DA:41,4
DA:42,16
DA:43,16
DA:47,2
DA:50,2
DA:53,31
DA:54,31
DA:55,31
LF:25
LH:25
BRDA:21,0,0,0
BRDA:21,0,1,8
BRDA:38,1,0,5
BRDA:38,1,1,2
BRDA:38,1,2,4
BRDA:38,1,3,1
BRDA:40,2,0,1
BRDA:40,2,1,4
BRDA:42,3,0,12
BRDA:42,3,1,4
BRF:10
BRH:9
end_of_record
TN:
SF:src/_redux/mood-meter/moodMeterActions.js
FNF:0
FNH:0
DA:3,94
DA:4,94
DA:5,94
LF:3
LH:3
BRF:0
BRH:0
end_of_record
TN:
SF:src/_redux/mood-meter/moodMeterReducer.js
FN:9,(anonymous_0)
FN:11,(anonymous_1)
FN:14,(anonymous_2)
FN:17,(anonymous_3)
FNF:4
FNH:4
FNDA:94,(anonymous_0)
FNDA:6,(anonymous_1)
FNDA:6,(anonymous_2)
FNDA:1,(anonymous_3)
DA:4,94
DA:9,94
DA:10,94
DA:12,6
DA:15,6
DA:18,1
DA:19,1
LF:7
LH:7
BRF:0
BRH:0
end_of_record
TN:
SF:src/_redux/music-decoder/musicDecoderActions.js
FNF:0
FNH:0
DA:3,94
DA:4,94
DA:5,94
DA:6,94
DA:7,94
DA:8,94
DA:9,94
LF:7
LH:7
BRF:0
BRH:0
end_of_record
TN:
SF:src/_redux/music-decoder/musicDecoderReducer.js
FN:23,(anonymous_0)
FN:25,(anonymous_1)
FN:45,(anonymous_2)
FN:50,(anonymous_3)
FN:53,(anonymous_4)
FN:56,(anonymous_5)
FN:59,(anonymous_6)
FN:62,(anonymous_7)
FNF:8
FNH:7
FNDA:94,(anonymous_0)
FNDA:12,(anonymous_1)
FNDA:3,(anonymous_2)
FNDA:1,(anonymous_3)
FNDA:0,(anonymous_4)
FNDA:4,(anonymous_5)
FNDA:1,(anonymous_6)
FNDA:31,(anonymous_7)
DA:14,94
DA:23,94
DA:24,94
DA:26,12
DA:27,12
DA:28,0
DA:29,0
DA:30,0
DA:33,12
DA:34,12
DA:35,0
DA:39,0
DA:40,0
DA:41,0
DA:43,12
DA:46,3
DA:47,3
DA:48,3
DA:51,1
DA:54,0
DA:57,4
DA:60,1
DA:63,31
DA:64,31
DA:65,31
DA:66,31
DA:67,31
LF:27
LH:19
BRDA:27,0,0,0
BRDA:27,0,1,12
BRDA:34,1,0,0
BRDA:34,1,1,12
BRF:4
BRH:2
end_of_record
TN:
SF:src/_redux/score-keeper/scoreKeeperActions.js
FNF:0
FNH:0
DA:3,94
DA:4,94
DA:5,94
LF:3
LH:3
BRF:0
BRH:0
end_of_record
TN:
SF:src/_redux/score-keeper/scoreKeeperReducer.js
FN:11,(anonymous_0)
FN:13,(anonymous_1)
FN:14,(anonymous_2)
FN:20,(anonymous_3)
FN:25,(anonymous_4)
FN:33,(anonymous_5)
FNF:6
FNH:6
FNDA:94,(anonymous_0)
FNDA:7,(anonymous_1)
FNDA:26,(anonymous_2)
FNDA:20,(anonymous_3)
FNDA:35,(anonymous_4)
FNDA:31,(anonymous_5)
DA:7,94
DA:11,94
DA:12,94
DA:14,26
DA:18,7
DA:21,20
DA:22,20
DA:23,20
DA:24,20
DA:25,35
DA:27,20
DA:28,20
DA:29,20
DA:30,20
DA:31,20
DA:34,31
LF:16
LH:16
BRDA:29,0,0,2
BRDA:29,0,1,18
BRF:2
BRH:2
end_of_record
TN:
SF:src/_redux/sequence-maker/sequenceMakerActions.js
FNF:0
FNH:0
DA:3,94
DA:4,94
DA:5,94
DA:6,94
DA:7,94
DA:8,94
DA:9,94
DA:10,94
LF:8
LH:8
BRF:0
BRH:0
end_of_record
TN:
SF:src/_redux/sequence-maker/sequenceMakerReducer.js
FN:23,(anonymous_0)
FN:25,(anonymous_1)
FN:28,(anonymous_2)
FN:39,(anonymous_3)
FN:45,(anonymous_4)
FN:49,(anonymous_5)
FN:52,(anonymous_6)
FN:55,(anonymous_7)
FN:60,(anonymous_8)
FN:62,(anonymous_9)
FNF:10
FNH:10
FNDA:94,(anonymous_0)
FNDA:7,(anonymous_1)
FNDA:13,(anonymous_2)
FNDA:1,(anonymous_3)
FNDA:2,(anonymous_4)
FNDA:1,(anonymous_5)
FNDA:1,(anonymous_6)
FNDA:12,(anonymous_7)
FNDA:29,(anonymous_8)
FNDA:31,(anonymous_9)
DA:15,94
DA:23,94
DA:24,94
DA:26,7
DA:29,13
DA:30,13
DA:31,13
DA:32,13
DA:37,13
DA:40,1
DA:41,1
DA:42,1
DA:43,1
DA:46,2
DA:47,2
DA:50,1
DA:53,1
DA:56,12
DA:57,12
DA:58,12
DA:59,12
DA:60,29
DA:63,31
DA:64,31
DA:65,31
DA:66,31
LF:26
LH:26
BRDA:31,0,0,0
BRDA:31,0,1,13
BRDA:60,1,0,29
BRDA:60,1,1,17
BRF:4
BRH:3
end_of_record
TN:
SF:src/_redux/settings/settingsActions.js
FNF:0
FNH:0
DA:3,94
DA:4,94
DA:5,94
DA:6,94
LF:4
LH:4
BRF:0
BRH:0
end_of_record
TN:
SF:src/_redux/settings/settingsReducer.js
FN:24,(anonymous_0)
FN:26,(anonymous_1)
FN:29,(anonymous_2)
FN:32,(anonymous_3)
FN:35,(anonymous_4)
FNF:5
FNH:5
FNDA:94,(anonymous_0)
FNDA:1,(anonymous_1)
FNDA:1,(anonymous_2)
FNDA:1,(anonymous_3)
FNDA:1,(anonymous_4)
DA:9,94
DA:14,94
DA:24,94
DA:25,94
DA:27,1
DA:30,1
DA:33,1
DA:36,1
LF:8
LH:8
BRF:0
BRH:0
end_of_record
TN:
SF:src/_redux/time-keeper/timeKeeperActions.js
FNF:0
FNH:0
DA:3,94
DA:4,94
LF:2
LH:2
BRF:0
BRH:0
end_of_record
TN:
SF:src/_redux/time-keeper/timeKeeperReducer.js
FN:11,(anonymous_0)
FN:13,(anonymous_1)
FN:21,(anonymous_2)
FN:23,(anonymous_3)
FNF:4
FNH:2
FNDA:94,(anonymous_0)
FNDA:0,(anonymous_1)
FNDA:0,(anonymous_2)
FNDA:2,(anonymous_3)
DA:5,94
DA:11,94
DA:12,94
DA:14,0
DA:15,0
DA:16,0
DA:19,0
DA:20,0
DA:21,0
DA:24,2
LF:10
LH:4
BRDA:16,0,0,0
BRDA:16,0,1,0
BRF:2
BRH:0
end_of_record
TN:
SF:src/_routes/ArtBuddyRoutes.js
FN:13,(anonymous_0)
FNF:1
FNH:1
FNDA:5,(anonymous_0)
DA:13,4
DA:14,5
LF:2
LH:2
BRF:0
BRH:0
end_of_record
TN:
SF:src/_routes/routeUrls.js
FNF:0
FNH:0
DA:1,27
DA:17,27
DA:27,27
LF:3
LH:3
BRF:0
BRH:0
end_of_record
TN:
SF:src/_routes/_not-found/NotFound.js
FN:7,(anonymous_0)
FN:9,(anonymous_1)
FNF:2
FNH:1
FNDA:3,(anonymous_0)
FNDA:0,(anonymous_1)
DA:7,5
DA:8,3
DA:9,3
DA:11,3
LF:4
LH:4
BRF:0
BRH:0
end_of_record
TN:
SF:src/_routes/art/ArtRoutes.js
FN:11,(anonymous_0)
FNF:1
FNH:1
FNDA:8,(anonymous_0)
DA:11,5
DA:12,8
LF:2
LH:2
BRF:0
BRH:0
end_of_record
TN:
SF:src/_routes/art/color-theory/ColorTheoryRoutes.js
FN:11,(anonymous_0)
FNF:1
FNH:1
FNDA:17,(anonymous_0)
DA:11,6
DA:12,17
LF:2
LH:2
BRF:0
BRH:0
end_of_record
TN:
SF:src/_routes/menu/MenuRoutes.js
FN:10,(anonymous_0)
FNF:1
FNH:1
FNDA:9,(anonymous_0)
DA:10,5
DA:11,9
LF:2
LH:2
BRF:0
BRH:0
end_of_record
TN:
SF:src/_routes/music/MusicRoutes.js
FN:13,(anonymous_0)
FNF:1
FNH:1
FNDA:10,(anonymous_0)
DA:13,5
DA:14,10
LF:2
LH:2
BRF:0
BRH:0
end_of_record
TN:
SF:src/_routes/music/instrument-id/InstrumentIdRoutes.js
FN:15,(anonymous_0)
FNF:1
FNH:1
FNDA:18,(anonymous_0)
DA:15,6
DA:16,18
LF:2
LH:2
BRF:0
BRH:0
end_of_record
TN:
SF:src/_routes/tools/ToolsRoutes.js
FN:10,(anonymous_0)
FNF:1
FNH:1
FNDA:9,(anonymous_0)
DA:10,5
DA:11,9
LF:2
LH:2
BRF:0
BRH:0
end_of_record
TN:
SF:src/_testUtils/render.js
FN:8,withProvider
FN:18,renderWithProvider
FN:22,(anonymous_2)
FNF:3
FNH:3
FNDA:241,withProvider
FNDA:238,renderWithProvider
FNDA:241,(anonymous_2)
DA:9,241
DA:19,238
DA:20,238
DA:21,238
DA:22,241
LF:5
LH:5
BRDA:19,0,0,8
BRDA:19,0,1,230
BRDA:19,1,0,238
BRDA:19,1,1,43
BRDA:20,2,0,35
BRDA:20,2,1,203
BRDA:20,3,0,238
BRDA:20,3,1,43
BRF:8
BRH:8
end_of_record
TN:
SF:src/_testUtils/mocks/fileMock.js
FNF:0
FNH:0
DA:1,106
LF:1
LH:1
BRF:0
BRH:0
end_of_record
TN:
SF:src/_testUtils/mocks/styleMock.js
FNF:0
FNH:0
DA:1,93
LF:1
LH:1
BRF:0
BRH:0
end_of_record
TN:
SF:src/_testUtils/mocks/timeMock.js
FN:4,(anonymous_0)
FN:10,(anonymous_1)
FN:20,(anonymous_2)
FN:21,(anonymous_3)
FN:24,(anonymous_4)
FNF:5
FNH:5
FNDA:4,(anonymous_0)
FNDA:4,(anonymous_1)
FNDA:2,(anonymous_2)
FNDA:4,(anonymous_3)
FNDA:3,(anonymous_4)
DA:5,4
DA:6,4
DA:7,4
DA:11,4
DA:12,4
DA:13,12
DA:14,12
DA:15,12
DA:16,12
DA:21,4
DA:25,3
LF:11
LH:11
BRDA:10,0,0,0
BRF:1
BRH:0
end_of_record
TN:
SF:src/_testUtils/setup-functions/ListeningSkillsTestSetup.js
FN:4,setupChoices
FNF:1
FNH:1
FNDA:2,setupChoices
DA:5,2
DA:6,2
DA:8,2
DA:9,2
DA:10,2
DA:11,2
LF:6
LH:6
BRF:0
BRH:0
end_of_record
TN:
SF:src/_testUtils/setup-functions/instrumentIdReducerTestSetup.js
FN:6,setupChoices
FN:13,setupInstrument
FNF:2
FNH:2
FNDA:3,setupChoices
FNDA:8,setupInstrument
DA:7,3
DA:8,3
DA:9,3
DA:10,3
DA:14,8
DA:15,8
DA:16,8
LF:7
LH:7
BRDA:13,0,0,8
BRDA:14,1,0,1
BRDA:14,1,1,7
BRF:3
BRH:3
end_of_record
TN:
SF:src/_testUtils/test-states/jumpIntoRhythmReducerTestState.js
FNF:0
FNH:0
DA:3,1
LF:1
LH:1
BRF:0
BRH:0
end_of_record
TN:
SF:src/_testUtils/test-states/musicDecoderReducerTestState.js
FNF:0
FNH:0
DA:3,1
LF:1
LH:1
BRF:0
BRH:0
end_of_record
TN:
SF:src/_testUtils/test-states/scoreKeeperReducerTestState.js
FNF:0
FNH:0
DA:3,1
LF:1
LH:1
BRF:0
BRH:0
end_of_record
TN:
SF:src/_testUtils/test-states/sequenceMakerReducerTestState.js
FNF:0
FNH:0
DA:3,1
LF:1
LH:1
BRF:0
BRH:0
end_of_record
TN:
SF:src/_utils/_general/convertToId.js
FN:5,convertToId
FNF:1
FNH:1
FNDA:10,convertToId
DA:6,10
DA:7,10
DA:8,10
DA:9,2
DA:10,2
DA:11,2
DA:13,10
LF:7
LH:7
BRF:0
BRH:0
end_of_record
TN:
SF:src/_utils/_general/getRoutes.js
FN:5,getRoutes
FNF:1
FNH:1
FNDA:38,getRoutes
DA:6,38
LF:1
LH:1
BRF:0
BRH:0
end_of_record
TN:
SF:src/_utils/_general/prependBrightnessAndSaturation.js
FN:4,prependBrightnessAndSaturation
FNF:1
FNH:1
FNDA:1261,prependBrightnessAndSaturation
DA:5,1261
LF:1
LH:1
BRF:0
BRH:0
end_of_record
TN:
SF:src/_utils/_report-card/checkHasPassed.js
FN:5,checkHasPassed
FN:7,(anonymous_1)
FN:9,(anonymous_2)
FNF:3
FNH:3
FNDA:28,checkHasPassed
FNDA:138,(anonymous_1)
FNDA:34,(anonymous_2)
DA:6,28
DA:7,138
DA:9,34
LF:3
LH:3
BRDA:5,0,0,5
BRDA:6,1,0,23
BRDA:6,1,1,5
BRF:3
BRH:3
end_of_record
TN:
SF:src/_utils/_report-card/updateReportCard.js
FN:6,updateReportCard
FN:8,(anonymous_1)
FNF:2
FNH:2
FNDA:4,updateReportCard
FNDA:3,(anonymous_1)
DA:7,4
DA:8,4
DA:9,4
LF:3
LH:3
BRDA:8,0,0,1
BRDA:8,0,1,3
BRF:2
BRH:2
end_of_record
TN:
SF:src/_utils/free-paint/getNewSize.js
FN:1,getNewSize
FNF:1
FNH:1
FNDA:2,getNewSize
DA:2,2
DA:3,2
DA:4,2
DA:5,2
DA:7,2
LF:5
LH:5
BRDA:4,0,0,1
BRDA:4,0,1,1
BRDA:5,1,0,1
BRDA:5,1,1,1
BRF:4
BRH:4
end_of_record
TN:
SF:src/_utils/instrument-id/createLoop.js
FN:12,createLoop
FN:25,(anonymous_1)
FN:28,(anonymous_2)
FN:33,(anonymous_3)
FN:39,playLoop
FN:43,(anonymous_5)
FN:45,(anonymous_6)
FN:55,(anonymous_7)
FN:59,stopLoop
FN:60,(anonymous_9)
FN:66,getTimeLeft
FN:68,(anonymous_11)
FN:69,(anonymous_12)
FNF:13
FNH:9
FNDA:15,createLoop
FNDA:20,(anonymous_1)
FNDA:0,(anonymous_2)
FNDA:0,(anonymous_3)
FNDA:3,playLoop
FNDA:0,(anonymous_5)
FNDA:0,(anonymous_6)
FNDA:8,(anonymous_7)
FNDA:1,stopLoop
FNDA:4,(anonymous_9)
FNDA:2,getTimeLeft
FNDA:4,(anonymous_11)
FNDA:4,(anonymous_12)
DA:13,15
DA:14,15
DA:16,15
DA:17,60
DA:19,22
DA:20,22
DA:22,12
DA:23,12
DA:24,12
DA:26,20
DA:28,0
DA:33,0
DA:35,12
DA:36,12
DA:40,3
DA:41,3
DA:42,6
DA:43,6
DA:44,0
DA:45,0
DA:48,6
DA:49,6
DA:50,6
DA:51,6
DA:54,3
DA:55,8
DA:56,3
DA:60,4
DA:61,1
DA:62,1
DA:63,1
DA:67,2
DA:68,4
DA:69,4
DA:70,2
DA:73,15
LF:36
LH:32
BRDA:17,0,0,38
BRDA:17,0,1,22
BRDA:20,1,0,10
BRDA:20,1,1,12
BRDA:24,2,0,4
BRDA:24,2,1,8
BRDA:35,3,0,4
BRDA:35,3,1,8
BRDA:40,4,0,0
BRDA:40,4,1,3
BRDA:44,5,0,0
BRDA:44,5,1,0
BRF:12
BRH:9
end_of_record
TN:
SF:src/_utils/instrument-id/getChoices.js
FN:8,getChoices
FNF:1
FNH:1
FNDA:9,getChoices
DA:9,9
DA:10,9
DA:11,9
DA:13,9
DA:15,6
DA:16,6
DA:17,6
DA:19,6
DA:20,6
LF:9
LH:9
BRDA:13,0,0,3
BRDA:13,0,1,6
BRF:2
BRH:2
end_of_record
TN:
SF:src/_utils/instrument-id/getInstrument.js
FN:8,getInstrument
FNF:1
FNH:1
FNDA:47,getInstrument
DA:9,47
DA:10,47
DA:11,121
DA:12,121
DA:13,464
DA:14,46
LF:6
LH:6
BRDA:13,0,0,46
BRDA:13,0,1,418
BRF:2
BRH:2
end_of_record
TN:
SF:src/_utils/instrument-id/loadSounds.js
FN:8,loadSounds
FN:10,(anonymous_1)
FN:14,(anonymous_2)
FN:17,play
FN:19,(anonymous_4)
FN:26,(anonymous_5)
FN:42,getHits
FN:49,(anonymous_7)
FN:60,getNotes
FN:66,(anonymous_9)
FN:68,(anonymous_10)
FNF:11
FNH:7
FNDA:11,loadSounds
FNDA:13,(anonymous_1)
FNDA:4,(anonymous_2)
FNDA:4,play
FNDA:0,(anonymous_4)
FNDA:0,(anonymous_5)
FNDA:2,getHits
FNDA:0,(anonymous_7)
FNDA:2,getNotes
FNDA:0,(anonymous_9)
FNDA:13,(anonymous_10)
DA:9,11
DA:10,11
DA:11,13
DA:12,13
DA:13,13
DA:14,13
DA:18,4
DA:19,4
DA:20,0
DA:21,0
DA:24,4
DA:25,4
DA:26,4
DA:27,0
DA:28,0
DA:29,0
DA:32,4
DA:35,11
DA:43,2
DA:44,2
DA:45,2
DA:46,2
DA:47,15
DA:49,0
DA:51,15
DA:53,2
DA:61,2
DA:62,2
DA:64,2
DA:66,0
DA:68,13
DA:73,2
LF:32
LH:25
BRDA:13,0,0,3
BRDA:13,0,1,10
BRDA:21,1,0,0
BRDA:21,1,1,0
BRDA:43,2,0,1
BRDA:43,2,1,1
BRDA:62,3,0,1
BRDA:62,3,1,1
BRF:8
BRH:6
end_of_record
TN:
SF:src/_utils/jump-into-rhythm/createHoppingAnimation.js
FN:11,createHoppingAnimation
FN:20,(anonymous_1)
FN:35,createQuarterNoteAnimation
FN:52,createEighthNotesAnimation
FN:79,createQuarterRestAnimation
FNF:5
FNH:5
FNDA:1,createHoppingAnimation
FNDA:4,(anonymous_1)
FNDA:2,createQuarterNoteAnimation
FNDA:1,createEighthNotesAnimation
FNDA:1,createQuarterRestAnimation
DA:8,9
DA:9,9
DA:12,1
DA:20,1
DA:21,4
DA:22,4
DA:23,1
DA:24,3
DA:25,2
DA:26,1
DA:27,1
DA:30,1
DA:31,1
DA:32,1
DA:36,2
DA:53,1
DA:80,1
LF:17
LH:17
BRDA:22,0,0,1
BRDA:22,0,1,3
BRDA:24,1,0,2
BRDA:24,1,1,1
BRDA:26,2,0,1
BRDA:26,2,1,0
BRF:6
BRH:5
end_of_record
TN:
SF:src/_utils/jump-into-rhythm/createNoteOrder.js
FN:9,createNoteOrder
FN:27,pickNote
FNF:2
FNH:2
FNDA:2,createNoteOrder
FNDA:15,pickNote
DA:10,2
DA:11,2
DA:12,2
DA:13,12
DA:14,12
DA:15,15
DA:21,15
DA:24,2
DA:28,15
DA:29,5
DA:30,0
DA:31,0
LF:12
LH:10
BRDA:28,0,0,10
BRDA:28,0,1,5
BRDA:28,1,0,15
BRDA:28,1,1,15
BRDA:29,2,0,5
BRDA:29,2,1,0
BRDA:29,3,0,5
BRDA:29,3,1,5
BRDA:30,4,0,0
BRDA:30,4,1,0
BRDA:30,5,0,0
BRDA:30,5,1,0
BRDA:31,6,0,0
BRDA:31,6,1,0
BRDA:31,7,0,0
BRDA:31,7,1,0
BRF:16
BRH:7
end_of_record
TN:
SF:src/_utils/jump-into-rhythm/makeFrog.js
FN:5,makeFrog
FN:8,hop
FN:13,(anonymous_2)
FN:20,(anonymous_3)
FNF:4
FNH:2
FNDA:6,makeFrog
FNDA:1,hop
FNDA:0,(anonymous_2)
FNDA:0,(anonymous_3)
DA:6,6
DA:9,1
DA:10,1
DA:12,1
DA:13,1
DA:14,0
DA:16,1
DA:17,1
DA:19,1
DA:20,1
DA:21,0
DA:22,0
DA:23,0
DA:25,1
DA:28,6
LF:15
LH:11
BRDA:14,0,0,0
BRDA:14,0,1,0
BRF:2
BRH:0
end_of_record
TN:
SF:src/_utils/music-decoder/convertLettersToNotes.js
FN:8,convertLettersToNotes
FNF:1
FNH:1
FNDA:4,convertLettersToNotes
DA:9,4
DA:10,4
DA:12,4
DA:13,6
DA:14,18
DA:15,4
DA:17,14
DA:18,14
DA:19,14
DA:22,6
DA:23,2
DA:24,2
DA:28,4
LF:13
LH:13
BRDA:14,0,0,4
BRDA:14,0,1,14
BRDA:22,1,0,2
BRDA:22,1,1,4
BRF:4
BRH:4
end_of_record
TN:
SF:src/_utils/music-decoder/findLettersToRemove.js
FN:6,findLettersToRemove
FN:16,lettersInInput
FNF:2
FNH:2
FNDA:3,findLettersToRemove
FNDA:6,lettersInInput
DA:7,3
DA:8,3
DA:9,3
DA:10,3
DA:11,14
DA:13,3
DA:17,6
DA:18,6
DA:19,11
DA:20,30
DA:23,6
LF:11
LH:11
BRDA:11,0,0,3
BRDA:11,0,1,11
BRF:2
BRH:2
end_of_record
TN:
SF:src/_utils/music-decoder/getSound.js
FN:10,getSound
FN:22,playSound
FN:26,(anonymous_2)
FN:27,(anonymous_3)
FN:33,(anonymous_4)
FNF:5
FNH:3
FNDA:12,getSound
FNDA:4,playSound
FNDA:3,(anonymous_2)
FNDA:0,(anonymous_3)
FNDA:0,(anonymous_4)
DA:11,12
DA:14,12
DA:15,2
DA:16,2
DA:18,10
DA:20,12
DA:23,4
DA:24,3
DA:26,3
DA:27,1
DA:28,0
DA:30,1
DA:31,1
DA:33,1
DA:34,0
DA:35,0
DA:36,0
DA:38,1
DA:42,12
LF:19
LH:15
BRDA:10,0,0,4
BRDA:10,1,0,3
BRDA:14,2,0,2
BRDA:14,2,1,10
BRDA:23,3,0,3
BRDA:23,3,1,1
BRF:6
BRH:6
end_of_record
TN:
SF:src/_utils/music-decoder/hasValidWords.js
FN:17,hasValidWords
FNF:1
FNH:1
FNDA:16,hasValidWords
DA:11,8
DA:12,8
DA:13,8
DA:14,8
DA:15,8
DA:18,16
DA:19,16
DA:21,15
DA:22,15
DA:24,14
DA:25,15
DA:26,15
DA:28,14
DA:29,14
DA:32,12
LF:15
LH:15
BRDA:19,0,0,1
BRDA:19,0,1,15
BRDA:22,1,0,1
BRDA:22,1,1,14
BRDA:25,2,0,0
BRDA:25,2,1,15
BRDA:26,3,0,1
BRDA:26,3,1,14
BRDA:29,4,0,1
BRDA:29,4,1,13
BRF:10
BRH:9
end_of_record
TN:
SF:src/_utils/music-decoder/searchLetter.js
FN:6,searchLetter
FNF:1
FNH:1
FNDA:6,searchLetter
DA:7,6
DA:8,7
DA:10,2
LF:3
LH:3
BRDA:8,0,0,4
BRDA:8,0,1,3
BRF:2
BRH:2
end_of_record
TN:
SF:src/_utils/score-keeper/sortWinners.js
FN:1,sortWinners
FN:2,(anonymous_1)
FNF:2
FNH:2
FNDA:21,sortWinners
FNDA:60,(anonymous_1)
DA:2,60
LF:1
LH:1
BRF:0
BRH:0
end_of_record
TN:
SF:src/_utils/sequence-maker/createSounds.js
FN:7,createSounds
FN:8,(anonymous_1)
FN:13,(anonymous_2)
FN:19,playOne
FN:24,playSequence
FN:25,(anonymous_5)
FN:31,(anonymous_6)
FN:38,(anonymous_7)
FNF:8
FNH:6
FNDA:36,createSounds
FNDA:144,(anonymous_1)
FNDA:0,(anonymous_2)
FNDA:2,playOne
FNDA:4,playSequence
FNDA:16,(anonymous_5)
FNDA:0,(anonymous_6)
FNDA:1,(anonymous_7)
DA:8,36
DA:9,144
DA:10,33
DA:13,0
DA:16,33
DA:20,2
DA:21,2
DA:25,16
DA:31,4
DA:32,0
DA:34,4
DA:35,4
DA:37,4
DA:38,4
DA:39,1
DA:40,1
DA:41,1
DA:44,4
DA:47,36
LF:19
LH:17
BRDA:7,0,0,1
BRDA:9,1,0,111
BRDA:9,1,1,33
BRDA:10,2,0,33
BRDA:10,2,1,0
BRDA:27,3,0,8
BRDA:27,3,1,8
BRDA:28,4,0,10
BRDA:28,4,1,6
BRDA:32,5,0,0
BRDA:32,5,1,0
BRDA:37,6,0,2
BRDA:37,6,1,2
BRF:13
BRH:10
end_of_record
TN:
SF:src/_utils/time-keeper/createDisplayTime.js
FN:1,createDisplayTime
FN:9,makeTwoDigits
FNF:2
FNH:2
FNDA:5,createDisplayTime
FNDA:15,makeTwoDigits
DA:2,5
DA:3,5
DA:4,5
DA:5,5
DA:6,5
DA:10,15
LF:6
LH:6
BRF:0
BRH:0
end_of_record
TN:
SF:src/_utils/time-keeper/randomizeSong.js
FN:3,randomizeSong
FN:19,getNumChoices
FNF:2
FNH:2
FNDA:2,randomizeSong
FNDA:9,getNumChoices
DA:4,2
DA:5,2
DA:6,9
DA:7,9
DA:8,9
DA:9,9
DA:14,9
DA:16,2
DA:20,9
DA:21,2
DA:22,1
LF:11
LH:11
BRDA:20,0,0,7
BRDA:20,0,1,2
BRDA:21,1,0,1
BRDA:21,1,1,1
BRDA:21,2,0,2
BRDA:21,2,1,2
BRDA:22,3,0,1
BRDA:22,3,1,0
BRDA:22,4,0,1
BRDA:22,4,1,1
BRF:10
BRH:9
end_of_record
TN:
SF:src/color-theory/ColorTheory.js
FN:10,(anonymous_0)
FN:13,(anonymous_1)
FN:14,(anonymous_2)
FNF:3
FNH:1
FNDA:3,(anonymous_0)
FNDA:0,(anonymous_1)
FNDA:0,(anonymous_2)
DA:10,6
DA:11,3
DA:13,3
DA:14,3
DA:16,3
LF:5
LH:5
BRF:0
BRH:0
end_of_record
TN:
SF:src/color-theory/color-wheel/ColorWheel.js
FN:5,(anonymous_0)
FN:6,(anonymous_1)
FN:8,(anonymous_2)
FNF:3
FNH:3
FNDA:23,(anonymous_0)
FNDA:39,(anonymous_1)
FNDA:276,(anonymous_2)
DA:5,8
DA:6,39
DA:8,23
DA:9,276
DA:10,276
DA:11,276
DA:24,23
LF:7
LH:7
BRDA:5,0,0,12
BRDA:10,1,0,84
BRDA:10,1,1,192
BRDA:17,2,0,60
BRDA:17,2,1,216
BRDA:17,3,0,276
BRDA:17,3,1,132
BRDA:19,4,0,24
BRDA:19,4,1,252
BRF:9
BRH:9
end_of_record
TN:
SF:src/color-theory/learn/LearnColorTheory.js
FN:14,(anonymous_0)
FN:17,(anonymous_1)
FN:18,(anonymous_2)
FN:19,(anonymous_3)
FNF:4
FNH:1
FNDA:4,(anonymous_0)
FNDA:0,(anonymous_1)
FNDA:0,(anonymous_2)
FNDA:0,(anonymous_3)
DA:14,7
DA:15,4
DA:17,4
DA:18,4
DA:19,4
DA:21,4
LF:6
LH:6
BRF:0
BRH:0
end_of_record
TN:
SF:src/color-theory/learn/colors/LearnColors.js
FN:14,(anonymous_0)
FN:18,(anonymous_1)
FN:20,(anonymous_2)
FNF:3
FNH:3
FNDA:4,(anonymous_0)
FNDA:4,(anonymous_1)
FNDA:4,(anonymous_2)
DA:14,7
DA:15,4
DA:16,4
DA:18,4
DA:19,4
DA:20,4
DA:23,4
LF:7
LH:7
BRF:0
BRH:0
end_of_record
TN:
SF:src/color-theory/learn/colors/learnDescriptions.js
FN:1,(anonymous_0)
FNF:1
FNH:1
FNDA:189,(anonymous_0)
DA:1,7
DA:2,189
DA:7,7
LF:3
LH:3
BRF:0
BRH:0
end_of_record
TN:
SF:src/color-theory/play/Play.js
FN:20,(anonymous_0)
FN:25,(anonymous_1)
FN:26,(anonymous_2)
FN:30,(anonymous_3)
FN:36,(anonymous_4)
FN:37,(anonymous_5)
FNF:6
FNH:4
FNDA:3,(anonymous_0)
FNDA:3,(anonymous_1)
FNDA:3,(anonymous_2)
FNDA:0,(anonymous_3)
FNDA:9,(anonymous_4)
FNDA:0,(anonymous_5)
DA:20,7
DA:21,3
DA:22,3
DA:23,3
DA:25,3
DA:26,3
DA:30,3
DA:31,0
DA:36,3
DA:37,9
DA:39,9
DA:41,9
DA:62,3
LF:13
LH:12
BRDA:39,0,0,9
BRDA:39,0,1,6
BRDA:46,1,0,3
BRDA:46,1,1,6
BRDA:52,2,0,3
BRDA:52,2,1,6
BRF:6
BRH:6
end_of_record
TN:
SF:src/color-theory/play/level/PlayLevel.js
FN:28,(anonymous_0)
FN:46,(anonymous_1)
FN:51,(anonymous_2)
FN:52,(anonymous_3)
FN:54,(anonymous_4)
FN:57,(anonymous_5)
FN:63,(anonymous_6)
FN:70,(anonymous_7)
FN:74,(anonymous_8)
FN:75,(anonymous_9)
FN:92,(anonymous_10)
FN:96,(anonymous_11)
FN:103,(anonymous_12)
FN:118,(anonymous_13)
FN:130,(anonymous_14)
FNF:15
FNH:5
FNDA:4,(anonymous_0)
FNDA:3,(anonymous_1)
FNDA:0,(anonymous_2)
FNDA:3,(anonymous_3)
FNDA:3,(anonymous_4)
FNDA:0,(anonymous_5)
FNDA:0,(anonymous_6)
FNDA:0,(anonymous_7)
FNDA:0,(anonymous_8)
FNDA:0,(anonymous_9)
FNDA:0,(anonymous_10)
FNDA:0,(anonymous_11)
FNDA:0,(anonymous_12)
FNDA:0,(anonymous_13)
FNDA:3,(anonymous_14)
DA:28,6
DA:29,4
DA:30,3
DA:31,3
DA:32,3
DA:33,3
DA:39,3
DA:41,3
DA:42,3
DA:43,3
DA:44,3
DA:46,3
DA:47,3
DA:48,3
DA:49,1
DA:51,2
DA:52,3
DA:54,3
DA:57,3
DA:58,0
DA:59,0
DA:60,0
DA:61,0
DA:63,0
DA:70,0
DA:74,3
DA:75,0
DA:76,0
DA:77,0
DA:78,0
DA:88,0
DA:92,3
DA:93,0
DA:95,0
DA:96,0
DA:102,0
DA:103,0
DA:110,0
DA:111,0
DA:118,0
DA:124,0
DA:128,3
DA:131,3
DA:132,3
DA:133,0
DA:134,0
DA:135,3
DA:136,0
DA:137,0
DA:139,3
DA:147,3
LF:51
LH:27
BRDA:48,0,0,1
BRDA:48,0,1,2
BRDA:48,1,0,3
BRDA:48,1,1,3
BRDA:60,2,0,0
BRDA:60,2,1,0
BRDA:77,3,0,0
BRDA:77,3,1,0
BRDA:95,4,0,0
BRDA:95,4,1,0
BRDA:102,5,0,0
BRDA:102,5,1,0
BRDA:102,6,0,0
BRDA:102,6,1,0
BRDA:110,7,0,0
BRDA:110,7,1,0
BRDA:129,8,0,3
BRDA:129,8,1,0
BRDA:132,9,0,0
BRDA:132,9,1,3
BRDA:135,10,0,0
BRDA:135,10,1,3
BRDA:135,11,0,3
BRDA:135,11,1,3
BRDA:162,12,0,3
BRDA:162,12,1,0
BRF:26
BRH:10
end_of_record
TN:
SF:src/free-paint/FreePaint.js
FN:22,(anonymous_0)
FN:24,(anonymous_1)
FN:25,(anonymous_2)
FN:29,(anonymous_3)
FN:31,(anonymous_4)
FN:38,(anonymous_5)
FNF:6
FNH:6
FNDA:13,(anonymous_0)
FNDA:21,(anonymous_1)
FNDA:21,(anonymous_2)
FNDA:5,(anonymous_3)
FNDA:5,(anonymous_4)
FNDA:5,(anonymous_5)
DA:22,6
DA:23,13
DA:24,21
DA:25,21
DA:26,13
DA:27,13
DA:29,13
DA:30,5
DA:31,5
DA:32,5
DA:33,5
DA:38,13
DA:39,5
DA:40,5
DA:41,5
DA:42,5
DA:43,5
DA:44,0
DA:45,5
DA:46,0
DA:47,5
DA:48,0
DA:51,5
DA:52,0
DA:53,0
DA:55,0
DA:61,13
LF:27
LH:21
BRDA:41,0,0,5
BRDA:41,0,1,0
BRDA:43,1,0,0
BRDA:43,1,1,5
BRDA:45,2,0,0
BRDA:45,2,1,5
BRDA:47,3,0,0
BRDA:47,3,1,5
BRDA:51,4,0,0
BRDA:51,4,1,5
BRDA:64,5,0,4
BRDA:64,5,1,9
BRDA:70,6,0,2
BRDA:70,6,1,7
BRF:14
BRH:9
end_of_record
TN:
SF:src/free-paint/canvas/Canvas.js
FN:7,(anonymous_0)
FN:8,(anonymous_1)
FN:13,(anonymous_2)
FN:26,(anonymous_3)
FN:38,(anonymous_4)
FN:45,(anonymous_5)
FN:52,(anonymous_6)
FN:57,(anonymous_7)
FNF:8
FNH:4
FNDA:11,(anonymous_0)
FNDA:17,(anonymous_1)
FNDA:5,(anonymous_2)
FNDA:5,(anonymous_3)
FNDA:0,(anonymous_4)
FNDA:0,(anonymous_5)
FNDA:0,(anonymous_6)
FNDA:0,(anonymous_7)
DA:7,7
DA:8,17
DA:9,11
DA:10,11
DA:11,11
DA:13,11
DA:14,5
DA:15,5
DA:16,5
DA:17,5
DA:18,5
DA:20,5
DA:21,5
DA:22,5
DA:23,5
DA:26,11
DA:27,5
DA:28,5
DA:29,0
DA:30,0
DA:32,5
DA:33,5
DA:35,5
DA:38,11
DA:39,0
DA:40,0
DA:41,0
DA:42,0
DA:45,11
DA:46,0
DA:47,0
DA:48,0
DA:49,0
DA:52,11
DA:53,0
DA:54,0
DA:57,11
DA:58,0
DA:59,0
DA:60,0
DA:63,11
LF:41
LH:26
BRDA:28,0,0,0
BRDA:28,0,1,5
BRDA:46,1,0,0
BRDA:46,1,1,0
BRF:4
BRH:1
end_of_record
TN:
SF:src/free-paint/control-bar/ControlBar.js
FN:18,(anonymous_0)
FN:20,(anonymous_1)
FN:24,(anonymous_2)
FN:26,(anonymous_3)
FNF:4
FNH:2
FNDA:19,(anonymous_0)
FNDA:30,(anonymous_1)
FNDA:0,(anonymous_2)
FNDA:0,(anonymous_3)
DA:18,7
DA:19,19
DA:20,30
DA:22,19
DA:24,19
DA:26,19
DA:27,0
DA:29,19
LF:8
LH:7
BRDA:72,0,0,0
BRDA:72,0,1,19
BRF:2
BRH:1
end_of_record
TN:
SF:src/free-paint/control-bar/button-wrapper/ButtonWrapper.js
FN:11,(anonymous_0)
FN:20,(anonymous_1)
FN:35,(anonymous_2)
FNF:3
FNH:3
FNDA:135,(anonymous_0)
FNDA:212,(anonymous_1)
FNDA:7,(anonymous_2)
DA:11,8
DA:20,212
DA:21,135
DA:22,135
DA:29,135
DA:35,135
DA:36,7
DA:37,7
DA:38,7
DA:41,135
DA:58,135
LF:11
LH:11
BRDA:12,0,0,97
BRDA:13,1,0,57
BRDA:15,2,0,38
BRDA:17,3,0,97
BRDA:18,4,0,40
BRDA:22,5,0,38
BRDA:22,5,1,97
BRDA:29,6,0,38
BRDA:29,6,1,97
BRDA:37,7,0,7
BRDA:37,7,1,0
BRDA:38,8,0,2
BRDA:38,8,1,5
BRDA:41,9,0,57
BRDA:41,9,1,78
BRDA:45,10,0,38
BRDA:45,10,1,19
BRDA:52,11,0,0
BRDA:52,11,1,78
BRDA:62,12,0,38
BRDA:62,12,1,97
BRDA:68,13,0,95
BRDA:68,13,1,40
BRDA:68,14,0,7
BRDA:68,14,1,88
BRF:25
BRH:23
end_of_record
TN:
SF:src/free-paint/control-bar/color-options/ColorOptions.js
FN:6,(anonymous_0)
FN:7,(anonymous_1)
FN:11,(anonymous_2)
FN:18,(anonymous_3)
FNF:4
FNH:4
FNDA:3,(anonymous_0)
FNDA:3,(anonymous_1)
FNDA:1,(anonymous_2)
FNDA:9,(anonymous_3)
DA:6,8
DA:7,3
DA:9,3
DA:11,3
DA:12,1
DA:13,1
DA:16,3
DA:19,9
LF:8
LH:8
BRF:0
BRH:0
end_of_record
TN:
SF:src/free-paint/control-bar/stencil-options/StencilOptions.js
FN:8,(anonymous_0)
FN:11,(anonymous_1)
FN:17,(anonymous_2)
FNF:3
FNH:3
FNDA:8,(anonymous_0)
FNDA:1,(anonymous_1)
FNDA:144,(anonymous_2)
DA:8,8
DA:9,8
DA:11,8
DA:12,1
DA:15,8
DA:18,144
LF:6
LH:6
BRDA:12,0,0,0
BRDA:12,0,1,1
BRDA:18,1,0,0
BRDA:18,1,1,144
BRF:4
BRH:2
end_of_record
TN:
SF:src/free-paint/stencil/Stencil.js
FN:13,(anonymous_0)
FN:14,(anonymous_1)
FN:26,(anonymous_2)
FN:32,(anonymous_3)
FN:35,(anonymous_4)
FN:50,(anonymous_5)
FN:52,(anonymous_6)
FNF:7
FNH:3
FNDA:9,(anonymous_0)
FNDA:10,(anonymous_1)
FNDA:4,(anonymous_2)
FNDA:0,(anonymous_3)
FNDA:0,(anonymous_4)
FNDA:0,(anonymous_5)
FNDA:0,(anonymous_6)
DA:13,7
DA:14,10
DA:15,9
DA:16,9
DA:18,9
DA:19,9
DA:26,9
DA:27,4
DA:28,4
DA:29,4
DA:32,9
DA:33,0
DA:35,9
DA:36,0
DA:37,0
DA:38,0
DA:39,0
DA:46,0
DA:47,0
DA:50,9
DA:52,9
DA:54,9
DA:62,9
LF:23
LH:16
BRDA:36,0,0,0
BRDA:36,0,1,0
BRDA:57,1,0,2
BRDA:57,1,1,7
BRDA:65,2,0,2
BRDA:65,2,1,7
BRDA:75,3,0,0
BRDA:75,3,1,9
BRDA:80,4,0,2
BRDA:80,4,1,7
BRF:10
BRH:7
end_of_record
TN:
SF:src/home/Home.js
FN:6,(anonymous_0)
FNF:1
FNH:1
FNDA:5,(anonymous_0)
DA:6,6
DA:7,5
DA:8,5
LF:3
LH:3
BRDA:8,0,0,4
BRDA:8,0,1,1
BRF:2
BRH:2
end_of_record
TN:
SF:src/home/menu/Menu.js
FN:13,(anonymous_0)
FN:14,(anonymous_1)
FN:19,(anonymous_2)
FN:20,(anonymous_3)
FN:23,(anonymous_4)
FN:27,(anonymous_5)
FNF:6
FNH:5
FNDA:10,(anonymous_0)
FNDA:10,(anonymous_1)
FNDA:9,(anonymous_2)
FNDA:45,(anonymous_3)
FNDA:38,(anonymous_4)
FNDA:0,(anonymous_5)
DA:13,7
DA:14,10
DA:15,10
DA:17,10
DA:19,9
DA:20,45
DA:23,10
DA:24,38
DA:27,0
DA:35,10
LF:10
LH:9
BRDA:13,0,0,4
BRDA:17,1,0,6
BRDA:17,1,1,4
BRDA:18,2,0,1
BRDA:18,2,1,5
BRDA:37,3,0,6
BRDA:37,3,1,4
BRF:7
BRH:7
end_of_record
TN:
SF:src/home/menu/menuOptions.js
FNF:0
FNH:0
DA:12,7
LF:1
LH:1
BRF:0
BRH:0
end_of_record
TN:
SF:src/home/welcome/Welcome.js
FN:6,(anonymous_0)
FN:7,(anonymous_1)
FNF:2
FNH:1
FNDA:6,(anonymous_0)
FNDA:0,(anonymous_1)
DA:6,7
DA:7,6
DA:9,6
LF:3
LH:3
BRF:0
BRH:0
end_of_record
TN:
SF:src/instrument-id/InstrumentId.js
FN:12,(anonymous_0)
FN:15,(anonymous_1)
FN:16,(anonymous_2)
FNF:3
FNH:1
FNDA:3,(anonymous_0)
FNDA:0,(anonymous_1)
FNDA:0,(anonymous_2)
DA:12,6
DA:13,3
DA:15,3
DA:16,3
DA:18,3
LF:5
LH:5
BRF:0
BRH:0
end_of_record
TN:
SF:src/instrument-id/learn/LearnInstrumentId.js
FN:10,(anonymous_0)
FN:13,(anonymous_1)
FN:15,(anonymous_2)
FNF:3
FNH:2
FNDA:4,(anonymous_0)
FNDA:24,(anonymous_1)
FNDA:0,(anonymous_2)
DA:10,7
DA:11,4
DA:13,4
DA:14,24
DA:15,24
DA:16,24
DA:28,4
LF:7
LH:7
BRF:0
BRH:0
end_of_record
TN:
SF:src/instrument-id/learn/learnMenuOptions.js
FNF:0
FNH:0
DA:12,7
LF:1
LH:1
BRF:0
BRH:0
end_of_record
TN:
SF:src/instrument-id/learn/family/LearnFamilyPage.js
FN:11,(anonymous_0)
FN:17,(anonymous_1)
FN:19,(anonymous_2)
FNF:3
FNH:2
FNDA:3,(anonymous_0)
FNDA:12,(anonymous_1)
FNDA:0,(anonymous_2)
DA:11,7
DA:12,3
DA:13,3
DA:15,3
DA:16,3
DA:17,3
DA:18,12
DA:19,12
DA:20,0
DA:23,0
DA:26,12
DA:38,3
LF:12
LH:10
BRF:0
BRH:0
end_of_record
TN:
SF:src/instrument-id/learn/instrument/Instrument.js
FN:20,(anonymous_0)
FN:21,(anonymous_1)
FN:28,(anonymous_2)
FN:33,(anonymous_3)
FN:34,(anonymous_4)
FN:35,(anonymous_5)
FN:42,(anonymous_6)
FN:58,(anonymous_7)
FNF:8
FNH:6
FNDA:6,(anonymous_0)
FNDA:6,(anonymous_1)
FNDA:0,(anonymous_2)
FNDA:3,(anonymous_3)
FNDA:3,(anonymous_4)
FNDA:3,(anonymous_5)
FNDA:0,(anonymous_6)
FNDA:6,(anonymous_7)
DA:20,7
DA:21,6
DA:22,6
DA:23,6
DA:24,6
DA:26,6
DA:28,6
DA:29,0
DA:30,0
DA:33,6
DA:34,3
DA:35,3
DA:36,3
DA:37,3
DA:42,6
DA:43,0
DA:48,6
DA:59,6
LF:18
LH:15
BRDA:29,0,0,0
BRDA:29,0,1,0
BRF:2
BRH:0
end_of_record
TN:
SF:src/instrument-id/play/PlayInstrumentId.js
FN:13,(anonymous_0)
FN:16,(anonymous_1)
FN:17,(anonymous_2)
FNF:3
FNH:1
FNDA:3,(anonymous_0)
FNDA:0,(anonymous_1)
FNDA:0,(anonymous_2)
DA:13,7
DA:14,3
DA:16,3
DA:17,3
DA:19,3
LF:5
LH:5
BRF:0
BRH:0
end_of_record
TN:
SF:src/instrument-id/play/listening-skills/ListeningSkills.js
FN:24,(anonymous_0)
FN:30,(anonymous_1)
FN:31,(anonymous_2)
FN:35,(anonymous_3)
FN:43,(anonymous_4)
FN:45,(anonymous_5)
FNF:6
FNH:4
FNDA:3,(anonymous_0)
FNDA:3,(anonymous_1)
FNDA:3,(anonymous_2)
FNDA:0,(anonymous_3)
FNDA:6,(anonymous_4)
FNDA:0,(anonymous_5)
DA:24,7
DA:25,3
DA:26,3
DA:27,3
DA:28,3
DA:30,3
DA:31,3
DA:35,3
DA:36,0
DA:37,0
DA:43,3
DA:44,6
DA:45,6
DA:46,0
DA:47,6
DA:48,6
DA:67,3
LF:17
LH:14
BRDA:47,0,0,3
BRDA:47,0,1,3
BRDA:53,1,0,3
BRDA:53,1,1,3
BRF:4
BRH:4
end_of_record
TN:
SF:src/instrument-id/play/listening-skills/level/ListeningSkillsTest.js
FN:25,(anonymous_0)
FN:27,(anonymous_1)
FN:30,(anonymous_2)
FN:35,(anonymous_3)
FN:41,(anonymous_4)
FN:45,(anonymous_5)
FN:50,(anonymous_6)
FN:51,(anonymous_7)
FN:57,(anonymous_8)
FN:63,(anonymous_9)
FNF:10
FNH:9
FNDA:10,(anonymous_0)
FNDA:14,(anonymous_1)
FNDA:14,(anonymous_2)
FNDA:2,(anonymous_3)
FNDA:7,(anonymous_4)
FNDA:2,(anonymous_5)
FNDA:5,(anonymous_6)
FNDA:5,(anonymous_7)
FNDA:0,(anonymous_8)
FNDA:11,(anonymous_9)
DA:25,7
DA:26,10
DA:27,14
DA:29,10
DA:30,14
DA:31,10
DA:32,10
DA:33,10
DA:35,10
DA:36,2
DA:37,2
DA:38,2
DA:41,10
DA:42,7
DA:43,2
DA:44,2
DA:45,2
DA:50,10
DA:51,5
DA:52,5
DA:53,5
DA:57,10
DA:58,0
DA:59,0
DA:60,0
DA:63,10
DA:64,11
DA:72,10
DA:74,10
LF:29
LH:26
BRDA:42,0,0,2
BRDA:42,0,1,5
BRDA:42,1,0,7
BRDA:42,1,1,2
BRDA:58,2,0,0
BRDA:58,2,1,0
BRDA:72,3,0,10
BRDA:72,3,1,5
BRDA:87,4,0,1
BRDA:87,4,1,9
BRDA:90,5,0,5
BRDA:90,5,1,5
BRDA:98,6,0,5
BRDA:98,6,1,5
BRDA:98,7,0,10
BRDA:98,7,1,5
BRDA:99,8,0,5
BRDA:99,8,1,5
BRF:18
BRH:16
end_of_record
TN:
SF:src/instrument-id/play/listening-skills/level/instrumentOptions.js
FNF:0
FNH:0
DA:1,7
LF:1
LH:1
BRF:0
BRH:0
end_of_record
TN:
SF:src/instrument-id/play/listening-skills/level/choice/Choice.js
FN:17,(anonymous_0)
FN:18,(anonymous_1)
FN:22,(anonymous_2)
FN:28,(anonymous_3)
FN:43,(anonymous_4)
FN:50,(anonymous_5)
FNF:6
FNH:4
FNDA:13,(anonymous_0)
FNDA:17,(anonymous_1)
FNDA:2,(anonymous_2)
FNDA:1,(anonymous_3)
FNDA:0,(anonymous_4)
FNDA:0,(anonymous_5)
DA:17,8
DA:18,17
DA:19,13
DA:20,13
DA:22,13
DA:23,2
DA:24,2
DA:25,2
DA:27,2
DA:28,1
DA:29,1
DA:33,1
DA:43,2
DA:44,0
DA:45,0
DA:46,0
DA:50,13
DA:51,0
DA:54,13
DA:57,13
DA:65,13
LF:21
LH:17
BRDA:27,0,0,1
BRDA:27,0,1,1
BRDA:44,1,0,0
BRDA:44,1,1,0
BRDA:54,2,0,3
BRDA:54,2,1,10
BRDA:54,3,0,1
BRDA:54,3,1,2
BRDA:57,4,0,3
BRDA:57,4,1,10
BRDA:58,5,0,1
BRDA:58,5,1,2
BRF:12
BRH:10
end_of_record
TN:
SF:src/instrument-id/play/listening-skills/level/corner-icon/ReportCardIcon.js
FN:10,(anonymous_0)
FN:14,(anonymous_1)
FN:15,(anonymous_2)
FN:19,(anonymous_3)
FNF:4
FNH:3
FNDA:13,(anonymous_0)
FNDA:8,(anonymous_1)
FNDA:8,(anonymous_2)
FNDA:0,(anonymous_3)
DA:10,9
DA:11,13
DA:12,13
DA:14,13
DA:15,8
DA:19,13
DA:20,0
DA:25,13
LF:8
LH:7
BRF:0
BRH:0
end_of_record
TN:
SF:src/instrument-id/play/song-maker/SongMaker.js
FN:16,(anonymous_0)
FN:17,(anonymous_1)
FN:18,(anonymous_2)
FN:19,(anonymous_3)
FN:23,(anonymous_4)
FN:25,(anonymous_5)
FN:29,(anonymous_6)
FN:31,(anonymous_7)
FN:40,(anonymous_8)
FN:41,(anonymous_9)
FN:47,(anonymous_10)
FNF:11
FNH:8
FNDA:22,(anonymous_0)
FNDA:27,(anonymous_1)
FNDA:27,(anonymous_2)
FNDA:27,(anonymous_3)
FNDA:11,(anonymous_4)
FNDA:11,(anonymous_5)
FNDA:0,(anonymous_6)
FNDA:0,(anonymous_7)
FNDA:6,(anonymous_8)
FNDA:0,(anonymous_9)
FNDA:17,(anonymous_10)
DA:16,6
DA:17,27
DA:18,27
DA:19,27
DA:20,22
DA:21,22
DA:23,22
DA:24,11
DA:25,11
DA:27,0
DA:28,0
DA:29,0
DA:30,0
DA:31,0
DA:32,0
DA:33,0
DA:35,0
DA:40,22
DA:41,6
DA:42,0
DA:47,22
DA:48,17
DA:52,22
LF:23
LH:14
BRDA:24,0,0,11
BRDA:24,0,1,0
BRDA:27,1,0,0
BRDA:27,1,1,0
BRDA:41,2,0,0
BRDA:41,2,1,6
BRDA:41,3,0,6
BRDA:41,3,1,0
BRDA:41,4,0,0
BRDA:41,4,1,0
BRDA:42,5,0,0
BRDA:42,5,1,0
BRDA:48,6,0,0
BRDA:48,6,1,17
BRF:14
BRH:4
end_of_record
TN:
SF:src/instrument-id/play/song-maker/corner-icon/SavedSongsIcon.js
FN:9,(anonymous_0)
FN:12,(anonymous_1)
FN:13,(anonymous_2)
FN:17,(anonymous_3)
FNF:4
FNH:4
FNDA:27,(anonymous_0)
FNDA:8,(anonymous_1)
FNDA:8,(anonymous_2)
FNDA:1,(anonymous_3)
DA:9,7
DA:10,27
DA:12,27
DA:13,8
DA:17,27
DA:18,1
DA:23,27
LF:7
LH:7
BRF:0
BRH:0
end_of_record
TN:
SF:src/instrument-id/play/song-maker/instrument-display/InstrumentDisplay.js
FN:20,(anonymous_0)
FN:21,(anonymous_1)
FN:24,(anonymous_2)
FN:29,(anonymous_3)
FN:34,(anonymous_4)
FN:40,(anonymous_5)
FN:48,(anonymous_6)
FNF:7
FNH:6
FNDA:24,(anonymous_0)
FNDA:29,(anonymous_1)
FNDA:1,(anonymous_2)
FNDA:0,(anonymous_3)
FNDA:2,(anonymous_4)
FNDA:2,(anonymous_5)
FNDA:96,(anonymous_6)
DA:20,7
DA:21,29
DA:22,24
DA:24,24
DA:25,1
DA:26,1
DA:29,24
DA:30,0
DA:31,0
DA:34,24
DA:35,2
DA:36,2
DA:37,2
DA:40,24
DA:41,2
DA:42,2
DA:43,2
DA:46,24
DA:49,96
DA:50,64
DA:61,32
DA:69,32
DA:78,32
LF:23
LH:21
BRDA:49,0,0,64
BRDA:49,0,1,32
BRDA:69,1,0,12
BRDA:69,1,1,20
BRDA:73,2,0,6
BRDA:73,2,1,14
BRDA:74,3,0,6
BRDA:74,3,1,14
BRF:8
BRH:8
end_of_record
TN:
SF:src/instrument-id/play/song-maker/instrument-display/dropdownOptions.js
FNF:0
FNH:0
DA:1,7
DA:35,7
DA:43,7
LF:3
LH:3
BRF:0
BRH:0
end_of_record
TN:
SF:src/instrument-id/play/song-maker/play-save/PlaySave.js
FN:12,(anonymous_0)
FN:13,(anonymous_1)
FN:17,(anonymous_2)
FN:18,(anonymous_3)
FN:22,(anonymous_4)
FN:23,(anonymous_5)
FN:26,(anonymous_6)
FNF:7
FNH:5
FNDA:27,(anonymous_0)
FNDA:32,(anonymous_1)
FNDA:8,(anonymous_2)
FNDA:8,(anonymous_3)
FNDA:0,(anonymous_4)
FNDA:0,(anonymous_5)
FNDA:1,(anonymous_6)
DA:12,7
DA:13,32
DA:14,27
DA:15,27
DA:17,27
DA:18,8
DA:22,27
DA:23,0
DA:26,27
DA:27,1
DA:32,27
LF:11
LH:10
BRDA:23,0,0,0
BRDA:23,0,1,0
BRDA:23,1,0,0
BRDA:23,1,1,0
BRDA:34,2,0,0
BRDA:34,2,1,27
BRDA:35,3,0,0
BRDA:35,3,1,27
BRF:8
BRH:2
end_of_record
TN:
SF:src/instrument-id/play/song-maker/save-song/SaveSong.js
FN:12,(anonymous_0)
FN:13,(anonymous_1)
FN:19,(anonymous_2)
FN:29,(anonymous_3)
FNF:4
FNH:3
FNDA:40,(anonymous_0)
FNDA:40,(anonymous_1)
FNDA:2,(anonymous_2)
FNDA:0,(anonymous_3)
DA:12,8
DA:13,40
DA:14,40
DA:15,40
DA:16,40
DA:17,40
DA:19,40
DA:20,2
DA:21,2
DA:22,2
DA:23,2
DA:25,2
DA:26,2
DA:27,2
DA:29,2
DA:30,0
DA:31,0
DA:35,40
LF:18
LH:16
BRF:0
BRH:0
end_of_record
TN:
SF:src/instrument-id/play/song-maker/saved-songs/SavedSongs.js
FN:18,(anonymous_0)
FN:20,(anonymous_1)
FN:21,(anonymous_2)
FN:26,(anonymous_3)
FN:31,(anonymous_4)
FN:34,(anonymous_5)
FN:39,(anonymous_6)
FN:45,(anonymous_7)
FN:46,(anonymous_8)
FN:48,(anonymous_9)
FN:53,(anonymous_10)
FNF:11
FNH:7
FNDA:3,(anonymous_0)
FNDA:3,(anonymous_1)
FNDA:3,(anonymous_2)
FNDA:0,(anonymous_3)
FNDA:0,(anonymous_4)
FNDA:0,(anonymous_5)
FNDA:0,(anonymous_6)
FNDA:3,(anonymous_7)
FNDA:3,(anonymous_8)
FNDA:3,(anonymous_9)
FNDA:1,(anonymous_10)
DA:18,8
DA:19,3
DA:20,3
DA:21,3
DA:22,3
DA:23,3
DA:24,3
DA:26,3
DA:27,0
DA:28,0
DA:29,0
DA:30,0
DA:31,0
DA:34,3
DA:35,0
DA:36,0
DA:39,3
DA:40,0
DA:41,0
DA:42,0
DA:45,3
DA:46,3
DA:47,3
DA:48,3
DA:53,3
DA:54,1
DA:63,3
LF:27
LH:17
BRDA:30,0,0,0
BRDA:30,0,1,0
BRDA:35,1,0,0
BRDA:35,1,1,0
BRDA:40,2,0,0
BRDA:40,2,1,0
BRDA:47,3,0,0
BRDA:47,3,1,3
BRDA:56,4,0,0
BRDA:56,4,1,1
BRF:10
BRH:2
end_of_record
TN:
SF:src/jump-into-rhythm/JumpIntoRhythm.js
FN:19,(anonymous_0)
FN:21,(anonymous_1)
FN:22,(anonymous_2)
FN:26,(anonymous_3)
FN:28,(anonymous_4)
FN:30,(anonymous_5)
FNF:6
FNH:6
FNDA:9,(anonymous_0)
FNDA:14,(anonymous_1)
FNDA:14,(anonymous_2)
FNDA:4,(anonymous_3)
FNDA:4,(anonymous_4)
FNDA:4,(anonymous_5)
DA:19,6
DA:20,9
DA:21,14
DA:22,14
DA:23,9
DA:24,9
DA:26,9
DA:27,4
DA:28,4
DA:29,4
DA:30,4
DA:31,4
DA:32,4
DA:33,4
DA:34,4
DA:39,9
LF:16
LH:16
BRDA:42,0,0,2
BRDA:42,0,1,7
BRDA:46,1,0,0
BRDA:46,1,1,7
BRF:4
BRH:3
end_of_record
TN:
SF:src/jump-into-rhythm/frog-lily-pad/FrogLilyPads.js
FN:11,(anonymous_0)
FN:12,(anonymous_1)
FNF:2
FNH:2
FNDA:2,(anonymous_0)
FNDA:2,(anonymous_1)
DA:11,7
DA:12,2
DA:13,2
LF:3
LH:3
BRDA:19,0,0,0
BRDA:19,0,1,2
BRDA:29,1,0,0
BRDA:29,1,1,2
BRDA:39,2,0,0
BRDA:39,2,1,2
BRF:6
BRH:3
end_of_record
TN:
SF:src/jump-into-rhythm/frog-lily-pad/frog/Frog.js
FN:9,(anonymous_0)
FN:10,(anonymous_1)
FN:13,(anonymous_2)
FN:15,(anonymous_3)
FN:17,(anonymous_4)
FNF:5
FNH:3
FNDA:4,(anonymous_0)
FNDA:4,(anonymous_1)
FNDA:4,(anonymous_2)
FNDA:0,(anonymous_3)
FNDA:0,(anonymous_4)
DA:9,8
DA:10,4
DA:11,4
DA:13,4
DA:14,4
DA:15,0
DA:16,0
DA:17,0
DA:18,0
DA:24,4
LF:10
LH:6
BRDA:9,0,0,4
BRDA:14,1,0,0
BRDA:14,1,1,4
BRF:3
BRH:2
end_of_record
TN:
SF:src/jump-into-rhythm/frog-lily-pad/lily-pad-display/LilyPadDisplay.js
FN:8,(anonymous_0)
FN:11,(anonymous_1)
FN:14,(anonymous_2)
FNF:3
FNH:3
FNDA:4,(anonymous_0)
FNDA:16,(anonymous_1)
FNDA:2,(anonymous_2)
DA:8,8
DA:9,4
DA:12,16
DA:15,2
LF:4
LH:4
BRDA:13,0,0,2
BRDA:13,0,1,14
BRDA:21,1,0,0
BRDA:21,1,1,2
BRDA:21,2,0,2
BRDA:21,2,1,2
BRDA:24,3,0,0
BRDA:24,3,1,2
BRF:8
BRH:6
end_of_record
TN:
SF:src/jump-into-rhythm/note-options/NoteOptions.js
FN:19,(anonymous_0)
FN:21,(anonymous_1)
FN:23,(anonymous_2)
FN:27,(anonymous_3)
FN:33,(anonymous_4)
FN:50,(anonymous_5)
FN:57,(anonymous_6)
FN:60,(anonymous_7)
FNF:8
FNH:5
FNDA:14,(anonymous_0)
FNDA:22,(anonymous_1)
FNDA:22,(anonymous_2)
FNDA:5,(anonymous_3)
FNDA:42,(anonymous_4)
FNDA:0,(anonymous_5)
FNDA:0,(anonymous_6)
FNDA:0,(anonymous_7)
DA:19,7
DA:20,14
DA:21,22
DA:23,22
DA:24,14
DA:25,14
DA:27,14
DA:28,5
DA:29,5
DA:30,5
DA:33,14
DA:34,42
DA:35,42
DA:36,42
DA:50,14
DA:51,0
DA:52,0
DA:53,0
DA:54,0
DA:56,0
DA:57,0
DA:60,14
DA:61,0
DA:62,0
DA:63,0
DA:66,14
LF:26
LH:17
BRDA:35,0,0,14
BRDA:35,0,1,28
BRDA:51,1,0,0
BRDA:51,1,1,0
BRDA:69,2,0,0
BRDA:69,2,1,14
BRF:6
BRH:3
end_of_record
TN:
SF:src/jump-into-rhythm/notes/Notes.js
FN:13,(anonymous_0)
FN:14,(anonymous_1)
FN:17,(anonymous_2)
FN:18,(anonymous_3)
FN:28,(anonymous_4)
FN:50,(anonymous_5)
FN:75,(anonymous_6)
FN:100,(anonymous_7)
FNF:8
FNH:3
FNDA:9,(anonymous_0)
FNDA:13,(anonymous_1)
FNDA:0,(anonymous_2)
FNDA:0,(anonymous_3)
FNDA:36,(anonymous_4)
FNDA:0,(anonymous_5)
FNDA:0,(anonymous_6)
FNDA:0,(anonymous_7)
DA:13,7
DA:14,13
DA:15,9
DA:17,9
DA:18,9
DA:20,9
DA:22,9
DA:29,36
DA:51,0
DA:76,0
DA:101,0
LF:11
LH:8
BRDA:41,0,0,0
BRDA:41,0,1,9
BRDA:44,1,0,9
BRDA:44,1,1,0
BRDA:47,2,0,0
BRDA:47,2,1,9
BRDA:63,3,0,0
BRDA:63,3,1,9
BRDA:65,4,0,0
BRDA:65,4,1,0
BRDA:68,5,0,0
BRDA:68,5,1,0
BRDA:72,6,0,0
BRDA:72,6,1,9
BRDA:88,7,0,0
BRDA:88,7,1,9
BRDA:90,8,0,0
BRDA:90,8,1,0
BRDA:93,9,0,0
BRDA:93,9,1,0
BRDA:97,10,0,0
BRDA:97,10,1,9
BRF:22
BRH:7
end_of_record
TN:
SF:src/jump-into-rhythm/notes/note-block/NoteBlock.js
FN:8,(anonymous_0)
FN:11,(anonymous_1)
FNF:2
FNH:1
FNDA:38,(anonymous_0)
FNDA:0,(anonymous_1)
DA:8,8
DA:9,38
DA:11,38
DA:13,38
LF:4
LH:4
BRDA:15,0,0,1
BRDA:15,0,1,37
BRF:2
BRH:2
end_of_record
TN:
SF:src/mood-meter/MoodMeter.js
FN:16,(anonymous_0)
FN:18,(anonymous_1)
FN:19,(anonymous_2)
FN:23,(anonymous_3)
FN:25,(anonymous_4)
FN:30,(anonymous_5)
FNF:6
FNH:6
FNDA:23,(anonymous_0)
FNDA:35,(anonymous_1)
FNDA:35,(anonymous_2)
FNDA:6,(anonymous_3)
FNDA:6,(anonymous_4)
FNDA:12,(anonymous_5)
DA:16,5
DA:17,23
DA:18,35
DA:19,35
DA:20,23
DA:21,23
DA:23,23
DA:24,6
DA:25,6
DA:26,6
DA:30,23
DA:31,12
DA:32,5
DA:40,23
LF:14
LH:14
BRDA:31,0,0,5
BRDA:31,0,1,7
BRDA:31,1,0,12
BRDA:31,1,1,8
BRDA:43,2,0,2
BRDA:43,2,1,21
BRF:6
BRH:6
end_of_record
TN:
SF:src/mood-meter/energy/Energy.js
FN:9,(anonymous_0)
FN:10,(anonymous_1)
FN:16,(anonymous_2)
FNF:3
FNH:3
FNDA:23,(anonymous_0)
FNDA:34,(anonymous_1)
FNDA:69,(anonymous_2)
DA:9,6
DA:10,34
DA:12,23
DA:17,69
DA:18,69
LF:5
LH:5
BRDA:23,0,0,11
BRDA:23,0,1,58
BRF:2
BRH:2
end_of_record
TN:
SF:src/mood-meter/energy/battery/Battery.js
FN:9,(anonymous_0)
FN:12,(anonymous_1)
FNF:2
FNH:2
FNDA:77,(anonymous_0)
FNDA:3,(anonymous_1)
DA:9,8
DA:10,77
DA:12,77
DA:13,77
LF:4
LH:4
BRF:0
BRH:0
end_of_record
TN:
SF:src/mood-meter/result/Result.js
FN:17,(anonymous_0)
FN:18,(anonymous_1)
FN:21,(anonymous_2)
FN:26,(anonymous_3)
FN:38,(anonymous_4)
FNF:5
FNH:4
FNDA:6,(anonymous_0)
FNDA:7,(anonymous_1)
FNDA:7,(anonymous_2)
FNDA:8,(anonymous_3)
FNDA:0,(anonymous_4)
DA:17,6
DA:18,7
DA:19,6
DA:21,7
DA:23,6
DA:26,8
DA:28,6
DA:36,6
DA:38,6
DA:39,0
DA:44,6
LF:11
LH:10
BRF:0
BRH:0
end_of_record
TN:
SF:src/mood-meter/valence/Valence.js
FN:9,(anonymous_0)
FN:10,(anonymous_1)
FN:16,(anonymous_2)
FNF:3
FNH:3
FNDA:23,(anonymous_0)
FNDA:34,(anonymous_1)
FNDA:69,(anonymous_2)
DA:9,6
DA:10,34
DA:12,23
DA:17,69
DA:18,69
LF:5
LH:5
BRF:0
BRH:0
end_of_record
TN:
SF:src/mood-meter/valence/face/Face.js
FN:6,(anonymous_0)
FN:9,(anonymous_1)
FNF:2
FNH:2
FNDA:77,(anonymous_0)
FNDA:3,(anonymous_1)
DA:6,8
DA:7,77
DA:9,77
DA:11,77
DA:12,77
LF:5
LH:5
BRDA:11,0,0,21
BRDA:11,0,1,56
BRF:2
BRH:2
end_of_record
TN:
SF:src/music-decoder/WordToMusic.js
FN:19,(anonymous_0)
FN:21,(anonymous_1)
FN:22,(anonymous_2)
FN:23,(anonymous_3)
FN:27,(anonymous_4)
FN:28,(anonymous_5)
FN:31,(anonymous_6)
FN:33,(anonymous_7)
FNF:8
FNH:8
FNDA:28,(anonymous_0)
FNDA:49,(anonymous_1)
FNDA:49,(anonymous_2)
FNDA:49,(anonymous_3)
FNDA:7,(anonymous_4)
FNDA:7,(anonymous_5)
FNDA:7,(anonymous_6)
FNDA:7,(anonymous_7)
DA:19,6
DA:20,28
DA:21,49
DA:22,49
DA:23,49
DA:24,28
DA:25,28
DA:27,28
DA:28,7
DA:31,28
DA:32,7
DA:33,7
DA:34,7
DA:35,7
DA:36,7
DA:37,7
DA:42,28
LF:17
LH:17
BRDA:45,0,0,2
BRDA:45,0,1,26
BRF:2
BRH:2
end_of_record
TN:
SF:src/music-decoder/alphabet-table/AlphabetTable.js
FN:12,(anonymous_0)
FN:19,(anonymous_1)
FN:23,(anonymous_2)
FN:24,(anonymous_3)
FN:26,(anonymous_4)
FN:38,(anonymous_5)
FN:54,(anonymous_6)
FN:55,(anonymous_7)
FNF:8
FNH:8
FNDA:28,(anonymous_0)
FNDA:48,(anonymous_1)
FNDA:702,(anonymous_2)
FNDA:26,(anonymous_3)
FNDA:728,(anonymous_4)
FNDA:3,(anonymous_5)
FNDA:364,(anonymous_6)
FNDA:364,(anonymous_7)
DA:12,7
DA:13,28
DA:19,48
DA:20,28
DA:22,28
DA:23,702
DA:24,26
DA:26,28
DA:27,728
DA:28,728
DA:29,728
DA:31,728
DA:38,28
DA:39,3
DA:40,3
DA:41,0
DA:43,3
DA:44,3
DA:45,2
DA:46,2
DA:51,28
DA:54,364
DA:55,364
LF:23
LH:22
BRDA:22,0,0,27
BRDA:22,0,1,1
BRDA:28,1,0,2
BRDA:28,1,1,726
BRDA:29,2,0,0
BRDA:29,2,1,728
BRDA:40,3,0,0
BRDA:40,3,1,3
BRDA:44,4,0,2
BRDA:44,4,1,1
BRF:10
BRH:8
end_of_record
TN:
SF:src/music-decoder/decoder-controls/DecoderControls.js
FN:23,(anonymous_0)
FN:26,(anonymous_1)
FN:27,(anonymous_2)
FN:30,(anonymous_3)
FN:33,(anonymous_4)
FN:38,(anonymous_5)
FN:40,(anonymous_6)
FN:44,(anonymous_7)
FN:46,(anonymous_8)
FN:57,(anonymous_9)
FN:63,(anonymous_10)
FNF:11
FNH:4
FNDA:28,(anonymous_0)
FNDA:48,(anonymous_1)
FNDA:48,(anonymous_2)
FNDA:0,(anonymous_3)
FNDA:0,(anonymous_4)
FNDA:0,(anonymous_5)
FNDA:0,(anonymous_6)
FNDA:2,(anonymous_7)
FNDA:0,(anonymous_8)
FNDA:0,(anonymous_9)
FNDA:0,(anonymous_10)
DA:23,7
DA:24,28
DA:26,48
DA:27,48
DA:28,28
DA:30,28
DA:31,0
DA:32,0
DA:33,0
DA:35,0
DA:38,28
DA:39,0
DA:40,0
DA:41,0
DA:44,28
DA:46,28
DA:47,0
DA:49,0
DA:54,0
DA:55,0
DA:56,0
DA:57,0
DA:58,0
DA:59,0
DA:63,0
DA:64,0
DA:65,0
DA:68,0
DA:71,28
LF:29
LH:10
BRDA:47,0,0,0
BRDA:47,0,1,0
BRDA:56,1,0,0
BRDA:56,1,1,0
BRF:4
BRH:0
end_of_record
TN:
SF:src/music-decoder/decoder-controls/dropdown-options/instruments.js
FNF:0
FNH:0
DA:1,7
LF:1
LH:1
BRF:0
BRH:0
end_of_record
TN:
SF:src/music-decoder/decoder-controls/dropdown-options/scales.js
FNF:0
FNH:0
DA:1,7
LF:1
LH:1
BRF:0
BRH:0
end_of_record
TN:
SF:src/music-decoder/word-form/WordForm.js
FN:11,(anonymous_0)
FN:16,(anonymous_1)
FNF:2
FNH:2
FNDA:28,(anonymous_0)
FNDA:10,(anonymous_1)
DA:11,7
DA:12,28
DA:13,28
DA:14,28
DA:16,28
DA:17,10
DA:18,10
DA:19,10
DA:20,10
DA:21,10
DA:22,10
DA:24,0
DA:28,28
LF:13
LH:12
BRDA:20,0,0,10
BRDA:20,0,1,0
BRF:2
BRH:1
end_of_record
TN:
SF:src/navbar-settings/Navbar.js
FN:11,(anonymous_0)
FN:14,(anonymous_1)
FN:15,(anonymous_2)
FNF:3
FNH:1
FNDA:12,(anonymous_0)
FNDA:0,(anonymous_1)
FNDA:0,(anonymous_2)
DA:11,4
DA:12,12
DA:13,12
DA:14,12
DA:15,12
DA:16,0
DA:20,12
LF:7
LH:6
BRF:0
BRH:0
end_of_record
TN:
SF:src/navbar-settings/settings/Settings.js
FN:8,(anonymous_0)
FNF:1
FNH:1
FNDA:2,(anonymous_0)
DA:8,5
DA:9,2
LF:2
LH:2
BRF:0
BRH:0
end_of_record
TN:
SF:src/navbar-settings/settings/color-blind/ColorBlind.js
FN:8,(anonymous_0)
FN:9,(anonymous_1)
FN:12,(anonymous_2)
FNF:3
FNH:2
FNDA:4,(anonymous_0)
FNDA:4,(anonymous_1)
FNDA:0,(anonymous_2)
DA:8,6
DA:9,4
DA:10,4
DA:12,4
DA:14,4
LF:5
LH:5
BRF:0
BRH:0
end_of_record
TN:
SF:src/navbar-settings/settings/rosters/Rosters.js
FN:14,(anonymous_0)
FN:15,(anonymous_1)
FN:20,(anonymous_2)
FN:28,(anonymous_3)
FN:34,(anonymous_4)
FNF:5
FNH:3
FNDA:4,(anonymous_0)
FNDA:4,(anonymous_1)
FNDA:4,(anonymous_2)
FNDA:0,(anonymous_3)
FNDA:0,(anonymous_4)
DA:14,6
DA:15,4
DA:16,4
DA:17,4
DA:18,4
DA:20,4
DA:21,4
DA:22,4
DA:23,0
DA:25,4
DA:28,4
DA:29,0
DA:30,0
DA:31,0
DA:34,4
DA:35,0
DA:38,4
DA:40,4
LF:18
LH:13
BRDA:30,0,0,0
BRDA:30,0,1,0
BRDA:38,1,0,4
BRDA:38,1,1,0
BRDA:43,2,0,0
BRDA:43,2,1,4
BRF:6
BRH:2
end_of_record
TN:
SF:src/navbar-settings/settings/rosters/new-roster/NewRoster.js
FN:14,(anonymous_0)
FN:25,(anonymous_1)
FN:41,(anonymous_2)
FN:47,(anonymous_3)
FN:57,(anonymous_4)
FN:62,(anonymous_5)
FN:63,(anonymous_6)
FN:64,(anonymous_7)
FN:70,(anonymous_8)
FN:76,(anonymous_9)
FNF:10
FNH:2
FNDA:2,(anonymous_0)
FNDA:2,(anonymous_1)
FNDA:0,(anonymous_2)
FNDA:0,(anonymous_3)
FNDA:0,(anonymous_4)
FNDA:0,(anonymous_5)
FNDA:0,(anonymous_6)
FNDA:0,(anonymous_7)
FNDA:0,(anonymous_8)
FNDA:0,(anonymous_9)
DA:14,7
DA:15,2
DA:19,2
DA:20,2
DA:21,2
DA:23,2
DA:26,2
DA:41,2
DA:42,0
DA:43,0
DA:44,0
DA:47,2
DA:48,0
DA:49,0
DA:50,0
DA:51,0
DA:52,0
DA:57,2
DA:58,0
DA:59,0
DA:60,0
DA:61,0
DA:62,0
DA:63,0
DA:64,0
DA:68,0
DA:69,0
DA:70,0
DA:71,0
DA:72,0
DA:76,2
DA:78,2
LF:32
LH:12
BRDA:51,0,0,0
BRDA:51,0,1,0
BRDA:52,1,0,0
BRDA:52,1,1,0
BRDA:58,2,0,0
BRDA:58,2,1,0
BRF:6
BRH:0
end_of_record
TN:
SF:src/navbar-settings/settings/text-to-speech/TextToSpeech.js
FN:8,(anonymous_0)
FN:9,(anonymous_1)
FN:12,(anonymous_2)
FNF:3
FNH:2
FNDA:4,(anonymous_0)
FNDA:4,(anonymous_1)
FNDA:0,(anonymous_2)
DA:8,6
DA:9,4
DA:10,4
DA:12,4
DA:14,4
LF:5
LH:5
BRF:0
BRH:0
end_of_record
TN:
SF:src/navbar-settings/settings/volume/Volume.js
FN:12,(anonymous_0)
FN:13,(anonymous_1)
FN:28,(anonymous_2)
FNF:3
FNH:2
FNDA:4,(anonymous_0)
FNDA:4,(anonymous_1)
FNDA:0,(anonymous_2)
DA:12,6
DA:13,4
DA:14,4
DA:16,4
DA:22,4
DA:28,4
DA:30,4
LF:7
LH:7
BRDA:34,0,0,0
BRDA:34,0,1,4
BRDA:43,1,0,4
BRDA:43,1,1,0
BRDA:51,2,0,0
BRDA:51,2,1,4
BRF:6
BRH:3
end_of_record
TN:
SF:src/score-keeper/ScoreKeeper.js
FN:17,(anonymous_0)
FN:19,(anonymous_1)
FN:20,(anonymous_2)
FN:23,(anonymous_3)
FN:26,(anonymous_4)
FNF:5
FNH:5
FNDA:10,(anonymous_0)
FNDA:37,(anonymous_1)
FNDA:37,(anonymous_2)
FNDA:5,(anonymous_3)
FNDA:5,(anonymous_4)
DA:17,6
DA:18,10
DA:19,37
DA:20,37
DA:21,10
DA:23,10
DA:24,5
DA:25,5
DA:26,5
DA:27,5
DA:28,5
DA:32,10
LF:12
LH:12
BRDA:35,0,0,4
BRDA:35,0,1,6
BRF:2
BRH:2
end_of_record
TN:
SF:src/score-keeper/students/Students.js
FN:7,(anonymous_0)
FN:8,(anonymous_1)
FN:12,(anonymous_2)
FNF:3
FNH:3
FNDA:24,(anonymous_0)
FNDA:46,(anonymous_1)
FNDA:84,(anonymous_2)
DA:7,7
DA:8,46
DA:10,24
DA:13,84
LF:4
LH:4
BRF:0
BRH:0
end_of_record
TN:
SF:src/score-keeper/students/student/Student.js
FN:9,(anonymous_0)
FN:12,(anonymous_1)
FN:13,(anonymous_2)
FNF:3
FNH:3
FNDA:86,(anonymous_0)
FNDA:11,(anonymous_1)
FNDA:6,(anonymous_2)
DA:9,8
DA:10,86
DA:12,86
DA:13,86
DA:14,6
DA:16,86
LF:6
LH:6
BRF:0
BRH:0
end_of_record
TN:
SF:src/sequence-maker/SequenceMaker.js
FN:20,(anonymous_0)
FN:22,(anonymous_1)
FN:23,(anonymous_2)
FN:24,(anonymous_3)
FN:28,(anonymous_4)
FN:30,(anonymous_5)
FN:37,(anonymous_6)
FN:38,(anonymous_7)
FNF:8
FNH:8
FNDA:57,(anonymous_0)
FNDA:91,(anonymous_1)
FNDA:91,(anonymous_2)
FNDA:91,(anonymous_3)
FNDA:9,(anonymous_4)
FNDA:9,(anonymous_5)
FNDA:27,(anonymous_6)
FNDA:27,(anonymous_7)
DA:20,6
DA:21,57
DA:22,91
DA:23,91
DA:24,91
DA:25,57
DA:26,57
DA:28,57
DA:29,9
DA:30,9
DA:31,9
DA:32,9
DA:33,9
DA:37,57
DA:38,27
DA:42,57
LF:16
LH:16
BRDA:45,0,0,2
BRDA:45,0,1,55
BRF:2
BRH:2
end_of_record
TN:
SF:src/sequence-maker/controls/SequenceControls.js
FN:16,(anonymous_0)
FN:19,(anonymous_1)
FN:20,(anonymous_2)
FN:21,(anonymous_3)
FNF:4
FNH:2
FNDA:57,(anonymous_0)
FNDA:6,(anonymous_1)
FNDA:0,(anonymous_2)
FNDA:0,(anonymous_3)
DA:16,7
DA:17,57
DA:19,57
DA:20,57
DA:21,57
DA:23,57
LF:6
LH:6
BRF:0
BRH:0
end_of_record
TN:
SF:src/sequence-maker/controls/dropdown-options/categories.js
FNF:0
FNH:0
DA:1,7
LF:1
LH:1
BRF:0
BRH:0
end_of_record
TN:
SF:src/sequence-maker/controls/dropdown-options/durations.js
FNF:0
FNH:0
DA:1,7
LF:1
LH:1
BRF:0
BRH:0
end_of_record
TN:
SF:src/sequence-maker/controls/dropdown-options/pitches.js
FNF:0
FNH:0
DA:1,7
LF:1
LH:1
BRF:0
BRH:0
end_of_record
TN:
SF:src/sequence-maker/play-reset/SequencePlayReset.js
FN:19,(anonymous_0)
FN:21,(anonymous_1)
FN:26,(anonymous_2)
FN:32,(anonymous_3)
FN:36,(anonymous_4)
FN:44,(anonymous_5)
FN:51,(anonymous_6)
FN:59,(anonymous_7)
FNF:8
FNH:8
FNDA:57,(anonymous_0)
FNDA:90,(anonymous_1)
FNDA:1,(anonymous_2)
FNDA:2,(anonymous_3)
FNDA:2,(anonymous_4)
FNDA:1,(anonymous_5)
FNDA:2,(anonymous_6)
FNDA:1,(anonymous_7)
DA:19,7
DA:20,57
DA:21,90
DA:23,57
DA:24,57
DA:26,57
DA:27,1
DA:28,1
DA:30,1
DA:31,4
DA:32,2
DA:33,2
DA:34,2
DA:36,2
DA:37,2
DA:38,2
DA:41,1
DA:44,57
DA:45,1
DA:46,1
DA:48,1
DA:49,4
DA:50,2
DA:51,2
DA:52,2
DA:53,2
DA:56,1
DA:59,57
DA:60,1
DA:61,1
DA:64,57
LF:31
LH:31
BRDA:27,0,0,0
BRDA:27,0,1,1
BRDA:28,1,0,0
BRDA:28,1,1,1
BRDA:31,2,0,2
BRDA:31,2,1,2
BRDA:45,3,0,0
BRDA:45,3,1,1
BRDA:46,4,0,0
BRDA:46,4,1,1
BRDA:49,5,0,2
BRDA:49,5,1,2
BRF:12
BRH:8
end_of_record
TN:
SF:src/sequence-maker/sequence/Sequence.js
FN:13,(anonymous_0)
FN:14,(anonymous_1)
FN:18,(anonymous_2)
FN:23,(anonymous_3)
FN:27,(anonymous_4)
FN:36,(anonymous_5)
FNF:6
FNH:5
FNDA:57,(anonymous_0)
FNDA:90,(anonymous_1)
FNDA:0,(anonymous_2)
FNDA:1,(anonymous_3)
FNDA:1,(anonymous_4)
FNDA:228,(anonymous_5)
DA:13,7
DA:14,90
DA:15,57
DA:16,57
DA:18,57
DA:19,0
DA:20,0
DA:23,57
DA:24,1
DA:25,1
DA:26,1
DA:27,1
DA:28,1
DA:29,1
DA:31,1
DA:34,57
DA:37,228
LF:17
LH:15
BRDA:24,0,0,0
BRDA:24,0,1,1
BRDA:38,1,0,49
BRDA:38,1,1,179
BRDA:39,2,0,11
BRDA:39,2,1,217
BRDA:39,3,0,228
BRDA:39,3,1,49
BRDA:44,4,0,49
BRDA:44,4,1,179
BRF:10
BRH:9
end_of_record
TN:
SF:src/sequence-maker/sound-options/SoundOptions.js
FN:15,(anonymous_0)
FN:16,(anonymous_1)
FN:17,(anonymous_2)
FN:21,(anonymous_3)
FN:22,(anonymous_4)
FN:25,(anonymous_5)
FN:32,(anonymous_6)
FNF:7
FNH:7
FNDA:57,(anonymous_0)
FNDA:90,(anonymous_1)
FNDA:90,(anonymous_2)
FNDA:8,(anonymous_3)
FNDA:11,(anonymous_4)
FNDA:8,(anonymous_5)
FNDA:156,(anonymous_6)
DA:15,7
DA:16,90
DA:17,90
DA:18,57
DA:19,57
DA:21,57
DA:22,11
DA:23,8
DA:24,8
DA:25,8
DA:29,57
DA:31,57
DA:33,156
DA:44,57
LF:14
LH:14
BRDA:22,0,0,8
BRDA:22,0,1,0
BRDA:31,1,0,39
BRDA:31,1,1,18
BRF:4
BRH:3
end_of_record
TN:
SF:src/time-keeper/TimeKeeper.js
FN:15,(anonymous_0)
FN:17,(anonymous_1)
FN:20,(anonymous_2)
FN:22,(anonymous_3)
FNF:4
FNH:4
FNDA:6,(anonymous_0)
FNDA:9,(anonymous_1)
FNDA:3,(anonymous_2)
FNDA:3,(anonymous_3)
DA:15,6
DA:16,6
DA:17,9
DA:18,6
DA:20,6
DA:21,3
DA:22,3
DA:25,6
LF:8
LH:8
BRDA:28,0,0,6
BRDA:28,0,1,0
BRF:2
BRH:1
end_of_record
TN:
SF:src/time-keeper/interface/Interface.js
FN:6,(anonymous_0)
FNF:1
FNH:1
FNDA:3,(anonymous_0)
DA:6,7
DA:7,3
LF:2
LH:2
BRF:0
BRH:0
end_of_record
TN:
SF:src/time-keeper/interface/music-choices/MusicChoices.js
FN:9,(anonymous_0)
FN:14,(anonymous_1)
FNF:2
FNH:2
FNDA:6,(anonymous_0)
FNDA:30,(anonymous_1)
DA:9,8
DA:10,6
DA:11,6
DA:15,30
LF:4
LH:4
BRDA:10,0,0,4
BRDA:10,0,1,2
BRF:2
BRH:2
end_of_record
TN:
SF:src/time-keeper/interface/music-choices/music-option/MusicOption.js
FN:5,(anonymous_0)
FN:8,(anonymous_1)
FNF:2
FNH:1
FNDA:30,(anonymous_0)
FNDA:0,(anonymous_1)
DA:5,8
DA:6,30
DA:8,30
DA:10,30
DA:11,30
LF:5
LH:5
BRDA:10,0,0,18
BRDA:10,0,1,12
BRF:2
BRH:2
end_of_record
TN:
SF:src/time-keeper/interface/play-pause/PlayPause.js
FN:11,(anonymous_0)
FN:12,(anonymous_1)
FN:14,(anonymous_2)
FNF:3
FNH:2
FNDA:4,(anonymous_0)
FNDA:4,(anonymous_1)
FNDA:0,(anonymous_2)
DA:11,8
DA:12,4
DA:13,4
DA:14,4
DA:16,4
DA:17,4
DA:19,4
LF:7
LH:7
BRDA:16,0,0,4
BRDA:16,0,1,0
BRDA:17,1,0,4
BRDA:17,1,1,0
BRF:4
BRH:2
end_of_record
TN:
SF:src/time-keeper/time/time-bar/TimeBar.js
FN:7,(anonymous_0)
FN:8,(anonymous_1)
FN:12,(anonymous_2)
FNF:3
FNH:2
FNDA:2,(anonymous_0)
FNDA:2,(anonymous_1)
FNDA:0,(anonymous_2)
DA:7,7
DA:8,2
DA:9,2
DA:10,2
DA:13,0
LF:5
LH:4
BRDA:9,0,0,2
BRDA:9,0,1,0
BRF:2
BRH:1
end_of_record
TN:
SF:src/time-keeper/time/time-bar/time-block/TimeBlock.js
FN:5,(anonymous_0)
FN:7,(anonymous_1)
FNF:2
FNH:0
FNDA:0,(anonymous_0)
FNDA:0,(anonymous_1)
DA:5,7
DA:6,0
DA:7,0
DA:8,0
DA:9,0
LF:5
LH:1
BRDA:11,0,0,0
BRDA:11,0,1,0
BRDA:11,1,0,0
BRDA:11,1,1,0
BRF:4
BRH:0
end_of_record
TN:
SF:src/time-keeper/time/time-left/TimeLeft.js
FN:7,(anonymous_0)
FN:8,(anonymous_1)
FNF:2
FNH:2
FNDA:2,(anonymous_0)
FNDA:2,(anonymous_1)
DA:7,7
DA:8,2
DA:10,2
DA:12,2
LF:4
LH:4
BRF:0
BRH:0
end_of_record
