<?xml version="1.0" encoding="UTF-8"?>
<coverage generated="1692559839418" clover="3.2.0">
  <project timestamp="1692559839418" name="All files">
    <metrics statements="1724" coveredstatements="1467" conditionals="663" coveredconditionals="450" methods="572" coveredmethods="450" elements="2959" coveredelements="2367" complexity="0" loc="1724" ncloc="1724" packages="136" files="159" classes="159"/>
    <package name="src">
      <metrics statements="3" coveredstatements="3" conditionals="2" coveredconditionals="1" methods="1" coveredmethods="1"/>
      <file name="App.js" path="/Users/ant/SE/Personal-Projects/art-buddy/src/App.js">
        <metrics statements="3" coveredstatements="3" conditionals="2" coveredconditionals="1" methods="1" coveredmethods="1"/>
        <line num="8" count="3" type="stmt"/>
        <line num="9" count="3" type="stmt"/>
        <line num="10" count="3" type="stmt"/>
      </file>
    </package>
    <package name="src.assets">
      <metrics statements="3" coveredstatements="3" conditionals="0" coveredconditionals="0" methods="0" coveredmethods="0"/>
      <file name="awsS3Root.js" path="/Users/ant/SE/Personal-Projects/art-buddy/src/assets/awsS3Root.js">
        <metrics statements="3" coveredstatements="3" conditionals="0" coveredconditionals="0" methods="0" coveredmethods="0"/>
        <line num="2" count="114" type="stmt"/>
        <line num="5" count="114" type="stmt"/>
        <line num="6" count="114" type="stmt"/>
      </file>
    </package>
    <package name="src.assets.instrument-id">
      <metrics statements="61" coveredstatements="61" conditionals="0" coveredconditionals="0" methods="0" coveredmethods="0"/>
      <file name="soundImports.js" path="/Users/ant/SE/Personal-Projects/art-buddy/src/assets/instrument-id/soundImports.js">
        <metrics statements="61" coveredstatements="61" conditionals="0" coveredconditionals="0" methods="0" coveredmethods="0"/>
        <line num="3" count="108" type="stmt"/>
        <line num="4" count="108" type="stmt"/>
        <line num="5" count="108" type="stmt"/>
        <line num="6" count="108" type="stmt"/>
        <line num="8" count="108" type="stmt"/>
        <line num="9" count="108" type="stmt"/>
        <line num="10" count="108" type="stmt"/>
        <line num="11" count="108" type="stmt"/>
        <line num="12" count="108" type="stmt"/>
        <line num="13" count="108" type="stmt"/>
        <line num="14" count="108" type="stmt"/>
        <line num="15" count="108" type="stmt"/>
        <line num="16" count="108" type="stmt"/>
        <line num="18" count="108" type="stmt"/>
        <line num="19" count="108" type="stmt"/>
        <line num="20" count="108" type="stmt"/>
        <line num="21" count="108" type="stmt"/>
        <line num="22" count="108" type="stmt"/>
        <line num="23" count="108" type="stmt"/>
        <line num="24" count="108" type="stmt"/>
        <line num="25" count="108" type="stmt"/>
        <line num="26" count="108" type="stmt"/>
        <line num="27" count="108" type="stmt"/>
        <line num="28" count="108" type="stmt"/>
        <line num="29" count="108" type="stmt"/>
        <line num="30" count="108" type="stmt"/>
        <line num="31" count="108" type="stmt"/>
        <line num="32" count="108" type="stmt"/>
        <line num="33" count="108" type="stmt"/>
        <line num="34" count="108" type="stmt"/>
        <line num="35" count="108" type="stmt"/>
        <line num="36" count="108" type="stmt"/>
        <line num="37" count="108" type="stmt"/>
        <line num="38" count="108" type="stmt"/>
        <line num="39" count="108" type="stmt"/>
        <line num="40" count="108" type="stmt"/>
        <line num="41" count="108" type="stmt"/>
        <line num="42" count="108" type="stmt"/>
        <line num="43" count="108" type="stmt"/>
        <line num="46" count="108" type="stmt"/>
        <line num="47" count="108" type="stmt"/>
        <line num="48" count="108" type="stmt"/>
        <line num="49" count="108" type="stmt"/>
        <line num="50" count="108" type="stmt"/>
        <line num="53" count="108" type="stmt"/>
        <line num="54" count="108" type="stmt"/>
        <line num="55" count="108" type="stmt"/>
        <line num="56" count="108" type="stmt"/>
        <line num="57" count="108" type="stmt"/>
        <line num="60" count="108" type="stmt"/>
        <line num="61" count="108" type="stmt"/>
        <line num="62" count="108" type="stmt"/>
        <line num="63" count="108" type="stmt"/>
        <line num="64" count="108" type="stmt"/>
        <line num="65" count="108" type="stmt"/>
        <line num="67" count="108" type="stmt"/>
        <line num="75" count="108" type="stmt"/>
        <line num="83" count="108" type="stmt"/>
        <line num="91" count="108" type="stmt"/>
        <line num="99" count="108" type="stmt"/>
        <line num="107" count="108" type="stmt"/>
      </file>
    </package>
    <package name="src.assets.jump-into-rhythm">
      <metrics statements="11" coveredstatements="11" conditionals="0" coveredconditionals="0" methods="0" coveredmethods="0"/>
      <file name="jumpIntoRhythm.assets.js" path="/Users/ant/SE/Personal-Projects/art-buddy/src/assets/jump-into-rhythm/jumpIntoRhythm.assets.js">
        <metrics statements="11" coveredstatements="11" conditionals="0" coveredconditionals="0" methods="0" coveredmethods="0"/>
        <line num="7" count="13" type="stmt"/>
        <line num="10" count="13" type="stmt"/>
        <line num="11" count="13" type="stmt"/>
        <line num="12" count="13" type="stmt"/>
        <line num="13" count="13" type="stmt"/>
        <line num="16" count="13" type="stmt"/>
        <line num="17" count="13" type="stmt"/>
        <line num="18" count="13" type="stmt"/>
        <line num="21" count="13" type="stmt"/>
        <line num="22" count="13" type="stmt"/>
        <line num="23" count="13" type="stmt"/>
      </file>
    </package>
    <package name="src.components.button">
      <metrics statements="3" coveredstatements="3" conditionals="14" coveredconditionals="14" methods="1" coveredmethods="1"/>
      <file name="Button.js" path="/Users/ant/SE/Personal-Projects/art-buddy/src/components/button/Button.js">
        <metrics statements="3" coveredstatements="3" conditionals="14" coveredconditionals="14" methods="1" coveredmethods="1"/>
        <line num="5" count="36" type="stmt"/>
        <line num="16" count="416" type="stmt"/>
        <line num="17" count="416" type="stmt"/>
      </file>
    </package>
    <package name="src.components.dropdown">
      <metrics statements="12" coveredstatements="12" conditionals="9" coveredconditionals="9" methods="6" coveredmethods="6"/>
      <file name="Dropdown.js" path="/Users/ant/SE/Personal-Projects/art-buddy/src/components/dropdown/Dropdown.js">
        <metrics statements="12" coveredstatements="12" conditionals="9" coveredconditionals="9" methods="6" coveredmethods="6"/>
        <line num="7" count="16" type="cond" truecount="1" falsecount="0"/>
        <line num="8" count="290" type="stmt"/>
        <line num="9" count="290" type="stmt"/>
        <line num="11" count="290" type="stmt"/>
        <line num="13" count="290" type="stmt"/>
        <line num="14" count="12" type="stmt"/>
        <line num="15" count="12" type="stmt"/>
        <line num="19" count="290" type="stmt"/>
        <line num="26" count="2235" type="stmt"/>
        <line num="38" count="290" type="stmt"/>
        <line num="43" count="290" type="stmt"/>
        <line num="45" count="290" type="stmt"/>
      </file>
    </package>
    <package name="src.components.help">
      <metrics statements="6" coveredstatements="5" conditionals="0" coveredconditionals="0" methods="3" coveredmethods="2"/>
      <file name="Help.js" path="/Users/ant/SE/Personal-Projects/art-buddy/src/components/help/Help.js">
        <metrics statements="6" coveredstatements="5" conditionals="0" coveredconditionals="0" methods="3" coveredmethods="2"/>
        <line num="10" count="34" type="stmt"/>
        <line num="11" count="65" type="stmt"/>
        <line num="12" count="48" type="stmt"/>
        <line num="14" count="48" type="stmt"/>
        <line num="15" count="0" type="stmt"/>
        <line num="19" count="48" type="stmt"/>
      </file>
    </package>
    <package name="src.components.icon">
      <metrics statements="4" coveredstatements="4" conditionals="17" coveredconditionals="17" methods="1" coveredmethods="1"/>
      <file name="Icon.js" path="/Users/ant/SE/Personal-Projects/art-buddy/src/components/icon/Icon.js">
        <metrics statements="4" coveredstatements="4" conditionals="17" coveredconditionals="17" methods="1" coveredmethods="1"/>
        <line num="3" count="51" type="stmt"/>
        <line num="14" count="756" type="stmt"/>
        <line num="21" count="756" type="stmt"/>
        <line num="25" count="756" type="stmt"/>
      </file>
    </package>
    <package name="src.components.icon.add-icon">
      <metrics statements="2" coveredstatements="2" conditionals="0" coveredconditionals="0" methods="1" coveredmethods="1"/>
      <file name="AddIcon.js" path="/Users/ant/SE/Personal-Projects/art-buddy/src/components/icon/add-icon/AddIcon.js">
        <metrics statements="2" coveredstatements="2" conditionals="0" coveredconditionals="0" methods="1" coveredmethods="1"/>
        <line num="5" count="12" type="stmt"/>
        <line num="6" count="74" type="stmt"/>
      </file>
    </package>
    <package name="src.components.keyboard">
      <metrics statements="2" coveredstatements="2" conditionals="0" coveredconditionals="0" methods="1" coveredmethods="1"/>
      <file name="Keyboard.js" path="/Users/ant/SE/Personal-Projects/art-buddy/src/components/keyboard/Keyboard.js">
        <metrics statements="2" coveredstatements="2" conditionals="0" coveredconditionals="0" methods="1" coveredmethods="1"/>
        <line num="7" count="9" type="stmt"/>
        <line num="8" count="42" type="stmt"/>
      </file>
    </package>
    <package name="src.components.navbar-settings">
      <metrics statements="7" coveredstatements="6" conditionals="0" coveredconditionals="0" methods="3" coveredmethods="1"/>
      <file name="Navbar.js" path="/Users/ant/SE/Personal-Projects/art-buddy/src/components/navbar-settings/Navbar.js">
        <metrics statements="7" coveredstatements="6" conditionals="0" coveredconditionals="0" methods="3" coveredmethods="1"/>
        <line num="12" count="4" type="stmt"/>
        <line num="13" count="12" type="stmt"/>
        <line num="14" count="12" type="stmt"/>
        <line num="16" count="12" type="stmt"/>
        <line num="17" count="12" type="stmt"/>
        <line num="18" count="0" type="stmt"/>
        <line num="23" count="12" type="stmt"/>
      </file>
    </package>
    <package name="src.components.navbar-settings.time-keeper-nav">
      <metrics statements="38" coveredstatements="21" conditionals="36" coveredconditionals="15" methods="11" coveredmethods="9"/>
      <file name="TimeKeeperNav.js" path="/Users/ant/SE/Personal-Projects/art-buddy/src/components/navbar-settings/time-keeper-nav/TimeKeeperNav.js">
        <metrics statements="38" coveredstatements="21" conditionals="36" coveredconditionals="15" methods="11" coveredmethods="9"/>
        <line num="17" count="5" type="stmt"/>
        <line num="25" count="17" type="stmt"/>
        <line num="26" count="14" type="stmt"/>
        <line num="27" count="17" type="stmt"/>
        <line num="28" count="17" type="stmt"/>
        <line num="29" count="14" type="stmt"/>
        <line num="30" count="14" type="stmt"/>
        <line num="31" count="14" type="stmt"/>
        <line num="33" count="14" type="cond" truecount="2" falsecount="0"/>
        <line num="37" count="14" type="stmt"/>
        <line num="38" count="7" type="cond" truecount="1" falsecount="1"/>
        <line num="39" count="0" type="cond" truecount="0" falsecount="2"/>
        <line num="44" count="14" type="stmt"/>
        <line num="45" count="7" type="cond" truecount="2" falsecount="2"/>
        <line num="46" count="0" type="stmt"/>
        <line num="48" count="0" type="cond" truecount="0" falsecount="4"/>
        <line num="49" count="0" type="stmt"/>
        <line num="50" count="0" type="stmt"/>
        <line num="51" count="0" type="cond" truecount="0" falsecount="2"/>
        <line num="52" count="0" type="stmt"/>
        <line num="54" count="0" type="stmt"/>
        <line num="56" count="0" type="cond" truecount="0" falsecount="2"/>
        <line num="57" count="0" type="stmt"/>
        <line num="63" count="14" type="stmt"/>
        <line num="64" count="7" type="cond" truecount="3" falsecount="1"/>
        <line num="65" count="0" type="stmt"/>
        <line num="66" count="0" type="stmt"/>
        <line num="67" count="0" type="stmt"/>
        <line num="72" count="14" type="stmt"/>
        <line num="73" count="7" type="cond" truecount="2" falsecount="2"/>
        <line num="74" count="0" type="stmt"/>
        <line num="79" count="14" type="stmt"/>
        <line num="80" count="7" type="cond" truecount="1" falsecount="1"/>
        <line num="81" count="0" type="stmt"/>
        <line num="85" count="14" type="stmt"/>
        <line num="86" count="0" type="stmt"/>
        <line num="87" count="0" type="stmt"/>
        <line num="90" count="14" type="stmt"/>
      </file>
    </package>
    <package name="src.components.option">
      <metrics statements="2" coveredstatements="2" conditionals="1" coveredconditionals="1" methods="1" coveredmethods="1"/>
      <file name="Options.js" path="/Users/ant/SE/Personal-Projects/art-buddy/src/components/option/Options.js">
        <metrics statements="2" coveredstatements="2" conditionals="1" coveredconditionals="1" methods="1" coveredmethods="1"/>
        <line num="3" count="15" type="cond" truecount="1" falsecount="0"/>
        <line num="4" count="73" type="stmt"/>
      </file>
    </package>
    <package name="src.components.popup">
      <metrics statements="8" coveredstatements="8" conditionals="10" coveredconditionals="8" methods="2" coveredmethods="2"/>
      <file name="Popup.js" path="/Users/ant/SE/Personal-Projects/art-buddy/src/components/popup/Popup.js">
        <metrics statements="8" coveredstatements="8" conditionals="10" coveredconditionals="8" methods="2" coveredmethods="2"/>
        <line num="8" count="4" type="stmt"/>
        <line num="9" count="12" type="stmt"/>
        <line num="11" count="12" type="stmt"/>
        <line num="12" count="4" type="cond" truecount="1" falsecount="1"/>
        <line num="14" count="4" type="cond" truecount="2" falsecount="0"/>
        <line num="16" count="4" type="cond" truecount="2" falsecount="0"/>
        <line num="17" count="1" type="stmt"/>
        <line num="22" count="12" type="cond" truecount="2" falsecount="0"/>
      </file>
    </package>
    <package name="src.components.report-card">
      <metrics statements="8" coveredstatements="7" conditionals="1" coveredconditionals="0" methods="3" coveredmethods="2"/>
      <file name="ReportCard.js" path="/Users/ant/SE/Personal-Projects/art-buddy/src/components/report-card/ReportCard.js">
        <metrics statements="8" coveredstatements="7" conditionals="1" coveredconditionals="0" methods="3" coveredmethods="2"/>
        <line num="9" count="15" type="cond" truecount="0" falsecount="1"/>
        <line num="10" count="2" type="stmt"/>
        <line num="11" count="2" type="stmt"/>
        <line num="12" count="12" type="stmt"/>
        <line num="13" count="12" type="stmt"/>
        <line num="24" count="2" type="stmt"/>
        <line num="25" count="0" type="stmt"/>
        <line num="27" count="2" type="stmt"/>
      </file>
    </package>
    <package name="src.components.report-card.score">
      <metrics statements="11" coveredstatements="11" conditionals="8" coveredconditionals="8" methods="2" coveredmethods="2"/>
      <file name="Score.js" path="/Users/ant/SE/Personal-Projects/art-buddy/src/components/report-card/score/Score.js">
        <metrics statements="11" coveredstatements="11" conditionals="8" coveredconditionals="8" methods="2" coveredmethods="2"/>
        <line num="3" count="16" type="stmt"/>
        <line num="5" count="16" type="stmt"/>
        <line num="6" count="14" type="stmt"/>
        <line num="7" count="14" type="stmt"/>
        <line num="8" count="14" type="stmt"/>
        <line num="9" count="14" type="stmt"/>
        <line num="10" count="56" type="cond" truecount="4" falsecount="0"/>
        <line num="15" count="56" type="cond" truecount="2" falsecount="0"/>
        <line num="18" count="56" type="stmt"/>
        <line num="22" count="14" type="stmt"/>
        <line num="25" count="14" type="stmt"/>
      </file>
    </package>
    <package name="src.components.toggle">
      <metrics statements="2" coveredstatements="2" conditionals="5" coveredconditionals="5" methods="1" coveredmethods="1"/>
      <file name="Toggle.js" path="/Users/ant/SE/Personal-Projects/art-buddy/src/components/toggle/Toggle.js">
        <metrics statements="2" coveredstatements="2" conditionals="5" coveredconditionals="5" methods="1" coveredmethods="1"/>
        <line num="3" count="10" type="cond" truecount="1" falsecount="0"/>
        <line num="4" count="34" type="stmt"/>
      </file>
    </package>
    <package name="src.components.too-small">
      <metrics statements="2" coveredstatements="2" conditionals="0" coveredconditionals="0" methods="1" coveredmethods="1"/>
      <file name="TooSmall.js" path="/Users/ant/SE/Personal-Projects/art-buddy/src/components/too-small/TooSmall.js">
        <metrics statements="2" coveredstatements="2" conditionals="0" coveredconditionals="0" methods="1" coveredmethods="1"/>
        <line num="3" count="4" type="stmt"/>
        <line num="4" count="2" type="stmt"/>
      </file>
    </package>
    <package name="src.components.video">
      <metrics statements="2" coveredstatements="2" conditionals="0" coveredconditionals="0" methods="1" coveredmethods="1"/>
      <file name="Video.js" path="/Users/ant/SE/Personal-Projects/art-buddy/src/components/video/Video.js">
        <metrics statements="2" coveredstatements="2" conditionals="0" coveredconditionals="0" methods="1" coveredmethods="1"/>
        <line num="3" count="10" type="stmt"/>
        <line num="4" count="2" type="stmt"/>
      </file>
    </package>
    <package name="src.components.window">
      <metrics statements="3" coveredstatements="3" conditionals="3" coveredconditionals="3" methods="1" coveredmethods="1"/>
      <file name="Window.js" path="/Users/ant/SE/Personal-Projects/art-buddy/src/components/window/Window.js">
        <metrics statements="3" coveredstatements="3" conditionals="3" coveredconditionals="3" methods="1" coveredmethods="1"/>
        <line num="3" count="11" type="cond" truecount="1" falsecount="0"/>
        <line num="4" count="40" type="cond" truecount="2" falsecount="0"/>
        <line num="5" count="40" type="stmt"/>
      </file>
    </package>
    <package name="src.components.window-nav">
      <metrics statements="12" coveredstatements="12" conditionals="12" coveredconditionals="12" methods="6" coveredmethods="5"/>
      <file name="WindowNavbar.js" path="/Users/ant/SE/Personal-Projects/art-buddy/src/components/window-nav/WindowNavbar.js">
        <metrics statements="12" coveredstatements="12" conditionals="12" coveredconditionals="12" methods="6" coveredmethods="5"/>
        <line num="13" count="33" type="cond" truecount="2" falsecount="0"/>
        <line num="14" count="388" type="stmt"/>
        <line num="15" count="247" type="stmt"/>
        <line num="16" count="247" type="stmt"/>
        <line num="17" count="247" type="stmt"/>
        <line num="19" count="247" type="stmt"/>
        <line num="20" count="152" type="stmt"/>
        <line num="24" count="247" type="stmt"/>
        <line num="25" count="494" type="cond" truecount="2" falsecount="0"/>
        <line num="28" count="247" type="stmt"/>
        <line num="47" count="247" type="stmt"/>
        <line num="57" count="247" type="cond" truecount="2" falsecount="0"/>
      </file>
    </package>
    <package name="src.components.window-nav.back-arrow">
      <metrics statements="4" coveredstatements="4" conditionals="0" coveredconditionals="0" methods="2" coveredmethods="1"/>
      <file name="BackArrow.js" path="/Users/ant/SE/Personal-Projects/art-buddy/src/components/window-nav/back-arrow/BackArrow.js">
        <metrics statements="4" coveredstatements="4" conditionals="0" coveredconditionals="0" methods="2" coveredmethods="1"/>
        <line num="7" count="34" type="stmt"/>
        <line num="8" count="48" type="stmt"/>
        <line num="9" count="48" type="stmt"/>
        <line num="10" count="48" type="stmt"/>
      </file>
    </package>
    <package name="src.data._activities">
      <metrics statements="14" coveredstatements="14" conditionals="0" coveredconditionals="0" methods="0" coveredmethods="0"/>
      <file name="activityList.js" path="/Users/ant/SE/Personal-Projects/art-buddy/src/data/_activities/activityList.js">
        <metrics statements="14" coveredstatements="14" conditionals="0" coveredconditionals="0" methods="0" coveredmethods="0"/>
        <line num="6" count="20" type="stmt"/>
        <line num="7" count="20" type="stmt"/>
        <line num="20" count="20" type="stmt"/>
        <line num="22" count="20" type="stmt"/>
        <line num="39" count="20" type="stmt"/>
        <line num="53" count="20" type="stmt"/>
        <line num="69" count="20" type="stmt"/>
        <line num="85" count="20" type="stmt"/>
        <line num="98" count="20" type="stmt"/>
        <line num="113" count="20" type="stmt"/>
        <line num="128" count="20" type="stmt"/>
        <line num="143" count="20" type="stmt"/>
        <line num="155" count="20" type="stmt"/>
        <line num="166" count="20" type="stmt"/>
      </file>
    </package>
    <package name="src.data._report-cards">
      <metrics statements="10" coveredstatements="10" conditionals="0" coveredconditionals="0" methods="0" coveredmethods="0"/>
      <file name="colorsForProgressBar.js" path="/Users/ant/SE/Personal-Projects/art-buddy/src/data/_report-cards/colorsForProgressBar.js">
        <metrics statements="8" coveredstatements="8" conditionals="0" coveredconditionals="0" methods="0" coveredmethods="0"/>
        <line num="6" count="20" type="stmt"/>
        <line num="8" count="20" type="stmt"/>
        <line num="10" count="20" type="stmt"/>
        <line num="11" count="20" type="stmt"/>
        <line num="32" count="20" type="stmt"/>
        <line num="34" count="20" type="stmt"/>
        <line num="40" count="20" type="stmt"/>
        <line num="46" count="20" type="stmt"/>
      </file>
      <file name="initialReportCards.js" path="/Users/ant/SE/Personal-Projects/art-buddy/src/data/_report-cards/initialReportCards.js">
        <metrics statements="2" coveredstatements="2" conditionals="0" coveredconditionals="0" methods="0" coveredmethods="0"/>
        <line num="8" count="19" type="stmt"/>
        <line num="47" count="19" type="stmt"/>
      </file>
    </package>
    <package name="src.data._utils">
      <metrics statements="1" coveredstatements="1" conditionals="0" coveredconditionals="0" methods="0" coveredmethods="0"/>
      <file name="colorOrder.js" path="/Users/ant/SE/Personal-Projects/art-buddy/src/data/_utils/colorOrder.js">
        <metrics statements="1" coveredstatements="1" conditionals="0" coveredconditionals="0" methods="0" coveredmethods="0"/>
        <line num="3" count="44" type="stmt"/>
      </file>
    </package>
    <package name="src.data.color-theory">
      <metrics statements="3" coveredstatements="3" conditionals="0" coveredconditionals="0" methods="0" coveredmethods="0"/>
      <file name="colors.js" path="/Users/ant/SE/Personal-Projects/art-buddy/src/data/color-theory/colors.js">
        <metrics statements="3" coveredstatements="3" conditionals="0" coveredconditionals="0" methods="0" coveredmethods="0"/>
        <line num="3" count="105" type="stmt"/>
        <line num="71" count="105" type="stmt"/>
        <line num="72" count="1260" type="stmt"/>
      </file>
    </package>
    <package name="src.data.instrument-id">
      <metrics statements="2" coveredstatements="2" conditionals="0" coveredconditionals="0" methods="0" coveredmethods="0"/>
      <file name="learnInstrumentOptions.js" path="/Users/ant/SE/Personal-Projects/art-buddy/src/data/instrument-id/learnInstrumentOptions.js">
        <metrics statements="2" coveredstatements="2" conditionals="0" coveredconditionals="0" methods="0" coveredmethods="0"/>
        <line num="4" count="108" type="stmt"/>
        <line num="27" count="108" type="stmt"/>
      </file>
    </package>
    <package name="src.data.mood-meter">
      <metrics statements="7" coveredstatements="7" conditionals="0" coveredconditionals="0" methods="0" coveredmethods="0"/>
      <file name="batteries.js" path="/Users/ant/SE/Personal-Projects/art-buddy/src/data/mood-meter/batteries.js">
        <metrics statements="7" coveredstatements="7" conditionals="0" coveredconditionals="0" methods="0" coveredmethods="0"/>
        <line num="3" count="7" type="stmt"/>
        <line num="6" count="7" type="stmt"/>
        <line num="9" count="7" type="stmt"/>
        <line num="13" count="7" type="stmt"/>
        <line num="14" count="7" type="stmt"/>
        <line num="15" count="7" type="stmt"/>
        <line num="17" count="7" type="stmt"/>
      </file>
    </package>
    <package name="src.routes">
      <metrics statements="5" coveredstatements="5" conditionals="0" coveredconditionals="0" methods="1" coveredmethods="1"/>
      <file name="ArtBuddyRoutes.js" path="/Users/ant/SE/Personal-Projects/art-buddy/src/routes/ArtBuddyRoutes.js">
        <metrics statements="2" coveredstatements="2" conditionals="0" coveredconditionals="0" methods="1" coveredmethods="1"/>
        <line num="13" count="4" type="stmt"/>
        <line num="14" count="5" type="stmt"/>
      </file>
      <file name="routeUrls.js" path="/Users/ant/SE/Personal-Projects/art-buddy/src/routes/routeUrls.js">
        <metrics statements="3" coveredstatements="3" conditionals="0" coveredconditionals="0" methods="0" coveredmethods="0"/>
        <line num="1" count="34" type="stmt"/>
        <line num="17" count="34" type="stmt"/>
        <line num="27" count="34" type="stmt"/>
      </file>
    </package>
    <package name="src.routes._not-found">
      <metrics statements="4" coveredstatements="4" conditionals="0" coveredconditionals="0" methods="2" coveredmethods="1"/>
      <file name="NotFound.js" path="/Users/ant/SE/Personal-Projects/art-buddy/src/routes/_not-found/NotFound.js">
        <metrics statements="4" coveredstatements="4" conditionals="0" coveredconditionals="0" methods="2" coveredmethods="1"/>
        <line num="7" count="5" type="stmt"/>
        <line num="8" count="3" type="stmt"/>
        <line num="9" count="3" type="stmt"/>
        <line num="11" count="3" type="stmt"/>
      </file>
    </package>
    <package name="src.routes.art">
      <metrics statements="2" coveredstatements="2" conditionals="0" coveredconditionals="0" methods="1" coveredmethods="1"/>
      <file name="ArtRoutes.js" path="/Users/ant/SE/Personal-Projects/art-buddy/src/routes/art/ArtRoutes.js">
        <metrics statements="2" coveredstatements="2" conditionals="0" coveredconditionals="0" methods="1" coveredmethods="1"/>
        <line num="11" count="5" type="stmt"/>
        <line num="12" count="8" type="stmt"/>
      </file>
    </package>
    <package name="src.routes.art.color-theory">
      <metrics statements="2" coveredstatements="2" conditionals="0" coveredconditionals="0" methods="1" coveredmethods="1"/>
      <file name="ColorTheoryRoutes.js" path="/Users/ant/SE/Personal-Projects/art-buddy/src/routes/art/color-theory/ColorTheoryRoutes.js">
        <metrics statements="2" coveredstatements="2" conditionals="0" coveredconditionals="0" methods="1" coveredmethods="1"/>
        <line num="11" count="6" type="stmt"/>
        <line num="12" count="17" type="stmt"/>
      </file>
    </package>
    <package name="src.routes.menu">
      <metrics statements="2" coveredstatements="2" conditionals="0" coveredconditionals="0" methods="1" coveredmethods="1"/>
      <file name="MenuRoutes.js" path="/Users/ant/SE/Personal-Projects/art-buddy/src/routes/menu/MenuRoutes.js">
        <metrics statements="2" coveredstatements="2" conditionals="0" coveredconditionals="0" methods="1" coveredmethods="1"/>
        <line num="10" count="5" type="stmt"/>
        <line num="11" count="10" type="stmt"/>
      </file>
    </package>
    <package name="src.routes.music">
      <metrics statements="2" coveredstatements="2" conditionals="0" coveredconditionals="0" methods="1" coveredmethods="1"/>
      <file name="MusicRoutes.js" path="/Users/ant/SE/Personal-Projects/art-buddy/src/routes/music/MusicRoutes.js">
        <metrics statements="2" coveredstatements="2" conditionals="0" coveredconditionals="0" methods="1" coveredmethods="1"/>
        <line num="13" count="5" type="stmt"/>
        <line num="14" count="10" type="stmt"/>
      </file>
    </package>
    <package name="src.routes.music.instrument-id">
      <metrics statements="2" coveredstatements="2" conditionals="0" coveredconditionals="0" methods="1" coveredmethods="1"/>
      <file name="InstrumentIdRoutes.js" path="/Users/ant/SE/Personal-Projects/art-buddy/src/routes/music/instrument-id/InstrumentIdRoutes.js">
        <metrics statements="2" coveredstatements="2" conditionals="0" coveredconditionals="0" methods="1" coveredmethods="1"/>
        <line num="15" count="6" type="stmt"/>
        <line num="16" count="18" type="stmt"/>
      </file>
    </package>
    <package name="src.routes.tools">
      <metrics statements="2" coveredstatements="2" conditionals="0" coveredconditionals="0" methods="1" coveredmethods="1"/>
      <file name="ToolsRoutes.js" path="/Users/ant/SE/Personal-Projects/art-buddy/src/routes/tools/ToolsRoutes.js">
        <metrics statements="2" coveredstatements="2" conditionals="0" coveredconditionals="0" methods="1" coveredmethods="1"/>
        <line num="11" count="5" type="stmt"/>
        <line num="12" count="10" type="stmt"/>
      </file>
    </package>
    <package name="src.store">
      <metrics statements="1" coveredstatements="1" conditionals="0" coveredconditionals="0" methods="0" coveredmethods="0"/>
      <file name="rootReducer.js" path="/Users/ant/SE/Personal-Projects/art-buddy/src/store/rootReducer.js">
        <metrics statements="1" coveredstatements="1" conditionals="0" coveredconditionals="0" methods="0" coveredmethods="0"/>
        <line num="25" count="101" type="stmt"/>
      </file>
    </package>
    <package name="src.store._general">
      <metrics statements="6" coveredstatements="6" conditionals="0" coveredconditionals="0" methods="3" coveredmethods="3"/>
      <file name="generalReducer.js" path="/Users/ant/SE/Personal-Projects/art-buddy/src/store/_general/generalReducer.js">
        <metrics statements="6" coveredstatements="6" conditionals="0" coveredconditionals="0" methods="3" coveredmethods="3"/>
        <line num="3" count="102" type="stmt"/>
        <line num="9" count="102" type="stmt"/>
        <line num="14" count="2" type="stmt"/>
        <line num="17" count="85" type="stmt"/>
        <line num="20" count="1" type="stmt"/>
        <line num="29" count="102" type="stmt"/>
      </file>
    </package>
    <package name="src.store.free-paint">
      <metrics statements="17" coveredstatements="17" conditionals="0" coveredconditionals="0" methods="7" coveredmethods="7"/>
      <file name="freePaintReducer.js" path="/Users/ant/SE/Personal-Projects/art-buddy/src/store/free-paint/freePaintReducer.js">
        <metrics statements="17" coveredstatements="17" conditionals="0" coveredconditionals="0" methods="7" coveredmethods="7"/>
        <line num="4" count="102" type="stmt"/>
        <line num="13" count="102" type="stmt"/>
        <line num="18" count="1" type="stmt"/>
        <line num="19" count="1" type="stmt"/>
        <line num="20" count="1" type="stmt"/>
        <line num="21" count="1" type="stmt"/>
        <line num="24" count="8" type="stmt"/>
        <line num="27" count="2" type="stmt"/>
        <line num="30" count="3" type="stmt"/>
        <line num="33" count="2" type="stmt"/>
        <line num="36" count="2" type="stmt"/>
        <line num="39" count="6" type="stmt"/>
        <line num="40" count="6" type="stmt"/>
        <line num="41" count="6" type="stmt"/>
        <line num="42" count="6" type="stmt"/>
        <line num="43" count="6" type="stmt"/>
        <line num="48" count="102" type="stmt"/>
      </file>
    </package>
    <package name="src.store.instrument-id.listening-skills">
      <metrics statements="16" coveredstatements="16" conditionals="6" coveredconditionals="6" methods="3" coveredmethods="3"/>
      <file name="listeningSkillsTestReducer.js" path="/Users/ant/SE/Personal-Projects/art-buddy/src/store/instrument-id/listening-skills/listeningSkillsTestReducer.js">
        <metrics statements="16" coveredstatements="16" conditionals="6" coveredconditionals="6" methods="3" coveredmethods="3"/>
        <line num="4" count="103" type="stmt"/>
        <line num="10" count="103" type="stmt"/>
        <line num="15" count="7" type="stmt"/>
        <line num="16" count="7" type="stmt"/>
        <line num="17" count="7" type="stmt"/>
        <line num="19" count="7" type="cond" truecount="4" falsecount="0"/>
        <line num="20" count="2" type="stmt"/>
        <line num="22" count="5" type="stmt"/>
        <line num="23" count="5" type="stmt"/>
        <line num="27" count="3" type="stmt"/>
        <line num="28" count="3" type="stmt"/>
        <line num="29" count="3" type="cond" truecount="2" falsecount="0"/>
        <line num="32" count="6" type="stmt"/>
        <line num="33" count="6" type="stmt"/>
        <line num="34" count="6" type="stmt"/>
        <line num="43" count="103" type="stmt"/>
      </file>
    </package>
    <package name="src.store.instrument-id.song-maker">
      <metrics statements="23" coveredstatements="23" conditionals="4" coveredconditionals="3" methods="6" coveredmethods="6"/>
      <file name="songMakerReducer.js" path="/Users/ant/SE/Personal-Projects/art-buddy/src/store/instrument-id/song-maker/songMakerReducer.js">
        <metrics statements="23" coveredstatements="23" conditionals="4" coveredconditionals="3" methods="6" coveredmethods="6"/>
        <line num="4" count="103" type="stmt"/>
        <line num="10" count="103" type="stmt"/>
        <line num="16" count="103" type="stmt"/>
        <line num="21" count="4" type="stmt"/>
        <line num="22" count="4" type="stmt"/>
        <line num="25" count="1" type="stmt"/>
        <line num="26" count="1" type="stmt"/>
        <line num="29" count="10" type="stmt"/>
        <line num="30" count="10" type="stmt"/>
        <line num="31" count="10" type="stmt"/>
        <line num="32" count="10" type="stmt"/>
        <line num="33" count="10" type="cond" truecount="2" falsecount="0"/>
        <line num="37" count="10" type="cond" truecount="1" falsecount="1"/>
        <line num="38" count="10" type="stmt"/>
        <line num="39" count="10" type="stmt"/>
        <line num="42" count="5" type="stmt"/>
        <line num="43" count="5" type="stmt"/>
        <line num="47" count="5" type="stmt"/>
        <line num="50" count="2" type="stmt"/>
        <line num="53" count="7" type="stmt"/>
        <line num="54" count="7" type="stmt"/>
        <line num="55" count="7" type="stmt"/>
        <line num="60" count="103" type="stmt"/>
      </file>
    </package>
    <package name="src.store.jump-into-rhythm">
      <metrics statements="25" coveredstatements="25" conditionals="10" coveredconditionals="9" methods="6" coveredmethods="6"/>
      <file name="jumpIntoRhythmReducer.js" path="/Users/ant/SE/Personal-Projects/art-buddy/src/store/jump-into-rhythm/jumpIntoRhythmReducer.js">
        <metrics statements="25" coveredstatements="25" conditionals="10" coveredconditionals="9" methods="6" coveredmethods="6"/>
        <line num="3" count="102" type="stmt"/>
        <line num="9" count="102" type="stmt"/>
        <line num="14" count="8" type="stmt"/>
        <line num="15" count="8" type="cond" truecount="1" falsecount="1"/>
        <line num="17" count="8" type="stmt"/>
        <line num="18" count="8" type="stmt"/>
        <line num="19" count="8" type="stmt"/>
        <line num="20" count="8" type="stmt"/>
        <line num="23" count="1" type="stmt"/>
        <line num="24" count="1" type="stmt"/>
        <line num="25" count="1" type="stmt"/>
        <line num="26" count="1" type="stmt"/>
        <line num="29" count="5" type="stmt"/>
        <line num="30" count="5" type="stmt"/>
        <line num="32" count="5" type="cond" truecount="4" falsecount="0"/>
        <line num="34" count="5" type="cond" truecount="2" falsecount="0"/>
        <line num="35" count="4" type="stmt"/>
        <line num="36" count="16" type="cond" truecount="2" falsecount="0"/>
        <line num="37" count="16" type="stmt"/>
        <line num="41" count="2" type="stmt"/>
        <line num="44" count="2" type="stmt"/>
        <line num="47" count="5" type="stmt"/>
        <line num="48" count="5" type="stmt"/>
        <line num="49" count="5" type="stmt"/>
        <line num="61" count="102" type="stmt"/>
      </file>
    </package>
    <package name="src.store.mood-meter">
      <metrics statements="7" coveredstatements="7" conditionals="0" coveredconditionals="0" methods="3" coveredmethods="3"/>
      <file name="moodMeterReducer.js" path="/Users/ant/SE/Personal-Projects/art-buddy/src/store/mood-meter/moodMeterReducer.js">
        <metrics statements="7" coveredstatements="7" conditionals="0" coveredconditionals="0" methods="3" coveredmethods="3"/>
        <line num="3" count="102" type="stmt"/>
        <line num="8" count="102" type="stmt"/>
        <line num="13" count="6" type="stmt"/>
        <line num="16" count="6" type="stmt"/>
        <line num="19" count="1" type="stmt"/>
        <line num="20" count="1" type="stmt"/>
        <line num="29" count="102" type="stmt"/>
      </file>
    </package>
    <package name="src.store.music-decoder">
      <metrics statements="27" coveredstatements="20" conditionals="4" coveredconditionals="2" methods="7" coveredmethods="7"/>
      <file name="musicDecoderReducer.js" path="/Users/ant/SE/Personal-Projects/art-buddy/src/store/music-decoder/musicDecoderReducer.js">
        <metrics statements="27" coveredstatements="20" conditionals="4" coveredconditionals="2" methods="7" coveredmethods="7"/>
        <line num="4" count="102" type="stmt"/>
        <line num="13" count="102" type="stmt"/>
        <line num="18" count="12" type="stmt"/>
        <line num="19" count="12" type="cond" truecount="1" falsecount="1"/>
        <line num="20" count="0" type="stmt"/>
        <line num="21" count="0" type="stmt"/>
        <line num="22" count="0" type="stmt"/>
        <line num="25" count="12" type="stmt"/>
        <line num="26" count="12" type="cond" truecount="1" falsecount="1"/>
        <line num="27" count="0" type="stmt"/>
        <line num="31" count="0" type="stmt"/>
        <line num="32" count="0" type="stmt"/>
        <line num="33" count="0" type="stmt"/>
        <line num="35" count="12" type="stmt"/>
        <line num="38" count="3" type="stmt"/>
        <line num="39" count="3" type="stmt"/>
        <line num="40" count="3" type="stmt"/>
        <line num="43" count="1" type="stmt"/>
        <line num="46" count="1" type="stmt"/>
        <line num="49" count="4" type="stmt"/>
        <line num="52" count="1" type="stmt"/>
        <line num="55" count="8" type="stmt"/>
        <line num="56" count="8" type="stmt"/>
        <line num="57" count="8" type="stmt"/>
        <line num="58" count="8" type="stmt"/>
        <line num="59" count="8" type="stmt"/>
        <line num="72" count="102" type="stmt"/>
      </file>
    </package>
    <package name="src.store.score-keeper">
      <metrics statements="15" coveredstatements="15" conditionals="2" coveredconditionals="2" methods="5" coveredmethods="5"/>
      <file name="scoreKeeperReducer.js" path="/Users/ant/SE/Personal-Projects/art-buddy/src/store/score-keeper/scoreKeeperReducer.js">
        <metrics statements="15" coveredstatements="15" conditionals="2" coveredconditionals="2" methods="5" coveredmethods="5"/>
        <line num="5" count="102" type="stmt"/>
        <line num="9" count="102" type="stmt"/>
        <line num="14" count="26" type="stmt"/>
        <line num="18" count="7" type="stmt"/>
        <line num="21" count="20" type="stmt"/>
        <line num="22" count="20" type="stmt"/>
        <line num="23" count="20" type="stmt"/>
        <line num="24" count="35" type="stmt"/>
        <line num="25" count="20" type="stmt"/>
        <line num="26" count="20" type="stmt"/>
        <line num="27" count="20" type="cond" truecount="2" falsecount="0"/>
        <line num="28" count="20" type="stmt"/>
        <line num="29" count="20" type="stmt"/>
        <line num="32" count="6" type="stmt"/>
        <line num="37" count="102" type="stmt"/>
      </file>
    </package>
    <package name="src.store.sequence-maker">
      <metrics statements="26" coveredstatements="26" conditionals="4" coveredconditionals="3" methods="9" coveredmethods="9"/>
      <file name="sequenceMakerReducer.js" path="/Users/ant/SE/Personal-Projects/art-buddy/src/store/sequence-maker/sequenceMakerReducer.js">
        <metrics statements="26" coveredstatements="26" conditionals="4" coveredconditionals="3" methods="9" coveredmethods="9"/>
        <line num="4" count="102" type="stmt"/>
        <line num="12" count="102" type="stmt"/>
        <line num="17" count="7" type="stmt"/>
        <line num="20" count="13" type="stmt"/>
        <line num="21" count="13" type="stmt"/>
        <line num="22" count="13" type="cond" truecount="1" falsecount="1"/>
        <line num="23" count="13" type="stmt"/>
        <line num="28" count="13" type="stmt"/>
        <line num="31" count="1" type="stmt"/>
        <line num="32" count="1" type="stmt"/>
        <line num="33" count="1" type="stmt"/>
        <line num="34" count="1" type="stmt"/>
        <line num="37" count="2" type="stmt"/>
        <line num="38" count="2" type="stmt"/>
        <line num="41" count="1" type="stmt"/>
        <line num="44" count="1" type="stmt"/>
        <line num="47" count="12" type="stmt"/>
        <line num="48" count="12" type="stmt"/>
        <line num="49" count="12" type="stmt"/>
        <line num="50" count="12" type="stmt"/>
        <line num="51" count="29" type="cond" truecount="2" falsecount="0"/>
        <line num="54" count="10" type="stmt"/>
        <line num="55" count="10" type="stmt"/>
        <line num="56" count="10" type="stmt"/>
        <line num="57" count="10" type="stmt"/>
        <line num="71" count="102" type="stmt"/>
      </file>
    </package>
    <package name="src.store.settings">
      <metrics statements="8" coveredstatements="8" conditionals="0" coveredconditionals="0" methods="4" coveredmethods="4"/>
      <file name="settingsReducer.js" path="/Users/ant/SE/Personal-Projects/art-buddy/src/store/settings/settingsReducer.js">
        <metrics statements="8" coveredstatements="8" conditionals="0" coveredconditionals="0" methods="4" coveredmethods="4"/>
        <line num="3" count="102" type="stmt"/>
        <line num="8" count="102" type="stmt"/>
        <line num="15" count="102" type="stmt"/>
        <line num="20" count="1" type="stmt"/>
        <line num="23" count="1" type="stmt"/>
        <line num="26" count="1" type="stmt"/>
        <line num="29" count="1" type="stmt"/>
        <line num="34" count="102" type="stmt"/>
      </file>
    </package>
    <package name="src.store.time-keeper">
      <metrics statements="31" coveredstatements="23" conditionals="8" coveredconditionals="6" methods="9" coveredmethods="8"/>
      <file name="timeKeeperReducer.js" path="/Users/ant/SE/Personal-Projects/art-buddy/src/store/time-keeper/timeKeeperReducer.js">
        <metrics statements="31" coveredstatements="23" conditionals="8" coveredconditionals="6" methods="9" coveredmethods="8"/>
        <line num="4" count="102" type="stmt"/>
        <line num="14" count="102" type="stmt"/>
        <line num="19" count="6" type="stmt"/>
        <line num="20" count="6" type="stmt"/>
        <line num="21" count="6" type="cond" truecount="2" falsecount="0"/>
        <line num="24" count="6" type="stmt"/>
        <line num="25" count="6" type="stmt"/>
        <line num="26" count="13" type="stmt"/>
        <line num="27" count="6" type="cond" truecount="1" falsecount="1"/>
        <line num="30" count="6" type="stmt"/>
        <line num="33" count="2" type="stmt"/>
        <line num="36" count="2" type="cond" truecount="1" falsecount="1"/>
        <line num="37" count="0" type="stmt"/>
        <line num="39" count="2" type="stmt"/>
        <line num="43" count="2" type="stmt"/>
        <line num="46" count="1" type="stmt"/>
        <line num="49" count="3" type="cond" truecount="2" falsecount="0"/>
        <line num="50" count="1" type="stmt"/>
        <line num="51" count="1" type="stmt"/>
        <line num="53" count="2" type="stmt"/>
        <line num="57" count="1" type="stmt"/>
        <line num="58" count="1" type="stmt"/>
        <line num="59" count="1" type="stmt"/>
        <line num="62" count="0" type="stmt"/>
        <line num="63" count="0" type="stmt"/>
        <line num="64" count="0" type="stmt"/>
        <line num="65" count="0" type="stmt"/>
        <line num="66" count="0" type="stmt"/>
        <line num="67" count="0" type="stmt"/>
        <line num="68" count="0" type="stmt"/>
        <line num="82" count="102" type="stmt"/>
      </file>
    </package>
    <package name="src.test">
      <metrics statements="5" coveredstatements="5" conditionals="8" coveredconditionals="8" methods="3" coveredmethods="3"/>
      <file name="render.js" path="/Users/ant/SE/Personal-Projects/art-buddy/src/test/render.js">
        <metrics statements="5" coveredstatements="5" conditionals="8" coveredconditionals="8" methods="3" coveredmethods="3"/>
        <line num="9" count="262" type="stmt"/>
        <line num="19" count="255" type="cond" truecount="4" falsecount="0"/>
        <line num="20" count="255" type="cond" truecount="4" falsecount="0"/>
        <line num="21" count="255" type="stmt"/>
        <line num="22" count="262" type="stmt"/>
      </file>
    </package>
    <package name="src.test.mocks">
      <metrics statements="13" coveredstatements="13" conditionals="1" coveredconditionals="0" methods="5" coveredmethods="5"/>
      <file name="fileMock.js" path="/Users/ant/SE/Personal-Projects/art-buddy/src/test/mocks/fileMock.js">
        <metrics statements="1" coveredstatements="1" conditionals="0" coveredconditionals="0" methods="0" coveredmethods="0"/>
        <line num="1" count="112" type="stmt"/>
      </file>
      <file name="styleMock.js" path="/Users/ant/SE/Personal-Projects/art-buddy/src/test/mocks/styleMock.js">
        <metrics statements="1" coveredstatements="1" conditionals="0" coveredconditionals="0" methods="0" coveredmethods="0"/>
        <line num="1" count="101" type="stmt"/>
      </file>
      <file name="timeMock.js" path="/Users/ant/SE/Personal-Projects/art-buddy/src/test/mocks/timeMock.js">
        <metrics statements="11" coveredstatements="11" conditionals="1" coveredconditionals="0" methods="5" coveredmethods="5"/>
        <line num="5" count="4" type="stmt"/>
        <line num="6" count="4" type="stmt"/>
        <line num="7" count="4" type="stmt"/>
        <line num="11" count="4" type="stmt"/>
        <line num="12" count="4" type="stmt"/>
        <line num="13" count="12" type="stmt"/>
        <line num="14" count="12" type="stmt"/>
        <line num="15" count="12" type="stmt"/>
        <line num="16" count="12" type="stmt"/>
        <line num="21" count="4" type="stmt"/>
        <line num="25" count="3" type="stmt"/>
      </file>
    </package>
    <package name="src.test.setup-functions">
      <metrics statements="13" coveredstatements="13" conditionals="3" coveredconditionals="3" methods="3" coveredmethods="3"/>
      <file name="ListeningSkillsTestSetup.js" path="/Users/ant/SE/Personal-Projects/art-buddy/src/test/setup-functions/ListeningSkillsTestSetup.js">
        <metrics statements="6" coveredstatements="6" conditionals="0" coveredconditionals="0" methods="1" coveredmethods="1"/>
        <line num="5" count="2" type="stmt"/>
        <line num="6" count="2" type="stmt"/>
        <line num="8" count="2" type="stmt"/>
        <line num="9" count="2" type="stmt"/>
        <line num="10" count="2" type="stmt"/>
        <line num="11" count="2" type="stmt"/>
      </file>
      <file name="instrumentIdReducerTestSetup.js" path="/Users/ant/SE/Personal-Projects/art-buddy/src/test/setup-functions/instrumentIdReducerTestSetup.js">
        <metrics statements="7" coveredstatements="7" conditionals="3" coveredconditionals="3" methods="2" coveredmethods="2"/>
        <line num="5" count="3" type="stmt"/>
        <line num="6" count="3" type="stmt"/>
        <line num="7" count="3" type="stmt"/>
        <line num="8" count="3" type="stmt"/>
        <line num="12" count="8" type="cond" truecount="2" falsecount="0"/>
        <line num="13" count="8" type="stmt"/>
        <line num="14" count="8" type="stmt"/>
      </file>
    </package>
    <package name="src.test.test-states">
      <metrics statements="4" coveredstatements="4" conditionals="0" coveredconditionals="0" methods="0" coveredmethods="0"/>
      <file name="jumpIntoRhythmReducerTestState.js" path="/Users/ant/SE/Personal-Projects/art-buddy/src/test/test-states/jumpIntoRhythmReducerTestState.js">
        <metrics statements="1" coveredstatements="1" conditionals="0" coveredconditionals="0" methods="0" coveredmethods="0"/>
        <line num="3" count="1" type="stmt"/>
      </file>
      <file name="musicDecoderReducerTestState.js" path="/Users/ant/SE/Personal-Projects/art-buddy/src/test/test-states/musicDecoderReducerTestState.js">
        <metrics statements="1" coveredstatements="1" conditionals="0" coveredconditionals="0" methods="0" coveredmethods="0"/>
        <line num="3" count="1" type="stmt"/>
      </file>
      <file name="scoreKeeperReducerTestState.js" path="/Users/ant/SE/Personal-Projects/art-buddy/src/test/test-states/scoreKeeperReducerTestState.js">
        <metrics statements="1" coveredstatements="1" conditionals="0" coveredconditionals="0" methods="0" coveredmethods="0"/>
        <line num="3" count="1" type="stmt"/>
      </file>
      <file name="sequenceMakerReducerTestState.js" path="/Users/ant/SE/Personal-Projects/art-buddy/src/test/test-states/sequenceMakerReducerTestState.js">
        <metrics statements="1" coveredstatements="1" conditionals="0" coveredconditionals="0" methods="0" coveredmethods="0"/>
        <line num="3" count="1" type="stmt"/>
      </file>
    </package>
    <package name="src.utils._general">
      <metrics statements="9" coveredstatements="9" conditionals="0" coveredconditionals="0" methods="3" coveredmethods="3"/>
      <file name="convertToId.js" path="/Users/ant/SE/Personal-Projects/art-buddy/src/utils/_general/convertToId.js">
        <metrics statements="7" coveredstatements="7" conditionals="0" coveredconditionals="0" methods="1" coveredmethods="1"/>
        <line num="6" count="10" type="stmt"/>
        <line num="7" count="10" type="stmt"/>
        <line num="8" count="10" type="stmt"/>
        <line num="9" count="2" type="stmt"/>
        <line num="10" count="2" type="stmt"/>
        <line num="11" count="2" type="stmt"/>
        <line num="13" count="10" type="stmt"/>
      </file>
      <file name="getRoutes.js" path="/Users/ant/SE/Personal-Projects/art-buddy/src/utils/_general/getRoutes.js">
        <metrics statements="1" coveredstatements="1" conditionals="0" coveredconditionals="0" methods="1" coveredmethods="1"/>
        <line num="6" count="38" type="stmt"/>
      </file>
      <file name="prependBrightnessAndSaturation.js" path="/Users/ant/SE/Personal-Projects/art-buddy/src/utils/_general/prependBrightnessAndSaturation.js">
        <metrics statements="1" coveredstatements="1" conditionals="0" coveredconditionals="0" methods="1" coveredmethods="1"/>
        <line num="5" count="1281" type="stmt"/>
      </file>
    </package>
    <package name="src.utils._report-card">
      <metrics statements="6" coveredstatements="6" conditionals="5" coveredconditionals="5" methods="5" coveredmethods="5"/>
      <file name="checkHasPassed.js" path="/Users/ant/SE/Personal-Projects/art-buddy/src/utils/_report-card/checkHasPassed.js">
        <metrics statements="3" coveredstatements="3" conditionals="3" coveredconditionals="3" methods="3" coveredmethods="3"/>
        <line num="6" count="28" type="cond" truecount="2" falsecount="0"/>
        <line num="7" count="138" type="stmt"/>
        <line num="9" count="34" type="stmt"/>
      </file>
      <file name="updateReportCard.js" path="/Users/ant/SE/Personal-Projects/art-buddy/src/utils/_report-card/updateReportCard.js">
        <metrics statements="3" coveredstatements="3" conditionals="2" coveredconditionals="2" methods="2" coveredmethods="2"/>
        <line num="7" count="4" type="stmt"/>
        <line num="8" count="4" type="cond" truecount="2" falsecount="0"/>
        <line num="9" count="4" type="stmt"/>
      </file>
    </package>
    <package name="src.utils.free-paint">
      <metrics statements="5" coveredstatements="5" conditionals="4" coveredconditionals="4" methods="1" coveredmethods="1"/>
      <file name="getNewSize.js" path="/Users/ant/SE/Personal-Projects/art-buddy/src/utils/free-paint/getNewSize.js">
        <metrics statements="5" coveredstatements="5" conditionals="4" coveredconditionals="4" methods="1" coveredmethods="1"/>
        <line num="2" count="2" type="stmt"/>
        <line num="3" count="2" type="stmt"/>
        <line num="4" count="2" type="cond" truecount="2" falsecount="0"/>
        <line num="5" count="2" type="cond" truecount="2" falsecount="0"/>
        <line num="7" count="2" type="stmt"/>
      </file>
    </package>
    <package name="src.utils.goal-filter">
      <metrics statements="9" coveredstatements="9" conditionals="4" coveredconditionals="3" methods="3" coveredmethods="3"/>
      <file name="filter.js" path="/Users/ant/SE/Personal-Projects/art-buddy/src/utils/goal-filter/filter.js">
        <metrics statements="4" coveredstatements="4" conditionals="4" coveredconditionals="3" methods="1" coveredmethods="1"/>
        <line num="4" count="20" type="stmt"/>
        <line num="5" count="280" type="cond" truecount="2" falsecount="0"/>
        <line num="6" count="54" type="cond" truecount="1" falsecount="1"/>
        <line num="8" count="20" type="stmt"/>
      </file>
      <file name="getCoveredSubjects.js" path="/Users/ant/SE/Personal-Projects/art-buddy/src/utils/goal-filter/getCoveredSubjects.js">
        <metrics statements="5" coveredstatements="5" conditionals="0" coveredconditionals="0" methods="2" coveredmethods="2"/>
        <line num="4" count="22" type="stmt"/>
        <line num="5" count="22" type="stmt"/>
        <line num="6" count="507" type="stmt"/>
        <line num="7" count="79" type="stmt"/>
        <line num="9" count="22" type="stmt"/>
      </file>
    </package>
    <package name="src.utils.instrument-id">
      <metrics statements="83" coveredstatements="72" conditionals="24" coveredconditionals="19" methods="26" coveredmethods="18"/>
      <file name="createLoop.js" path="/Users/ant/SE/Personal-Projects/art-buddy/src/utils/instrument-id/createLoop.js">
        <metrics statements="36" coveredstatements="32" conditionals="12" coveredconditionals="9" methods="13" coveredmethods="9"/>
        <line num="13" count="15" type="stmt"/>
        <line num="14" count="15" type="stmt"/>
        <line num="16" count="15" type="stmt"/>
        <line num="17" count="60" type="cond" truecount="2" falsecount="0"/>
        <line num="19" count="20" type="stmt"/>
        <line num="20" count="20" type="cond" truecount="2" falsecount="0"/>
        <line num="22" count="4" type="stmt"/>
        <line num="23" count="4" type="stmt"/>
        <line num="24" count="4" type="cond" truecount="2" falsecount="0"/>
        <line num="26" count="10" type="stmt"/>
        <line num="28" count="0" type="stmt"/>
        <line num="33" count="0" type="stmt"/>
        <line num="35" count="4" type="cond" truecount="2" falsecount="0"/>
        <line num="36" count="4" type="stmt"/>
        <line num="40" count="3" type="cond" truecount="1" falsecount="1"/>
        <line num="41" count="3" type="stmt"/>
        <line num="42" count="6" type="stmt"/>
        <line num="43" count="6" type="stmt"/>
        <line num="44" count="0" type="cond" truecount="0" falsecount="2"/>
        <line num="45" count="0" type="stmt"/>
        <line num="48" count="6" type="stmt"/>
        <line num="49" count="6" type="stmt"/>
        <line num="50" count="6" type="stmt"/>
        <line num="51" count="6" type="stmt"/>
        <line num="54" count="3" type="stmt"/>
        <line num="55" count="8" type="stmt"/>
        <line num="56" count="3" type="stmt"/>
        <line num="60" count="4" type="stmt"/>
        <line num="61" count="1" type="stmt"/>
        <line num="62" count="1" type="stmt"/>
        <line num="63" count="1" type="stmt"/>
        <line num="67" count="2" type="stmt"/>
        <line num="68" count="4" type="stmt"/>
        <line num="69" count="4" type="stmt"/>
        <line num="70" count="2" type="stmt"/>
        <line num="73" count="15" type="stmt"/>
      </file>
      <file name="getChoices.js" path="/Users/ant/SE/Personal-Projects/art-buddy/src/utils/instrument-id/getChoices.js">
        <metrics statements="9" coveredstatements="9" conditionals="2" coveredconditionals="2" methods="1" coveredmethods="1"/>
        <line num="9" count="9" type="stmt"/>
        <line num="10" count="9" type="stmt"/>
        <line num="11" count="9" type="stmt"/>
        <line num="13" count="9" type="cond" truecount="2" falsecount="0"/>
        <line num="15" count="6" type="stmt"/>
        <line num="16" count="6" type="stmt"/>
        <line num="17" count="6" type="stmt"/>
        <line num="19" count="6" type="stmt"/>
        <line num="20" count="6" type="stmt"/>
      </file>
      <file name="getInstrument.js" path="/Users/ant/SE/Personal-Projects/art-buddy/src/utils/instrument-id/getInstrument.js">
        <metrics statements="6" coveredstatements="6" conditionals="2" coveredconditionals="2" methods="1" coveredmethods="1"/>
        <line num="9" count="39" type="stmt"/>
        <line num="10" count="39" type="stmt"/>
        <line num="11" count="91" type="stmt"/>
        <line num="12" count="91" type="stmt"/>
        <line num="13" count="322" type="cond" truecount="2" falsecount="0"/>
        <line num="14" count="38" type="stmt"/>
      </file>
      <file name="loadSounds.js" path="/Users/ant/SE/Personal-Projects/art-buddy/src/utils/instrument-id/loadSounds.js">
        <metrics statements="32" coveredstatements="25" conditionals="8" coveredconditionals="6" methods="11" coveredmethods="7"/>
        <line num="9" count="11" type="stmt"/>
        <line num="10" count="11" type="stmt"/>
        <line num="11" count="13" type="stmt"/>
        <line num="12" count="13" type="stmt"/>
        <line num="13" count="13" type="cond" truecount="2" falsecount="0"/>
        <line num="14" count="13" type="stmt"/>
        <line num="18" count="4" type="stmt"/>
        <line num="19" count="4" type="stmt"/>
        <line num="20" count="0" type="stmt"/>
        <line num="21" count="0" type="cond" truecount="0" falsecount="2"/>
        <line num="24" count="4" type="stmt"/>
        <line num="25" count="4" type="stmt"/>
        <line num="26" count="4" type="stmt"/>
        <line num="27" count="0" type="stmt"/>
        <line num="28" count="0" type="stmt"/>
        <line num="29" count="0" type="stmt"/>
        <line num="32" count="4" type="stmt"/>
        <line num="35" count="11" type="stmt"/>
        <line num="43" count="2" type="cond" truecount="2" falsecount="0"/>
        <line num="44" count="2" type="stmt"/>
        <line num="45" count="2" type="stmt"/>
        <line num="46" count="2" type="stmt"/>
        <line num="47" count="15" type="stmt"/>
        <line num="49" count="0" type="stmt"/>
        <line num="51" count="15" type="stmt"/>
        <line num="53" count="2" type="stmt"/>
        <line num="61" count="2" type="stmt"/>
        <line num="62" count="2" type="cond" truecount="2" falsecount="0"/>
        <line num="64" count="2" type="stmt"/>
        <line num="66" count="0" type="stmt"/>
        <line num="68" count="13" type="stmt"/>
        <line num="73" count="2" type="stmt"/>
      </file>
    </package>
    <package name="src.utils.jump-into-rhythm">
      <metrics statements="44" coveredstatements="38" conditionals="24" coveredconditionals="12" methods="11" coveredmethods="9"/>
      <file name="createHoppingAnimation.js" path="/Users/ant/SE/Personal-Projects/art-buddy/src/utils/jump-into-rhythm/createHoppingAnimation.js">
        <metrics statements="17" coveredstatements="17" conditionals="6" coveredconditionals="5" methods="5" coveredmethods="5"/>
        <line num="8" count="9" type="stmt"/>
        <line num="9" count="9" type="stmt"/>
        <line num="12" count="1" type="stmt"/>
        <line num="20" count="1" type="stmt"/>
        <line num="21" count="4" type="stmt"/>
        <line num="22" count="4" type="cond" truecount="2" falsecount="0"/>
        <line num="23" count="1" type="stmt"/>
        <line num="24" count="3" type="cond" truecount="2" falsecount="0"/>
        <line num="25" count="2" type="stmt"/>
        <line num="26" count="1" type="cond" truecount="1" falsecount="1"/>
        <line num="27" count="1" type="stmt"/>
        <line num="30" count="1" type="stmt"/>
        <line num="31" count="1" type="stmt"/>
        <line num="32" count="1" type="stmt"/>
        <line num="36" count="2" type="stmt"/>
        <line num="53" count="1" type="stmt"/>
        <line num="80" count="1" type="stmt"/>
      </file>
      <file name="createNoteOrder.js" path="/Users/ant/SE/Personal-Projects/art-buddy/src/utils/jump-into-rhythm/createNoteOrder.js">
        <metrics statements="12" coveredstatements="10" conditionals="16" coveredconditionals="7" methods="2" coveredmethods="2"/>
        <line num="10" count="2" type="stmt"/>
        <line num="11" count="2" type="stmt"/>
        <line num="12" count="2" type="stmt"/>
        <line num="13" count="12" type="stmt"/>
        <line num="14" count="12" type="stmt"/>
        <line num="15" count="15" type="stmt"/>
        <line num="21" count="15" type="stmt"/>
        <line num="24" count="2" type="stmt"/>
        <line num="28" count="15" type="cond" truecount="4" falsecount="0"/>
        <line num="29" count="5" type="cond" truecount="3" falsecount="1"/>
        <line num="30" count="0" type="cond" truecount="0" falsecount="4"/>
        <line num="31" count="0" type="cond" truecount="0" falsecount="4"/>
      </file>
      <file name="makeFrog.js" path="/Users/ant/SE/Personal-Projects/art-buddy/src/utils/jump-into-rhythm/makeFrog.js">
        <metrics statements="15" coveredstatements="11" conditionals="2" coveredconditionals="0" methods="4" coveredmethods="2"/>
        <line num="6" count="6" type="stmt"/>
        <line num="9" count="1" type="stmt"/>
        <line num="10" count="1" type="stmt"/>
        <line num="12" count="1" type="stmt"/>
        <line num="13" count="1" type="stmt"/>
        <line num="14" count="0" type="cond" truecount="0" falsecount="2"/>
        <line num="16" count="1" type="stmt"/>
        <line num="17" count="1" type="stmt"/>
        <line num="19" count="1" type="stmt"/>
        <line num="20" count="1" type="stmt"/>
        <line num="21" count="0" type="stmt"/>
        <line num="22" count="0" type="stmt"/>
        <line num="23" count="0" type="stmt"/>
        <line num="25" count="1" type="stmt"/>
        <line num="28" count="6" type="stmt"/>
      </file>
    </package>
    <package name="src.utils.music-decoder">
      <metrics statements="61" coveredstatements="57" conditionals="24" coveredconditionals="23" methods="10" coveredmethods="8"/>
      <file name="convertLettersToNotes.js" path="/Users/ant/SE/Personal-Projects/art-buddy/src/utils/music-decoder/convertLettersToNotes.js">
        <metrics statements="13" coveredstatements="13" conditionals="4" coveredconditionals="4" methods="1" coveredmethods="1"/>
        <line num="9" count="4" type="stmt"/>
        <line num="10" count="4" type="stmt"/>
        <line num="12" count="4" type="stmt"/>
        <line num="13" count="6" type="stmt"/>
        <line num="14" count="18" type="cond" truecount="2" falsecount="0"/>
        <line num="15" count="4" type="stmt"/>
        <line num="17" count="14" type="stmt"/>
        <line num="18" count="14" type="stmt"/>
        <line num="19" count="14" type="stmt"/>
        <line num="22" count="6" type="cond" truecount="2" falsecount="0"/>
        <line num="23" count="2" type="stmt"/>
        <line num="24" count="2" type="stmt"/>
        <line num="28" count="4" type="stmt"/>
      </file>
      <file name="findLettersToRemove.js" path="/Users/ant/SE/Personal-Projects/art-buddy/src/utils/music-decoder/findLettersToRemove.js">
        <metrics statements="11" coveredstatements="11" conditionals="2" coveredconditionals="2" methods="2" coveredmethods="2"/>
        <line num="7" count="3" type="stmt"/>
        <line num="8" count="3" type="stmt"/>
        <line num="9" count="3" type="stmt"/>
        <line num="10" count="3" type="stmt"/>
        <line num="11" count="14" type="cond" truecount="2" falsecount="0"/>
        <line num="13" count="3" type="stmt"/>
        <line num="17" count="6" type="stmt"/>
        <line num="18" count="6" type="stmt"/>
        <line num="19" count="11" type="stmt"/>
        <line num="20" count="30" type="stmt"/>
        <line num="23" count="6" type="stmt"/>
      </file>
      <file name="getSound.js" path="/Users/ant/SE/Personal-Projects/art-buddy/src/utils/music-decoder/getSound.js">
        <metrics statements="19" coveredstatements="15" conditionals="6" coveredconditionals="6" methods="5" coveredmethods="3"/>
        <line num="11" count="12" type="stmt"/>
        <line num="14" count="12" type="cond" truecount="2" falsecount="0"/>
        <line num="15" count="2" type="stmt"/>
        <line num="16" count="2" type="stmt"/>
        <line num="18" count="10" type="stmt"/>
        <line num="20" count="12" type="stmt"/>
        <line num="23" count="4" type="cond" truecount="2" falsecount="0"/>
        <line num="24" count="3" type="stmt"/>
        <line num="26" count="3" type="stmt"/>
        <line num="27" count="1" type="stmt"/>
        <line num="28" count="0" type="stmt"/>
        <line num="30" count="1" type="stmt"/>
        <line num="31" count="1" type="stmt"/>
        <line num="33" count="1" type="stmt"/>
        <line num="34" count="0" type="stmt"/>
        <line num="35" count="0" type="stmt"/>
        <line num="36" count="0" type="stmt"/>
        <line num="38" count="1" type="stmt"/>
        <line num="42" count="12" type="stmt"/>
      </file>
      <file name="hasValidWords.js" path="/Users/ant/SE/Personal-Projects/art-buddy/src/utils/music-decoder/hasValidWords.js">
        <metrics statements="15" coveredstatements="15" conditionals="10" coveredconditionals="9" methods="1" coveredmethods="1"/>
        <line num="11" count="8" type="stmt"/>
        <line num="12" count="8" type="stmt"/>
        <line num="13" count="8" type="stmt"/>
        <line num="14" count="8" type="stmt"/>
        <line num="15" count="8" type="stmt"/>
        <line num="18" count="16" type="stmt"/>
        <line num="19" count="16" type="cond" truecount="2" falsecount="0"/>
        <line num="21" count="15" type="stmt"/>
        <line num="22" count="15" type="cond" truecount="2" falsecount="0"/>
        <line num="24" count="14" type="stmt"/>
        <line num="25" count="15" type="cond" truecount="1" falsecount="1"/>
        <line num="26" count="15" type="cond" truecount="2" falsecount="0"/>
        <line num="28" count="14" type="stmt"/>
        <line num="29" count="14" type="cond" truecount="2" falsecount="0"/>
        <line num="32" count="12" type="stmt"/>
      </file>
      <file name="searchLetter.js" path="/Users/ant/SE/Personal-Projects/art-buddy/src/utils/music-decoder/searchLetter.js">
        <metrics statements="3" coveredstatements="3" conditionals="2" coveredconditionals="2" methods="1" coveredmethods="1"/>
        <line num="7" count="6" type="stmt"/>
        <line num="8" count="7" type="cond" truecount="2" falsecount="0"/>
        <line num="10" count="2" type="stmt"/>
      </file>
    </package>
    <package name="src.utils.score-keeper">
      <metrics statements="1" coveredstatements="1" conditionals="0" coveredconditionals="0" methods="2" coveredmethods="2"/>
      <file name="sortWinners.js" path="/Users/ant/SE/Personal-Projects/art-buddy/src/utils/score-keeper/sortWinners.js">
        <metrics statements="1" coveredstatements="1" conditionals="0" coveredconditionals="0" methods="2" coveredmethods="2"/>
        <line num="2" count="60" type="stmt"/>
      </file>
    </package>
    <package name="src.utils.sequence-maker">
      <metrics statements="19" coveredstatements="17" conditionals="13" coveredconditionals="10" methods="8" coveredmethods="6"/>
      <file name="createSounds.js" path="/Users/ant/SE/Personal-Projects/art-buddy/src/utils/sequence-maker/createSounds.js">
        <metrics statements="19" coveredstatements="17" conditionals="13" coveredconditionals="10" methods="8" coveredmethods="6"/>
        <line num="8" count="36" type="stmt"/>
        <line num="9" count="144" type="cond" truecount="2" falsecount="0"/>
        <line num="10" count="33" type="cond" truecount="1" falsecount="1"/>
        <line num="13" count="0" type="stmt"/>
        <line num="16" count="33" type="stmt"/>
        <line num="20" count="2" type="stmt"/>
        <line num="21" count="2" type="stmt"/>
        <line num="25" count="16" type="stmt"/>
        <line num="31" count="4" type="stmt"/>
        <line num="32" count="0" type="cond" truecount="0" falsecount="2"/>
        <line num="34" count="4" type="stmt"/>
        <line num="35" count="4" type="stmt"/>
        <line num="37" count="4" type="cond" truecount="2" falsecount="0"/>
        <line num="38" count="4" type="stmt"/>
        <line num="39" count="1" type="stmt"/>
        <line num="40" count="1" type="stmt"/>
        <line num="41" count="1" type="stmt"/>
        <line num="44" count="4" type="stmt"/>
        <line num="47" count="36" type="stmt"/>
      </file>
    </package>
    <package name="src.utils.time-keeper">
      <metrics statements="21" coveredstatements="17" conditionals="18" coveredconditionals="9" methods="5" coveredmethods="4"/>
      <file name="createDisplayTime.js" path="/Users/ant/SE/Personal-Projects/art-buddy/src/utils/time-keeper/createDisplayTime.js">
        <metrics statements="6" coveredstatements="6" conditionals="0" coveredconditionals="0" methods="2" coveredmethods="2"/>
        <line num="2" count="5" type="stmt"/>
        <line num="3" count="5" type="stmt"/>
        <line num="4" count="5" type="stmt"/>
        <line num="5" count="5" type="stmt"/>
        <line num="6" count="5" type="stmt"/>
        <line num="10" count="15" type="stmt"/>
      </file>
      <file name="generateVolume.js" path="/Users/ant/SE/Personal-Projects/art-buddy/src/utils/time-keeper/generateVolume.js">
        <metrics statements="4" coveredstatements="0" conditionals="8" coveredconditionals="0" methods="1" coveredmethods="0"/>
        <line num="4" count="0" type="cond" truecount="0" falsecount="2"/>
        <line num="5" count="0" type="cond" truecount="0" falsecount="2"/>
        <line num="6" count="0" type="cond" truecount="0" falsecount="2"/>
        <line num="7" count="0" type="cond" truecount="0" falsecount="2"/>
      </file>
      <file name="randomizeSong.js" path="/Users/ant/SE/Personal-Projects/art-buddy/src/utils/time-keeper/randomizeSong.js">
        <metrics statements="11" coveredstatements="11" conditionals="10" coveredconditionals="9" methods="2" coveredmethods="2"/>
        <line num="4" count="4" type="stmt"/>
        <line num="5" count="4" type="stmt"/>
        <line num="6" count="17" type="stmt"/>
        <line num="7" count="17" type="stmt"/>
        <line num="8" count="17" type="stmt"/>
        <line num="9" count="17" type="stmt"/>
        <line num="14" count="17" type="stmt"/>
        <line num="16" count="4" type="stmt"/>
        <line num="20" count="17" type="cond" truecount="2" falsecount="0"/>
        <line num="21" count="4" type="cond" truecount="4" falsecount="0"/>
        <line num="22" count="1" type="cond" truecount="3" falsecount="1"/>
      </file>
    </package>
    <package name="src.views.color-theory">
      <metrics statements="5" coveredstatements="5" conditionals="0" coveredconditionals="0" methods="3" coveredmethods="1"/>
      <file name="ColorTheory.js" path="/Users/ant/SE/Personal-Projects/art-buddy/src/views/color-theory/ColorTheory.js">
        <metrics statements="5" coveredstatements="5" conditionals="0" coveredconditionals="0" methods="3" coveredmethods="1"/>
        <line num="11" count="6" type="stmt"/>
        <line num="12" count="3" type="stmt"/>
        <line num="14" count="3" type="stmt"/>
        <line num="15" count="3" type="stmt"/>
        <line num="17" count="3" type="stmt"/>
      </file>
    </package>
    <package name="src.views.color-theory.color-wheel">
      <metrics statements="8" coveredstatements="8" conditionals="9" coveredconditionals="9" methods="3" coveredmethods="3"/>
      <file name="ColorWheel.js" path="/Users/ant/SE/Personal-Projects/art-buddy/src/views/color-theory/color-wheel/ColorWheel.js">
        <metrics statements="8" coveredstatements="8" conditionals="9" coveredconditionals="9" methods="3" coveredmethods="3"/>
        <line num="5" count="9" type="cond" truecount="1" falsecount="0"/>
        <line num="6" count="45" type="stmt"/>
        <line num="8" count="27" type="stmt"/>
        <line num="9" count="324" type="stmt"/>
        <line num="10" count="324" type="cond" truecount="2" falsecount="0"/>
        <line num="11" count="324" type="cond" truecount="4" falsecount="0"/>
        <line num="12" count="324" type="stmt"/>
        <line num="19" count="27" type="stmt"/>
      </file>
    </package>
    <package name="src.views.color-theory.learn">
      <metrics statements="6" coveredstatements="6" conditionals="0" coveredconditionals="0" methods="4" coveredmethods="1"/>
      <file name="LearnColorTheory.js" path="/Users/ant/SE/Personal-Projects/art-buddy/src/views/color-theory/learn/LearnColorTheory.js">
        <metrics statements="6" coveredstatements="6" conditionals="0" coveredconditionals="0" methods="4" coveredmethods="1"/>
        <line num="12" count="7" type="stmt"/>
        <line num="13" count="4" type="stmt"/>
        <line num="15" count="4" type="stmt"/>
        <line num="16" count="4" type="stmt"/>
        <line num="17" count="4" type="stmt"/>
        <line num="19" count="4" type="stmt"/>
      </file>
    </package>
    <package name="src.views.color-theory.learn.colors">
      <metrics statements="7" coveredstatements="7" conditionals="0" coveredconditionals="0" methods="3" coveredmethods="3"/>
      <file name="LearnColors.js" path="/Users/ant/SE/Personal-Projects/art-buddy/src/views/color-theory/learn/colors/LearnColors.js">
        <metrics statements="7" coveredstatements="7" conditionals="0" coveredconditionals="0" methods="3" coveredmethods="3"/>
        <line num="14" count="7" type="stmt"/>
        <line num="15" count="4" type="stmt"/>
        <line num="16" count="4" type="stmt"/>
        <line num="18" count="4" type="stmt"/>
        <line num="19" count="4" type="stmt"/>
        <line num="20" count="4" type="stmt"/>
        <line num="23" count="4" type="stmt"/>
      </file>
    </package>
    <package name="src.views.color-theory.play">
      <metrics statements="13" coveredstatements="12" conditionals="6" coveredconditionals="6" methods="6" coveredmethods="4"/>
      <file name="Play.js" path="/Users/ant/SE/Personal-Projects/art-buddy/src/views/color-theory/play/Play.js">
        <metrics statements="13" coveredstatements="12" conditionals="6" coveredconditionals="6" methods="6" coveredmethods="4"/>
        <line num="19" count="7" type="stmt"/>
        <line num="20" count="3" type="stmt"/>
        <line num="21" count="3" type="stmt"/>
        <line num="22" count="3" type="stmt"/>
        <line num="24" count="3" type="stmt"/>
        <line num="25" count="3" type="stmt"/>
        <line num="29" count="3" type="stmt"/>
        <line num="30" count="0" type="stmt"/>
        <line num="35" count="3" type="stmt"/>
        <line num="36" count="9" type="stmt"/>
        <line num="38" count="9" type="cond" truecount="2" falsecount="0"/>
        <line num="40" count="9" type="stmt"/>
        <line num="61" count="3" type="stmt"/>
      </file>
    </package>
    <package name="src.views.color-theory.play.level">
      <metrics statements="50" coveredstatements="26" conditionals="26" coveredconditionals="10" methods="11" coveredmethods="6"/>
      <file name="PlayLevel.js" path="/Users/ant/SE/Personal-Projects/art-buddy/src/views/color-theory/play/level/PlayLevel.js">
        <metrics statements="50" coveredstatements="26" conditionals="26" coveredconditionals="10" methods="11" coveredmethods="6"/>
        <line num="23" count="7" type="stmt"/>
        <line num="24" count="7" type="stmt"/>
        <line num="25" count="6" type="stmt"/>
        <line num="26" count="5" type="stmt"/>
        <line num="27" count="5" type="stmt"/>
        <line num="28" count="18" type="stmt"/>
        <line num="29" count="5" type="stmt"/>
        <line num="31" count="5" type="stmt"/>
        <line num="32" count="5" type="stmt"/>
        <line num="33" count="5" type="stmt"/>
        <line num="35" count="5" type="stmt"/>
        <line num="36" count="5" type="stmt"/>
        <line num="37" count="5" type="cond" truecount="4" falsecount="0"/>
        <line num="38" count="1" type="stmt"/>
        <line num="40" count="4" type="stmt"/>
        <line num="41" count="5" type="stmt"/>
        <line num="43" count="5" type="stmt"/>
        <line num="46" count="5" type="stmt"/>
        <line num="47" count="0" type="stmt"/>
        <line num="48" count="0" type="stmt"/>
        <line num="49" count="0" type="cond" truecount="0" falsecount="2"/>
        <line num="50" count="0" type="stmt"/>
        <line num="51" count="0" type="stmt"/>
        <line num="53" count="0" type="stmt"/>
        <line num="57" count="5" type="stmt"/>
        <line num="58" count="0" type="stmt"/>
        <line num="59" count="0" type="stmt"/>
        <line num="60" count="0" type="cond" truecount="0" falsecount="2"/>
        <line num="61" count="0" type="stmt"/>
        <line num="71" count="0" type="stmt"/>
        <line num="75" count="5" type="stmt"/>
        <line num="76" count="0" type="stmt"/>
        <line num="77" count="0" type="cond" truecount="0" falsecount="2"/>
        <line num="78" count="0" type="stmt"/>
[...]
        <line num="18" count="10" type="stmt"/>
        <line num="20" count="10" type="stmt"/>
        <line num="21" count="5" type="stmt"/>
        <line num="22" count="5" type="stmt"/>
        <line num="23" count="5" type="stmt"/>
        <line num="24" count="5" type="stmt"/>
        <line num="25" count="5" type="stmt"/>
        <line num="29" count="10" type="stmt"/>
      </file>
    </package>
    <package name="src.views.score-keeper.students">
      <metrics statements="4" coveredstatements="4" conditionals="0" coveredconditionals="0" methods="3" coveredmethods="3"/>
      <file name="Students.js" path="/Users/ant/SE/Personal-Projects/art-buddy/src/views/score-keeper/students/Students.js">
        <metrics statements="4" coveredstatements="4" conditionals="0" coveredconditionals="0" methods="3" coveredmethods="3"/>
        <line num="7" count="7" type="stmt"/>
        <line num="8" count="46" type="stmt"/>
        <line num="10" count="24" type="stmt"/>
        <line num="13" count="84" type="stmt"/>
      </file>
    </package>
    <package name="src.views.score-keeper.students.student">
      <metrics statements="6" coveredstatements="6" conditionals="0" coveredconditionals="0" methods="3" coveredmethods="3"/>
      <file name="Student.js" path="/Users/ant/SE/Personal-Projects/art-buddy/src/views/score-keeper/students/student/Student.js">
        <metrics statements="6" coveredstatements="6" conditionals="0" coveredconditionals="0" methods="3" coveredmethods="3"/>
        <line num="8" count="8" type="stmt"/>
        <line num="9" count="86" type="stmt"/>
        <line num="11" count="86" type="stmt"/>
        <line num="12" count="86" type="stmt"/>
        <line num="13" count="6" type="stmt"/>
        <line num="15" count="86" type="stmt"/>
      </file>
    </package>
    <package name="src.views.sequence-maker">
      <metrics statements="16" coveredstatements="16" conditionals="2" coveredconditionals="2" methods="8" coveredmethods="8"/>
      <file name="SequenceMaker.js" path="/Users/ant/SE/Personal-Projects/art-buddy/src/views/sequence-maker/SequenceMaker.js">
        <metrics statements="16" coveredstatements="16" conditionals="2" coveredconditionals="2" methods="8" coveredmethods="8"/>
        <line num="20" count="6" type="stmt"/>
        <line num="21" count="57" type="stmt"/>
        <line num="22" count="91" type="stmt"/>
        <line num="23" count="91" type="stmt"/>
        <line num="24" count="91" type="stmt"/>
        <line num="25" count="57" type="stmt"/>
        <line num="26" count="57" type="stmt"/>
        <line num="28" count="57" type="stmt"/>
        <line num="29" count="9" type="stmt"/>
        <line num="30" count="9" type="stmt"/>
        <line num="31" count="9" type="stmt"/>
        <line num="32" count="9" type="stmt"/>
        <line num="33" count="9" type="stmt"/>
        <line num="37" count="57" type="stmt"/>
        <line num="38" count="27" type="stmt"/>
        <line num="42" count="57" type="stmt"/>
      </file>
    </package>
    <package name="src.views.sequence-maker.controls">
      <metrics statements="6" coveredstatements="6" conditionals="0" coveredconditionals="0" methods="4" coveredmethods="2"/>
      <file name="SequenceControls.js" path="/Users/ant/SE/Personal-Projects/art-buddy/src/views/sequence-maker/controls/SequenceControls.js">
        <metrics statements="6" coveredstatements="6" conditionals="0" coveredconditionals="0" methods="4" coveredmethods="2"/>
        <line num="12" count="7" type="stmt"/>
        <line num="13" count="57" type="stmt"/>
        <line num="15" count="57" type="stmt"/>
        <line num="16" count="57" type="stmt"/>
        <line num="17" count="57" type="stmt"/>
        <line num="19" count="57" type="stmt"/>
      </file>
    </package>
    <package name="src.views.sequence-maker.play-reset">
      <metrics statements="31" coveredstatements="31" conditionals="12" coveredconditionals="8" methods="8" coveredmethods="8"/>
      <file name="SequencePlayReset.js" path="/Users/ant/SE/Personal-Projects/art-buddy/src/views/sequence-maker/play-reset/SequencePlayReset.js">
        <metrics statements="31" coveredstatements="31" conditionals="12" coveredconditionals="8" methods="8" coveredmethods="8"/>
        <line num="14" count="7" type="stmt"/>
        <line num="15" count="57" type="stmt"/>
        <line num="16" count="90" type="stmt"/>
        <line num="18" count="57" type="stmt"/>
        <line num="19" count="57" type="stmt"/>
        <line num="21" count="57" type="stmt"/>
        <line num="22" count="1" type="cond" truecount="1" falsecount="1"/>
        <line num="23" count="1" type="cond" truecount="1" falsecount="1"/>
        <line num="25" count="1" type="stmt"/>
        <line num="26" count="4" type="cond" truecount="2" falsecount="0"/>
        <line num="27" count="2" type="stmt"/>
        <line num="28" count="2" type="stmt"/>
        <line num="29" count="2" type="stmt"/>
        <line num="31" count="2" type="stmt"/>
        <line num="32" count="2" type="stmt"/>
        <line num="33" count="2" type="stmt"/>
        <line num="36" count="1" type="stmt"/>
        <line num="39" count="57" type="stmt"/>
        <line num="40" count="1" type="cond" truecount="1" falsecount="1"/>
        <line num="41" count="1" type="cond" truecount="1" falsecount="1"/>
        <line num="43" count="1" type="stmt"/>
        <line num="44" count="4" type="cond" truecount="2" falsecount="0"/>
        <line num="45" count="2" type="stmt"/>
        <line num="46" count="2" type="stmt"/>
        <line num="47" count="2" type="stmt"/>
        <line num="48" count="2" type="stmt"/>
        <line num="51" count="1" type="stmt"/>
        <line num="54" count="57" type="stmt"/>
        <line num="55" count="1" type="stmt"/>
        <line num="56" count="1" type="stmt"/>
        <line num="59" count="57" type="stmt"/>
      </file>
    </package>
    <package name="src.views.sequence-maker.sequence">
      <metrics statements="17" coveredstatements="15" conditionals="10" coveredconditionals="9" methods="6" coveredmethods="5"/>
      <file name="Sequence.js" path="/Users/ant/SE/Personal-Projects/art-buddy/src/views/sequence-maker/sequence/Sequence.js">
        <metrics statements="17" coveredstatements="15" conditionals="10" coveredconditionals="9" methods="6" coveredmethods="5"/>
        <line num="13" count="7" type="stmt"/>
        <line num="14" count="90" type="stmt"/>
        <line num="15" count="57" type="stmt"/>
        <line num="16" count="57" type="stmt"/>
        <line num="18" count="57" type="stmt"/>
        <line num="19" count="0" type="stmt"/>
        <line num="20" count="0" type="stmt"/>
        <line num="23" count="57" type="stmt"/>
        <line num="24" count="1" type="cond" truecount="1" falsecount="1"/>
        <line num="25" count="1" type="stmt"/>
        <line num="26" count="1" type="stmt"/>
        <line num="27" count="1" type="stmt"/>
        <line num="28" count="1" type="stmt"/>
        <line num="29" count="1" type="stmt"/>
        <line num="31" count="1" type="stmt"/>
        <line num="34" count="57" type="stmt"/>
        <line num="37" count="228" type="stmt"/>
      </file>
    </package>
    <package name="src.views.sequence-maker.sound-options">
      <metrics statements="14" coveredstatements="14" conditionals="4" coveredconditionals="3" methods="7" coveredmethods="7"/>
      <file name="SoundOptions.js" path="/Users/ant/SE/Personal-Projects/art-buddy/src/views/sequence-maker/sound-options/SoundOptions.js">
        <metrics statements="14" coveredstatements="14" conditionals="4" coveredconditionals="3" methods="7" coveredmethods="7"/>
        <line num="15" count="7" type="stmt"/>
        <line num="16" count="90" type="stmt"/>
        <line num="17" count="90" type="stmt"/>
        <line num="18" count="57" type="stmt"/>
        <line num="19" count="57" type="stmt"/>
        <line num="21" count="57" type="stmt"/>
        <line num="22" count="11" type="cond" truecount="1" falsecount="1"/>
        <line num="23" count="8" type="stmt"/>
        <line num="24" count="8" type="stmt"/>
        <line num="25" count="8" type="stmt"/>
        <line num="29" count="57" type="stmt"/>
        <line num="31" count="57" type="cond" truecount="2" falsecount="0"/>
        <line num="33" count="156" type="stmt"/>
        <line num="44" count="57" type="stmt"/>
      </file>
    </package>
    <package name="src.views.settings">
      <metrics statements="2" coveredstatements="2" conditionals="0" coveredconditionals="0" methods="1" coveredmethods="1"/>
      <file name="Settings.js" path="/Users/ant/SE/Personal-Projects/art-buddy/src/views/settings/Settings.js">
        <metrics statements="2" coveredstatements="2" conditionals="0" coveredconditionals="0" methods="1" coveredmethods="1"/>
        <line num="8" count="5" type="stmt"/>
        <line num="9" count="2" type="stmt"/>
      </file>
    </package>
    <package name="src.views.settings.color-blind">
      <metrics statements="5" coveredstatements="5" conditionals="0" coveredconditionals="0" methods="3" coveredmethods="2"/>
      <file name="ColorBlind.js" path="/Users/ant/SE/Personal-Projects/art-buddy/src/views/settings/color-blind/ColorBlind.js">
        <metrics statements="5" coveredstatements="5" conditionals="0" coveredconditionals="0" methods="3" coveredmethods="2"/>
        <line num="8" count="1" type="stmt"/>
        <line num="9" count="2" type="stmt"/>
        <line num="10" count="2" type="stmt"/>
        <line num="12" count="2" type="stmt"/>
        <line num="14" count="2" type="stmt"/>
      </file>
    </package>
    <package name="src.views.settings.rosters">
      <metrics statements="18" coveredstatements="13" conditionals="6" coveredconditionals="2" methods="5" coveredmethods="3"/>
      <file name="Rosters.js" path="/Users/ant/SE/Personal-Projects/art-buddy/src/views/settings/rosters/Rosters.js">
        <metrics statements="18" coveredstatements="13" conditionals="6" coveredconditionals="2" methods="5" coveredmethods="3"/>
        <line num="14" count="6" type="stmt"/>
        <line num="15" count="4" type="stmt"/>
        <line num="16" count="4" type="stmt"/>
        <line num="17" count="4" type="stmt"/>
        <line num="18" count="4" type="stmt"/>
        <line num="20" count="4" type="stmt"/>
        <line num="21" count="4" type="stmt"/>
        <line num="22" count="4" type="stmt"/>
        <line num="23" count="0" type="stmt"/>
        <line num="25" count="4" type="stmt"/>
        <line num="28" count="4" type="stmt"/>
        <line num="29" count="0" type="stmt"/>
        <line num="30" count="0" type="cond" truecount="0" falsecount="2"/>
        <line num="31" count="0" type="stmt"/>
        <line num="34" count="4" type="stmt"/>
        <line num="35" count="0" type="stmt"/>
        <line num="38" count="4" type="cond" truecount="1" falsecount="1"/>
        <line num="40" count="4" type="stmt"/>
      </file>
    </package>
    <package name="src.views.settings.rosters.new-roster">
      <metrics statements="32" coveredstatements="12" conditionals="6" coveredconditionals="0" methods="10" coveredmethods="2"/>
      <file name="NewRoster.js" path="/Users/ant/SE/Personal-Projects/art-buddy/src/views/settings/rosters/new-roster/NewRoster.js">
        <metrics statements="32" coveredstatements="12" conditionals="6" coveredconditionals="0" methods="10" coveredmethods="2"/>
        <line num="14" count="7" type="stmt"/>
        <line num="15" count="2" type="stmt"/>
        <line num="19" count="2" type="stmt"/>
        <line num="20" count="2" type="stmt"/>
        <line num="21" count="2" type="stmt"/>
        <line num="23" count="2" type="stmt"/>
        <line num="26" count="2" type="stmt"/>
        <line num="41" count="2" type="stmt"/>
        <line num="42" count="0" type="stmt"/>
        <line num="43" count="0" type="stmt"/>
        <line num="44" count="0" type="stmt"/>
        <line num="47" count="2" type="stmt"/>
        <line num="48" count="0" type="stmt"/>
        <line num="49" count="0" type="stmt"/>
        <line num="50" count="0" type="stmt"/>
        <line num="51" count="0" type="cond" truecount="0" falsecount="2"/>
        <line num="52" count="0" type="cond" truecount="0" falsecount="2"/>
        <line num="57" count="2" type="stmt"/>
        <line num="58" count="0" type="cond" truecount="0" falsecount="2"/>
        <line num="59" count="0" type="stmt"/>
        <line num="60" count="0" type="stmt"/>
        <line num="61" count="0" type="stmt"/>
        <line num="62" count="0" type="stmt"/>
        <line num="63" count="0" type="stmt"/>
        <line num="64" count="0" type="stmt"/>
        <line num="68" count="0" type="stmt"/>
        <line num="69" count="0" type="stmt"/>
        <line num="70" count="0" type="stmt"/>
        <line num="71" count="0" type="stmt"/>
        <line num="72" count="0" type="stmt"/>
        <line num="76" count="2" type="stmt"/>
        <line num="78" count="2" type="stmt"/>
      </file>
    </package>
    <package name="src.views.settings.text-to-speech">
      <metrics statements="5" coveredstatements="5" conditionals="0" coveredconditionals="0" methods="3" coveredmethods="2"/>
      <file name="TextToSpeech.js" path="/Users/ant/SE/Personal-Projects/art-buddy/src/views/settings/text-to-speech/TextToSpeech.js">
        <metrics statements="5" coveredstatements="5" conditionals="0" coveredconditionals="0" methods="3" coveredmethods="2"/>
        <line num="8" count="1" type="stmt"/>
        <line num="9" count="2" type="stmt"/>
        <line num="10" count="2" type="stmt"/>
        <line num="12" count="2" type="stmt"/>
        <line num="14" count="2" type="stmt"/>
      </file>
    </package>
    <package name="src.views.settings.volume">
      <metrics statements="7" coveredstatements="7" conditionals="6" coveredconditionals="3" methods="3" coveredmethods="2"/>
      <file name="Volume.js" path="/Users/ant/SE/Personal-Projects/art-buddy/src/views/settings/volume/Volume.js">
        <metrics statements="7" coveredstatements="7" conditionals="6" coveredconditionals="3" methods="3" coveredmethods="2"/>
        <line num="11" count="6" type="stmt"/>
        <line num="12" count="4" type="stmt"/>
        <line num="13" count="4" type="stmt"/>
        <line num="15" count="4" type="stmt"/>
        <line num="21" count="4" type="stmt"/>
        <line num="27" count="4" type="stmt"/>
        <line num="29" count="4" type="stmt"/>
      </file>
    </package>
    <package name="src.views.time-keeper">
      <metrics statements="14" coveredstatements="10" conditionals="6" coveredconditionals="1" methods="6" coveredmethods="5"/>
      <file name="TimeKeeper.js" path="/Users/ant/SE/Personal-Projects/art-buddy/src/views/time-keeper/TimeKeeper.js">
        <metrics statements="14" coveredstatements="10" conditionals="6" coveredconditionals="1" methods="6" coveredmethods="5"/>
        <line num="16" count="6" type="stmt"/>
        <line num="17" count="6" type="stmt"/>
        <line num="18" count="9" type="stmt"/>
        <line num="19" count="9" type="stmt"/>
        <line num="20" count="6" type="stmt"/>
        <line num="22" count="6" type="stmt"/>
        <line num="23" count="3" type="stmt"/>
        <line num="24" count="3" type="stmt"/>
        <line num="27" count="6" type="stmt"/>
        <line num="28" count="0" type="cond" truecount="0" falsecount="2"/>
        <line num="29" count="0" type="stmt"/>
        <line num="30" count="0" type="cond" truecount="0" falsecount="2"/>
        <line num="32" count="0" type="stmt"/>
        <line num="35" count="6" type="stmt"/>
      </file>
    </package>
    <package name="src.views.time-keeper.interface">
      <metrics statements="2" coveredstatements="2" conditionals="0" coveredconditionals="0" methods="1" coveredmethods="1"/>
      <file name="Interface.js" path="/Users/ant/SE/Personal-Projects/art-buddy/src/views/time-keeper/interface/Interface.js">
        <metrics statements="2" coveredstatements="2" conditionals="0" coveredconditionals="0" methods="1" coveredmethods="1"/>
        <line num="6" count="7" type="stmt"/>
        <line num="7" count="3" type="stmt"/>
      </file>
    </package>
    <package name="src.views.time-keeper.interface.music-choices">
      <metrics statements="4" coveredstatements="4" conditionals="2" coveredconditionals="2" methods="2" coveredmethods="2"/>
      <file name="MusicChoices.js" path="/Users/ant/SE/Personal-Projects/art-buddy/src/views/time-keeper/interface/music-choices/MusicChoices.js">
        <metrics statements="4" coveredstatements="4" conditionals="2" coveredconditionals="2" methods="2" coveredmethods="2"/>
        <line num="8" count="8" type="stmt"/>
        <line num="9" count="6" type="cond" truecount="2" falsecount="0"/>
        <line num="10" count="6" type="stmt"/>
        <line num="14" count="30" type="stmt"/>
      </file>
    </package>
    <package name="src.views.time-keeper.interface.play-pause">
      <metrics statements="10" coveredstatements="9" conditionals="14" coveredconditionals="6" methods="4" coveredmethods="3"/>
      <file name="PlayPause.js" path="/Users/ant/SE/Personal-Projects/art-buddy/src/views/time-keeper/interface/play-pause/PlayPause.js">
        <metrics statements="10" coveredstatements="9" conditionals="14" coveredconditionals="6" methods="4" coveredmethods="3"/>
        <line num="12" count="10" type="stmt"/>
        <line num="13" count="4" type="stmt"/>
        <line num="14" count="4" type="stmt"/>
        <line num="15" count="4" type="stmt"/>
        <line num="16" count="0" type="cond" truecount="0" falsecount="2"/>
        <line num="19" count="4" type="stmt"/>
        <line num="20" count="4" type="cond" truecount="2" falsecount="2"/>
        <line num="23" count="4" type="cond" truecount="1" falsecount="1"/>
        <line num="24" count="4" type="cond" truecount="1" falsecount="1"/>
        <line num="26" count="4" type="stmt"/>
      </file>
    </package>
    <package name="src.views.time-keeper.time.time-bar">
      <metrics statements="5" coveredstatements="4" conditionals="2" coveredconditionals="1" methods="3" coveredmethods="2"/>
      <file name="TimeBar.js" path="/Users/ant/SE/Personal-Projects/art-buddy/src/views/time-keeper/time/time-bar/TimeBar.js">
        <metrics statements="5" coveredstatements="4" conditionals="2" coveredconditionals="1" methods="3" coveredmethods="2"/>
        <line num="7" count="7" type="stmt"/>
        <line num="8" count="2" type="stmt"/>
        <line num="9" count="2" type="cond" truecount="1" falsecount="1"/>
        <line num="10" count="2" type="stmt"/>
        <line num="13" count="0" type="stmt"/>
      </file>
    </package>
    <package name="src.views.time-keeper.time.time-left">
      <metrics statements="13" coveredstatements="9" conditionals="12" coveredconditionals="4" methods="5" coveredmethods="2"/>
      <file name="TimeLeft.js" path="/Users/ant/SE/Personal-Projects/art-buddy/src/views/time-keeper/time/time-left/TimeLeft.js">
        <metrics statements="13" coveredstatements="9" conditionals="12" coveredconditionals="4" methods="5" coveredmethods="2"/>
        <line num="14" count="9" type="stmt"/>
        <line num="15" count="2" type="stmt"/>
        <line num="16" count="2" type="stmt"/>
        <line num="17" count="2" type="stmt"/>
        <line num="19" count="2" type="stmt"/>
        <line num="20" count="2" type="stmt"/>
        <line num="21" count="2" type="stmt"/>
        <line num="22" count="0" type="cond" truecount="0" falsecount="2"/>
        <line num="23" count="0" type="stmt"/>
        <line num="24" count="0" type="cond" truecount="0" falsecount="2"/>
        <line num="26" count="0" type="stmt"/>
        <line num="29" count="2" type="stmt"/>
        <line num="31" count="2" type="stmt"/>
      </file>
    </package>
  </project>
</coverage>
