{"/Users/ant/SE/Personal-Projects/art-buddy/src/App.js": {"path":"/Users/ant/SE/Personal-Projects/art-buddy/src/App.js","statementMap":{"0":{"start":{"line":8,"column":12},"end":{"line":19,"column":1}},"1":{"start":{"line":9,"column":27},"end":{"line":9,"column":51}},"2":{"start":{"line":10,"column":2},"end":{"line":18,"column":4}}},"fnMap":{"0":{"name":"(anonymous_0)","decl":{"start":{"line":8,"column":12},"end":{"line":8,"column":13}},"loc":{"start":{"line":8,"column":18},"end":{"line":19,"column":1}},"line":8}},"branchMap":{"0":{"loc":{"start":{"line":12,"column":7},"end":{"line":16,"column":9}},"type":"cond-expr","locations":[{"start":{"line":12,"column":26},"end":{"line":12,"column":38}},{"start":{"line":12,"column":41},"end":{"line":16,"column":9}}],"line":12}},"s":{"0":3,"1":3,"2":3},"f":{"0":3},"b":{"0":[0,3]},"_coverageSchema":"1a1c01bbd47fc00a2c39e90264f33305004495a9","hash":"32ea74399ad1b29708c8f60f4dc9f5bef1aee303"}
,"/Users/ant/SE/Personal-Projects/art-buddy/src/assets/awsS3Root.js": {"path":"/Users/ant/SE/Personal-Projects/art-buddy/src/assets/awsS3Root.js","statementMap":{"0":{"start":{"line":2,"column":24},"end":{"line":2,"column":60}},"1":{"start":{"line":5,"column":19},"end":{"line":5,"column":24}},"2":{"start":{"line":6,"column":19},"end":{"line":6,"column":24}}},"fnMap":{},"branchMap":{},"s":{"0":114,"1":114,"2":114},"f":{},"b":{},"_coverageSchema":"1a1c01bbd47fc00a2c39e90264f33305004495a9","hash":"9afb9106fd7870e1ccabef2c4a44e30aefe89876"}
,"/Users/ant/SE/Personal-Projects/art-buddy/src/assets/instrument-id/soundImports.js": {"path":"/Users/ant/SE/Personal-Projects/art-buddy/src/assets/instrument-id/soundImports.js","statementMap":{"0":{"start":{"line":3,"column":16},"end":{"line":3,"column":71}},"1":{"start":{"line":4,"column":17},"end":{"line":4,"column":73}},"2":{"start":{"line":5,"column":13},"end":{"line":5,"column":65}},"3":{"start":{"line":6,"column":20},"end":{"line":6,"column":79}},"4":{"start":{"line":8,"column":24},"end":{"line":8,"column":92}},"5":{"start":{"line":9,"column":22},"end":{"line":9,"column":88}},"6":{"start":{"line":10,"column":14},"end":{"line":10,"column":78}},"7":{"start":{"line":11,"column":17},"end":{"line":11,"column":78}},"8":{"start":{"line":12,"column":26},"end":{"line":12,"column":96}},"9":{"start":{"line":13,"column":27},"end":{"line":13,"column":98}},"10":{"start":{"line":14,"column":23},"end":{"line":14,"column":90}},"11":{"start":{"line":15,"column":22},"end":{"line":15,"column":88}},"12":{"start":{"line":16,"column":22},"end":{"line":16,"column":88}},"13":{"start":{"line":18,"column":18},"end":{"line":18,"column":80}},"14":{"start":{"line":19,"column":19},"end":{"line":19,"column":82}},"15":{"start":{"line":20,"column":19},"end":{"line":20,"column":82}},"16":{"start":{"line":21,"column":18},"end":{"line":21,"column":80}},"17":{"start":{"line":22,"column":22},"end":{"line":22,"column":88}},"18":{"start":{"line":23,"column":19},"end":{"line":23,"column":82}},"19":{"start":{"line":24,"column":20},"end":{"line":24,"column":84}},"20":{"start":{"line":25,"column":19},"end":{"line":25,"column":82}},"21":{"start":{"line":26,"column":22},"end":{"line":26,"column":88}},"22":{"start":{"line":27,"column":24},"end":{"line":27,"column":92}},"23":{"start":{"line":28,"column":23},"end":{"line":28,"column":90}},"24":{"start":{"line":29,"column":27},"end":{"line":29,"column":98}},"25":{"start":{"line":30,"column":25},"end":{"line":30,"column":94}},"26":{"start":{"line":31,"column":23},"end":{"line":31,"column":90}},"27":{"start":{"line":32,"column":24},"end":{"line":32,"column":92}},"28":{"start":{"line":33,"column":28},"end":{"line":33,"column":100}},"29":{"start":{"line":34,"column":26},"end":{"line":34,"column":96}},"30":{"start":{"line":35,"column":26},"end":{"line":35,"column":96}},"31":{"start":{"line":36,"column":27},"end":{"line":36,"column":98}},"32":{"start":{"line":37,"column":31},"end":{"line":37,"column":106}},"33":{"start":{"line":38,"column":27},"end":{"line":38,"column":98}},"34":{"start":{"line":39,"column":22},"end":{"line":39,"column":88}},"35":{"start":{"line":40,"column":26},"end":{"line":40,"column":96}},"36":{"start":{"line":41,"column":21},"end":{"line":41,"column":86}},"37":{"start":{"line":42,"column":27},"end":{"line":42,"column":98}},"38":{"start":{"line":43,"column":23},"end":{"line":43,"column":90}},"39":{"start":{"line":46,"column":24},"end":{"line":46,"column":89}},"40":{"start":{"line":47,"column":14},"end":{"line":47,"column":69}},"41":{"start":{"line":48,"column":13},"end":{"line":48,"column":67}},"42":{"start":{"line":49,"column":14},"end":{"line":49,"column":69}},"43":{"start":{"line":50,"column":15},"end":{"line":50,"column":71}},"44":{"start":{"line":53,"column":16},"end":{"line":53,"column":75}},"45":{"start":{"line":54,"column":14},"end":{"line":54,"column":71}},"46":{"start":{"line":55,"column":17},"end":{"line":55,"column":77}},"47":{"start":{"line":56,"column":18},"end":{"line":56,"column":79}},"48":{"start":{"line":57,"column":18},"end":{"line":57,"column":79}},"49":{"start":{"line":60,"column":16},"end":{"line":60,"column":71}},"50":{"start":{"line":61,"column":22},"end":{"line":61,"column":83}},"51":{"start":{"line":62,"column":13},"end":{"line":62,"column":65}},"52":{"start":{"line":63,"column":14},"end":{"line":63,"column":67}},"53":{"start":{"line":64,"column":17},"end":{"line":64,"column":73}},"54":{"start":{"line":65,"column":13},"end":{"line":65,"column":65}},"55":{"start":{"line":67,"column":16},"end":{"line":73,"column":1}},"56":{"start":{"line":75,"column":19},"end":{"line":81,"column":1}},"57":{"start":{"line":83,"column":15},"end":{"line":89,"column":1}},"58":{"start":{"line":91,"column":17},"end":{"line":97,"column":1}},"59":{"start":{"line":99,"column":14},"end":{"line":105,"column":1}},"60":{"start":{"line":107,"column":17},"end":{"line":113,"column":1}}},"fnMap":{},"branchMap":{},"s":{"0":108,"1":108,"2":108,"3":108,"4":108,"5":108,"6":108,"7":108,"8":108,"9":108,"10":108,"11":108,"12":108,"13":108,"14":108,"15":108,"16":108,"17":108,"18":108,"19":108,"20":108,"21":108,"22":108,"23":108,"24":108,"25":108,"26":108,"27":108,"28":108,"29":108,"30":108,"31":108,"32":108,"33":108,"34":108,"35":108,"36":108,"37":108,"38":108,"39":108,"40":108,"41":108,"42":108,"43":108,"44":108,"45":108,"46":108,"47":108,"48":108,"49":108,"50":108,"51":108,"52":108,"53":108,"54":108,"55":108,"56":108,"57":108,"58":108,"59":108,"60":108},"f":{},"b":{},"_coverageSchema":"1a1c01bbd47fc00a2c39e90264f33305004495a9","hash":"f8a780771f18afe4148307a8a1f61a59c603cbdb"}
,"/Users/ant/SE/Personal-Projects/art-buddy/src/assets/jump-into-rhythm/jumpIntoRhythm.assets.js": {"path":"/Users/ant/SE/Personal-Projects/art-buddy/src/assets/jump-into-rhythm/jumpIntoRhythm.assets.js","statementMap":{"0":{"start":{"line":7,"column":21},"end":{"line":7,"column":64}},"1":{"start":{"line":10,"column":20},"end":{"line":10,"column":68}},"2":{"start":{"line":11,"column":21},"end":{"line":11,"column":70}},"3":{"start":{"line":12,"column":19},"end":{"line":12,"column":66}},"4":{"start":{"line":13,"column":22},"end":{"line":13,"column":72}},"5":{"start":{"line":16,"column":27},"end":{"line":16,"column":83}},"6":{"start":{"line":17,"column":24},"end":{"line":17,"column":77}},"7":{"start":{"line":18,"column":31},"end":{"line":18,"column":91}},"8":{"start":{"line":21,"column":28},"end":{"line":21,"column":91}},"9":{"start":{"line":22,"column":28},"end":{"line":22,"column":91}},"10":{"start":{"line":23,"column":28},"end":{"line":23,"column":91}}},"fnMap":{},"branchMap":{},"s":{"0":13,"1":13,"2":13,"3":13,"4":13,"5":13,"6":13,"7":13,"8":13,"9":13,"10":13},"f":{},"b":{},"_coverageSchema":"1a1c01bbd47fc00a2c39e90264f33305004495a9","hash":"c49a1152c926267f06d9affeeb1a435b581c50ef"}
,"/Users/ant/SE/Personal-Projects/art-buddy/src/components/button/Button.js": {"path":"/Users/ant/SE/Personal-Projects/art-buddy/src/components/button/Button.js","statementMap":{"0":{"start":{"line":5,"column":15},"end":{"line":37,"column":1}},"1":{"start":{"line":16,"column":22},"end":{"line":16,"column":37}},"2":{"start":{"line":17,"column":2},"end":{"line":36,"column":4}}},"fnMap":{"0":{"name":"(anonymous_0)","decl":{"start":{"line":5,"column":15},"end":{"line":5,"column":16}},"loc":{"start":{"line":15,"column":6},"end":{"line":37,"column":1}},"line":15}},"branchMap":{"0":{"loc":{"start":{"line":8,"column":2},"end":{"line":8,"column":18}},"type":"default-arg","locations":[{"start":{"line":8,"column":13},"end":{"line":8,"column":18}}],"line":8},"1":{"loc":{"start":{"line":9,"column":2},"end":{"line":9,"column":11}},"type":"default-arg","locations":[{"start":{"line":9,"column":7},"end":{"line":9,"column":11}}],"line":9},"2":{"loc":{"start":{"line":10,"column":2},"end":{"line":10,"column":13}},"type":"default-arg","locations":[{"start":{"line":10,"column":9},"end":{"line":10,"column":13}}],"line":10},"3":{"loc":{"start":{"line":12,"column":2},"end":{"line":12,"column":18}},"type":"default-arg","locations":[{"start":{"line":12,"column":16},"end":{"line":12,"column":18}}],"line":12},"4":{"loc":{"start":{"line":13,"column":2},"end":{"line":13,"column":15}},"type":"default-arg","locations":[{"start":{"line":13,"column":10},"end":{"line":13,"column":15}}],"line":13},"5":{"loc":{"start":{"line":14,"column":2},"end":{"line":14,"column":18}},"type":"default-arg","locations":[{"start":{"line":14,"column":13},"end":{"line":14,"column":18}}],"line":14},"6":{"loc":{"start":{"line":22,"column":8},"end":{"line":22,"column":35}},"type":"cond-expr","locations":[{"start":{"line":22,"column":16},"end":{"line":22,"column":23}},{"start":{"line":22,"column":26},"end":{"line":22,"column":35}}],"line":22},"7":{"loc":{"start":{"line":24,"column":8},"end":{"line":24,"column":35}},"type":"cond-expr","locations":[{"start":{"line":24,"column":19},"end":{"line":24,"column":30}},{"start":{"line":24,"column":33},"end":{"line":24,"column":35}}],"line":24},"8":{"loc":{"start":{"line":29,"column":25},"end":{"line":29,"column":49}},"type":"cond-expr","locations":[{"start":{"line":29,"column":36},"end":{"line":29,"column":42}},{"start":{"line":29,"column":45},"end":{"line":29,"column":49}}],"line":29},"9":{"loc":{"start":{"line":33,"column":7},"end":{"line":33,"column":46}},"type":"cond-expr","locations":[{"start":{"line":33,"column":14},"end":{"line":33,"column":39}},{"start":{"line":33,"column":42},"end":{"line":33,"column":46}}],"line":33}},"s":{"0":36,"1":416,"2":416},"f":{"0":416},"b":{"0":[377],"1":[281],"2":[363],"3":[253],"4":[313],"5":[415],"6":[103,313],"7":[1,415],"8":[27,389],"9":[53,363]},"_coverageSchema":"1a1c01bbd47fc00a2c39e90264f33305004495a9","hash":"5f328e8554311dfbfb445d28784978bb9ac3cbd5"}
,"/Users/ant/SE/Personal-Projects/art-buddy/src/components/dropdown/Dropdown.js": {"path":"/Users/ant/SE/Personal-Projects/art-buddy/src/components/dropdown/Dropdown.js","statementMap":{"0":{"start":{"line":7,"column":17},"end":{"line":57,"column":1}},"1":{"start":{"line":8,"column":40},"end":{"line":8,"column":55}},"2":{"start":{"line":9,"column":50},"end":{"line":9,"column":69}},"3":{"start":{"line":11,"column":28},"end":{"line":11,"column":65}},"4":{"start":{"line":11,"column":34},"end":{"line":11,"column":65}},"5":{"start":{"line":11,"column":59},"end":{"line":11,"column":64}},"6":{"start":{"line":13,"column":28},"end":{"line":16,"column":3}},"7":{"start":{"line":14,"column":4},"end":{"line":14,"column":46}},"8":{"start":{"line":15,"column":4},"end":{"line":15,"column":36}},"9":{"start":{"line":15,"column":29},"end":{"line":15,"column":34}},"10":{"start":{"line":19,"column":4},"end":{"line":35,"column":10}},"11":{"start":{"line":26,"column":8},"end":{"line":33,"column":12}},"12":{"start":{"line":38,"column":21},"end":{"line":41,"column":3}},"13":{"start":{"line":43,"column":20},"end":{"line":43,"column":54}},"14":{"start":{"line":45,"column":2},"end":{"line":56,"column":4}}},"fnMap":{"0":{"name":"(anonymous_0)","decl":{"start":{"line":7,"column":17},"end":{"line":7,"column":18}},"loc":{"start":{"line":7,"column":78},"end":{"line":57,"column":1}},"line":7},"1":{"name":"(anonymous_1)","decl":{"start":{"line":11,"column":28},"end":{"line":11,"column":29}},"loc":{"start":{"line":11,"column":34},"end":{"line":11,"column":65}},"line":11},"2":{"name":"(anonymous_2)","decl":{"start":{"line":11,"column":49},"end":{"line":11,"column":50}},"loc":{"start":{"line":11,"column":59},"end":{"line":11,"column":64}},"line":11},"3":{"name":"(anonymous_3)","decl":{"start":{"line":13,"column":28},"end":{"line":13,"column":29}},"loc":{"start":{"line":13,"column":35},"end":{"line":16,"column":3}},"line":13},"4":{"name":"(anonymous_4)","decl":{"start":{"line":15,"column":19},"end":{"line":15,"column":20}},"loc":{"start":{"line":15,"column":29},"end":{"line":15,"column":34}},"line":15},"5":{"name":"(anonymous_5)","decl":{"start":{"line":25,"column":32},"end":{"line":25,"column":33}},"loc":{"start":{"line":26,"column":8},"end":{"line":33,"column":12}},"line":26}},"branchMap":{"0":{"loc":{"start":{"line":7,"column":20},"end":{"line":7,"column":29}},"type":"default-arg","locations":[{"start":{"line":7,"column":25},"end":{"line":7,"column":29}}],"line":7},"1":{"loc":{"start":{"line":21,"column":23},"end":{"line":21,"column":42}},"type":"cond-expr","locations":[{"start":{"line":21,"column":37},"end":{"line":21,"column":38}},{"start":{"line":21,"column":41},"end":{"line":21,"column":42}}],"line":21},"2":{"loc":{"start":{"line":23,"column":10},"end":{"line":23,"column":33}},"type":"cond-expr","locations":[{"start":{"line":23,"column":24},"end":{"line":23,"column":26}},{"start":{"line":23,"column":29},"end":{"line":23,"column":33}}],"line":23},"3":{"loc":{"start":{"line":39,"column":12},"end":{"line":39,"column":31}},"type":"cond-expr","locations":[{"start":{"line":39,"column":26},"end":{"line":39,"column":27}},{"start":{"line":39,"column":30},"end":{"line":39,"column":31}}],"line":39},"4":{"loc":{"start":{"line":54,"column":7},"end":{"line":54,"column":39}},"type":"cond-expr","locations":[{"start":{"line":54,"column":21},"end":{"line":54,"column":32}},{"start":{"line":54,"column":35},"end":{"line":54,"column":39}}],"line":54}},"s":{"0":16,"1":290,"2":290,"3":290,"4":12,"5":12,"6":290,"7":12,"8":12,"9":12,"10":290,"11":2235,"12":290,"13":290,"14":290},"f":{"0":290,"1":12,"2":12,"3":12,"4":12,"5":2235},"b":{"0":[235],"1":[12,278],"2":[55,235],"3":[12,278],"4":[12,278]},"_coverageSchema":"1a1c01bbd47fc00a2c39e90264f33305004495a9","hash":"7da075128d4e0b7b6913e94945b31895904b564e"}
,"/Users/ant/SE/Personal-Projects/art-buddy/src/components/help/Help.js": {"path":"/Users/ant/SE/Personal-Projects/art-buddy/src/components/help/Help.js","statementMap":{"0":{"start":{"line":10,"column":13},"end":{"line":20,"column":1}},"1":{"start":{"line":11,"column":23},"end":{"line":11,"column":60}},"2":{"start":{"line":11,"column":46},"end":{"line":11,"column":59}},"3":{"start":{"line":12,"column":27},"end":{"line":12,"column":51}},"4":{"start":{"line":14,"column":19},"end":{"line":18,"column":6}},"5":{"start":{"line":15,"column":4},"end":{"line":18,"column":6}},"6":{"start":{"line":19,"column":2},"end":{"line":19,"column":75}}},"fnMap":{"0":{"name":"(anonymous_0)","decl":{"start":{"line":10,"column":13},"end":{"line":10,"column":14}},"loc":{"start":{"line":10,"column":19},"end":{"line":20,"column":1}},"line":10},"1":{"name":"(anonymous_1)","decl":{"start":{"line":11,"column":35},"end":{"line":11,"column":36}},"loc":{"start":{"line":11,"column":46},"end":{"line":11,"column":59}},"line":11},"2":{"name":"(anonymous_2)","decl":{"start":{"line":14,"column":19},"end":{"line":14,"column":20}},"loc":{"start":{"line":15,"column":4},"end":{"line":18,"column":6}},"line":15}},"branchMap":{},"s":{"0":34,"1":48,"2":65,"3":48,"4":48,"5":0,"6":48},"f":{"0":48,"1":65,"2":0},"b":{},"_coverageSchema":"1a1c01bbd47fc00a2c39e90264f33305004495a9","hash":"155d4a5cb5b1e5e3cc6a01af5381128becce0532"}
,"/Users/ant/SE/Personal-Projects/art-buddy/src/components/icon/Icon.js": {"path":"/Users/ant/SE/Personal-Projects/art-buddy/src/components/icon/Icon.js","statementMap":{"0":{"start":{"line":3,"column":13},"end":{"line":38,"column":1}},"1":{"start":{"line":14,"column":20},"end":{"line":19,"column":3}},"2":{"start":{"line":21,"column":21},"end":{"line":23,"column":3}},"3":{"start":{"line":25,"column":2},"end":{"line":37,"column":4}}},"fnMap":{"0":{"name":"(anonymous_0)","decl":{"start":{"line":3,"column":13},"end":{"line":3,"column":14}},"loc":{"start":{"line":13,"column":6},"end":{"line":38,"column":1}},"line":13}},"branchMap":{"0":{"loc":{"start":{"line":4,"column":2},"end":{"line":4,"column":11}},"type":"default-arg","locations":[{"start":{"line":4,"column":7},"end":{"line":4,"column":11}}],"line":4},"1":{"loc":{"start":{"line":6,"column":2},"end":{"line":6,"column":19}},"type":"default-arg","locations":[{"start":{"line":6,"column":14},"end":{"line":6,"column":19}}],"line":6},"2":{"loc":{"start":{"line":7,"column":2},"end":{"line":7,"column":16}},"type":"default-arg","locations":[{"start":{"line":7,"column":12},"end":{"line":7,"column":16}}],"line":7},"3":{"loc":{"start":{"line":8,"column":2},"end":{"line":8,"column":21}},"type":"default-arg","locations":[{"start":{"line":8,"column":19},"end":{"line":8,"column":21}}],"line":8},"4":{"loc":{"start":{"line":9,"column":2},"end":{"line":9,"column":16}},"type":"default-arg","locations":[{"start":{"line":9,"column":9},"end":{"line":9,"column":16}}],"line":9},"5":{"loc":{"start":{"line":10,"column":2},"end":{"line":10,"column":15}},"type":"default-arg","locations":[{"start":{"line":10,"column":11},"end":{"line":10,"column":15}}],"line":10},"6":{"loc":{"start":{"line":12,"column":2},"end":{"line":12,"column":14}},"type":"default-arg","locations":[{"start":{"line":12,"column":10},"end":{"line":12,"column":14}}],"line":12},"7":{"loc":{"start":{"line":16,"column":11},"end":{"line":16,"column":31}},"type":"cond-expr","locations":[{"start":{"line":16,"column":19},"end":{"line":16,"column":24}},{"start":{"line":16,"column":27},"end":{"line":16,"column":31}}],"line":16},"8":{"loc":{"start":{"line":17,"column":12},"end":{"line":17,"column":38}},"type":"cond-expr","locations":[{"start":{"line":17,"column":22},"end":{"line":17,"column":31}},{"start":{"line":17,"column":34},"end":{"line":17,"column":38}}],"line":17},"9":{"loc":{"start":{"line":22,"column":14},"end":{"line":22,"column":78}},"type":"cond-expr","locations":[{"start":{"line":22,"column":26},"end":{"line":22,"column":34}},{"start":{"line":22,"column":37},"end":{"line":22,"column":78}}],"line":22},"10":{"loc":{"start":{"line":22,"column":37},"end":{"line":22,"column":78}},"type":"cond-expr","locations":[{"start":{"line":22,"column":60},"end":{"line":22,"column":66}},{"start":{"line":22,"column":69},"end":{"line":22,"column":78}}],"line":22},"11":{"loc":{"start":{"line":30,"column":19},"end":{"line":30,"column":39}},"type":"cond-expr","locations":[{"start":{"line":30,"column":28},"end":{"line":30,"column":34}},{"start":{"line":30,"column":37},"end":{"line":30,"column":39}}],"line":30}},"s":{"0":51,"1":756,"2":756,"3":756},"f":{"0":756},"b":{"0":[423],"1":[687],"2":[70],"3":[671],"4":[62],"5":[543],"6":[648],"7":[108,648],"8":[686,70],"9":[69,687],"10":[351,336],"11":[213,543]},"_coverageSchema":"1a1c01bbd47fc00a2c39e90264f33305004495a9","hash":"3ce095ac74b09e6bcc8fa318c18a8d11e5eb6af3"}
,"/Users/ant/SE/Personal-Projects/art-buddy/src/components/icon/add-icon/AddIcon.js": {"path":"/Users/ant/SE/Personal-Projects/art-buddy/src/components/icon/add-icon/AddIcon.js","statementMap":{"0":{"start":{"line":5,"column":16},"end":{"line":7,"column":1}},"1":{"start":{"line":6,"column":2},"end":{"line":6,"column":71}}},"fnMap":{"0":{"name":"(anonymous_0)","decl":{"start":{"line":5,"column":16},"end":{"line":5,"column":17}},"loc":{"start":{"line":6,"column":2},"end":{"line":6,"column":71}},"line":6}},"branchMap":{},"s":{"0":12,"1":74},"f":{"0":74},"b":{},"_coverageSchema":"1a1c01bbd47fc00a2c39e90264f33305004495a9","hash":"a29b6fa8b12a0270a35edfba42b67b269c3c9b94"}
,"/Users/ant/SE/Personal-Projects/art-buddy/src/components/keyboard/Keyboard.js": {"path":"/Users/ant/SE/Personal-Projects/art-buddy/src/components/keyboard/Keyboard.js","statementMap":{"0":{"start":{"line":7,"column":17},"end":{"line":13,"column":1}},"1":{"start":{"line":8,"column":2},"end":{"line":12,"column":4}}},"fnMap":{"0":{"name":"(anonymous_0)","decl":{"start":{"line":7,"column":17},"end":{"line":7,"column":18}},"loc":{"start":{"line":7,"column":23},"end":{"line":13,"column":1}},"line":7}},"branchMap":{},"s":{"0":9,"1":42},"f":{"0":42},"b":{},"_coverageSchema":"1a1c01bbd47fc00a2c39e90264f33305004495a9","hash":"ea9965970523eac2dfe6854a7be87ec26f92197e"}
,"/Users/ant/SE/Personal-Projects/art-buddy/src/components/navbar-settings/Navbar.js": {"path":"/Users/ant/SE/Personal-Projects/art-buddy/src/components/navbar-settings/Navbar.js","statementMap":{"0":{"start":{"line":12,"column":15},"end":{"line":37,"column":1}},"1":{"start":{"line":13,"column":27},"end":{"line":13,"column":51}},"2":{"start":{"line":14,"column":19},"end":{"line":14,"column":32}},"3":{"start":{"line":16,"column":17},"end":{"line":16,"column":36}},"4":{"start":{"line":16,"column":23},"end":{"line":16,"column":36}},"5":{"start":{"line":17,"column":23},"end":{"line":21,"column":6}},"6":{"start":{"line":18,"column":4},"end":{"line":21,"column":6}},"7":{"start":{"line":23,"column":2},"end":{"line":36,"column":4}}},"fnMap":{"0":{"name":"(anonymous_0)","decl":{"start":{"line":12,"column":15},"end":{"line":12,"column":16}},"loc":{"start":{"line":12,"column":21},"end":{"line":37,"column":1}},"line":12},"1":{"name":"(anonymous_1)","decl":{"start":{"line":16,"column":17},"end":{"line":16,"column":18}},"loc":{"start":{"line":16,"column":23},"end":{"line":16,"column":36}},"line":16},"2":{"name":"(anonymous_2)","decl":{"start":{"line":17,"column":23},"end":{"line":17,"column":24}},"loc":{"start":{"line":18,"column":4},"end":{"line":21,"column":6}},"line":18}},"branchMap":{},"s":{"0":4,"1":12,"2":12,"3":12,"4":0,"5":12,"6":0,"7":12},"f":{"0":12,"1":0,"2":0},"b":{},"_coverageSchema":"1a1c01bbd47fc00a2c39e90264f33305004495a9","hash":"43fbed15bbb05ee842a613482ad863b5cfe753ee"}
,"/Users/ant/SE/Personal-Projects/art-buddy/src/components/navbar-settings/time-keeper-nav/TimeKeeperNav.js": {"path":"/Users/ant/SE/Personal-Projects/art-buddy/src/components/navbar-settings/time-keeper-nav/TimeKeeperNav.js","statementMap":{"0":{"start":{"line":17,"column":22},"end":{"line":99,"column":1}},"1":{"start":{"line":25,"column":6},"end":{"line":25,"column":44}},"2":{"start":{"line":25,"column":27},"end":{"line":25,"column":43}},"3":{"start":{"line":26,"column":28},"end":{"line":26,"column":42}},"4":{"start":{"line":27,"column":20},"end":{"line":27,"column":57}},"5":{"start":{"line":27,"column":43},"end":{"line":27,"column":56}},"6":{"start":{"line":28,"column":21},"end":{"line":28,"column":59}},"7":{"start":{"line":28,"column":44},"end":{"line":28,"column":58}},"8":{"start":{"line":29,"column":19},"end":{"line":29,"column":31}},"9":{"start":{"line":30,"column":19},"end":{"line":30,"column":32}},"10":{"start":{"line":31,"column":19},"end":{"line":31,"column":32}},"11":{"start":{"line":33,"column":4},"end":{"line":34,"column":58}},"12":{"start":{"line":37,"column":2},"end":{"line":41,"column":37}},"13":{"start":{"line":38,"column":4},"end":{"line":40,"column":5}},"14":{"start":{"line":39,"column":6},"end":{"line":39,"column":55}},"15":{"start":{"line":44,"column":2},"end":{"line":60,"column":25}},"16":{"start":{"line":45,"column":4},"end":{"line":59,"column":5}},"17":{"start":{"line":46,"column":6},"end":{"line":46,"column":27}},"18":{"start":{"line":48,"column":6},"end":{"line":58,"column":7}},"19":{"start":{"line":49,"column":24},"end":{"line":53,"column":58}},"20":{"start":{"line":50,"column":10},"end":{"line":50,"column":41}},"21":{"start":{"line":51,"column":10},"end":{"line":51,"column":73}},"22":{"start":{"line":51,"column":32},"end":{"line":51,"column":73}},"23":{"start":{"line":52,"column":10},"end":{"line":52,"column":30}},"24":{"start":{"line":54,"column":8},"end":{"line":54,"column":40}},"25":{"start":{"line":56,"column":13},"end":{"line":58,"column":7}},"26":{"start":{"line":57,"column":8},"end":{"line":57,"column":26}},"27":{"start":{"line":63,"column":2},"end":{"line":69,"column":25}},"28":{"start":{"line":64,"column":4},"end":{"line":68,"column":5}},"29":{"start":{"line":65,"column":6},"end":{"line":65,"column":24}},"30":{"start":{"line":66,"column":21},"end":{"line":66,"column":48}},"31":{"start":{"line":67,"column":6},"end":{"line":67,"column":52}},"32":{"start":{"line":72,"column":2},"end":{"line":76,"column":32}},"33":{"start":{"line":73,"column":4},"end":{"line":75,"column":5}},"34":{"start":{"line":74,"column":6},"end":{"line":74,"column":31}},"35":{"start":{"line":79,"column":2},"end":{"line":83,"column":24}},"36":{"start":{"line":80,"column":4},"end":{"line":82,"column":5}},"37":{"start":{"line":81,"column":6},"end":{"line":81,"column":64}},"38":{"start":{"line":85,"column":21},"end":{"line":88,"column":3}},"39":{"start":{"line":86,"column":4},"end":{"line":86,"column":24}},"40":{"start":{"line":87,"column":4},"end":{"line":87,"column":33}},"41":{"start":{"line":90,"column":2},"end":{"line":98,"column":4}}},"fnMap":{"0":{"name":"(anonymous_0)","decl":{"start":{"line":17,"column":22},"end":{"line":17,"column":23}},"loc":{"start":{"line":17,"column":28},"end":{"line":99,"column":1}},"line":17},"1":{"name":"(anonymous_1)","decl":{"start":{"line":25,"column":18},"end":{"line":25,"column":19}},"loc":{"start":{"line":25,"column":27},"end":{"line":25,"column":43}},"line":25},"2":{"name":"(anonymous_2)","decl":{"start":{"line":27,"column":32},"end":{"line":27,"column":33}},"loc":{"start":{"line":27,"column":43},"end":{"line":27,"column":56}},"line":27},"3":{"name":"(anonymous_3)","decl":{"start":{"line":28,"column":33},"end":{"line":28,"column":34}},"loc":{"start":{"line":28,"column":44},"end":{"line":28,"column":58}},"line":28},"4":{"name":"(anonymous_4)","decl":{"start":{"line":37,"column":12},"end":{"line":37,"column":13}},"loc":{"start":{"line":37,"column":18},"end":{"line":41,"column":3}},"line":37},"5":{"name":"(anonymous_5)","decl":{"start":{"line":44,"column":12},"end":{"line":44,"column":13}},"loc":{"start":{"line":44,"column":18},"end":{"line":60,"column":3}},"line":44},"6":{"name":"(anonymous_6)","decl":{"start":{"line":49,"column":35},"end":{"line":49,"column":36}},"loc":{"start":{"line":49,"column":41},"end":{"line":53,"column":9}},"line":49},"7":{"name":"(anonymous_7)","decl":{"start":{"line":63,"column":12},"end":{"line":63,"column":13}},"loc":{"start":{"line":63,"column":18},"end":{"line":69,"column":3}},"line":63},"8":{"name":"(anonymous_8)","decl":{"start":{"line":72,"column":12},"end":{"line":72,"column":13}},"loc":{"start":{"line":72,"column":18},"end":{"line":76,"column":3}},"line":72},"9":{"name":"(anonymous_9)","decl":{"start":{"line":79,"column":12},"end":{"line":79,"column":13}},"loc":{"start":{"line":79,"column":18},"end":{"line":83,"column":3}},"line":79},"10":{"name":"(anonymous_10)","decl":{"start":{"line":85,"column":21},"end":{"line":85,"column":22}},"loc":{"start":{"line":85,"column":30},"end":{"line":88,"column":3}},"line":85}},"branchMap":{"0":{"loc":{"start":{"line":33,"column":4},"end":{"line":34,"column":58}},"type":"binary-expr","locations":[{"start":{"line":33,"column":5},"end":{"line":33,"column":45}},{"start":{"line":34,"column":5},"end":{"line":34,"column":57}}],"line":33},"1":{"loc":{"start":{"line":38,"column":4},"end":{"line":40,"column":5}},"type":"if","locations":[{"start":{"line":38,"column":4},"end":{"line":40,"column":5}},{"start":{},"end":{}}],"line":38},"2":{"loc":{"start":{"line":39,"column":23},"end":{"line":39,"column":51}},"type":"cond-expr","locations":[{"start":{"line":39,"column":35},"end":{"line":39,"column":41}},{"start":{"line":39,"column":44},"end":{"line":39,"column":51}}],"line":39},"3":{"loc":{"start":{"line":45,"column":4},"end":{"line":59,"column":5}},"type":"if","locations":[{"start":{"line":45,"column":4},"end":{"line":59,"column":5}},{"start":{},"end":{}}],"line":45},"4":{"loc":{"start":{"line":45,"column":8},"end":{"line":45,"column":27}},"type":"binary-expr","locations":[{"start":{"line":45,"column":8},"end":{"line":45,"column":17}},{"start":{"line":45,"column":21},"end":{"line":45,"column":27}}],"line":45},"5":{"loc":{"start":{"line":48,"column":6},"end":{"line":58,"column":7}},"type":"if","locations":[{"start":{"line":48,"column":6},"end":{"line":58,"column":7}},{"start":{"line":56,"column":13},"end":{"line":58,"column":7}}],"line":48},"6":{"loc":{"start":{"line":48,"column":10},"end":{"line":48,"column":31}},"type":"binary-expr","locations":[{"start":{"line":48,"column":10},"end":{"line":48,"column":16}},{"start":{"line":48,"column":20},"end":{"line":48,"column":31}}],"line":48},"7":{"loc":{"start":{"line":51,"column":10},"end":{"line":51,"column":73}},"type":"if","locations":[{"start":{"line":51,"column":10},"end":{"line":51,"column":73}},{"start":{},"end":{}}],"line":51},"8":{"loc":{"start":{"line":53,"column":11},"end":{"line":53,"column":57}},"type":"cond-expr","locations":[{"start":{"line":53,"column":34},"end":{"line":53,"column":50}},{"start":{"line":53,"column":53},"end":{"line":53,"column":57}}],"line":53},"9":{"loc":{"start":{"line":56,"column":13},"end":{"line":58,"column":7}},"type":"if","locations":[{"start":{"line":56,"column":13},"end":{"line":58,"column":7}},{"start":{},"end":{}}],"line":56},"10":{"loc":{"start":{"line":64,"column":4},"end":{"line":68,"column":5}},"type":"if","locations":[{"start":{"line":64,"column":4},"end":{"line":68,"column":5}},{"start":{},"end":{}}],"line":64},"11":{"loc":{"start":{"line":64,"column":8},"end":{"line":64,"column":27}},"type":"binary-expr","locations":[{"start":{"line":64,"column":8},"end":{"line":64,"column":18}},{"start":{"line":64,"column":22},"end":{"line":64,"column":27}}],"line":64},"12":{"loc":{"start":{"line":73,"column":4},"end":{"line":75,"column":5}},"type":"if","locations":[{"start":{"line":73,"column":4},"end":{"line":75,"column":5}},{"start":{},"end":{}}],"line":73},"13":{"loc":{"start":{"line":73,"column":8},"end":{"line":73,"column":50}},"type":"binary-expr","locations":[{"start":{"line":73,"column":8},"end":{"line":73,"column":24}},{"start":{"line":73,"column":28},"end":{"line":73,"column":50}}],"line":73},"14":{"loc":{"start":{"line":80,"column":4},"end":{"line":82,"column":5}},"type":"if","locations":[{"start":{"line":80,"column":4},"end":{"line":82,"column":5}},{"start":{},"end":{}}],"line":80},"15":{"loc":{"start":{"line":92,"column":7},"end":{"line":92,"column":114}},"type":"cond-expr","locations":[{"start":{"line":92,"column":21},"end":{"line":92,"column":107}},{"start":{"line":92,"column":110},"end":{"line":92,"column":114}}],"line":92},"16":{"loc":{"start":{"line":93,"column":7},"end":{"line":96,"column":16}},"type":"cond-expr","locations":[{"start":{"line":93,"column":41},"end":{"line":96,"column":9}},{"start":{"line":96,"column":12},"end":{"line":96,"column":16}}],"line":93},"17":{"loc":{"start":{"line":93,"column":7},"end":{"line":93,"column":38}},"type":"binary-expr","locations":[{"start":{"line":93,"column":7},"end":{"line":93,"column":23}},{"start":{"line":93,"column":27},"end":{"line":93,"column":38}}],"line":93}},"s":{"0":5,"1":14,"2":17,"3":14,"4":14,"5":17,"6":14,"7":17,"8":14,"9":14,"10":14,"11":14,"12":14,"13":7,"14":0,"15":14,"16":7,"17":0,"18":0,"19":0,"20":0,"21":0,"22":0,"23":0,"24":0,"25":0,"26":0,"27":14,"28":7,"29":0,"30":0,"31":0,"32":14,"33":7,"34":0,"35":14,"36":7,"37":0,"38":14,"39":0,"40":0,"41":14},"f":{"0":14,"1":17,"2":17,"3":17,"4":7,"5":7,"6":0,"7":7,"8":7,"9":7,"10":0},"b":{"0":[14,14],"1":[0,7],"2":[0,0],"3":[0,7],"4":[7,0],"5":[0,0],"6":[0,0],"7":[0,0],"8":[0,0],"9":[0,0],"10":[0,7],"11":[7,7],"12":[0,7],"13":[7,0],"14":[0,7],"15":[0,14],"16":[0,14],"17":[14,10]},"_coverageSchema":"1a1c01bbd47fc00a2c39e90264f33305004495a9","hash":"a81e69764d9c92b2af5570fc68706aea2957dafa"}
,"/Users/ant/SE/Personal-Projects/art-buddy/src/components/option/Options.js": {"path":"/Users/ant/SE/Personal-Projects/art-buddy/src/components/option/Options.js","statementMap":{"0":{"start":{"line":3,"column":16},"end":{"line":9,"column":1}},"1":{"start":{"line":4,"column":2},"end":{"line":8,"column":4}}},"fnMap":{"0":{"name":"(anonymous_0)","decl":{"start":{"line":3,"column":16},"end":{"line":3,"column":17}},"loc":{"start":{"line":3,"column":50},"end":{"line":9,"column":1}},"line":3}},"branchMap":{"0":{"loc":{"start":{"line":3,"column":29},"end":{"line":3,"column":43}},"type":"default-arg","locations":[{"start":{"line":3,"column":37},"end":{"line":3,"column":43}}],"line":3}},"s":{"0":15,"1":73},"f":{"0":73},"b":{"0":[2]},"_coverageSchema":"1a1c01bbd47fc00a2c39e90264f33305004495a9","hash":"616359591637ce08fcba64fca8265ad2ea23b23f"}
,"/Users/ant/SE/Personal-Projects/art-buddy/src/components/popup/Popup.js": {"path":"/Users/ant/SE/Personal-Projects/art-buddy/src/components/popup/Popup.js","statementMap":{"0":{"start":{"line":8,"column":14},"end":{"line":38,"column":1}},"1":{"start":{"line":9,"column":38},"end":{"line":9,"column":62}},"2":{"start":{"line":11,"column":27},"end":{"line":20,"column":3}},"3":{"start":{"line":12,"column":4},"end":{"line":19,"column":5}},"4":{"start":{"line":14,"column":8},"end":{"line":15,"column":41}},"5":{"start":{"line":16,"column":6},"end":{"line":18,"column":7}},"6":{"start":{"line":17,"column":8},"end":{"line":17,"column":27}},"7":{"start":{"line":22,"column":2},"end":{"line":37,"column":11}}},"fnMap":{"0":{"name":"(anonymous_0)","decl":{"start":{"line":8,"column":14},"end":{"line":8,"column":15}},"loc":{"start":{"line":8,"column":20},"end":{"line":38,"column":1}},"line":8},"1":{"name":"(anonymous_1)","decl":{"start":{"line":11,"column":27},"end":{"line":11,"column":28}},"loc":{"start":{"line":11,"column":34},"end":{"line":20,"column":3}},"line":11}},"branchMap":{"0":{"loc":{"start":{"line":12,"column":4},"end":{"line":19,"column":5}},"type":"if","locations":[{"start":{"line":12,"column":4},"end":{"line":19,"column":5}},{"start":{},"end":{}}],"line":12},"1":{"loc":{"start":{"line":14,"column":8},"end":{"line":15,"column":41}},"type":"binary-expr","locations":[{"start":{"line":14,"column":8},"end":{"line":14,"column":54}},{"start":{"line":15,"column":8},"end":{"line":15,"column":41}}],"line":14},"2":{"loc":{"start":{"line":16,"column":6},"end":{"line":18,"column":7}},"type":"if","locations":[{"start":{"line":16,"column":6},"end":{"line":18,"column":7}},{"start":{},"end":{}}],"line":16},"3":{"loc":{"start":{"line":22,"column":9},"end":{"line":37,"column":10}},"type":"cond-expr","locations":[{"start":{"line":23,"column":4},"end":{"line":36,"column":11}},{"start":{"line":37,"column":6},"end":{"line":37,"column":10}}],"line":22},"4":{"loc":{"start":{"line":25,"column":31},"end":{"line":25,"column":72}},"type":"cond-expr","locations":[{"start":{"line":25,"column":56},"end":{"line":25,"column":67}},{"start":{"line":25,"column":70},"end":{"line":25,"column":72}}],"line":25}},"s":{"0":4,"1":12,"2":12,"3":4,"4":4,"5":4,"6":1,"7":12},"f":{"0":12,"1":4},"b":{"0":[4,0],"1":[4,3],"2":[1,3],"3":[5,7],"4":[0,5]},"_coverageSchema":"1a1c01bbd47fc00a2c39e90264f33305004495a9","hash":"c06ff4b5b31610f8552d08b441f379fa12d82fd5"}
,"/Users/ant/SE/Personal-Projects/art-buddy/src/components/report-card/ReportCard.js": {"path":"/Users/ant/SE/Personal-Projects/art-buddy/src/components/report-card/ReportCard.js","statementMap":{"0":{"start":{"line":9,"column":19},"end":{"line":35,"column":1}},"1":{"start":{"line":10,"column":38},"end":{"line":10,"column":64}},"2":{"start":{"line":11,"column":23},"end":{"line":22,"column":4}},"3":{"start":{"line":12,"column":54},"end":{"line":12,"column":71}},"4":{"start":{"line":13,"column":4},"end":{"line":21,"column":6}},"5":{"start":{"line":24,"column":32},"end":{"line":25,"column":51}},"6":{"start":{"line":25,"column":4},"end":{"line":25,"column":51}},"7":{"start":{"line":27,"column":2},"end":{"line":34,"column":4}}},"fnMap":{"0":{"name":"(anonymous_0)","decl":{"start":{"line":9,"column":19},"end":{"line":9,"column":20}},"loc":{"start":{"line":9,"column":47},"end":{"line":35,"column":1}},"line":9},"1":{"name":"(anonymous_1)","decl":{"start":{"line":11,"column":51},"end":{"line":11,"column":52}},"loc":{"start":{"line":11,"column":62},"end":{"line":22,"column":3}},"line":11},"2":{"name":"(anonymous_2)","decl":{"start":{"line":24,"column":32},"end":{"line":24,"column":33}},"loc":{"start":{"line":25,"column":4},"end":{"line":25,"column":51}},"line":25}},"branchMap":{"0":{"loc":{"start":{"line":9,"column":28},"end":{"line":9,"column":40}},"type":"default-arg","locations":[{"start":{"line":9,"column":36},"end":{"line":9,"column":40}}],"line":9}},"s":{"0":15,"1":2,"2":2,"3":12,"4":12,"5":2,"6":0,"7":2},"f":{"0":2,"1":12,"2":0},"b":{"0":[0]},"_coverageSchema":"1a1c01bbd47fc00a2c39e90264f33305004495a9","hash":"0dd02a0cc67cf06d2baf9f54da665463f91dcd22"}
,"/Users/ant/SE/Personal-Projects/art-buddy/src/components/report-card/score/Score.js": {"path":"/Users/ant/SE/Personal-Projects/art-buddy/src/components/report-card/score/Score.js","statementMap":{"0":{"start":{"line":3,"column":22},"end":{"line":3,"column":31}},"1":{"start":{"line":5,"column":14},"end":{"line":34,"column":1}},"2":{"start":{"line":6,"column":29},"end":{"line":23,"column":3}},"3":{"start":{"line":7,"column":25},"end":{"line":7,"column":27}},"4":{"start":{"line":8,"column":18},"end":{"line":8,"column":44}},"5":{"start":{"line":9,"column":4},"end":{"line":21,"column":5}},"6":{"start":{"line":9,"column":17},"end":{"line":9,"column":18}},"7":{"start":{"line":10,"column":28},"end":{"line":14,"column":12}},"8":{"start":{"line":15,"column":30},"end":{"line":17,"column":23}},"9":{"start":{"line":18,"column":6},"end":{"line":20,"column":8}},"10":{"start":{"line":22,"column":4},"end":{"line":22,"column":24}},"11":{"start":{"line":25,"column":2},"end":{"line":33,"column":4}}},"fnMap":{"0":{"name":"(anonymous_0)","decl":{"start":{"line":5,"column":14},"end":{"line":5,"column":15}},"loc":{"start":{"line":5,"column":59},"end":{"line":34,"column":1}},"line":5},"1":{"name":"(anonymous_1)","decl":{"start":{"line":6,"column":29},"end":{"line":6,"column":30}},"loc":{"start":{"line":6,"column":35},"end":{"line":23,"column":3}},"line":6}},"branchMap":{"0":{"loc":{"start":{"line":10,"column":28},"end":{"line":14,"column":12}},"type":"cond-expr","locations":[{"start":{"line":11,"column":10},"end":{"line":13,"column":19}},{"start":{"line":14,"column":10},"end":{"line":14,"column":12}}],"line":10},"1":{"loc":{"start":{"line":10,"column":28},"end":{"line":10,"column":53}},"type":"binary-expr","locations":[{"start":{"line":10,"column":28},"end":{"line":10,"column":35}},{"start":{"line":10,"column":39},"end":{"line":10,"column":53}}],"line":10},"2":{"loc":{"start":{"line":11,"column":10},"end":{"line":13,"column":19}},"type":"cond-expr","locations":[{"start":{"line":12,"column":12},"end":{"line":12,"column":20}},{"start":{"line":13,"column":12},"end":{"line":13,"column":19}}],"line":11},"3":{"loc":{"start":{"line":15,"column":30},"end":{"line":17,"column":23}},"type":"cond-expr","locations":[{"start":{"line":16,"column":10},"end":{"line":16,"column":27}},{"start":{"line":17,"column":10},"end":{"line":17,"column":23}}],"line":15}},"s":{"0":16,"1":16,"2":14,"3":14,"4":14,"5":14,"6":14,"7":56,"8":56,"9":56,"10":14,"11":14},"f":{"0":14,"1":14},"b":{"0":[28,28],"1":[56,42],"2":[14,14],"3":[4,52]},"_coverageSchema":"1a1c01bbd47fc00a2c39e90264f33305004495a9","hash":"366320a217f52f6c6efdc11ca3516056aabf258b"}
,"/Users/ant/SE/Personal-Projects/art-buddy/src/components/toggle/Toggle.js": {"path":"/Users/ant/SE/Personal-Projects/art-buddy/src/components/toggle/Toggle.js","statementMap":{"0":{"start":{"line":3,"column":15},"end":{"line":17,"column":1}},"1":{"start":{"line":4,"column":2},"end":{"line":16,"column":4}}},"fnMap":{"0":{"name":"(anonymous_0)","decl":{"start":{"line":3,"column":15},"end":{"line":3,"column":16}},"loc":{"start":{"line":3,"column":59},"end":{"line":17,"column":1}},"line":3}},"branchMap":{"0":{"loc":{"start":{"line":3,"column":18},"end":{"line":3,"column":30}},"type":"default-arg","locations":[{"start":{"line":3,"column":26},"end":{"line":3,"column":30}}],"line":3},"1":{"loc":{"start":{"line":7,"column":36},"end":{"line":7,"column":61}},"type":"cond-expr","locations":[{"start":{"line":7,"column":49},"end":{"line":7,"column":53}},{"start":{"line":7,"column":56},"end":{"line":7,"column":61}}],"line":7},"2":{"loc":{"start":{"line":14,"column":7},"end":{"line":14,"column":67}},"type":"cond-expr","locations":[{"start":{"line":14,"column":15},"end":{"line":14,"column":60}},{"start":{"line":14,"column":63},"end":{"line":14,"column":67}}],"line":14}},"s":{"0":10,"1":34},"f":{"0":34},"b":{"0":[6],"1":[27,7],"2":[28,6]},"_coverageSchema":"1a1c01bbd47fc00a2c39e90264f33305004495a9","hash":"900522337f07b0259d7abc1363977b4be476e441"}
,"/Users/ant/SE/Personal-Projects/art-buddy/src/components/too-small/TooSmall.js": {"path":"/Users/ant/SE/Personal-Projects/art-buddy/src/components/too-small/TooSmall.js","statementMap":{"0":{"start":{"line":3,"column":17},"end":{"line":10,"column":1}},"1":{"start":{"line":4,"column":2},"end":{"line":9,"column":4}}},"fnMap":{"0":{"name":"(anonymous_0)","decl":{"start":{"line":3,"column":17},"end":{"line":3,"column":18}},"loc":{"start":{"line":3,"column":23},"end":{"line":10,"column":1}},"line":3}},"branchMap":{},"s":{"0":4,"1":2},"f":{"0":2},"b":{},"_coverageSchema":"1a1c01bbd47fc00a2c39e90264f33305004495a9","hash":"574dcc748d2312593da3be8d9669dda7a26a7fef"}
,"/Users/ant/SE/Personal-Projects/art-buddy/src/components/video/Video.js": {"path":"/Users/ant/SE/Personal-Projects/art-buddy/src/components/video/Video.js","statementMap":{"0":{"start":{"line":3,"column":14},"end":{"line":13,"column":1}},"1":{"start":{"line":4,"column":2},"end":{"line":12,"column":4}}},"fnMap":{"0":{"name":"(anonymous_0)","decl":{"start":{"line":3,"column":14},"end":{"line":3,"column":15}},"loc":{"start":{"line":3,"column":27},"end":{"line":13,"column":1}},"line":3}},"branchMap":{},"s":{"0":10,"1":2},"f":{"0":2},"b":{},"_coverageSchema":"1a1c01bbd47fc00a2c39e90264f33305004495a9","hash":"9ed4333ea0f5b09a9e8fa51a82e99cb422a087f5"}
,"/Users/ant/SE/Personal-Projects/art-buddy/src/components/window/Window.js": {"path":"/Users/ant/SE/Personal-Projects/art-buddy/src/components/window/Window.js","statementMap":{"0":{"start":{"line":3,"column":15},"end":{"line":10,"column":1}},"1":{"start":{"line":4,"column":16},"end":{"line":4,"column":37}},"2":{"start":{"line":5,"column":2},"end":{"line":9,"column":4}}},"fnMap":{"0":{"name":"(anonymous_0)","decl":{"start":{"line":3,"column":15},"end":{"line":3,"column":16}},"loc":{"start":{"line":3,"column":48},"end":{"line":10,"column":1}},"line":3}},"branchMap":{"0":{"loc":{"start":{"line":3,"column":28},"end":{"line":3,"column":41}},"type":"default-arg","locations":[{"start":{"line":3,"column":36},"end":{"line":3,"column":41}}],"line":3},"1":{"loc":{"start":{"line":4,"column":16},"end":{"line":4,"column":37}},"type":"cond-expr","locations":[{"start":{"line":4,"column":24},"end":{"line":4,"column":29}},{"start":{"line":4,"column":32},"end":{"line":4,"column":37}}],"line":4}},"s":{"0":11,"1":40,"2":40},"f":{"0":40},"b":{"0":[33],"1":[7,33]},"_coverageSchema":"1a1c01bbd47fc00a2c39e90264f33305004495a9","hash":"0f4753feca72ef69d178d16d6a85c9bb2fce6eee"}
,"/Users/ant/SE/Personal-Projects/art-buddy/src/components/window-nav/WindowNavbar.js": {"path":"/Users/ant/SE/Personal-Projects/art-buddy/src/components/window-nav/WindowNavbar.js","statementMap":{"0":{"start":{"line":13,"column":21},"end":{"line":58,"column":1}},"1":{"start":{"line":14,"column":19},"end":{"line":14,"column":56}},"2":{"start":{"line":14,"column":42},"end":{"line":14,"column":55}},"3":{"start":{"line":15,"column":27},"end":{"line":15,"column":51}},"4":{"start":{"line":16,"column":19},"end":{"line":16,"column":32}},"5":{"start":{"line":17,"column":19},"end":{"line":17,"column":32}},"6":{"start":{"line":19,"column":2},"end":{"line":22,"column":13}},"7":{"start":{"line":20,"column":4},"end":{"line":20,"column":36}},"8":{"start":{"line":20,"column":17},"end":{"line":20,"column":35}},"9":{"start":{"line":24,"column":23},"end":{"line":24,"column":63}},"10":{"start":{"line":24,"column":30},"end":{"line":24,"column":63}},"11":{"start":{"line":25,"column":20},"end":{"line":25,"column":70}},"12":{"start":{"line":25,"column":33},"end":{"line":25,"column":69}},"13":{"start":{"line":28,"column":4},"end":{"line":43,"column":13}},"14":{"start":{"line":47,"column":4},"end":{"line":54,"column":13}},"15":{"start":{"line":57,"column":2},"end":{"line":57,"column":39}}},"fnMap":{"0":{"name":"(anonymous_0)","decl":{"start":{"line":13,"column":21},"end":{"line":13,"column":22}},"loc":{"start":{"line":13,"column":61},"end":{"line":58,"column":1}},"line":13},"1":{"name":"(anonymous_1)","decl":{"start":{"line":14,"column":31},"end":{"line":14,"column":32}},"loc":{"start":{"line":14,"column":42},"end":{"line":14,"column":55}},"line":14},"2":{"name":"(anonymous_2)","decl":{"start":{"line":19,"column":12},"end":{"line":19,"column":13}},"loc":{"start":{"line":19,"column":18},"end":{"line":22,"column":3}},"line":19},"3":{"name":"(anonymous_3)","decl":{"start":{"line":20,"column":11},"end":{"line":20,"column":12}},"loc":{"start":{"line":20,"column":17},"end":{"line":20,"column":35}},"line":20},"4":{"name":"(anonymous_4)","decl":{"start":{"line":24,"column":23},"end":{"line":24,"column":24}},"loc":{"start":{"line":24,"column":30},"end":{"line":24,"column":63}},"line":24},"5":{"name":"(anonymous_5)","decl":{"start":{"line":25,"column":20},"end":{"line":25,"column":21}},"loc":{"start":{"line":25,"column":33},"end":{"line":25,"column":69}},"line":25}},"branchMap":{"0":{"loc":{"start":{"line":13,"column":24},"end":{"line":13,"column":41}},"type":"default-arg","locations":[{"start":{"line":13,"column":37},"end":{"line":13,"column":41}}],"line":13},"1":{"loc":{"start":{"line":13,"column":43},"end":{"line":13,"column":54}},"type":"default-arg","locations":[{"start":{"line":13,"column":50},"end":{"line":13,"column":54}}],"line":13},"2":{"loc":{"start":{"line":25,"column":33},"end":{"line":25,"column":69}},"type":"cond-expr","locations":[{"start":{"line":25,"column":51},"end":{"line":25,"column":64}},{"start":{"line":25,"column":67},"end":{"line":25,"column":69}}],"line":25},"3":{"loc":{"start":{"line":48,"column":7},"end":{"line":48,"column":60}},"type":"cond-expr","locations":[{"start":{"line":48,"column":40},"end":{"line":48,"column":44}},{"start":{"line":48,"column":47},"end":{"line":48,"column":60}}],"line":48},"4":{"loc":{"start":{"line":50,"column":7},"end":{"line":52,"column":14}},"type":"cond-expr","locations":[{"start":{"line":51,"column":8},"end":{"line":51,"column":63}},{"start":{"line":52,"column":10},"end":{"line":52,"column":14}}],"line":50},"5":{"loc":{"start":{"line":53,"column":7},"end":{"line":53,"column":55}},"type":"cond-expr","locations":[{"start":{"line":53,"column":40},"end":{"line":53,"column":44}},{"start":{"line":53,"column":47},"end":{"line":53,"column":55}}],"line":53},"6":{"loc":{"start":{"line":57,"column":9},"end":{"line":57,"column":38}},"type":"cond-expr","locations":[{"start":{"line":57,"column":16},"end":{"line":57,"column":27}},{"start":{"line":57,"column":30},"end":{"line":57,"column":38}}],"line":57}},"s":{"0":33,"1":247,"2":388,"3":247,"4":247,"5":247,"6":247,"7":152,"8":152,"9":247,"10":0,"11":247,"12":494,"13":247,"14":247,"15":247},"f":{"0":247,"1":388,"2":152,"3":152,"4":0,"5":494},"b":{"0":[211],"1":[44],"2":[247,247],"3":[189,58],"4":[36,211],"5":[189,58],"6":[199,48]},"_coverageSchema":"1a1c01bbd47fc00a2c39e90264f33305004495a9","hash":"227e9039538008cda2a6949ebbe305ac1e383d16"}
,"/Users/ant/SE/Personal-Projects/art-buddy/src/components/window-nav/back-arrow/BackArrow.js": {"path":"/Users/ant/SE/Personal-Projects/art-buddy/src/components/window-nav/back-arrow/BackArrow.js","statementMap":{"0":{"start":{"line":7,"column":18},"end":{"line":16,"column":1}},"1":{"start":{"line":8,"column":19},"end":{"line":8,"column":32}},"2":{"start":{"line":9,"column":17},"end":{"line":9,"column":35}},"3":{"start":{"line":9,"column":23},"end":{"line":9,"column":35}},"4":{"start":{"line":10,"column":2},"end":{"line":15,"column":4}}},"fnMap":{"0":{"name":"(anonymous_0)","decl":{"start":{"line":7,"column":18},"end":{"line":7,"column":19}},"loc":{"start":{"line":7,"column":24},"end":{"line":16,"column":1}},"line":7},"1":{"name":"(anonymous_1)","decl":{"start":{"line":9,"column":17},"end":{"line":9,"column":18}},"loc":{"start":{"line":9,"column":23},"end":{"line":9,"column":35}},"line":9}},"branchMap":{},"s":{"0":34,"1":48,"2":48,"3":0,"4":48},"f":{"0":48,"1":0},"b":{},"_coverageSchema":"1a1c01bbd47fc00a2c39e90264f33305004495a9","hash":"b2d0280e346b11671ac6cb1526a537ba9e2d5daa"}
,"/Users/ant/SE/Personal-Projects/art-buddy/src/data/_activities/activityList.js": {"path":"/Users/ant/SE/Personal-Projects/art-buddy/src/data/_activities/activityList.js","statementMap":{"0":{"start":{"line":6,"column":14},"end":{"line":6,"column":32}},"1":{"start":{"line":7,"column":15},"end":{"line":7,"column":40}},"2":{"start":{"line":20,"column":4},"end":{"line":20,"column":8}},"3":{"start":{"line":22,"column":20},"end":{"line":38,"column":1}},"4":{"start":{"line":39,"column":21},"end":{"line":52,"column":1}},"5":{"start":{"line":53,"column":23},"end":{"line":68,"column":1}},"6":{"start":{"line":69,"column":22},"end":{"line":84,"column":1}},"7":{"start":{"line":85,"column":20},"end":{"line":97,"column":1}},"8":{"start":{"line":98,"column":18},"end":{"line":112,"column":1}},"9":{"start":{"line":113,"column":20},"end":{"line":127,"column":1}},"10":{"start":{"line":128,"column":19},"end":{"line":142,"column":1}},"11":{"start":{"line":143,"column":18},"end":{"line":154,"column":1}},"12":{"start":{"line":155,"column":19},"end":{"line":164,"column":1}},"13":{"start":{"line":166,"column":19},"end":{"line":177,"column":1}}},"fnMap":{},"branchMap":{},"s":{"0":20,"1":20,"2":20,"3":20,"4":20,"5":20,"6":20,"7":20,"8":20,"9":20,"10":20,"11":20,"12":20,"13":20},"f":{},"b":{},"_coverageSchema":"1a1c01bbd47fc00a2c39e90264f33305004495a9","hash":"4cea3b181b2af8c60e03552ffd12aa2e293d6645"}
,"/Users/ant/SE/Personal-Projects/art-buddy/src/data/_report-cards/colorsForProgressBar.js": {"path":"/Users/ant/SE/Personal-Projects/art-buddy/src/data/_report-cards/colorsForProgressBar.js","statementMap":{"0":{"start":{"line":6,"column":24},"end":{"line":6,"column":33}},"1":{"start":{"line":8,"column":27},"end":{"line":8,"column":36}},"2":{"start":{"line":10,"column":26},"end":{"line":10,"column":35}},"3":{"start":{"line":11,"column":34},"end":{"line":16,"column":1}},"4":{"start":{"line":32,"column":4},"end":{"line":32,"column":14}},"5":{"start":{"line":34,"column":29},"end":{"line":38,"column":1}},"6":{"start":{"line":40,"column":31},"end":{"line":44,"column":1}},"7":{"start":{"line":46,"column":30},"end":{"line":53,"column":1}}},"fnMap":{},"branchMap":{},"s":{"0":20,"1":20,"2":20,"3":20,"4":20,"5":20,"6":20,"7":20},"f":{},"b":{},"_coverageSchema":"1a1c01bbd47fc00a2c39e90264f33305004495a9","hash":"a285c020b4977c474854b5bf5b0624777fa9ea7e"}
,"/Users/ant/SE/Personal-Projects/art-buddy/src/data/_report-cards/initialReportCards.js": {"path":"/Users/ant/SE/Personal-Projects/art-buddy/src/data/_report-cards/initialReportCards.js","statementMap":{"0":{"start":{"line":8,"column":38},"end":{"line":45,"column":1}},"1":{"start":{"line":47,"column":37},"end":{"line":84,"column":1}}},"fnMap":{},"branchMap":{},"s":{"0":19,"1":19},"f":{},"b":{},"_coverageSchema":"1a1c01bbd47fc00a2c39e90264f33305004495a9","hash":"5c9bf84ed8f997d43175d1cf0451c49e77ab845a"}
,"/Users/ant/SE/Personal-Projects/art-buddy/src/data/_utils/colorOrder.js": {"path":"/Users/ant/SE/Personal-Projects/art-buddy/src/data/_utils/colorOrder.js","statementMap":{"0":{"start":{"line":3,"column":15},"end":{"line":9,"column":1}}},"fnMap":{},"branchMap":{},"s":{"0":44},"f":{},"b":{},"_coverageSchema":"1a1c01bbd47fc00a2c39e90264f33305004495a9","hash":"5fd5e20f46951792a85050d6543a65f2d53041c2"}
,"/Users/ant/SE/Personal-Projects/art-buddy/src/data/color-theory/colors.js": {"path":"/Users/ant/SE/Personal-Projects/art-buddy/src/data/color-theory/colors.js","statementMap":{"0":{"start":{"line":3,"column":15},"end":{"line":69,"column":1}},"1":{"start":{"line":71,"column":0},"end":{"line":73,"column":1}},"2":{"start":{"line":72,"column":2},"end":{"line":72,"column":78}}},"fnMap":{},"branchMap":{},"s":{"0":105,"1":105,"2":1260},"f":{},"b":{},"_coverageSchema":"1a1c01bbd47fc00a2c39e90264f33305004495a9","hash":"8be707b65a03263e07debc853ab22dbf37e4b3cb"}
,"/Users/ant/SE/Personal-Projects/art-buddy/src/data/instrument-id/learnInstrumentOptions.js": {"path":"/Users/ant/SE/Personal-Projects/art-buddy/src/data/instrument-id/learnInstrumentOptions.js","statementMap":{"0":{"start":{"line":4,"column":18},"end":{"line":25,"column":1}},"1":{"start":{"line":27,"column":31},"end":{"line":375,"column":1}}},"fnMap":{},"branchMap":{},"s":{"0":108,"1":108},"f":{},"b":{},"_coverageSchema":"1a1c01bbd47fc00a2c39e90264f33305004495a9","hash":"58c77766e3d4e9c714701dacd55b6ec19e3e1d02"}
,"/Users/ant/SE/Personal-Projects/art-buddy/src/data/mood-meter/batteries.js": {"path":"/Users/ant/SE/Personal-Projects/art-buddy/src/data/mood-meter/batteries.js","statementMap":{"0":{"start":{"line":3,"column":28},"end":{"line":5,"column":1}},"1":{"start":{"line":6,"column":29},"end":{"line":8,"column":1}},"2":{"start":{"line":9,"column":26},"end":{"line":11,"column":1}},"3":{"start":{"line":13,"column":28},"end":{"line":13,"column":33}},"4":{"start":{"line":14,"column":30},"end":{"line":14,"column":35}},"5":{"start":{"line":15,"column":27},"end":{"line":15,"column":32}},"6":{"start":{"line":17,"column":18},"end":{"line":21,"column":1}}},"fnMap":{},"branchMap":{},"s":{"0":7,"1":7,"2":7,"3":7,"4":7,"5":7,"6":7},"f":{},"b":{},"_coverageSchema":"1a1c01bbd47fc00a2c39e90264f33305004495a9","hash":"17a1f32a93f0c1feb1a0443bc8db37b37257b4ab"}
,"/Users/ant/SE/Personal-Projects/art-buddy/src/routes/ArtBuddyRoutes.js": {"path":"/Users/ant/SE/Personal-Projects/art-buddy/src/routes/ArtBuddyRoutes.js","statementMap":{"0":{"start":{"line":13,"column":23},"end":{"line":24,"column":1}},"1":{"start":{"line":14,"column":2},"end":{"line":23,"column":4}}},"fnMap":{"0":{"name":"(anonymous_0)","decl":{"start":{"line":13,"column":23},"end":{"line":13,"column":24}},"loc":{"start":{"line":13,"column":29},"end":{"line":24,"column":1}},"line":13}},"branchMap":{},"s":{"0":4,"1":5},"f":{"0":5},"b":{},"_coverageSchema":"1a1c01bbd47fc00a2c39e90264f33305004495a9","hash":"84aded458a05dbeae30192e53ab57a996c88b4c0"}
,"/Users/ant/SE/Personal-Projects/art-buddy/src/routes/routeUrls.js": {"path":"/Users/ant/SE/Personal-Projects/art-buddy/src/routes/routeUrls.js","statementMap":{"0":{"start":{"line":1,"column":13},"end":{"line":15,"column":1}},"1":{"start":{"line":17,"column":32},"end":{"line":25,"column":1}},"2":{"start":{"line":27,"column":31},"end":{"line":32,"column":1}}},"fnMap":{},"branchMap":{},"s":{"0":34,"1":34,"2":34},"f":{},"b":{},"_coverageSchema":"1a1c01bbd47fc00a2c39e90264f33305004495a9","hash":"1e284ff7ede93892bbfb933572b230cffc7173f3"}
,"/Users/ant/SE/Personal-Projects/art-buddy/src/routes/_not-found/NotFound.js": {"path":"/Users/ant/SE/Personal-Projects/art-buddy/src/routes/_not-found/NotFound.js","statementMap":{"0":{"start":{"line":7,"column":17},"end":{"line":20,"column":1}},"1":{"start":{"line":8,"column":19},"end":{"line":8,"column":32}},"2":{"start":{"line":9,"column":17},"end":{"line":9,"column":36}},"3":{"start":{"line":9,"column":23},"end":{"line":9,"column":36}},"4":{"start":{"line":11,"column":2},"end":{"line":19,"column":4}}},"fnMap":{"0":{"name":"(anonymous_0)","decl":{"start":{"line":7,"column":17},"end":{"line":7,"column":18}},"loc":{"start":{"line":7,"column":23},"end":{"line":20,"column":1}},"line":7},"1":{"name":"(anonymous_1)","decl":{"start":{"line":9,"column":17},"end":{"line":9,"column":18}},"loc":{"start":{"line":9,"column":23},"end":{"line":9,"column":36}},"line":9}},"branchMap":{},"s":{"0":5,"1":3,"2":3,"3":0,"4":3},"f":{"0":3,"1":0},"b":{},"_coverageSchema":"1a1c01bbd47fc00a2c39e90264f33305004495a9","hash":"ffb87083861608d93484bd1ff79eaf86aadad4aa"}
,"/Users/ant/SE/Personal-Projects/art-buddy/src/routes/art/ArtRoutes.js": {"path":"/Users/ant/SE/Personal-Projects/art-buddy/src/routes/art/ArtRoutes.js","statementMap":{"0":{"start":{"line":11,"column":18},"end":{"line":19,"column":1}},"1":{"start":{"line":12,"column":2},"end":{"line":18,"column":4}}},"fnMap":{"0":{"name":"(anonymous_0)","decl":{"start":{"line":11,"column":18},"end":{"line":11,"column":19}},"loc":{"start":{"line":11,"column":24},"end":{"line":19,"column":1}},"line":11}},"branchMap":{},"s":{"0":5,"1":8},"f":{"0":8},"b":{},"_coverageSchema":"1a1c01bbd47fc00a2c39e90264f33305004495a9","hash":"13f361929f4d97c7713424bf2e04ddb06ff75b03"}
,"/Users/ant/SE/Personal-Projects/art-buddy/src/routes/art/color-theory/ColorTheoryRoutes.js": {"path":"/Users/ant/SE/Personal-Projects/art-buddy/src/routes/art/color-theory/ColorTheoryRoutes.js","statementMap":{"0":{"start":{"line":11,"column":26},"end":{"line":22,"column":1}},"1":{"start":{"line":12,"column":2},"end":{"line":21,"column":4}}},"fnMap":{"0":{"name":"(anonymous_0)","decl":{"start":{"line":11,"column":26},"end":{"line":11,"column":27}},"loc":{"start":{"line":11,"column":32},"end":{"line":22,"column":1}},"line":11}},"branchMap":{},"s":{"0":6,"1":17},"f":{"0":17},"b":{},"_coverageSchema":"1a1c01bbd47fc00a2c39e90264f33305004495a9","hash":"ff3e63e77d66a8d9df5fe0ccfc15cbc2b4814c4f"}
,"/Users/ant/SE/Personal-Projects/art-buddy/src/routes/menu/MenuRoutes.js": {"path":"/Users/ant/SE/Personal-Projects/art-buddy/src/routes/menu/MenuRoutes.js","statementMap":{"0":{"start":{"line":10,"column":19},"end":{"line":19,"column":1}},"1":{"start":{"line":11,"column":2},"end":{"line":18,"column":4}}},"fnMap":{"0":{"name":"(anonymous_0)","decl":{"start":{"line":10,"column":19},"end":{"line":10,"column":20}},"loc":{"start":{"line":10,"column":25},"end":{"line":19,"column":1}},"line":10}},"branchMap":{},"s":{"0":5,"1":10},"f":{"0":10},"b":{},"_coverageSchema":"1a1c01bbd47fc00a2c39e90264f33305004495a9","hash":"349cd6521325f3cf4cc6573901050ce4689065d1"}
,"/Users/ant/SE/Personal-Projects/art-buddy/src/routes/music/MusicRoutes.js": {"path":"/Users/ant/SE/Personal-Projects/art-buddy/src/routes/music/MusicRoutes.js","statementMap":{"0":{"start":{"line":13,"column":20},"end":{"line":23,"column":1}},"1":{"start":{"line":14,"column":2},"end":{"line":22,"column":4}}},"fnMap":{"0":{"name":"(anonymous_0)","decl":{"start":{"line":13,"column":20},"end":{"line":13,"column":21}},"loc":{"start":{"line":13,"column":26},"end":{"line":23,"column":1}},"line":13}},"branchMap":{},"s":{"0":5,"1":10},"f":{"0":10},"b":{},"_coverageSchema":"1a1c01bbd47fc00a2c39e90264f33305004495a9","hash":"82e98792b9da37b2f9c41006f664232065fd5895"}
,"/Users/ant/SE/Personal-Projects/art-buddy/src/routes/music/instrument-id/InstrumentIdRoutes.js": {"path":"/Users/ant/SE/Personal-Projects/art-buddy/src/routes/music/instrument-id/InstrumentIdRoutes.js","statementMap":{"0":{"start":{"line":15,"column":27},"end":{"line":29,"column":1}},"1":{"start":{"line":16,"column":2},"end":{"line":28,"column":4}}},"fnMap":{"0":{"name":"(anonymous_0)","decl":{"start":{"line":15,"column":27},"end":{"line":15,"column":28}},"loc":{"start":{"line":15,"column":33},"end":{"line":29,"column":1}},"line":15}},"branchMap":{},"s":{"0":6,"1":18},"f":{"0":18},"b":{},"_coverageSchema":"1a1c01bbd47fc00a2c39e90264f33305004495a9","hash":"161c15a6c306d18891e853481cb6532400e75168"}
,"/Users/ant/SE/Personal-Projects/art-buddy/src/routes/tools/ToolsRoutes.js": {"path":"/Users/ant/SE/Personal-Projects/art-buddy/src/routes/tools/ToolsRoutes.js","statementMap":{"0":{"start":{"line":11,"column":20},"end":{"line":20,"column":1}},"1":{"start":{"line":12,"column":2},"end":{"line":19,"column":4}}},"fnMap":{"0":{"name":"(anonymous_0)","decl":{"start":{"line":11,"column":20},"end":{"line":11,"column":21}},"loc":{"start":{"line":11,"column":26},"end":{"line":20,"column":1}},"line":11}},"branchMap":{},"s":{"0":5,"1":10},"f":{"0":10},"b":{},"_coverageSchema":"1a1c01bbd47fc00a2c39e90264f33305004495a9","hash":"438b25f06a51382681401f1924b14ab8f782dc37"}
,"/Users/ant/SE/Personal-Projects/art-buddy/src/store/rootReducer.js": {"path":"/Users/ant/SE/Personal-Projects/art-buddy/src/store/rootReducer.js","statementMap":{"0":{"start":{"line":25,"column":20},"end":{"line":42,"column":2}}},"fnMap":{},"branchMap":{},"s":{"0":101},"f":{},"b":{},"_coverageSchema":"1a1c01bbd47fc00a2c39e90264f33305004495a9","hash":"3aba556b55f2bb0de38b3a6b0b78383a514b6f57"}
,"/Users/ant/SE/Personal-Projects/art-buddy/src/store/_general/generalReducer.js": {"path":"/Users/ant/SE/Personal-Projects/art-buddy/src/store/_general/generalReducer.js","statementMap":{"0":{"start":{"line":3,"column":28},"end":{"line":7,"column":1}},"1":{"start":{"line":9,"column":21},"end":{"line":23,"column":2}},"2":{"start":{"line":14,"column":6},"end":{"line":14,"column":34}},"3":{"start":{"line":17,"column":6},"end":{"line":17,"column":38}},"4":{"start":{"line":20,"column":6},"end":{"line":20,"column":35}},"5":{"start":{"line":29,"column":5},"end":{"line":29,"column":25}}},"fnMap":{"0":{"name":"(anonymous_0)","decl":{"start":{"line":13,"column":4},"end":{"line":13,"column":5}},"loc":{"start":{"line":13,"column":30},"end":{"line":15,"column":5}},"line":13},"1":{"name":"(anonymous_1)","decl":{"start":{"line":16,"column":4},"end":{"line":16,"column":5}},"loc":{"start":{"line":16,"column":34},"end":{"line":18,"column":5}},"line":16},"2":{"name":"(anonymous_2)","decl":{"start":{"line":19,"column":4},"end":{"line":19,"column":5}},"loc":{"start":{"line":19,"column":32},"end":{"line":21,"column":5}},"line":19}},"branchMap":{},"s":{"0":102,"1":102,"2":2,"3":85,"4":1,"5":102},"f":{"0":2,"1":85,"2":1},"b":{},"_coverageSchema":"1a1c01bbd47fc00a2c39e90264f33305004495a9","hash":"2517b11af667bab0e9fe9904279d898e2dbac562"}
,"/Users/ant/SE/Personal-Projects/art-buddy/src/store/free-paint/freePaintReducer.js": {"path":"/Users/ant/SE/Personal-Projects/art-buddy/src/store/free-paint/freePaintReducer.js","statementMap":{"0":{"start":{"line":4,"column":28},"end":{"line":11,"column":1}},"1":{"start":{"line":13,"column":23},"end":{"line":46,"column":2}},"2":{"start":{"line":18,"column":26},"end":{"line":18,"column":40}},"3":{"start":{"line":19,"column":24},"end":{"line":19,"column":50}},"4":{"start":{"line":20,"column":6},"end":{"line":20,"column":37}},"5":{"start":{"line":21,"column":6},"end":{"line":21,"column":40}},"6":{"start":{"line":24,"column":6},"end":{"line":24,"column":42}},"7":{"start":{"line":27,"column":6},"end":{"line":27,"column":35}},"8":{"start":{"line":30,"column":6},"end":{"line":30,"column":37}},"9":{"start":{"line":33,"column":6},"end":{"line":33,"column":39}},"10":{"start":{"line":36,"column":6},"end":{"line":36,"column":46}},"11":{"start":{"line":39,"column":6},"end":{"line":39,"column":39}},"12":{"start":{"line":40,"column":6},"end":{"line":40,"column":43}},"13":{"start":{"line":41,"column":6},"end":{"line":41,"column":47}},"14":{"start":{"line":42,"column":6},"end":{"line":42,"column":61}},"15":{"start":{"line":43,"column":6},"end":{"line":43,"column":59}},"16":{"start":{"line":48,"column":122},"end":{"line":48,"column":144}}},"fnMap":{"0":{"name":"(anonymous_0)","decl":{"start":{"line":17,"column":4},"end":{"line":17,"column":5}},"loc":{"start":{"line":17,"column":38},"end":{"line":22,"column":5}},"line":17},"1":{"name":"(anonymous_1)","decl":{"start":{"line":23,"column":4},"end":{"line":23,"column":5}},"loc":{"start":{"line":23,"column":35},"end":{"line":25,"column":5}},"line":23},"2":{"name":"(anonymous_2)","decl":{"start":{"line":26,"column":4},"end":{"line":26,"column":5}},"loc":{"start":{"line":26,"column":28},"end":{"line":28,"column":5}},"line":26},"3":{"name":"(anonymous_3)","decl":{"start":{"line":29,"column":4},"end":{"line":29,"column":5}},"loc":{"start":{"line":29,"column":30},"end":{"line":31,"column":5}},"line":29},"4":{"name":"(anonymous_4)","decl":{"start":{"line":32,"column":4},"end":{"line":32,"column":5}},"loc":{"start":{"line":32,"column":32},"end":{"line":34,"column":5}},"line":32},"5":{"name":"(anonymous_5)","decl":{"start":{"line":35,"column":4},"end":{"line":35,"column":5}},"loc":{"start":{"line":35,"column":38},"end":{"line":37,"column":5}},"line":35},"6":{"name":"(anonymous_6)","decl":{"start":{"line":38,"column":4},"end":{"line":38,"column":5}},"loc":{"start":{"line":38,"column":21},"end":{"line":44,"column":5}},"line":38}},"branchMap":{},"s":{"0":102,"1":102,"2":1,"3":1,"4":1,"5":1,"6":8,"7":2,"8":3,"9":2,"10":2,"11":6,"12":6,"13":6,"14":6,"15":6,"16":102},"f":{"0":1,"1":8,"2":2,"3":3,"4":2,"5":2,"6":6},"b":{},"_coverageSchema":"1a1c01bbd47fc00a2c39e90264f33305004495a9","hash":"062a7bfcb1791968e12db4084236633176596d0f"}
,"/Users/ant/SE/Personal-Projects/art-buddy/src/store/instrument-id/listening-skills/listeningSkillsTestReducer.js": {"path":"/Users/ant/SE/Personal-Projects/art-buddy/src/store/instrument-id/listening-skills/listeningSkillsTestReducer.js","statementMap":{"0":{"start":{"line":4,"column":28},"end":{"line":8,"column":1}},"1":{"start":{"line":10,"column":33},"end":{"line":37,"column":2}},"2":{"start":{"line":15,"column":36},"end":{"line":15,"column":50}},"3":{"start":{"line":16,"column":24},"end":{"line":16,"column":53}},"4":{"start":{"line":17,"column":54},"end":{"line":17,"column":63}},"5":{"start":{"line":19,"column":6},"end":{"line":24,"column":7}},"6":{"start":{"line":20,"column":8},"end":{"line":20,"column":41}},"7":{"start":{"line":22,"column":8},"end":{"line":22,"column":41}},"8":{"start":{"line":23,"column":8},"end":{"line":23,"column":42}},"9":{"start":{"line":27,"column":35},"end":{"line":27,"column":49}},"10":{"start":{"line":28,"column":21},"end":{"line":28,"column":49}},"11":{"start":{"line":29,"column":6},"end":{"line":29,"column":54}},"12":{"start":{"line":32,"column":6},"end":{"line":32,"column":43}},"13":{"start":{"line":33,"column":6},"end":{"line":33,"column":43}},"14":{"start":{"line":34,"column":6},"end":{"line":34,"column":41}},"15":{"start":{"line":43,"column":4},"end":{"line":43,"column":36}}},"fnMap":{"0":{"name":"(anonymous_0)","decl":{"start":{"line":14,"column":4},"end":{"line":14,"column":5}},"loc":{"start":{"line":14,"column":32},"end":{"line":25,"column":5}},"line":14},"1":{"name":"(anonymous_1)","decl":{"start":{"line":26,"column":4},"end":{"line":26,"column":5}},"loc":{"start":{"line":26,"column":34},"end":{"line":30,"column":5}},"line":26},"2":{"name":"(anonymous_2)","decl":{"start":{"line":31,"column":4},"end":{"line":31,"column":5}},"loc":{"start":{"line":31,"column":24},"end":{"line":35,"column":5}},"line":31}},"branchMap":{"0":{"loc":{"start":{"line":19,"column":6},"end":{"line":24,"column":7}},"type":"if","locations":[{"start":{"line":19,"column":6},"end":{"line":24,"column":7}},{"start":{"line":21,"column":13},"end":{"line":24,"column":7}}],"line":19},"1":{"loc":{"start":{"line":19,"column":10},"end":{"line":19,"column":49}},"type":"binary-expr","locations":[{"start":{"line":19,"column":10},"end":{"line":19,"column":27}},{"start":{"line":19,"column":31},"end":{"line":19,"column":49}}],"line":19},"2":{"loc":{"start":{"line":29,"column":21},"end":{"line":29,"column":53}},"type":"cond-expr","locations":[{"start":{"line":29,"column":36},"end":{"line":29,"column":43}},{"start":{"line":29,"column":46},"end":{"line":29,"column":53}}],"line":29}},"s":{"0":103,"1":103,"2":7,"3":7,"4":7,"5":7,"6":2,"7":5,"8":5,"9":3,"10":3,"11":3,"12":6,"13":6,"14":6,"15":103},"f":{"0":7,"1":3,"2":6},"b":{"0":[2,5],"1":[7,2],"2":[2,1]},"_coverageSchema":"1a1c01bbd47fc00a2c39e90264f33305004495a9","hash":"c7a687432499714b63cb0136554870cd4932a05a"}
,"/Users/ant/SE/Personal-Projects/art-buddy/src/store/instrument-id/song-maker/songMakerReducer.js": {"path":"/Users/ant/SE/Personal-Projects/art-buddy/src/store/instrument-id/song-maker/songMakerReducer.js","statementMap":{"0":{"start":{"line":4,"column":33},"end":{"line":8,"column":1}},"1":{"start":{"line":10,"column":28},"end":{"line":14,"column":1}},"2":{"start":{"line":16,"column":23},"end":{"line":58,"column":2}},"3":{"start":{"line":21,"column":17},"end":{"line":21,"column":31}},"4":{"start":{"line":22,"column":6},"end":{"line":22,"column":41}},"5":{"start":{"line":25,"column":17},"end":{"line":25,"column":31}},"6":{"start":{"line":26,"column":6},"end":{"line":26,"column":28}},"7":{"start":{"line":29,"column":35},"end":{"line":29,"column":49}},"8":{"start":{"line":30,"column":25},"end":{"line":30,"column":52}},"9":{"start":{"line":31,"column":27},"end":{"line":31,"column":37}},"10":{"start":{"line":32,"column":29},"end":{"line":32,"column":43}},"11":{"start":{"line":33,"column":37},"end":{"line":35,"column":19}},"12":{"start":{"line":37,"column":8},"end":{"line":37,"column":76}},"13":{"start":{"line":38,"column":28},"end":{"line":38,"column":64}},"14":{"start":{"line":39,"column":6},"end":{"line":39,"column":37}},"15":{"start":{"line":42,"column":31},"end":{"line":42,"column":45}},"16":{"start":{"line":43,"column":35},"end":{"line":46,"column":7}},"17":{"start":{"line":47,"column":6},"end":{"line":47,"column":44}},"18":{"start":{"line":50,"column":6},"end":{"line":50,"column":41}},"19":{"start":{"line":53,"column":6},"end":{"line":53,"column":37}},"20":{"start":{"line":54,"column":6},"end":{"line":54,"column":47}},"21":{"start":{"line":55,"column":6},"end":{"line":55,"column":47}},"22":{"start":{"line":60,"column":99},"end":{"line":60,"column":121}}},"fnMap":{"0":{"name":"(anonymous_0)","decl":{"start":{"line":20,"column":4},"end":{"line":20,"column":5}},"loc":{"start":{"line":20,"column":33},"end":{"line":23,"column":5}},"line":20},"1":{"name":"(anonymous_1)","decl":{"start":{"line":24,"column":4},"end":{"line":24,"column":5}},"loc":{"start":{"line":24,"column":36},"end":{"line":27,"column":5}},"line":24},"2":{"name":"(anonymous_2)","decl":{"start":{"line":28,"column":4},"end":{"line":28,"column":5}},"loc":{"start":{"line":28,"column":36},"end":{"line":40,"column":5}},"line":28},"3":{"name":"(anonymous_3)","decl":{"start":{"line":41,"column":4},"end":{"line":41,"column":5}},"loc":{"start":{"line":41,"column":32},"end":{"line":48,"column":5}},"line":41},"4":{"name":"(anonymous_4)","decl":{"start":{"line":49,"column":4},"end":{"line":49,"column":5}},"loc":{"start":{"line":49,"column":22},"end":{"line":51,"column":5}},"line":49},"5":{"name":"(anonymous_5)","decl":{"start":{"line":52,"column":4},"end":{"line":52,"column":5}},"loc":{"start":{"line":52,"column":21},"end":{"line":56,"column":5}},"line":52}},"branchMap":{"0":{"loc":{"start":{"line":33,"column":37},"end":{"line":35,"column":19}},"type":"cond-expr","locations":[{"start":{"line":34,"column":10},"end":{"line":34,"column":33}},{"start":{"line":35,"column":10},"end":{"line":35,"column":19}}],"line":33},"1":{"loc":{"start":{"line":37,"column":8},"end":{"line":37,"column":76}},"type":"cond-expr","locations":[{"start":{"line":37,"column":46},"end":{"line":37,"column":69}},{"start":{"line":37,"column":72},"end":{"line":37,"column":76}}],"line":37}},"s":{"0":103,"1":103,"2":103,"3":4,"4":4,"5":1,"6":1,"7":10,"8":10,"9":10,"10":10,"11":10,"12":10,"13":10,"14":10,"15":5,"16":5,"17":5,"18":2,"19":7,"20":7,"21":7,"22":103},"f":{"0":4,"1":1,"2":10,"3":5,"4":2,"5":7},"b":{"0":[9,1],"1":[0,10]},"_coverageSchema":"1a1c01bbd47fc00a2c39e90264f33305004495a9","hash":"f11284c6ceaa9521082ad4751d8d6fea7167a413"}
,"/Users/ant/SE/Personal-Projects/art-buddy/src/store/jump-into-rhythm/jumpIntoRhythmReducer.js": {"path":"/Users/ant/SE/Personal-Projects/art-buddy/src/store/jump-into-rhythm/jumpIntoRhythmReducer.js","statementMap":{"0":{"start":{"line":3,"column":28},"end":{"line":7,"column":1}},"1":{"start":{"line":9,"column":28},"end":{"line":52,"column":2}},"2":{"start":{"line":14,"column":22},"end":{"line":14,"column":48}},"3":{"start":{"line":15,"column":6},"end":{"line":15,"column":33}},"4":{"start":{"line":15,"column":26},"end":{"line":15,"column":33}},"5":{"start":{"line":17,"column":44},"end":{"line":17,"column":58}},"6":{"start":{"line":18,"column":24},"end":{"line":18,"column":41}},"7":{"start":{"line":19,"column":6},"end":{"line":19,"column":57}},"8":{"start":{"line":20,"column":6},"end":{"line":20,"column":31}},"9":{"start":{"line":23,"column":24},"end":{"line":23,"column":41}},"10":{"start":{"line":24,"column":17},"end":{"line":24,"column":31}},"11":{"start":{"line":25,"column":6},"end":{"line":25,"column":27}},"12":{"start":{"line":26,"column":6},"end":{"line":26,"column":31}},"13":{"start":{"line":29,"column":24},"end":{"line":29,"column":36}},"14":{"start":{"line":30,"column":25},"end":{"line":30,"column":39}},"15":{"start":{"line":32,"column":8},"end":{"line":33,"column":50}},"16":{"start":{"line":34,"column":6},"end":{"line":34,"column":28}},"17":{"start":{"line":34,"column":21},"end":{"line":34,"column":28}},"18":{"start":{"line":35,"column":6},"end":{"line":38,"column":7}},"19":{"start":{"line":35,"column":19},"end":{"line":35,"column":20}},"20":{"start":{"line":36,"column":8},"end":{"line":36,"column":64}},"21":{"start":{"line":37,"column":8},"end":{"line":37,"column":33}},"22":{"start":{"line":41,"column":6},"end":{"line":41,"column":63}},"23":{"start":{"line":44,"column":6},"end":{"line":44,"column":45}},"24":{"start":{"line":47,"column":6},"end":{"line":47,"column":41}},"25":{"start":{"line":48,"column":6},"end":{"line":48,"column":69}},"26":{"start":{"line":49,"column":6},"end":{"line":49,"column":51}},"27":{"start":{"line":61,"column":4},"end":{"line":61,"column":31}}},"fnMap":{"0":{"name":"(anonymous_0)","decl":{"start":{"line":13,"column":4},"end":{"line":13,"column":5}},"loc":{"start":{"line":13,"column":31},"end":{"line":21,"column":5}},"line":13},"1":{"name":"(anonymous_1)","decl":{"start":{"line":22,"column":4},"end":{"line":22,"column":5}},"loc":{"start":{"line":22,"column":36},"end":{"line":27,"column":5}},"line":22},"2":{"name":"(anonymous_2)","decl":{"start":{"line":28,"column":4},"end":{"line":28,"column":5}},"loc":{"start":{"line":28,"column":31},"end":{"line":39,"column":5}},"line":28},"3":{"name":"(anonymous_3)","decl":{"start":{"line":40,"column":4},"end":{"line":40,"column":5}},"loc":{"start":{"line":40,"column":32},"end":{"line":42,"column":5}},"line":40},"4":{"name":"(anonymous_4)","decl":{"start":{"line":43,"column":4},"end":{"line":43,"column":5}},"loc":{"start":{"line":43,"column":27},"end":{"line":45,"column":5}},"line":43},"5":{"name":"(anonymous_5)","decl":{"start":{"line":46,"column":4},"end":{"line":46,"column":5}},"loc":{"start":{"line":46,"column":21},"end":{"line":50,"column":5}},"line":46}},"branchMap":{"0":{"loc":{"start":{"line":15,"column":6},"end":{"line":15,"column":33}},"type":"if","locations":[{"start":{"line":15,"column":6},"end":{"line":15,"column":33}},{"start":{},"end":{}}],"line":15},"1":{"loc":{"start":{"line":32,"column":8},"end":{"line":33,"column":50}},"type":"binary-expr","locations":[{"start":{"line":32,"column":9},"end":{"line":32,"column":32}},{"start":{"line":32,"column":36},"end":{"line":32,"column":50}},{"start":{"line":33,"column":9},"end":{"line":33,"column":31}},{"start":{"line":33,"column":35},"end":{"line":33,"column":49}}],"line":32},"2":{"loc":{"start":{"line":34,"column":6},"end":{"line":34,"column":28}},"type":"if","locations":[{"start":{"line":34,"column":6},"end":{"line":34,"column":28}},{"start":{},"end":{}}],"line":34},"3":{"loc":{"start":{"line":36,"column":8},"end":{"line":36,"column":63}},"type":"cond-expr","locations":[{"start":{"line":36,"column":25},"end":{"line":36,"column":45}},{"start":{"line":36,"column":48},"end":{"line":36,"column":63}}],"line":36}},"s":{"0":102,"1":102,"2":8,"3":8,"4":0,"5":8,"6":8,"7":8,"8":8,"9":1,"10":1,"11":1,"12":1,"13":5,"14":5,"15":5,"16":5,"17":1,"18":4,"19":4,"20":16,"21":16,"22":2,"23":2,"24":5,"25":5,"26":5,"27":102},"f":{"0":8,"1":1,"2":5,"3":2,"4":2,"5":5},"b":{"0":[0,8],"1":[5,2,4,1],"2":[1,4],"3":[12,4]},"_coverageSchema":"1a1c01bbd47fc00a2c39e90264f33305004495a9","hash":"e3fba950e66213c63a026b9e6202115eafab1e8c"}
,"/Users/ant/SE/Personal-Projects/art-buddy/src/store/mood-meter/moodMeterReducer.js": {"path":"/Users/ant/SE/Personal-Projects/art-buddy/src/store/mood-meter/moodMeterReducer.js","statementMap":{"0":{"start":{"line":3,"column":28},"end":{"line":6,"column":1}},"1":{"start":{"line":8,"column":23},"end":{"line":23,"column":2}},"2":{"start":{"line":13,"column":6},"end":{"line":13,"column":37}},"3":{"start":{"line":16,"column":6},"end":{"line":16,"column":36}},"4":{"start":{"line":19,"column":6},"end":{"line":19,"column":43}},"5":{"start":{"line":20,"column":6},"end":{"line":20,"column":41}},"6":{"start":{"line":29,"column":4},"end":{"line":29,"column":26}}},"fnMap":{"0":{"name":"(anonymous_0)","decl":{"start":{"line":12,"column":4},"end":{"line":12,"column":5}},"loc":{"start":{"line":12,"column":30},"end":{"line":14,"column":5}},"line":12},"1":{"name":"(anonymous_1)","decl":{"start":{"line":15,"column":4},"end":{"line":15,"column":5}},"loc":{"start":{"line":15,"column":29},"end":{"line":17,"column":5}},"line":15},"2":{"name":"(anonymous_2)","decl":{"start":{"line":18,"column":4},"end":{"line":18,"column":5}},"loc":{"start":{"line":18,"column":24},"end":{"line":21,"column":5}},"line":18}},"branchMap":{},"s":{"0":102,"1":102,"2":6,"3":6,"4":1,"5":1,"6":102},"f":{"0":6,"1":6,"2":1},"b":{},"_coverageSchema":"1a1c01bbd47fc00a2c39e90264f33305004495a9","hash":"c9a745db24edd22c9a7d87054451bda63be7a475"}
,"/Users/ant/SE/Personal-Projects/art-buddy/src/store/music-decoder/musicDecoderReducer.js": {"path":"/Users/ant/SE/Personal-Projects/art-buddy/src/store/music-decoder/musicDecoderReducer.js","statementMap":{"0":{"start":{"line":4,"column":28},"end":{"line":11,"column":1}},"1":{"start":{"line":13,"column":26},"end":{"line":62,"column":2}},"2":{"start":{"line":18,"column":23},"end":{"line":18,"column":37}},"3":{"start":{"line":19,"column":6},"end":{"line":23,"column":7}},"4":{"start":{"line":20,"column":8},"end":{"line":20,"column":41}},"5":{"start":{"line":21,"column":8},"end":{"line":21,"column":57}},"6":{"start":{"line":22,"column":8},"end":{"line":22,"column":15}},"7":{"start":{"line":25,"column":25},"end":{"line":25,"column":44}},"8":{"start":{"line":26,"column":6},"end":{"line":34,"column":7}},"9":{"start":{"line":27,"column":32},"end":{"line":30,"column":10}},"10":{"start":{"line":31,"column":33},"end":{"line":31,"column":52}},"11":{"start":{"line":32,"column":8},"end":{"line":32,"column":77}},"12":{"start":{"line":32,"column":44},"end":{"line":32,"column":77}},"13":{"start":{"line":33,"column":8},"end":{"line":33,"column":47}},"14":{"start":{"line":35,"column":6},"end":{"line":35,"column":31}},"15":{"start":{"line":38,"column":21},"end":{"line":38,"column":35}},"16":{"start":{"line":39,"column":31},"end":{"line":39,"column":73}},"17":{"start":{"line":40,"column":6},"end":{"line":40,"column":45}},"18":{"start":{"line":43,"column":6},"end":{"line":43,"column":35}},"19":{"start":{"line":46,"column":6},"end":{"line":46,"column":35}},"20":{"start":{"line":49,"column":6},"end":{"line":49,"column":45}},"21":{"start":{"line":52,"column":6},"end":{"line":52,"column":41}},"22":{"start":{"line":55,"column":6},"end":{"line":55,"column":39}},"23":{"start":{"line":56,"column":6},"end":{"line":56,"column":55}},"24":{"start":{"line":57,"column":6},"end":{"line":57,"column":39}},"25":{"start":{"line":58,"column":6},"end":{"line":58,"column":39}},"26":{"start":{"line":59,"column":6},"end":{"line":59,"column":51}},"27":{"start":{"line":72,"column":4},"end":{"line":72,"column":29}}},"fnMap":{"0":{"name":"(anonymous_0)"
[...]
,"/Users/ant/SE/Personal-Projects/art-buddy/src/views/settings/text-to-speech/TextToSpeech.js": {"path":"/Users/ant/SE/Personal-Projects/art-buddy/src/views/settings/text-to-speech/TextToSpeech.js","statementMap":{"0":{"start":{"line":8,"column":21},"end":{"line":19,"column":1}},"1":{"start":{"line":9,"column":27},"end":{"line":9,"column":65}},"2":{"start":{"line":9,"column":50},"end":{"line":9,"column":64}},"3":{"start":{"line":10,"column":19},"end":{"line":10,"column":32}},"4":{"start":{"line":12,"column":29},"end":{"line":12,"column":65}},"5":{"start":{"line":12,"column":35},"end":{"line":12,"column":65}},"6":{"start":{"line":14,"column":2},"end":{"line":18,"column":4}}},"fnMap":{"0":{"name":"(anonymous_0)","decl":{"start":{"line":8,"column":21},"end":{"line":8,"column":22}},"loc":{"start":{"line":8,"column":27},"end":{"line":19,"column":1}},"line":8},"1":{"name":"(anonymous_1)","decl":{"start":{"line":9,"column":39},"end":{"line":9,"column":40}},"loc":{"start":{"line":9,"column":50},"end":{"line":9,"column":64}},"line":9},"2":{"name":"(anonymous_2)","decl":{"start":{"line":12,"column":29},"end":{"line":12,"column":30}},"loc":{"start":{"line":12,"column":35},"end":{"line":12,"column":65}},"line":12}},"branchMap":{},"s":{"0":1,"1":2,"2":2,"3":2,"4":2,"5":0,"6":2},"f":{"0":2,"1":2,"2":0},"b":{},"_coverageSchema":"1a1c01bbd47fc00a2c39e90264f33305004495a9","hash":"41b268a30a90058500695ccf9f78cfb7471fce08"}
,"/Users/ant/SE/Personal-Projects/art-buddy/src/views/settings/volume/Volume.js": {"path":"/Users/ant/SE/Personal-Projects/art-buddy/src/views/settings/volume/Volume.js","statementMap":{"0":{"start":{"line":11,"column":15},"end":{"line":59,"column":1}},"1":{"start":{"line":12,"column":21},"end":{"line":12,"column":59}},"2":{"start":{"line":12,"column":44},"end":{"line":12,"column":58}},"3":{"start":{"line":13,"column":19},"end":{"line":13,"column":32}},"4":{"start":{"line":15,"column":25},"end":{"line":19,"column":3}},"5":{"start":{"line":21,"column":27},"end":{"line":25,"column":3}},"6":{"start":{"line":27,"column":23},"end":{"line":27,"column":70}},"7":{"start":{"line":27,"column":30},"end":{"line":27,"column":70}},"8":{"start":{"line":29,"column":2},"end":{"line":58,"column":4}}},"fnMap":{"0":{"name":"(anonymous_0)","decl":{"start":{"line":11,"column":15},"end":{"line":11,"column":16}},"loc":{"start":{"line":11,"column":21},"end":{"line":59,"column":1}},"line":11},"1":{"name":"(anonymous_1)","decl":{"start":{"line":12,"column":33},"end":{"line":12,"column":34}},"loc":{"start":{"line":12,"column":44},"end":{"line":12,"column":58}},"line":12},"2":{"name":"(anonymous_2)","decl":{"start":{"line":27,"column":23},"end":{"line":27,"column":24}},"loc":{"start":{"line":27,"column":30},"end":{"line":27,"column":70}},"line":27}},"branchMap":{"0":{"loc":{"start":{"line":33,"column":24},"end":{"line":33,"column":74}},"type":"cond-expr","locations":[{"start":{"line":33,"column":41},"end":{"line":33,"column":55}},{"start":{"line":33,"column":58},"end":{"line":33,"column":74}}],"line":33},"1":{"loc":{"start":{"line":42,"column":24},"end":{"line":42,"column":77}},"type":"cond-expr","locations":[{"start":{"line":42,"column":44},"end":{"line":42,"column":58}},{"start":{"line":42,"column":61},"end":{"line":42,"column":77}}],"line":42},"2":{"loc":{"start":{"line":50,"column":24},"end":{"line":50,"column":75}},"type":"cond-expr","locations":[{"start":{"line":50,"column":42},"end":{"line":50,"column":56}},{"start":{"line":50,"column":59},"end":{"line":50,"column":75}}],"line":50}},"s":{"0":6,"1":4,"2":4,"3":4,"4":4,"5":4,"6":4,"7":0,"8":4},"f":{"0":4,"1":4,"2":0},"b":{"0":[0,4],"1":[4,0],"2":[0,4]},"_coverageSchema":"1a1c01bbd47fc00a2c39e90264f33305004495a9","hash":"e54ab95740b2f6972df4f8c41aa93d2e05935514"}
,"/Users/ant/SE/Personal-Projects/art-buddy/src/views/time-keeper/TimeKeeper.js": {"path":"/Users/ant/SE/Personal-Projects/art-buddy/src/views/time-keeper/TimeKeeper.js","statementMap":{"0":{"start":{"line":16,"column":19},"end":{"line":50,"column":1}},"1":{"start":{"line":17,"column":38},"end":{"line":17,"column":66}},"2":{"start":{"line":18,"column":23},"end":{"line":18,"column":60}},"3":{"start":{"line":18,"column":46},"end":{"line":18,"column":59}},"4":{"start":{"line":19,"column":26},"end":{"line":19,"column":66}},"5":{"start":{"line":19,"column":49},"end":{"line":19,"column":65}},"6":{"start":{"line":20,"column":19},"end":{"line":20,"column":32}},"7":{"start":{"line":22,"column":2},"end":{"line":25,"column":17}},"8":{"start":{"line":23,"column":4},"end":{"line":23,"column":41}},"9":{"start":{"line":24,"column":4},"end":{"line":24,"column":46}},"10":{"start":{"line":24,"column":17},"end":{"line":24,"column":45}},"11":{"start":{"line":27,"column":22},"end":{"line":33,"column":3}},"12":{"start":{"line":28,"column":4},"end":{"line":31,"column":5}},"13":{"start":{"line":29,"column":20},"end":{"line":29,"column":66}},"14":{"start":{"line":30,"column":6},"end":{"line":30,"column":39}},"15":{"start":{"line":30,"column":17},"end":{"line":30,"column":39}},"16":{"start":{"line":32,"column":4},"end":{"line":32,"column":26}},"17":{"start":{"line":35,"column":2},"end":{"line":49,"column":4}}},"fnMap":{"0":{"name":"(anonymous_0)","decl":{"start":{"line":16,"column":19},"end":{"line":16,"column":20}},"loc":{"start":{"line":16,"column":25},"end":{"line":50,"column":1}},"line":16},"1":{"name":"(anonymous_1)","decl":{"start":{"line":18,"column":35},"end":{"line":18,"column":36}},"loc":{"start":{"line":18,"column":46},"end":{"line":18,"column":59}},"line":18},"2":{"name":"(anonymous_2)","decl":{"start":{"line":19,"column":38},"end":{"line":19,"column":39}},"loc":{"start":{"line":19,"column":49},"end":{"line":19,"column":65}},"line":19},"3":{"name":"(anonymous_3)","decl":{"start":{"line":22,"column":12},"end":{"line":22,"column":13}},"loc":{"start":{"line":22,"column":18},"end":{"line":25,"column":3}},"line":22},"4":{"name":"(anonymous_4)","decl":{"start":{"line":24,"column":11},"end":{"line":24,"column":12}},"loc":{"start":{"line":24,"column":17},"end":{"line":24,"column":45}},"line":24},"5":{"name":"(anonymous_5)","decl":{"start":{"line":27,"column":22},"end":{"line":27,"column":23}},"loc":{"start":{"line":27,"column":28},"end":{"line":33,"column":3}},"line":27}},"branchMap":{"0":{"loc":{"start":{"line":28,"column":4},"end":{"line":31,"column":5}},"type":"if","locations":[{"start":{"line":28,"column":4},"end":{"line":31,"column":5}},{"start":{},"end":{}}],"line":28},"1":{"loc":{"start":{"line":30,"column":6},"end":{"line":30,"column":39}},"type":"if","locations":[{"start":{"line":30,"column":6},"end":{"line":30,"column":39}},{"start":{},"end":{}}],"line":30},"2":{"loc":{"start":{"line":38,"column":7},"end":{"line":47,"column":7}},"type":"cond-expr","locations":[{"start":{"line":39,"column":8},"end":{"line":39,"column":51}},{"start":{"line":41,"column":8},"end":{"line":46,"column":11}}],"line":38}},"s":{"0":6,"1":6,"2":6,"3":9,"4":6,"5":9,"6":6,"7":6,"8":3,"9":3,"10":3,"11":6,"12":0,"13":0,"14":0,"15":0,"16":0,"17":6},"f":{"0":6,"1":9,"2":9,"3":3,"4":3,"5":0},"b":{"0":[0,0],"1":[0,0],"2":[6,0]},"_coverageSchema":"1a1c01bbd47fc00a2c39e90264f33305004495a9","hash":"73945cdf0cb38f876f8a27429294ffe04b72a5a6"}
,"/Users/ant/SE/Personal-Projects/art-buddy/src/views/time-keeper/interface/Interface.js": {"path":"/Users/ant/SE/Personal-Projects/art-buddy/src/views/time-keeper/interface/Interface.js","statementMap":{"0":{"start":{"line":6,"column":18},"end":{"line":16,"column":1}},"1":{"start":{"line":7,"column":2},"end":{"line":15,"column":4}}},"fnMap":{"0":{"name":"(anonymous_0)","decl":{"start":{"line":6,"column":18},"end":{"line":6,"column":19}},"loc":{"start":{"line":6,"column":24},"end":{"line":16,"column":1}},"line":6}},"branchMap":{},"s":{"0":7,"1":3},"f":{"0":3},"b":{},"_coverageSchema":"1a1c01bbd47fc00a2c39e90264f33305004495a9","hash":"1ef229e48fa780a8af557057054966e0be5f3ea8"}
,"/Users/ant/SE/Personal-Projects/art-buddy/src/views/time-keeper/interface/music-choices/MusicChoices.js": {"path":"/Users/ant/SE/Personal-Projects/art-buddy/src/views/time-keeper/interface/music-choices/MusicChoices.js","statementMap":{"0":{"start":{"line":8,"column":21},"end":{"line":18,"column":1}},"1":{"start":{"line":9,"column":18},"end":{"line":9,"column":56}},"2":{"start":{"line":10,"column":2},"end":{"line":17,"column":4}},"3":{"start":{"line":14,"column":8},"end":{"line":14,"column":79}}},"fnMap":{"0":{"name":"(anonymous_0)","decl":{"start":{"line":8,"column":21},"end":{"line":8,"column":22}},"loc":{"start":{"line":8,"column":35},"end":{"line":18,"column":1}},"line":8},"1":{"name":"(anonymous_1)","decl":{"start":{"line":13,"column":22},"end":{"line":13,"column":23}},"loc":{"start":{"line":14,"column":8},"end":{"line":14,"column":79}},"line":14}},"branchMap":{"0":{"loc":{"start":{"line":9,"column":18},"end":{"line":9,"column":56}},"type":"cond-expr","locations":[{"start":{"line":9,"column":39},"end":{"line":9,"column":46}},{"start":{"line":9,"column":49},"end":{"line":9,"column":56}}],"line":9}},"s":{"0":8,"1":6,"2":6,"3":30},"f":{"0":6,"1":30},"b":{"0":[4,2]},"_coverageSchema":"1a1c01bbd47fc00a2c39e90264f33305004495a9","hash":"97a88a9894293c09bc88573606857bb4d756076c"}
,"/Users/ant/SE/Personal-Projects/art-buddy/src/views/time-keeper/interface/play-pause/PlayPause.js": {"path":"/Users/ant/SE/Personal-Projects/art-buddy/src/views/time-keeper/interface/play-pause/PlayPause.js","statementMap":{"0":{"start":{"line":12,"column":18},"end":{"line":31,"column":1}},"1":{"start":{"line":13,"column":37},"end":{"line":13,"column":77}},"2":{"start":{"line":13,"column":60},"end":{"line":13,"column":76}},"3":{"start":{"line":14,"column":19},"end":{"line":14,"column":32}},"4":{"start":{"line":15,"column":24},"end":{"line":17,"column":3}},"5":{"start":{"line":16,"column":4},"end":{"line":16,"column":45}},"6":{"start":{"line":16,"column":21},"end":{"line":16,"column":45}},"7":{"start":{"line":19,"column":2},"end":{"line":21,"column":41}},"8":{"start":{"line":20,"column":4},"end":{"line":20,"column":59}},"9":{"start":{"line":20,"column":35},"end":{"line":20,"column":59}},"10":{"start":{"line":23,"column":15},"end":{"line":23,"column":40}},"11":{"start":{"line":24,"column":15},"end":{"line":24,"column":44}},"12":{"start":{"line":26,"column":2},"end":{"line":30,"column":4}}},"fnMap":{"0":{"name":"(anonymous_0)","decl":{"start":{"line":12,"column":18},"end":{"line":12,"column":19}},"loc":{"start":{"line":12,"column":33},"end":{"line":31,"column":1}},"line":12},"1":{"name":"(anonymous_1)","decl":{"start":{"line":13,"column":49},"end":{"line":13,"column":50}},"loc":{"start":{"line":13,"column":60},"end":{"line":13,"column":76}},"line":13},"2":{"name":"(anonymous_2)","decl":{"start":{"line":15,"column":24},"end":{"line":15,"column":25}},"loc":{"start":{"line":15,"column":30},"end":{"line":17,"column":3}},"line":15},"3":{"name":"(anonymous_3)","decl":{"start":{"line":19,"column":12},"end":{"line":19,"column":13}},"loc":{"start":{"line":19,"column":18},"end":{"line":21,"column":3}},"line":19}},"branchMap":{"0":{"loc":{"start":{"line":16,"column":4},"end":{"line":16,"column":45}},"type":"if","locations":[{"start":{"line":16,"column":4},"end":{"line":16,"column":45}},{"start":{},"end":{}}],"line":16},"1":{"loc":{"start":{"line":20,"column":4},"end":{"line":20,"column":59}},"type":"if","locations":[{"start":{"line":20,"column":4},"end":{"line":20,"column":59}},{"start":{},"end":{}}],"line":20},"2":{"loc":{"start":{"line":20,"column":8},"end":{"line":20,"column":33}},"type":"binary-expr","locations":[{"start":{"line":20,"column":8},"end":{"line":20,"column":17}},{"start":{"line":20,"column":21},"end":{"line":20,"column":33}}],"line":20},"3":{"loc":{"start":{"line":23,"column":15},"end":{"line":23,"column":40}},"type":"cond-expr","locations":[{"start":{"line":23,"column":28},"end":{"line":23,"column":32}},{"start":{"line":23,"column":35},"end":{"line":23,"column":40}}],"line":23},"4":{"loc":{"start":{"line":24,"column":15},"end":{"line":24,"column":44}},"type":"cond-expr","locations":[{"start":{"line":24,"column":28},"end":{"line":24,"column":35}},{"start":{"line":24,"column":38},"end":{"line":24,"column":44}}],"line":24},"5":{"loc":{"start":{"line":28,"column":30},"end":{"line":28,"column":47}},"type":"cond-expr","locations":[{"start":{"line":28,"column":38},"end":{"line":28,"column":40}},{"start":{"line":28,"column":43},"end":{"line":28,"column":47}}],"line":28},"6":{"loc":{"start":{"line":28,"column":79},"end":{"line":28,"column":103}},"type":"cond-expr","locations":[{"start":{"line":28,"column":87},"end":{"line":28,"column":93}},{"start":{"line":28,"column":96},"end":{"line":28,"column":103}}],"line":28}},"s":{"0":10,"1":4,"2":4,"3":4,"4":4,"5":0,"6":0,"7":4,"8":4,"9":0,"10":4,"11":4,"12":4},"f":{"0":4,"1":4,"2":0,"3":4},"b":{"0":[0,0],"1":[0,4],"2":[4,0],"3":[4,0],"4":[4,0],"5":[0,4],"6":[0,4]},"_coverageSchema":"1a1c01bbd47fc00a2c39e90264f33305004495a9","hash":"4a5c2b6fa31ea1d45b22c47d878bf59b9db45e74"}
,"/Users/ant/SE/Personal-Projects/art-buddy/src/views/time-keeper/time/time-bar/TimeBar.js": {"path":"/Users/ant/SE/Personal-Projects/art-buddy/src/views/time-keeper/time/time-bar/TimeBar.js","statementMap":{"0":{"start":{"line":7,"column":16},"end":{"line":17,"column":1}},"1":{"start":{"line":8,"column":19},"end":{"line":8,"column":59}},"2":{"start":{"line":8,"column":42},"end":{"line":8,"column":58}},"3":{"start":{"line":9,"column":17},"end":{"line":9,"column":72}},"4":{"start":{"line":10,"column":2},"end":{"line":16,"column":4}},"5":{"start":{"line":13,"column":8},"end":{"line":13,"column":67}}},"fnMap":{"0":{"name":"(anonymous_0)","decl":{"start":{"line":7,"column":16},"end":{"line":7,"column":17}},"loc":{"start":{"line":7,"column":22},"end":{"line":17,"column":1}},"line":7},"1":{"name":"(anonymous_1)","decl":{"start":{"line":8,"column":31},"end":{"line":8,"column":32}},"loc":{"start":{"line":8,"column":42},"end":{"line":8,"column":58}},"line":8},"2":{"name":"(anonymous_2)","decl":{"start":{"line":12,"column":16},"end":{"line":12,"column":17}},"loc":{"start":{"line":13,"column":8},"end":{"line":13,"column":67}},"line":13}},"branchMap":{"0":{"loc":{"start":{"line":9,"column":30},"end":{"line":9,"column":70}},"type":"cond-expr","locations":[{"start":{"line":9,"column":45},"end":{"line":9,"column":54}},{"start":{"line":9,"column":57},"end":{"line":9,"column":70}}],"line":9}},"s":{"0":7,"1":2,"2":2,"3":2,"4":2,"5":0},"f":{"0":2,"1":2,"2":0},"b":{"0":[2,0]},"_coverageSchema":"1a1c01bbd47fc00a2c39e90264f33305004495a9","hash":"59cdf6345fa86e42db4040a28f4fbf6885550372"}
,"/Users/ant/SE/Personal-Projects/art-buddy/src/views/time-keeper/time/time-left/TimeLeft.js": {"path":"/Users/ant/SE/Personal-Projects/art-buddy/src/views/time-keeper/time/time-left/TimeLeft.js","statementMap":{"0":{"start":{"line":14,"column":17},"end":{"line":55,"column":1}},"1":{"start":{"line":15,"column":48},"end":{"line":15,"column":88}},"2":{"start":{"line":15,"column":71},"end":{"line":15,"column":87}},"3":{"start":{"line":16,"column":19},"end":{"line":16,"column":32}},"4":{"start":{"line":17,"column":19},"end":{"line":17,"column":32}},"5":{"start":{"line":19,"column":25},"end":{"line":19,"column":59}},"6":{"start":{"line":19,"column":31},"end":{"line":19,"column":59}},"7":{"start":{"line":20,"column":21},"end":{"line":20,"column":49}},"8":{"start":{"line":20,"column":27},"end":{"line":20,"column":49}},"9":{"start":{"line":21,"column":22},"end":{"line":27,"column":3}},"10":{"start":{"line":22,"column":4},"end":{"line":25,"column":5}},"11":{"start":{"line":23,"column":20},"end":{"line":23,"column":66}},"12":{"start":{"line":24,"column":6},"end":{"line":24,"column":39}},"13":{"start":{"line":24,"column":17},"end":{"line":24,"column":39}},"14":{"start":{"line":26,"column":4},"end":{"line":26,"column":26}},"15":{"start":{"line":29,"column":22},"end":{"line":29,"column":52}},"16":{"start":{"line":31,"column":2},"end":{"line":54,"column":4}}},"fnMap":{"0":{"name":"(anonymous_0)","decl":{"start":{"line":14,"column":17},"end":{"line":14,"column":18}},"loc":{"start":{"line":14,"column":32},"end":{"line":55,"column":1}},"line":14},"1":{"name":"(anonymous_1)","decl":{"start":{"line":15,"column":60},"end":{"line":15,"column":61}},"loc":{"start":{"line":15,"column":71},"end":{"line":15,"column":87}},"line":15},"2":{"name":"(anonymous_2)","decl":{"start":{"line":19,"column":25},"end":{"line":19,"column":26}},"loc":{"start":{"line":19,"column":31},"end":{"line":19,"column":59}},"line":19},"3":{"name":"(anonymous_3)","decl":{"start":{"line":20,"column":21},"end":{"line":20,"column":22}},"loc":{"start":{"line":20,"column":27},"end":{"line":20,"column":49}},"line":20},"4":{"name":"(anonymous_4)","decl":{"start":{"line":21,"column":22},"end":{"line":21,"column":23}},"loc":{"start":{"line":21,"column":28},"end":{"line":27,"column":3}},"line":21}},"branchMap":{"0":{"loc":{"start":{"line":22,"column":4},"end":{"line":25,"column":5}},"type":"if","locations":[{"start":{"line":22,"column":4},"end":{"line":25,"column":5}},{"start":{},"end":{}}],"line":22},"1":{"loc":{"start":{"line":24,"column":6},"end":{"line":24,"column":39}},"type":"if","locations":[{"start":{"line":24,"column":6},"end":{"line":24,"column":39}},{"start":{},"end":{}}],"line":24},"2":{"loc":{"start":{"line":32,"column":31},"end":{"line":32,"column":52}},"type":"cond-expr","locations":[{"start":{"line":32,"column":39},"end":{"line":32,"column":47}},{"start":{"line":32,"column":50},"end":{"line":32,"column":52}}],"line":32},"3":{"loc":{"start":{"line":39,"column":15},"end":{"line":39,"column":57}},"type":"cond-expr","locations":[{"start":{"line":39,"column":25},"end":{"line":39,"column":50}},{"start":{"line":39,"column":53},"end":{"line":39,"column":57}}],"line":39},"4":{"loc":{"start":{"line":43,"column":17},"end":{"line":43,"column":46}},"type":"cond-expr","locations":[{"start":{"line":43,"column":25},"end":{"line":43,"column":39}},{"start":{"line":43,"column":42},"end":{"line":43,"column":46}}],"line":43},"5":{"loc":{"start":{"line":44,"column":15},"end":{"line":44,"column":51}},"type":"cond-expr","locations":[{"start":{"line":44,"column":23},"end":{"line":44,"column":44}},{"start":{"line":44,"column":47},"end":{"line":44,"column":51}}],"line":44}},"s":{"0":9,"1":2,"2":2,"3":2,"4":2,"5":2,"6":0,"7":2,"8":0,"9":2,"10":0,"11":0,"12":0,"13":0,"14":0,"15":2,"16":2},"f":{"0":2,"1":2,"2":0,"3":0,"4":0},"b":{"0":[0,0],"1":[0,0],"2":[0,2],"3":[0,2],"4":[0,2],"5":[0,2]},"_coverageSchema":"1a1c01bbd47fc00a2c39e90264f33305004495a9","hash":"8a29188e10139c39f71093daa39803e5752083c6"}
}
