TN:
SF:src/App.js
FN:8,(anonymous_0)
FNF:1
FNH:1
FNDA:3,(anonymous_0)
DA:8,3
DA:9,3
DA:10,3
LF:3
LH:3
BRDA:12,0,0,0
BRDA:12,0,1,3
BRF:2
BRH:1
end_of_record
TN:
SF:src/assets/awsS3Root.js
FNF:0
FNH:0
DA:2,114
DA:5,114
DA:6,114
LF:3
LH:3
BRF:0
BRH:0
end_of_record
TN:
SF:src/assets/instrument-id/soundImports.js
FNF:0
FNH:0
DA:3,108
DA:4,108
DA:5,108
DA:6,108
DA:8,108
DA:9,108
DA:10,108
DA:11,108
DA:12,108
DA:13,108
DA:14,108
DA:15,108
DA:16,108
DA:18,108
DA:19,108
DA:20,108
DA:21,108
DA:22,108
DA:23,108
DA:24,108
DA:25,108
DA:26,108
DA:27,108
DA:28,108
DA:29,108
DA:30,108
DA:31,108
DA:32,108
DA:33,108
DA:34,108
DA:35,108
DA:36,108
DA:37,108
DA:38,108
DA:39,108
DA:40,108
DA:41,108
DA:42,108
DA:43,108
DA:46,108
DA:47,108
DA:48,108
DA:49,108
DA:50,108
DA:53,108
DA:54,108
DA:55,108
DA:56,108
DA:57,108
DA:60,108
DA:61,108
DA:62,108
DA:63,108
DA:64,108
DA:65,108
DA:67,108
DA:75,108
DA:83,108
DA:91,108
DA:99,108
DA:107,108
LF:61
LH:61
BRF:0
BRH:0
end_of_record
TN:
SF:src/assets/jump-into-rhythm/jumpIntoRhythm.assets.js
FNF:0
FNH:0
DA:7,13
DA:10,13
DA:11,13
DA:12,13
DA:13,13
DA:16,13
DA:17,13
DA:18,13
DA:21,13
DA:22,13
DA:23,13
LF:11
LH:11
BRF:0
BRH:0
end_of_record
TN:
SF:src/components/button/Button.js
FN:5,(anonymous_0)
FNF:1
FNH:1
FNDA:416,(anonymous_0)
DA:5,36
DA:16,416
DA:17,416
LF:3
LH:3
BRDA:8,0,0,377
BRDA:9,1,0,281
BRDA:10,2,0,363
BRDA:12,3,0,253
BRDA:13,4,0,313
BRDA:14,5,0,415
BRDA:22,6,0,103
BRDA:22,6,1,313
BRDA:24,7,0,1
BRDA:24,7,1,415
BRDA:29,8,0,27
BRDA:29,8,1,389
BRDA:33,9,0,53
BRDA:33,9,1,363
BRF:14
BRH:14
end_of_record
TN:
SF:src/components/dropdown/Dropdown.js
FN:7,(anonymous_0)
FN:11,(anonymous_1)
FN:11,(anonymous_2)
FN:13,(anonymous_3)
FN:15,(anonymous_4)
FN:25,(anonymous_5)
FNF:6
FNH:6
FNDA:290,(anonymous_0)
FNDA:12,(anonymous_1)
FNDA:12,(anonymous_2)
FNDA:12,(anonymous_3)
FNDA:12,(anonymous_4)
FNDA:2235,(anonymous_5)
DA:7,16
DA:8,290
DA:9,290
DA:11,290
DA:13,290
DA:14,12
DA:15,12
DA:19,290
DA:26,2235
DA:38,290
DA:43,290
DA:45,290
LF:12
LH:12
BRDA:7,0,0,235
BRDA:21,1,0,12
BRDA:21,1,1,278
BRDA:23,2,0,55
BRDA:23,2,1,235
BRDA:39,3,0,12
BRDA:39,3,1,278
BRDA:54,4,0,12
BRDA:54,4,1,278
BRF:9
BRH:9
end_of_record
TN:
SF:src/components/help/Help.js
FN:10,(anonymous_0)
FN:11,(anonymous_1)
FN:14,(anonymous_2)
FNF:3
FNH:2
FNDA:48,(anonymous_0)
FNDA:65,(anonymous_1)
FNDA:0,(anonymous_2)
DA:10,34
DA:11,65
DA:12,48
DA:14,48
DA:15,0
DA:19,48
LF:6
LH:5
BRF:0
BRH:0
end_of_record
TN:
SF:src/components/icon/Icon.js
FN:3,(anonymous_0)
FNF:1
FNH:1
FNDA:756,(anonymous_0)
DA:3,51
DA:14,756
DA:21,756
DA:25,756
LF:4
LH:4
BRDA:4,0,0,423
BRDA:6,1,0,687
BRDA:7,2,0,70
BRDA:8,3,0,671
BRDA:9,4,0,62
BRDA:10,5,0,543
BRDA:12,6,0,648
BRDA:16,7,0,108
BRDA:16,7,1,648
BRDA:17,8,0,686
BRDA:17,8,1,70
BRDA:22,9,0,69
BRDA:22,9,1,687
BRDA:22,10,0,351
BRDA:22,10,1,336
BRDA:30,11,0,213
BRDA:30,11,1,543
BRF:17
BRH:17
end_of_record
TN:
SF:src/components/icon/add-icon/AddIcon.js
FN:5,(anonymous_0)
FNF:1
FNH:1
FNDA:74,(anonymous_0)
DA:5,12
DA:6,74
LF:2
LH:2
BRF:0
BRH:0
end_of_record
TN:
SF:src/components/keyboard/Keyboard.js
FN:7,(anonymous_0)
FNF:1
FNH:1
FNDA:42,(anonymous_0)
DA:7,9
DA:8,42
LF:2
LH:2
BRF:0
BRH:0
end_of_record
TN:
SF:src/components/navbar-settings/Navbar.js
FN:12,(anonymous_0)
FN:16,(anonymous_1)
FN:17,(anonymous_2)
FNF:3
FNH:1
FNDA:12,(anonymous_0)
FNDA:0,(anonymous_1)
FNDA:0,(anonymous_2)
DA:12,4
DA:13,12
DA:14,12
DA:16,12
DA:17,12
DA:18,0
DA:23,12
LF:7
LH:6
BRF:0
BRH:0
end_of_record
TN:
SF:src/components/navbar-settings/time-keeper-nav/TimeKeeperNav.js
FN:17,(anonymous_0)
FN:25,(anonymous_1)
FN:27,(anonymous_2)
FN:28,(anonymous_3)
FN:37,(anonymous_4)
FN:44,(anonymous_5)
FN:49,(anonymous_6)
FN:63,(anonymous_7)
FN:72,(anonymous_8)
FN:79,(anonymous_9)
FN:85,(anonymous_10)
FNF:11
FNH:9
FNDA:14,(anonymous_0)
FNDA:17,(anonymous_1)
FNDA:17,(anonymous_2)
FNDA:17,(anonymous_3)
FNDA:7,(anonymous_4)
FNDA:7,(anonymous_5)
FNDA:0,(anonymous_6)
FNDA:7,(anonymous_7)
FNDA:7,(anonymous_8)
FNDA:7,(anonymous_9)
FNDA:0,(anonymous_10)
DA:17,5
DA:25,17
DA:26,14
DA:27,17
DA:28,17
DA:29,14
DA:30,14
DA:31,14
DA:33,14
DA:37,14
DA:38,7
DA:39,0
DA:44,14
DA:45,7
DA:46,0
DA:48,0
DA:49,0
DA:50,0
DA:51,0
DA:52,0
DA:54,0
DA:56,0
DA:57,0
DA:63,14
DA:64,7
DA:65,0
DA:66,0
DA:67,0
DA:72,14
DA:73,7
DA:74,0
DA:79,14
DA:80,7
DA:81,0
DA:85,14
DA:86,0
DA:87,0
DA:90,14
LF:38
LH:21
BRDA:33,0,0,14
BRDA:33,0,1,14
BRDA:38,1,0,0
BRDA:38,1,1,7
BRDA:39,2,0,0
BRDA:39,2,1,0
BRDA:45,3,0,0
BRDA:45,3,1,7
BRDA:45,4,0,7
BRDA:45,4,1,0
BRDA:48,5,0,0
BRDA:48,5,1,0
BRDA:48,6,0,0
BRDA:48,6,1,0
BRDA:51,7,0,0
BRDA:51,7,1,0
BRDA:53,8,0,0
BRDA:53,8,1,0
BRDA:56,9,0,0
BRDA:56,9,1,0
BRDA:64,10,0,0
BRDA:64,10,1,7
BRDA:64,11,0,7
BRDA:64,11,1,7
BRDA:73,12,0,0
BRDA:73,12,1,7
BRDA:73,13,0,7
BRDA:73,13,1,0
BRDA:80,14,0,0
BRDA:80,14,1,7
BRDA:92,15,0,0
BRDA:92,15,1,14
BRDA:93,16,0,0
BRDA:93,16,1,14
BRDA:93,17,0,14
BRDA:93,17,1,10
BRF:36
BRH:15
end_of_record
TN:
SF:src/components/option/Options.js
FN:3,(anonymous_0)
FNF:1
FNH:1
FNDA:73,(anonymous_0)
DA:3,15
DA:4,73
LF:2
LH:2
BRDA:3,0,0,2
BRF:1
BRH:1
end_of_record
TN:
SF:src/components/popup/Popup.js
FN:8,(anonymous_0)
FN:11,(anonymous_1)
FNF:2
FNH:2
FNDA:12,(anonymous_0)
FNDA:4,(anonymous_1)
DA:8,4
DA:9,12
DA:11,12
DA:12,4
DA:14,4
DA:16,4
DA:17,1
DA:22,12
LF:8
LH:8
BRDA:12,0,0,4
BRDA:12,0,1,0
BRDA:14,1,0,4
BRDA:14,1,1,3
BRDA:16,2,0,1
BRDA:16,2,1,3
BRDA:22,3,0,5
BRDA:22,3,1,7
BRDA:25,4,0,0
BRDA:25,4,1,5
BRF:10
BRH:8
end_of_record
TN:
SF:src/components/report-card/ReportCard.js
FN:9,(anonymous_0)
FN:11,(anonymous_1)
FN:24,(anonymous_2)
FNF:3
FNH:2
FNDA:2,(anonymous_0)
FNDA:12,(anonymous_1)
FNDA:0,(anonymous_2)
DA:9,15
DA:10,2
DA:11,2
DA:12,12
DA:13,12
DA:24,2
DA:25,0
DA:27,2
LF:8
LH:7
BRDA:9,0,0,0
BRF:1
BRH:0
end_of_record
TN:
SF:src/components/report-card/score/Score.js
FN:5,(anonymous_0)
FN:6,(anonymous_1)
FNF:2
FNH:2
FNDA:14,(anonymous_0)
FNDA:14,(anonymous_1)
DA:3,16
DA:5,16
DA:6,14
DA:7,14
DA:8,14
DA:9,14
DA:10,56
DA:15,56
DA:18,56
DA:22,14
DA:25,14
LF:11
LH:11
BRDA:10,0,0,28
BRDA:10,0,1,28
BRDA:10,1,0,56
BRDA:10,1,1,42
BRDA:11,2,0,14
BRDA:11,2,1,14
BRDA:15,3,0,4
BRDA:15,3,1,52
BRF:8
BRH:8
end_of_record
TN:
SF:src/components/toggle/Toggle.js
FN:3,(anonymous_0)
FNF:1
FNH:1
FNDA:34,(anonymous_0)
DA:3,10
DA:4,34
LF:2
LH:2
BRDA:3,0,0,6
BRDA:7,1,0,27
BRDA:7,1,1,7
BRDA:14,2,0,28
BRDA:14,2,1,6
BRF:5
BRH:5
end_of_record
TN:
SF:src/components/too-small/TooSmall.js
FN:3,(anonymous_0)
FNF:1
FNH:1
FNDA:2,(anonymous_0)
DA:3,4
DA:4,2
LF:2
LH:2
BRF:0
BRH:0
end_of_record
TN:
SF:src/components/video/Video.js
FN:3,(anonymous_0)
FNF:1
FNH:1
FNDA:2,(anonymous_0)
DA:3,10
DA:4,2
LF:2
LH:2
BRF:0
BRH:0
end_of_record
TN:
SF:src/components/window/Window.js
FN:3,(anonymous_0)
FNF:1
FNH:1
FNDA:40,(anonymous_0)
DA:3,11
DA:4,40
DA:5,40
LF:3
LH:3
BRDA:3,0,0,33
BRDA:4,1,0,7
BRDA:4,1,1,33
BRF:3
BRH:3
end_of_record
TN:
SF:src/components/window-nav/WindowNavbar.js
FN:13,(anonymous_0)
FN:14,(anonymous_1)
FN:19,(anonymous_2)
FN:20,(anonymous_3)
FN:24,(anonymous_4)
FN:25,(anonymous_5)
FNF:6
FNH:5
FNDA:247,(anonymous_0)
FNDA:388,(anonymous_1)
FNDA:152,(anonymous_2)
FNDA:152,(anonymous_3)
FNDA:0,(anonymous_4)
FNDA:494,(anonymous_5)
DA:13,33
DA:14,388
DA:15,247
DA:16,247
DA:17,247
DA:19,247
DA:20,152
DA:24,247
DA:25,494
DA:28,247
DA:47,247
DA:57,247
LF:12
LH:12
BRDA:13,0,0,211
BRDA:13,1,0,44
BRDA:25,2,0,247
BRDA:25,2,1,247
BRDA:48,3,0,189
BRDA:48,3,1,58
BRDA:50,4,0,36
BRDA:50,4,1,211
BRDA:53,5,0,189
BRDA:53,5,1,58
BRDA:57,6,0,199
BRDA:57,6,1,48
BRF:12
BRH:12
end_of_record
TN:
SF:src/components/window-nav/back-arrow/BackArrow.js
FN:7,(anonymous_0)
FN:9,(anonymous_1)
FNF:2
FNH:1
FNDA:48,(anonymous_0)
FNDA:0,(anonymous_1)
DA:7,34
DA:8,48
DA:9,48
DA:10,48
LF:4
LH:4
BRF:0
BRH:0
end_of_record
TN:
SF:src/data/_activities/activityList.js
FNF:0
FNH:0
DA:6,20
DA:7,20
DA:20,20
DA:22,20
DA:39,20
DA:53,20
DA:69,20
DA:85,20
DA:98,20
DA:113,20
DA:128,20
DA:143,20
DA:155,20
DA:166,20
LF:14
LH:14
BRF:0
BRH:0
end_of_record
TN:
SF:src/data/_report-cards/colorsForProgressBar.js
FNF:0
FNH:0
DA:6,20
DA:8,20
DA:10,20
DA:11,20
DA:32,20
DA:34,20
DA:40,20
DA:46,20
LF:8
LH:8
BRF:0
BRH:0
end_of_record
TN:
SF:src/data/_report-cards/initialReportCards.js
FNF:0
FNH:0
DA:8,19
DA:47,19
LF:2
LH:2
BRF:0
BRH:0
end_of_record
TN:
SF:src/data/_utils/colorOrder.js
FNF:0
FNH:0
DA:3,44
LF:1
LH:1
BRF:0
BRH:0
end_of_record
TN:
SF:src/data/color-theory/colors.js
FNF:0
FNH:0
DA:3,105
DA:71,105
DA:72,1260
LF:3
LH:3
BRF:0
BRH:0
end_of_record
TN:
SF:src/data/instrument-id/learnInstrumentOptions.js
FNF:0
FNH:0
DA:4,108
DA:27,108
LF:2
LH:2
BRF:0
BRH:0
end_of_record
TN:
SF:src/data/mood-meter/batteries.js
FNF:0
FNH:0
DA:3,7
DA:6,7
DA:9,7
DA:13,7
DA:14,7
DA:15,7
DA:17,7
LF:7
LH:7
BRF:0
BRH:0
end_of_record
TN:
SF:src/routes/ArtBuddyRoutes.js
FN:13,(anonymous_0)
FNF:1
FNH:1
FNDA:5,(anonymous_0)
DA:13,4
DA:14,5
LF:2
LH:2
BRF:0
BRH:0
end_of_record
TN:
SF:src/routes/routeUrls.js
FNF:0
FNH:0
DA:1,34
DA:17,34
DA:27,34
LF:3
LH:3
BRF:0
BRH:0
end_of_record
TN:
SF:src/routes/_not-found/NotFound.js
FN:7,(anonymous_0)
FN:9,(anonymous_1)
FNF:2
FNH:1
FNDA:3,(anonymous_0)
FNDA:0,(anonymous_1)
DA:7,5
DA:8,3
DA:9,3
DA:11,3
LF:4
LH:4
BRF:0
BRH:0
end_of_record
TN:
SF:src/routes/art/ArtRoutes.js
FN:11,(anonymous_0)
FNF:1
FNH:1
FNDA:8,(anonymous_0)
DA:11,5
DA:12,8
LF:2
LH:2
BRF:0
BRH:0
end_of_record
TN:
SF:src/routes/art/color-theory/ColorTheoryRoutes.js
FN:11,(anonymous_0)
FNF:1
FNH:1
FNDA:17,(anonymous_0)
DA:11,6
DA:12,17
LF:2
LH:2
BRF:0
BRH:0
end_of_record
TN:
SF:src/routes/menu/MenuRoutes.js
FN:10,(anonymous_0)
FNF:1
FNH:1
FNDA:10,(anonymous_0)
DA:10,5
DA:11,10
LF:2
LH:2
BRF:0
BRH:0
end_of_record
TN:
SF:src/routes/music/MusicRoutes.js
FN:13,(anonymous_0)
FNF:1
FNH:1
FNDA:10,(anonymous_0)
DA:13,5
DA:14,10
LF:2
LH:2
BRF:0
BRH:0
end_of_record
TN:
SF:src/routes/music/instrument-id/InstrumentIdRoutes.js
FN:15,(anonymous_0)
FNF:1
FNH:1
FNDA:18,(anonymous_0)
DA:15,6
DA:16,18
LF:2
LH:2
BRF:0
BRH:0
end_of_record
TN:
SF:src/routes/tools/ToolsRoutes.js
FN:11,(anonymous_0)
FNF:1
FNH:1
FNDA:10,(anonymous_0)
DA:11,5
DA:12,10
LF:2
LH:2
BRF:0
BRH:0
end_of_record
TN:
SF:src/store/rootReducer.js
FNF:0
FNH:0
DA:25,101
LF:1
LH:1
BRF:0
BRH:0
end_of_record
TN:
SF:src/store/_general/generalReducer.js
FN:13,(anonymous_0)
FN:16,(anonymous_1)
FN:19,(anonymous_2)
FNF:3
FNH:3
FNDA:2,(anonymous_0)
FNDA:85,(anonymous_1)
FNDA:1,(anonymous_2)
DA:3,102
DA:9,102
DA:14,2
DA:17,85
DA:20,1
DA:29,102
LF:6
LH:6
BRF:0
BRH:0
end_of_record
TN:
SF:src/store/free-paint/freePaintReducer.js
FN:17,(anonymous_0)
FN:23,(anonymous_1)
FN:26,(anonymous_2)
FN:29,(anonymous_3)
FN:32,(anonymous_4)
FN:35,(anonymous_5)
FN:38,(anonymous_6)
FNF:7
FNH:7
FNDA:1,(anonymous_0)
FNDA:8,(anonymous_1)
FNDA:2,(anonymous_2)
FNDA:3,(anonymous_3)
FNDA:2,(anonymous_4)
FNDA:2,(anonymous_5)
FNDA:6,(anonymous_6)
DA:4,102
DA:13,102
DA:18,1
DA:19,1
DA:20,1
DA:21,1
DA:24,8
DA:27,2
DA:30,3
DA:33,2
DA:36,2
DA:39,6
DA:40,6
DA:41,6
DA:42,6
DA:43,6
DA:48,102
LF:17
LH:17
BRF:0
BRH:0
end_of_record
TN:
SF:src/store/instrument-id/listening-skills/listeningSkillsTestReducer.js
FN:14,(anonymous_0)
FN:26,(anonymous_1)
FN:31,(anonymous_2)
FNF:3
FNH:3
FNDA:7,(anonymous_0)
FNDA:3,(anonymous_1)
FNDA:6,(anonymous_2)
DA:4,103
DA:10,103
DA:15,7
DA:16,7
DA:17,7
DA:19,7
DA:20,2
DA:22,5
DA:23,5
DA:27,3
DA:28,3
DA:29,3
DA:32,6
DA:33,6
DA:34,6
DA:43,103
LF:16
LH:16
BRDA:19,0,0,2
BRDA:19,0,1,5
BRDA:19,1,0,7
BRDA:19,1,1,2
BRDA:29,2,0,2
BRDA:29,2,1,1
BRF:6
BRH:6
end_of_record
TN:
SF:src/store/instrument-id/song-maker/songMakerReducer.js
FN:20,(anonymous_0)
FN:24,(anonymous_1)
FN:28,(anonymous_2)
FN:41,(anonymous_3)
FN:49,(anonymous_4)
FN:52,(anonymous_5)
FNF:6
FNH:6
FNDA:4,(anonymous_0)
FNDA:1,(anonymous_1)
FNDA:10,(anonymous_2)
FNDA:5,(anonymous_3)
FNDA:2,(anonymous_4)
FNDA:7,(anonymous_5)
DA:4,103
DA:10,103
DA:16,103
DA:21,4
DA:22,4
DA:25,1
DA:26,1
DA:29,10
DA:30,10
DA:31,10
DA:32,10
DA:33,10
DA:37,10
DA:38,10
DA:39,10
DA:42,5
DA:43,5
DA:47,5
DA:50,2
DA:53,7
DA:54,7
DA:55,7
DA:60,103
LF:23
LH:23
BRDA:33,0,0,9
BRDA:33,0,1,1
BRDA:37,1,0,0
BRDA:37,1,1,10
BRF:4
BRH:3
end_of_record
TN:
SF:src/store/jump-into-rhythm/jumpIntoRhythmReducer.js
FN:13,(anonymous_0)
FN:22,(anonymous_1)
FN:28,(anonymous_2)
FN:40,(anonymous_3)
FN:43,(anonymous_4)
FN:46,(anonymous_5)
FNF:6
FNH:6
FNDA:8,(anonymous_0)
FNDA:1,(anonymous_1)
FNDA:5,(anonymous_2)
FNDA:2,(anonymous_3)
FNDA:2,(anonymous_4)
FNDA:5,(anonymous_5)
DA:3,102
DA:9,102
DA:14,8
DA:15,8
DA:17,8
DA:18,8
DA:19,8
DA:20,8
DA:23,1
DA:24,1
DA:25,1
DA:26,1
DA:29,5
DA:30,5
DA:32,5
DA:34,5
DA:35,4
DA:36,16
DA:37,16
DA:41,2
DA:44,2
DA:47,5
DA:48,5
DA:49,5
DA:61,102
LF:25
LH:25
BRDA:15,0,0,0
BRDA:15,0,1,8
BRDA:32,1,0,5
BRDA:32,1,1,2
BRDA:32,1,2,4
BRDA:32,1,3,1
BRDA:34,2,0,1
BRDA:34,2,1,4
BRDA:36,3,0,12
BRDA:36,3,1,4
BRF:10
BRH:9
end_of_record
TN:
SF:src/store/mood-meter/moodMeterReducer.js
FN:12,(anonymous_0)
FN:15,(anonymous_1)
FN:18,(anonymous_2)
FNF:3
FNH:3
FNDA:6,(anonymous_0)
FNDA:6,(anonymous_1)
FNDA:1,(anonymous_2)
DA:3,102
DA:8,102
DA:13,6
DA:16,6
DA:19,1
DA:20,1
DA:29,102
LF:7
LH:7
BRF:0
BRH:0
end_of_record
TN:
SF:src/store/music-decoder/musicDecoderReducer.js
FN:17,(anonymous_0)
FN:37,(anonymous_1)
FN:42,(anonymous_2)
FN:45,(anonymous_3)
FN:48,(anonymous_4)
FN:51,(anonymous_5)
FN:54,(anonymous_6)
FNF:7
FNH:7
FNDA:12,(anonymous_0)
FNDA:3,(anonymous_1)
FNDA:1,(anonymous_2)
FNDA:1,(anonymous_3)
FNDA:4,(anonymous_4)
FNDA:1,(anonymous_5)
FNDA:8,(anonymous_6)
DA:4,102
DA:13,102
DA:18,12
DA:19,12
DA:20,0
DA:21,0
DA:22,0
DA:25,12
DA:26,12
DA:27,0
DA:31,0
DA:32,0
DA:33,0
DA:35,12
DA:38,3
DA:39,3
DA:40,3
DA:43,1
DA:46,1
DA:49,4
DA:52,1
DA:55,8
DA:56,8
DA:57,8
DA:58,8
DA:59,8
DA:72,102
LF:27
LH:20
BRDA:19,0,0,0
BRDA:19,0,1,12
BRDA:26,1,0,0
BRDA:26,1,1,12
BRF:4
BRH:2
end_of_record
TN:
SF:src/store/score-keeper/scoreKeeperReducer.js
FN:13,(anonymous_0)
FN:14,(anonymous_1)
FN:20,(anonymous_2)
FN:24,(anonymous_3)
FN:31,(anonymous_4)
FNF:5
FNH:5
FNDA:7,(anonymous_0)
FNDA:26,(anonymous_1)
FNDA:20,(anonymous_2)
FNDA:35,(anonymous_3)
FNDA:6,(anonymous_4)
DA:5,102
DA:9,102
DA:14,26
DA:18,7
DA:21,20
DA:22,20
DA:23,20
DA:24,35
DA:25,20
DA:26,20
DA:27,20
DA:28,20
DA:29,20
DA:32,6
DA:37,102
LF:15
LH:15
BRDA:27,0,0,2
BRDA:27,0,1,18
BRF:2
BRH:2
end_of_record
TN:
SF:src/store/sequence-maker/sequenceMakerReducer.js
FN:16,(anonymous_0)
FN:19,(anonymous_1)
FN:30,(anonymous_2)
FN:36,(anonymous_3)
FN:40,(anonymous_4)
FN:43,(anonymous_5)
FN:46,(anonymous_6)
FN:51,(anonymous_7)
FN:53,(anonymous_8)
FNF:9
FNH:9
FNDA:7,(anonymous_0)
FNDA:13,(anonymous_1)
FNDA:1,(anonymous_2)
FNDA:2,(anonymous_3)
FNDA:1,(anonymous_4)
FNDA:1,(anonymous_5)
FNDA:12,(anonymous_6)
FNDA:29,(anonymous_7)
FNDA:10,(anonymous_8)
DA:4,102
DA:12,102
DA:17,7
DA:20,13
DA:21,13
DA:22,13
DA:23,13
DA:28,13
DA:31,1
DA:32,1
DA:33,1
DA:34,1
DA:37,2
DA:38,2
DA:41,1
DA:44,1
DA:47,12
DA:48,12
DA:49,12
DA:50,12
DA:51,29
DA:54,10
DA:55,10
DA:56,10
DA:57,10
DA:71,102
LF:26
LH:26
BRDA:22,0,0,0
BRDA:22,0,1,13
BRDA:51,1,0,29
BRDA:51,1,1,17
BRF:4
BRH:3
end_of_record
TN:
SF:src/store/settings/settingsReducer.js
FN:19,(anonymous_0)
FN:22,(anonymous_1)
FN:25,(anonymous_2)
FN:28,(anonymous_3)
FNF:4
FNH:4
FNDA:1,(anonymous_0)
FNDA:1,(anonymous_1)
FNDA:1,(anonymous_2)
FNDA:1,(anonymous_3)
DA:3,102
DA:8,102
DA:15,102
DA:20,1
DA:23,1
DA:26,1
DA:29,1
DA:34,102
LF:8
LH:8
BRF:0
BRH:0
end_of_record
TN:
SF:src/store/time-keeper/timeKeeperReducer.js
FN:18,(anonymous_0)
FN:26,(anonymous_1)
FN:32,(anonymous_2)
FN:35,(anonymous_3)
FN:42,(anonymous_4)
FN:45,(anonymous_5)
FN:48,(anonymous_6)
FN:56,(anonymous_7)
FN:61,(anonymous_8)
FNF:9
FNH:8
FNDA:6,(anonymous_0)
FNDA:13,(anonymous_1)
FNDA:2,(anonymous_2)
FNDA:2,(anonymous_3)
FNDA:2,(anonymous_4)
FNDA:1,(anonymous_5)
FNDA:3,(anonymous_6)
FNDA:1,(anonymous_7)
FNDA:0,(anonymous_8)
DA:4,102
DA:14,102
DA:19,6
DA:20,6
DA:21,6
DA:24,6
DA:25,6
DA:26,13
DA:27,6
DA:30,6
DA:33,2
DA:36,2
DA:37,0
DA:39,2
DA:43,2
DA:46,1
DA:49,3
DA:50,1
DA:51,1
DA:53,2
DA:57,1
DA:58,1
DA:59,1
DA:62,0
DA:63,0
DA:64,0
DA:65,0
DA:66,0
DA:67,0
DA:68,0
DA:82,102
LF:31
LH:23
BRDA:21,0,0,4
BRDA:21,0,1,2
BRDA:27,1,0,0
BRDA:27,1,1,6
BRDA:36,2,0,0
BRDA:36,2,1,2
BRDA:49,3,0,1
BRDA:49,3,1,2
BRF:8
BRH:6
end_of_record
TN:
SF:src/test/render.js
FN:8,withProvider
FN:18,renderWithProvider
FN:22,(anonymous_2)
FNF:3
FNH:3
FNDA:262,withProvider
FNDA:255,renderWithProvider
FNDA:262,(anonymous_2)
DA:9,262
DA:19,255
DA:20,255
DA:21,255
DA:22,262
LF:5
LH:5
BRDA:19,0,0,8
BRDA:19,0,1,247
BRDA:19,1,0,255
BRDA:19,1,1,44
BRDA:20,2,0,36
BRDA:20,2,1,219
BRDA:20,3,0,255
BRDA:20,3,1,44
BRF:8
BRH:8
end_of_record
TN:
SF:src/test/mocks/fileMock.js
FNF:0
FNH:0
DA:1,112
LF:1
LH:1
BRF:0
BRH:0
end_of_record
TN:
SF:src/test/mocks/styleMock.js
FNF:0
FNH:0
DA:1,101
LF:1
LH:1
BRF:0
BRH:0
end_of_record
TN:
SF:src/test/mocks/timeMock.js
FN:4,(anonymous_0)
FN:10,(anonymous_1)
FN:20,(anonymous_2)
FN:21,(anonymous_3)
FN:24,(anonymous_4)
FNF:5
FNH:5
FNDA:4,(anonymous_0)
FNDA:4,(anonymous_1)
FNDA:2,(anonymous_2)
FNDA:4,(anonymous_3)
FNDA:3,(anonymous_4)
DA:5,4
DA:6,4
DA:7,4
DA:11,4
DA:12,4
DA:13,12
DA:14,12
DA:15,12
DA:16,12
DA:21,4
DA:25,3
LF:11
LH:11
BRDA:10,0,0,0
BRF:1
BRH:0
end_of_record
TN:
SF:src/test/setup-functions/ListeningSkillsTestSetup.js
FN:4,setupChoices
FNF:1
FNH:1
FNDA:2,setupChoices
DA:5,2
DA:6,2
DA:8,2
DA:9,2
DA:10,2
DA:11,2
LF:6
LH:6
BRF:0
BRH:0
end_of_record
TN:
SF:src/test/setup-functions/instrumentIdReducerTestSetup.js
FN:4,setupChoices
FN:11,setupInstrument
FNF:2
FNH:2
FNDA:3,setupChoices
FNDA:8,setupInstrument
DA:5,3
DA:6,3
DA:7,3
DA:8,3
DA:12,8
DA:13,8
DA:14,8
LF:7
LH:7
BRDA:11,0,0,8
BRDA:12,1,0,1
BRDA:12,1,1,7
BRF:3
BRH:3
end_of_record
TN:
SF:src/test/test-states/jumpIntoRhythmReducerTestState.js
FNF:0
FNH:0
DA:3,1
LF:1
LH:1
BRF:0
BRH:0
end_of_record
TN:
SF:src/test/test-states/musicDecoderReducerTestState.js
FNF:0
FNH:0
DA:3,1
LF:1
LH:1
BRF:0
BRH:0
end_of_record
TN:
SF:src/test/test-states/scoreKeeperReducerTestState.js
FNF:0
FNH:0
DA:3,1
LF:1
LH:1
BRF:0
BRH:0
end_of_record
TN:
SF:src/test/test-states/sequenceMakerReducerTestState.js
FNF:0
FNH:0
DA:3,1
LF:1
LH:1
BRF:0
BRH:0
end_of_record
TN:
SF:src/utils/_general/convertToId.js
FN:5,convertToId
FNF:1
FNH:1
FNDA:10,convertToId
DA:6,10
DA:7,10
DA:8,10
DA:9,2
DA:10,2
DA:11,2
DA:13,10
LF:7
LH:7
BRF:0
BRH:0
end_of_record
TN:
SF:src/utils/_general/getRoutes.js
FN:5,getRoutes
FNF:1
FNH:1
FNDA:38,getRoutes
DA:6,38
LF:1
LH:1
BRF:0
BRH:0
end_of_record
TN:
SF:src/utils/_general/prependBrightnessAndSaturation.js
FN:4,prependBrightnessAndSaturation
FNF:1
FNH:1
FNDA:1281,prependBrightnessAndSaturation
DA:5,1281
LF:1
LH:1
BRF:0
BRH:0
end_of_record
TN:
SF:src/utils/_report-card/checkHasPassed.js
FN:5,checkHasPassed
FN:7,(anonymous_1)
FN:9,(anonymous_2)
FNF:3
FNH:3
FNDA:28,checkHasPassed
FNDA:138,(anonymous_1)
FNDA:34,(anonymous_2)
DA:6,28
DA:7,138
DA:9,34
LF:3
LH:3
BRDA:5,0,0,5
BRDA:6,1,0,23
BRDA:6,1,1,5
BRF:3
BRH:3
end_of_record
TN:
SF:src/utils/_report-card/updateReportCard.js
FN:6,updateReportCard
FN:8,(anonymous_1)
FNF:2
FNH:2
FNDA:4,updateReportCard
FNDA:3,(anonymous_1)
DA:7,4
DA:8,4
DA:9,4
LF:3
LH:3
BRDA:8,0,0,1
BRDA:8,0,1,3
BRF:2
BRH:2
end_of_record
TN:
SF:src/utils/free-paint/getNewSize.js
FN:1,getNewSize
FNF:1
FNH:1
FNDA:2,getNewSize
DA:2,2
DA:3,2
DA:4,2
DA:5,2
DA:7,2
LF:5
LH:5
BRDA:4,0,0,1
BRDA:4,0,1,1
BRDA:5,1,0,1
BRDA:5,1,1,1
BRF:4
BRH:4
end_of_record
TN:
SF:src/utils/goal-filter/filter.js
FN:3,filterBySubject
FNF:1
FNH:1
FNDA:20,filterBySubject
DA:4,20
DA:5,280
DA:6,54
DA:8,20
LF:4
LH:4
BRDA:5,0,0,226
BRDA:5,0,1,54
BRDA:6,1,0,0
BRDA:6,1,1,54
BRF:4
BRH:3
end_of_record
TN:
SF:src/utils/goal-filter/getCoveredSubjects.js
FN:3,getCoveredSubjects
FN:6,(anonymous_1)
FNF:2
FNH:2
FNDA:22,getCoveredSubjects
FNDA:507,(anonymous_1)
DA:4,22
DA:5,22
DA:6,507
DA:7,79
DA:9,22
LF:5
LH:5
BRF:0
BRH:0
end_of_record
TN:
SF:src/utils/instrument-id/createLoop.js
FN:12,createLoop
FN:25,(anonymous_1)
FN:28,(anonymous_2)
FN:33,(anonymous_3)
FN:39,playLoop
FN:43,(anonymous_5)
FN:45,(anonymous_6)
FN:55,(anonymous_7)
FN:59,stopLoop
FN:60,(anonymous_9)
FN:66,getTimeLeft
FN:68,(anonymous_11)
FN:69,(anonymous_12)
FNF:13
FNH:9
FNDA:15,createLoop
FNDA:10,(anonymous_1)
FNDA:0,(anonymous_2)
FNDA:0,(anonymous_3)
FNDA:3,playLoop
FNDA:0,(anonymous_5)
FNDA:0,(anonymous_6)
FNDA:8,(anonymous_7)
FNDA:1,stopLoop
FNDA:4,(anonymous_9)
FNDA:2,getTimeLeft
FNDA:4,(anonymous_11)
FNDA:4,(anonymous_12)
DA:13,15
DA:14,15
DA:16,15
DA:17,60
DA:19,20
DA:20,20
DA:22,4
DA:23,4
DA:24,4
DA:26,10
DA:28,0
DA:33,0
DA:35,4
DA:36,4
DA:40,3
DA:41,3
DA:42,6
DA:43,6
DA:44,0
DA:45,0
DA:48,6
DA:49,6
DA:50,6
DA:51,6
DA:54,3
DA:55,8
DA:56,3
DA:60,4
DA:61,1
DA:62,1
DA:63,1
DA:67,2
DA:68,4
DA:69,4
DA:70,2
DA:73,15
LF:36
LH:32
BRDA:17,0,0,40
BRDA:17,0,1,20
BRDA:20,1,0,16
BRDA:20,1,1,4
BRDA:24,2,0,2
BRDA:24,2,1,2
BRDA:35,3,0,2
BRDA:35,3,1,2
BRDA:40,4,0,0
BRDA:40,4,1,3
BRDA:44,5,0,0
BRDA:44,5,1,0
BRF:12
BRH:9
end_of_record
TN:
SF:src/utils/instrument-id/getChoices.js
FN:8,getChoices
FNF:1
FNH:1
FNDA:9,getChoices
DA:9,9
DA:10,9
DA:11,9
DA:13,9
DA:15,6
DA:16,6
DA:17,6
DA:19,6
DA:20,6
LF:9
LH:9
BRDA:13,0,0,3
BRDA:13,0,1,6
BRF:2
BRH:2
end_of_record
TN:
SF:src/utils/instrument-id/getInstrument.js
FN:8,getInstrument
FNF:1
FNH:1
FNDA:39,getInstrument
DA:9,39
DA:10,39
DA:11,91
DA:12,91
DA:13,322
DA:14,38
LF:6
LH:6
BRDA:13,0,0,38
BRDA:13,0,1,284
BRF:2
BRH:2
end_of_record
TN:
SF:src/utils/instrument-id/loadSounds.js
FN:8,loadSounds
FN:10,(anonymous_1)
FN:14,(anonymous_2)
FN:17,play
FN:19,(anonymous_4)
FN:26,(anonymous_5)
FN:42,getHits
FN:49,(anonymous_7)
FN:60,getNotes
FN:66,(anonymous_9)
FN:68,(anonymous_10)
FNF:11
FNH:7
FNDA:11,loadSounds
FNDA:13,(anonymous_1)
FNDA:4,(anonymous_2)
FNDA:4,play
FNDA:0,(anonymous_4)
FNDA:0,(anonymous_5)
FNDA:2,getHits
FNDA:0,(anonymous_7)
FNDA:2,getNotes
FNDA:0,(anonymous_9)
FNDA:13,(anonymous_10)
DA:9,11
DA:10,11
DA:11,13
DA:12,13
DA:13,13
DA:14,13
DA:18,4
DA:19,4
DA:20,0
DA:21,0
DA:24,4
DA:25,4
DA:26,4
DA:27,0
DA:28,0
DA:29,0
DA:32,4
DA:35,11
DA:43,2
DA:44,2
DA:45,2
DA:46,2
DA:47,15
DA:49,0
DA:51,15
DA:53,2
DA:61,2
DA:62,2
DA:64,2
DA:66,0
DA:68,13
DA:73,2
LF:32
LH:25
BRDA:13,0,0,3
BRDA:13,0,1,10
BRDA:21,1,0,0
BRDA:21,1,1,0
BRDA:43,2,0,1
BRDA:43,2,1,1
BRDA:62,3,0,1
BRDA:62,3,1,1
BRF:8
BRH:6
end_of_record
TN:
SF:src/utils/jump-into-rhythm/createHoppingAnimation.js
FN:11,createHoppingAnimation
FN:20,(anonymous_1)
FN:35,createQuarterNoteAnimation
FN:52,createEighthNotesAnimation
FN:79,createQuarterRestAnimation
FNF:5
FNH:5
FNDA:1,createHoppingAnimation
FNDA:4,(anonymous_1)
FNDA:2,createQuarterNoteAnimation
FNDA:1,createEighthNotesAnimation
FNDA:1,createQuarterRestAnimation
DA:8,9
DA:9,9
DA:12,1
DA:20,1
DA:21,4
DA:22,4
DA:23,1
DA:24,3
DA:25,2
DA:26,1
DA:27,1
DA:30,1
DA:31,1
DA:32,1
DA:36,2
DA:53,1
DA:80,1
LF:17
LH:17
BRDA:22,0,0,1
BRDA:22,0,1,3
BRDA:24,1,0,2
BRDA:24,1,1,1
BRDA:26,2,0,1
BRDA:26,2,1,0
BRF:6
BRH:5
end_of_record
TN:
SF:src/utils/jump-into-rhythm/createNoteOrder.js
FN:9,createNoteOrder
FN:27,pickNote
FNF:2
FNH:2
FNDA:2,createNoteOrder
FNDA:15,pickNote
DA:10,2
DA:11,2
DA:12,2
DA:13,12
DA:14,12
DA:15,15
DA:21,15
DA:24,2
DA:28,15
DA:29,5
DA:30,0
DA:31,0
LF:12
LH:10
BRDA:28,0,0,10
BRDA:28,0,1,5
BRDA:28,1,0,15
BRDA:28,1,1,15
BRDA:29,2,0,5
BRDA:29,2,1,0
BRDA:29,3,0,5
BRDA:29,3,1,5
BRDA:30,4,0,0
BRDA:30,4,1,0
BRDA:30,5,0,0
BRDA:30,5,1,0
BRDA:31,6,0,0
BRDA:31,6,1,0
BRDA:31,7,0,0
BRDA:31,7,1,0
BRF:16
BRH:7
end_of_record
TN:
SF:src/utils/jump-into-rhythm/makeFrog.js
FN:5,makeFrog
FN:8,hop
FN:13,(anonymous_2)
FN:20,(anonymous_3)
FNF:4
FNH:2
FNDA:6,makeFrog
FNDA:1,hop
FNDA:0,(anonymous_2)
FNDA:0,(anonymous_3)
DA:6,6
DA:9,1
DA:10,1
DA:12,1
DA:13,1
DA:14,0
DA:16,1
DA:17,1
DA:19,1
DA:20,1
DA:21,0
DA:22,0
DA:23,0
DA:25,1
DA:28,6
LF:15
LH:11
BRDA:14,0,0,0
BRDA:14,0,1,0
BRF:2
BRH:0
end_of_record
TN:
SF:src/utils/music-decoder/convertLettersToNotes.js
FN:8,convertLettersToNotes
FNF:1
FNH:1
FNDA:4,convertLettersToNotes
DA:9,4
DA:10,4
DA:12,4
DA:13,6
DA:14,18
DA:15,4
DA:17,14
DA:18,14
DA:19,14
DA:22,6
DA:23,2
DA:24,2
DA:28,4
LF:13
LH:13
BRDA:14,0,0,4
BRDA:14,0,1,14
BRDA:22,1,0,2
BRDA:22,1,1,4
BRF:4
BRH:4
end_of_record
TN:
SF:src/utils/music-decoder/findLettersToRemove.js
FN:6,findLettersToRemove
FN:16,lettersInInput
FNF:2
FNH:2
FNDA:3,findLettersToRemove
FNDA:6,lettersInInput
DA:7,3
DA:8,3
DA:9,3
DA:10,3
DA:11,14
DA:13,3
DA:17,6
DA:18,6
DA:19,11
DA:20,30
DA:23,6
LF:11
LH:11
BRDA:11,0,0,3
BRDA:11,0,1,11
BRF:2
BRH:2
end_of_record
TN:
SF:src/utils/music-decoder/getSound.js
FN:10,getSound
FN:22,playSound
FN:26,(anonymous_2)
FN:27,(anonymous_3)
FN:33,(anonymous_4)
FNF:5
FNH:3
FNDA:12,getSound
FNDA:4,playSound
FNDA:3,(anonymous_2)
FNDA:0,(anonymous_3)
FNDA:0,(anonymous_4)
DA:11,12
DA:14,12
DA:15,2
DA:16,2
DA:18,10
DA:20,12
DA:23,4
DA:24,3
DA:26,3
DA:27,1
DA:28,0
DA:30,1
DA:31,1
DA:33,1
DA:34,0
DA:35,0
DA:36,0
DA:38,1
DA:42,12
LF:19
LH:15
BRDA:10,0,0,4
BRDA:10,1,0,3
BRDA:14,2,0,2
BRDA:14,2,1,10
BRDA:23,3,0,3
BRDA:23,3,1,1
BRF:6
BRH:6
end_of_record
TN:
SF:src/utils/music-decoder/hasValidWords.js
FN:17,hasValidWords
FNF:1
FNH:1
FNDA:16,hasValidWords
DA:11,8
DA:12,8
DA:13,8
DA:14,8
DA:15,8
DA:18,16
DA:19,16
DA:21,15
DA:22,15
DA:24,14
DA:25,15
DA:26,15
DA:28,14
DA:29,14
DA:32,12
LF:15
LH:15
BRDA:19,0,0,1
BRDA:19,0,1,15
BRDA:22,1,0,1
BRDA:22,1,1,14
BRDA:25,2,0,0
BRDA:25,2,1,15
BRDA:26,3,0,1
BRDA:26,3,1,14
BRDA:29,4,0,1
BRDA:29,4,1,13
BRF:10
BRH:9
end_of_record
TN:
SF:src/utils/music-decoder/searchLetter.js
FN:6,searchLetter
FNF:1
FNH:1
FNDA:6,searchLetter
DA:7,6
DA:8,7
DA:10,2
LF:3
LH:3
BRDA:8,0,0,4
BRDA:8,0,1,3
BRF:2
BRH:2
end_of_record
TN:
SF:src/utils/score-keeper/sortWinners.js
FN:1,sortWinners
FN:2,(anonymous_1)
FNF:2
FNH:2
FNDA:21,sortWinners
FNDA:60,(anonymous_1)
DA:2,60
LF:1
LH:1
BRF:0
BRH:0
end_of_record
TN:
SF:src/utils/sequence-maker/createSounds.js
FN:7,createSounds
FN:8,(anonymous_1)
FN:13,(anonymous_2)
FN:19,playOne
FN:24,playSequence
FN:25,(anonymous_5)
FN:31,(anonymous_6)
FN:38,(anonymous_7)
FNF:8
FNH:6
FNDA:36,createSounds
FNDA:144,(anonymous_1)
FNDA:0,(anonymous_2)
FNDA:2,playOne
FNDA:4,playSequence
FNDA:16,(anonymous_5)
FNDA:0,(anonymous_6)
FNDA:1,(anonymous_7)
DA:8,36
DA:9,144
DA:10,33
DA:13,0
DA:16,33
DA:20,2
DA:21,2
DA:25,16
DA:31,4
DA:32,0
DA:34,4
DA:35,4
DA:37,4
DA:38,4
DA:39,1
DA:40,1
DA:41,1
DA:44,4
DA:47,36
LF:19
LH:17
BRDA:7,0,0,1
BRDA:9,1,0,111
BRDA:9,1,1,33
BRDA:10,2,0,33
BRDA:10,2,1,0
BRDA:27,3,0,8
BRDA:27,3,1,8
BRDA:28,4,0,10
BRDA:28,4,1,6
BRDA:32,5,0,0
BRDA:32,5,1,0
BRDA:37,6,0,2
BRDA:37,6,1,2
BRF:13
BRH:10
end_of_record
TN:
SF:src/utils/time-keeper/createDisplayTime.js
FN:1,createDisplayTime
FN:9,makeTwoDigits
FNF:2
FNH:2
FNDA:5,createDisplayTime
FNDA:15,makeTwoDigits
DA:2,5
DA:3,5
DA:4,5
DA:5,5
DA:6,5
DA:10,15
LF:6
LH:6
BRF:0
BRH:0
end_of_record
TN:
SF:src/utils/time-keeper/generateVolume.js
FN:3,generateVolume
FNF:1
FNH:0
FNDA:0,generateVolume
DA:4,0
DA:5,0
DA:6,0
DA:7,0
LF:4
LH:0
BRDA:4,0,0,0
BRDA:4,0,1,0
BRDA:5,1,0,0
BRDA:5,1,1,0
BRDA:6,2,0,0
BRDA:6,2,1,0
BRDA:7,3,0,0
BRDA:7,3,1,0
BRF:8
BRH:0
end_of_record
TN:
SF:src/utils/time-keeper/randomizeSong.js
FN:3,randomizeSong
FN:19,getNumChoices
FNF:2
FNH:2
FNDA:4,randomizeSong
FNDA:17,getNumChoices
DA:4,4
DA:5,4
DA:6,17
DA:7,17
DA:8,17
DA:9,17
DA:14,17
DA:16,4
DA:20,17
DA:21,4
DA:22,1
LF:11
LH:11
BRDA:20,0,0,13
BRDA:20,0,1,4
BRDA:21,1,0,3
BRDA:21,1,1,1
BRDA:21,2,0,4
BRDA:21,2,1,4
BRDA:22,3,0,1
BRDA:22,3,1,0
BRDA:22,4,0,1
BRDA:22,4,1,1
BRF:10
BRH:9
end_of_record
TN:
SF:src/views/color-theory/ColorTheory.js
FN:11,(anonymous_0)
FN:14,(anonymous_1)
FN:15,(anonymous_2)
FNF:3
FNH:1
FNDA:3,(anonymous_0)
FNDA:0,(anonymous_1)
FNDA:0,(anonymous_2)
DA:11,6
DA:12,3
DA:14,3
DA:15,3
DA:17,3
LF:5
LH:5
BRF:0
BRH:0
end_of_record
TN:
SF:src/views/color-theory/color-wheel/ColorWheel.js
FN:5,(anonymous_0)
FN:6,(anonymous_1)
FN:8,(anonymous_2)
FNF:3
FNH:3
FNDA:27,(anonymous_0)
FNDA:45,(anonymous_1)
FNDA:324,(anonymous_2)
DA:5,9
DA:6,45
DA:8,27
DA:9,324
DA:10,324
DA:11,324
DA:12,324
DA:19,27
LF:8
LH:8
BRDA:5,0,0,12
BRDA:10,1,0,90
BRDA:10,1,1,234
BRDA:11,2,0,66
BRDA:11,2,1,258
BRDA:11,3,0,324
BRDA:11,3,1,180
BRDA:14,4,0,24
BRDA:14,4,1,300
BRF:9
BRH:9
end_of_record
TN:
SF:src/views/color-theory/learn/LearnColorTheory.js
FN:12,(anonymous_0)
FN:15,(anonymous_1)
FN:16,(anonymous_2)
FN:17,(anonymous_3)
FNF:4
FNH:1
FNDA:4,(anonymous_0)
FNDA:0,(anonymous_1)
FNDA:0,(anonymous_2)
FNDA:0,(anonymous_3)
DA:12,7
DA:13,4
DA:15,4
DA:16,4
DA:17,4
DA:19,4
LF:6
LH:6
BRF:0
BRH:0
end_of_record
TN:
SF:src/views/color-theory/learn/colors/LearnColors.js
FN:14,(anonymous_0)
FN:18,(anonymous_1)
FN:20,(anonymous_2)
FNF:3
FNH:3
FNDA:4,(anonymous_0)
FNDA:4,(anonymous_1)
FNDA:4,(anonymous_2)
DA:14,7
DA:15,4
DA:16,4
DA:18,4
DA:19,4
DA:20,4
DA:23,4
LF:7
LH:7
BRF:0
BRH:0
end_of_record
TN:
SF:src/views/color-theory/play/Play.js
FN:19,(anonymous_0)
FN:24,(anonymous_1)
FN:25,(anonymous_2)
FN:29,(anonymous_3)
FN:35,(anonymous_4)
FN:36,(anonymous_5)
FNF:6
FNH:4
FNDA:3,(anonymous_0)
FNDA:3,(anonymous_1)
FNDA:3,(anonymous_2)
FNDA:0,(anonymous_3)
FNDA:9,(anonymous_4)
FNDA:0,(anonymous_5)
DA:19,7
DA:20,3
DA:21,3
DA:22,3
DA:24,3
DA:25,3
DA:29,3
DA:30,0
DA:35,3
DA:36,9
DA:38,9
DA:40,9
DA:61,3
LF:13
LH:12
BRDA:38,0,0,9
BRDA:38,0,1,6
BRDA:45,1,0,3
BRDA:45,1,1,6
BRDA:51,2,0,3
BRDA:51,2,1,6
BRF:6
BRH:6
end_of_record
TN:
SF:src/views/color-theory/play/level/PlayLevel.js
FN:23,(anonymous_0)
FN:28,(anonymous_1)
FN:35,(anonymous_2)
FN:40,(anonymous_3)
FN:41,(anonymous_4)
FN:43,(anonymous_5)
FN:46,(anonymous_6)
FN:57,(anonymous_7)
FN:58,(anonymous_8)
FN:75,(anonymous_9)
FN:95,(anonymous_10)
FNF:11
FNH:6
FNDA:7,(anonymous_0)
FNDA:18,(anonymous_1)
FNDA:5,(anonymous_2)
FNDA:0,(anonymous_3)
FNDA:5,(anonymous_4)
FNDA:5,(anonymous_5)
FNDA:0,(anonymous_6)
FNDA:0,(anonymous_7)
FNDA:0,(anonymous_8)
FNDA:0,(anonymous_9)
FNDA:5,(anonymous_10)
DA:23,7
DA:24,7
DA:25,6
DA:26,5
DA:27,5
DA:28,18
DA:29,5
DA:31,5
DA:32,5
DA:33,5
DA:35,5
DA:36,5
DA:37,5
DA:38,1
DA:40,4
DA:41,5
DA:43,5
DA:46,5
DA:47,0
DA:48,0
DA:49,0
DA:50,0
DA:51,0
DA:53,0
DA:57,5
DA:58,0
DA:59,0
DA:60,0
DA:61,0
DA:71,0
DA:75,5
DA:76,0
DA:77,0
DA:78,0
DA:79,0
DA:80,0
DA:81,0
DA:82,0
DA:88,0
DA:89,0
DA:93,5
DA:96,5
DA:97,5
DA:98,0
DA:99,0
DA:100,5
DA:101,0
DA:102,0
DA:104,5
DA:112,5
LF:50
LH:26
BRDA:37,0,0,1
BRDA:37,0,1,4
BRDA:37,1,0,5
BRDA:37,1,1,5
BRDA:49,2,0,0
BRDA:49,2,1,0
BRDA:60,3,0,0
BRDA:60,3,1,0
BRDA:77,4,0,0
BRDA:77,4,1,0
BRDA:79,5,0,0
BRDA:79,5,1,0
BRDA:79,6,0,0
BRDA:79,6,1,0
BRDA:81,7,0,0
BRDA:81,7,1,0
BRDA:94,8,0,5
BRDA:94,8,1,0
BRDA:97,9,0,0
BRDA:97,9,1,5
BRDA:100,10,0,0
BRDA:100,10,1,5
BRDA:100,11,0,5
BRDA:100,11,1,5
BRDA:127,12,0,5
BRDA:127,12,1,0
BRF:26
BRH:10
end_of_record
TN:
SF:src/views/free-paint/FreePaint.js
FN:19,(anonymous_0)
FN:21,(anonymous_1)
FN:22,(anonymous_2)
FN:26,(anonymous_3)
FN:28,(anonymous_4)
FN:35,(anonymous_5)
FNF:6
FNH:6
FNDA:13,(anonymous_0)
FNDA:21,(anonymous_1)
FNDA:21,(anonymous_2)
FNDA:5,(anonymous_3)
FNDA:5,(anonymous_4)
FNDA:5,(anonymous_5)
DA:19,6
DA:20,13
DA:21,21
DA:22,21
DA:23,13
DA:24,13
DA:26,13
DA:27,5
DA:28,5
DA:29,5
DA:30,5
DA:35,13
DA:36,5
DA:37,5
DA:38,5
DA:39,5
DA:40,5
DA:41,0
DA:42,5
DA:43,0
DA:44,5
DA:45,0
DA:48,5
DA:49,0
DA:50,0
DA:52,0
DA:58,13
LF:27
LH:21
BRDA:38,0,0,5
BRDA:38,0,1,0
BRDA:40,1,0,0
BRDA:40,1,1,5
BRDA:42,2,0,0
BRDA:42,2,1,5
BRDA:44,3,0,0
BRDA:44,3,1,5
BRDA:48,4,0,0
BRDA:48,4,1,5
BRDA:61,5,0,4
BRDA:61,5,1,9
BRDA:67,6,0,2
BRDA:67,6,1,7
BRF:14
BRH:9
end_of_record
TN:
SF:src/views/free-paint/canvas/Canvas.js
FN:7,(anonymous_0)
FN:8,(anonymous_1)
FN:13,(anonymous_2)
FN:26,(anonymous_3)
FN:38,(anonymous_4)
FN:45,(anonymous_5)
FN:52,(anonymous_6)
FN:57,(anonymous_7)
FNF:8
FNH:4
FNDA:11,(anonymous_0)
FNDA:17,(anonymous_1)
FNDA:5,(anonymous_2)
FNDA:5,(anonymous_3)
FNDA:0,(anonymous_4)
FNDA:0,(anonymous_5)
FNDA:0,(anonymous_6)
FNDA:0,(anonymous_7)
DA:7,7
DA:8,17
DA:9,11
DA:10,11
DA:11,11
DA:13,11
DA:14,5
DA:15,5
DA:16,5
DA:17,5
DA:18,5
DA:20,5
DA:21,5
DA:22,5
DA:23,5
DA:26,11
DA:27,5
DA:28,5
DA:29,0
DA:30,0
DA:32,5
DA:33,5
DA:35,5
DA:38,11
DA:39,0
DA:40,0
DA:41,0
DA:42,0
DA:45,11
DA:46,0
DA:47,0
DA:48,0
DA:49,0
DA:52,11
DA:53,0
DA:54,0
DA:57,11
DA:58,0
DA:59,0
DA:60,0
DA:63,11
LF:41
LH:26
BRDA:28,0,0,0
BRDA:28,0,1,5
BRDA:46,1,0,0
BRDA:46,1,1,0
BRF:4
BRH:1
end_of_record
TN:
SF:src/views/free-paint/control-bar/ControlBar.js
FN:12,(anonymous_0)
FN:14,(anonymous_1)
FN:18,(anonymous_2)
FN:20,(anonymous_3)
FNF:4
FNH:2
FNDA:19,(anonymous_0)
FNDA:30,(anonymous_1)
FNDA:0,(anonymous_2)
FNDA:0,(anonymous_3)
DA:12,7
DA:13,19
DA:14,30
DA:16,19
DA:18,19
DA:20,19
DA:21,0
DA:23,19
LF:8
LH:7
BRDA:66,0,0,0
BRDA:66,0,1,19
BRF:2
BRH:1
end_of_record
TN:
SF:src/views/free-paint/control-bar/button-wrapper/ButtonWrapper.js
FN:12,(anonymous_0)
FN:21,(anonymous_1)
FN:36,(anonymous_2)
FNF:3
FNH:3
FNDA:135,(anonymous_0)
FNDA:212,(anonymous_1)
FNDA:7,(anonymous_2)
DA:12,8
DA:21,212
DA:22,135
DA:23,135
DA:30,135
DA:36,135
DA:37,7
DA:38,7
DA:39,7
DA:42,135
DA:59,135
LF:11
LH:11
BRDA:13,0,0,97
BRDA:14,1,0,57
BRDA:16,2,0,38
BRDA:18,3,0,97
BRDA:19,4,0,40
BRDA:23,5,0,38
BRDA:23,5,1,97
BRDA:30,6,0,38
BRDA:30,6,1,97
BRDA:38,7,0,7
BRDA:38,7,1,0
BRDA:39,8,0,2
BRDA:39,8,1,5
BRDA:42,9,0,57
BRDA:42,9,1,78
BRDA:47,10,0,38
BRDA:47,10,1,19
BRDA:55,11,0,19
BRDA:55,11,1,59
BRDA:63,12,0,38
BRDA:63,12,1,97
BRDA:69,13,0,95
BRDA:69,13,1,40
BRDA:69,14,0,7
BRDA:69,14,1,88
BRF:25
BRH:24
end_of_record
TN:
SF:src/views/free-paint/control-bar/color-options/ColorOptions.js
FN:6,(anonymous_0)
FN:7,(anonymous_1)
FN:11,(anonymous_2)
FN:18,(anonymous_3)
FNF:4
FNH:4
FNDA:3,(anonymous_0)
FNDA:3,(anonymous_1)
FNDA:1,(anonymous_2)
FNDA:9,(anonymous_3)
DA:6,8
DA:7,3
DA:9,3
DA:11,3
DA:12,1
DA:13,1
DA:16,3
DA:19,9
LF:8
LH:8
BRF:0
BRH:0
end_of_record
TN:
SF:src/views/free-paint/control-bar/stencil-options/StencilOptions.js
FN:8,(anonymous_0)
FN:11,(anonymous_1)
FN:17,(anonymous_2)
FNF:3
FNH:3
FNDA:8,(anonymous_0)
FNDA:1,(anonymous_1)
FNDA:144,(anonymous_2)
DA:8,8
DA:9,8
DA:11,8
DA:12,1
DA:15,8
DA:18,144
LF:6
LH:6
BRDA:12,0,0,0
BRDA:12,0,1,1
BRDA:18,1,0,0
BRDA:18,1,1,144
BRF:4
BRH:2
end_of_record
TN:
SF:src/views/free-paint/stencil/Stencil.js
FN:13,(anonymous_0)
FN:14,(anonymous_1)
FN:26,(anonymous_2)
FN:32,(anonymous_3)
FN:35,(anonymous_4)
FN:50,(anonymous_5)
FN:52,(anonymous_6)
FNF:7
FNH:3
FNDA:9,(anonymous_0)
FNDA:10,(anonymous_1)
FNDA:4,(anonymous_2)
FNDA:0,(anonymous_3)
FNDA:0,(anonymous_4)
FNDA:0,(anonymous_5)
FNDA:0,(anonymous_6)
DA:13,7
DA:14,10
DA:15,9
DA:16,9
DA:18,9
DA:19,9
DA:26,9
DA:27,4
DA:28,4
DA:29,4
DA:32,9
DA:33,0
DA:35,9
DA:36,0
DA:37,0
DA:38,0
DA:39,0
DA:46,0
DA:47,0
DA:50,9
DA:52,9
DA:54,9
DA:62,9
LF:23
LH:16
BRDA:36,0,0,0
BRDA:36,0,1,0
BRDA:57,1,0,2
BRDA:57,1,1,7
BRDA:65,2,0,2
BRDA:65,2,1,7
BRDA:75,3,0,0
BRDA:75,3,1,9
BRDA:80,4,0,2
BRDA:80,4,1,7
BRF:10
BRH:7
end_of_record
TN:
SF:src/views/goal-filter/GoalFilter.js
FN:10,(anonymous_0)
FN:13,(anonymous_1)
FN:15,(anonymous_2)
FN:33,(anonymous_3)
FNF:4
FNH:3
FNDA:2,(anonymous_0)
FNDA:8,(anonymous_1)
FNDA:0,(anonymous_2)
FNDA:8,(anonymous_3)
DA:10,9
DA:11,2
DA:13,8
DA:15,2
DA:16,0
DA:17,0
DA:21,0
DA:26,2
DA:34,8
LF:9
LH:6
BRF:0
BRH:0
end_of_record
TN:
SF:src/views/goal-filter/category/GoalCategory.js
FN:13,(anonymous_0)
FN:17,(anonymous_1)
FN:23,(anonymous_2)
FN:28,(anonymous_3)
FN:36,(anonymous_4)
FNF:5
FNH:2
FNDA:2,(anonymous_0)
FNDA:20,(anonymous_1)
FNDA:0,(anonymous_2)
FNDA:0,(anonymous_3)
FNDA:0,(anonymous_4)
DA:13,9
DA:14,2
DA:15,2
DA:17,2
DA:18,20
DA:19,20
DA:20,20
DA:23,2
DA:24,0
DA:25,0
DA:28,2
DA:33,2
DA:37,0
LF:13
LH:10
BRDA:36,0,0,0
BRDA:36,0,1,2
BRF:2
BRH:1
end_of_record
TN:
SF:src/views/home/Home.js
FN:6,(anonymous_0)
FNF:1
FNH:1
FNDA:5,(anonymous_0)
DA:6,6
DA:7,5
DA:8,5
LF:3
LH:3
BRDA:8,0,0,4
BRDA:8,0,1,1
BRF:2
BRH:2
end_of_record
TN:
SF:src/views/home/menu/Menu.js
FN:18,(anonymous_0)
FN:19,(anonymous_1)
FN:25,(anonymous_2)
FN:26,(anonymous_3)
FN:29,(anonymous_4)
FN:31,(anonymous_5)
FN:32,(anonymous_6)
FN:42,(anonymous_7)
FNF:8
FNH:6
FNDA:10,(anonymous_0)
FNDA:10,(anonymous_1)
FNDA:10,(anonymous_2)
FNDA:50,(anonymous_3)
FNDA:38,(anonymous_4)
FNDA:0,(anonymous_5)
FNDA:0,(anonymous_6)
FNDA:40,(anonymous_7)
DA:18,7
DA:19,10
DA:20,10
DA:21,10
DA:23,10
DA:25,10
DA:26,50
DA:29,10
DA:30,38
DA:31,0
DA:32,0
DA:33,38
DA:43,40
DA:50,10
LF:14
LH:12
BRDA:18,0,0,4
BRDA:23,1,0,6
BRDA:23,1,1,4
BRDA:24,2,0,1
BRDA:24,2,1,5
BRDA:30,3,0,3
BRDA:30,3,1,35
BRDA:41,4,0,22
BRDA:41,4,1,16
BRDA:52,5,0,6
BRDA:52,5,1,4
BRF:11
BRH:11
end_of_record
TN:
SF:src/views/home/welcome/Welcome.js
FN:6,(anonymous_0)
FN:7,(anonymous_1)
FNF:2
FNH:1
FNDA:6,(anonymous_0)
FNDA:0,(anonymous_1)
DA:6,7
DA:7,6
DA:9,6
LF:3
LH:3
BRF:0
BRH:0
end_of_record
TN:
SF:src/views/instrument-id/InstrumentId.js
FN:13,(anonymous_0)
FN:16,(anonymous_1)
FN:17,(anonymous_2)
FNF:3
FNH:1
FNDA:3,(anonymous_0)
FNDA:0,(anonymous_1)
FNDA:0,(anonymous_2)
DA:13,6
DA:14,3
DA:16,3
DA:17,3
DA:19,3
LF:5
LH:5
BRF:0
BRH:0
end_of_record
TN:
SF:src/views/instrument-id/learn/LearnInstrumentId.js
FN:10,(anonymous_0)
FN:13,(anonymous_1)
FN:15,(anonymous_2)
FNF:3
FNH:2
FNDA:4,(anonymous_0)
FNDA:24,(anonymous_1)
FNDA:0,(anonymous_2)
DA:10,7
DA:11,4
DA:13,4
DA:14,24
DA:15,24
DA:16,24
DA:28,4
LF:7
LH:7
BRF:0
BRH:0
end_of_record
TN:
SF:src/views/instrument-id/learn/family/LearnFamilyPage.js
FN:11,(anonymous_0)
FN:17,(anonymous_1)
FN:19,(anonymous_2)
FNF:3
FNH:2
FNDA:3,(anonymous_0)
FNDA:12,(anonymous_1)
FNDA:0,(anonymous_2)
DA:11,7
DA:12,3
DA:13,3
DA:15,3
DA:16,3
DA:17,3
DA:18,12
DA:19,12
DA:20,0
DA:23,0
DA:26,12
DA:38,3
LF:12
LH:10
BRF:0
BRH:0
end_of_record
TN:
SF:src/views/instrument-id/learn/instrument/Instrument.js
FN:21,(anonymous_0)
FN:22,(anonymous_1)
FN:30,(anonymous_2)
FN:35,(anonymous_3)
FN:36,(anonymous_4)
FN:43,(anonymous_5)
FN:44,(anonymous_6)
FN:47,(anonymous_7)
FN:63,(anonymous_8)
FNF:9
FNH:7
FNDA:6,(anonymous_0)
FNDA:6,(anonymous_1)
FNDA:0,(anonymous_2)
FNDA:3,(anonymous_3)
FNDA:3,(anonymous_4)
FNDA:3,(anonymous_5)
FNDA:3,(anonymous_6)
FNDA:0,(anonymous_7)
FNDA:6,(anonymous_8)
DA:21,7
DA:22,6
DA:23,6
DA:24,6
DA:25,6
DA:28,6
DA:30,6
DA:31,0
DA:32,0
DA:35,6
DA:36,3
DA:37,3
DA:38,3
DA:39,3
DA:43,6
DA:44,3
DA:47,6
DA:48,0
DA:53,6
DA:64,6
LF:20
LH:17
BRDA:31,0,0,0
BRDA:31,0,1,0
BRF:2
BRH:0
end_of_record
TN:
SF:src/views/instrument-id/play/PlayInstrumentId.js
FN:12,(anonymous_0)
FN:13,(anonymous_1)
FN:16,(anonymous_2)
FN:17,(anonymous_3)
FNF:4
FNH:2
FNDA:3,(anonymous_0)
FNDA:3,(anonymous_1)
FNDA:0,(anonymous_2)
FNDA:0,(anonymous_3)
DA:12,7
DA:13,3
DA:14,3
DA:16,3
DA:17,3
DA:19,3
LF:6
LH:6
BRDA:39,0,0,0
BRDA:39,0,1,3
BRDA:40,1,0,0
BRDA:40,1,1,3
BRDA:43,2,0,3
BRDA:43,2,1,0
BRF:6
BRH:3
end_of_record
TN:
SF:src/views/instrument-id/play/listening-skills/ListeningSkills.js
FN:18,(anonymous_0)
FN:24,(anonymous_1)
FN:25,(anonymous_2)
FN:29,(anonymous_3)
FN:37,(anonymous_4)
FN:39,(anonymous_5)
FNF:6
FNH:4
FNDA:3,(anonymous_0)
FNDA:3,(anonymous_1)
FNDA:3,(anonymous_2)
FNDA:0,(anonymous_3)
FNDA:6,(anonymous_4)
FNDA:0,(anonymous_5)
DA:18,7
DA:19,3
DA:20,3
DA:21,3
DA:22,3
DA:24,3
DA:25,3
DA:29,3
DA:30,0
DA:31,0
DA:37,3
DA:38,6
DA:39,6
DA:40,0
DA:41,6
DA:42,6
DA:61,3
LF:17
LH:14
BRDA:41,0,0,3
BRDA:41,0,1,3
BRDA:47,1,0,3
BRDA:47,1,1,3
BRF:4
BRH:4
end_of_record
TN:
SF:src/views/instrument-id/play/listening-skills/level/ListeningSkillsTest.js
FN:21,(anonymous_0)
FN:22,(anonymous_1)
FN:24,(anonymous_2)
FN:29,(anonymous_3)
FN:35,(anonymous_4)
FN:39,(anonymous_5)
FN:44,(anonymous_6)
FN:45,(anonymous_7)
FN:51,(anonymous_8)
FN:57,(anonymous_9)
FNF:10
FNH:9
FNDA:10,(anonymous_0)
FNDA:14,(anonymous_1)
FNDA:14,(anonymous_2)
FNDA:2,(anonymous_3)
FNDA:7,(anonymous_4)
FNDA:2,(anonymous_5)
FNDA:5,(anonymous_6)
FNDA:5,(anonymous_7)
FNDA:0,(anonymous_8)
FNDA:11,(anonymous_9)
DA:21,7
DA:22,14
DA:23,10
DA:24,14
DA:25,10
DA:26,10
DA:27,10
DA:29,10
DA:30,2
DA:31,2
DA:32,2
DA:35,10
DA:36,7
DA:37,2
DA:38,2
DA:39,2
DA:44,10
DA:45,5
DA:46,5
DA:47,5
DA:51,10
DA:52,0
DA:53,0
DA:54,0
DA:57,10
DA:58,11
DA:66,10
DA:68,10
LF:28
LH:25
BRDA:36,0,0,2
BRDA:36,0,1,5
BRDA:36,1,0,7
BRDA:36,1,1,2
BRDA:52,2,0,0
BRDA:52,2,1,0
BRDA:66,3,0,10
BRDA:66,3,1,5
BRDA:81,4,0,1
BRDA:81,4,1,9
BRDA:84,5,0,5
BRDA:84,5,1,5
BRDA:92,6,0,10
BRDA:92,6,1,5
BRDA:92,6,2,5
BRDA:93,7,0,5
BRDA:93,7,1,5
BRF:17
BRH:15
end_of_record
TN:
SF:src/views/instrument-id/play/listening-skills/level/choice/Choice.js
FN:13,(anonymous_0)
FN:14,(anonymous_1)
FN:18,(anonymous_2)
FN:24,(anonymous_3)
FN:39,(anonymous_4)
FN:46,(anonymous_5)
FNF:6
FNH:4
FNDA:13,(anonymous_0)
FNDA:17,(anonymous_1)
FNDA:2,(anonymous_2)
FNDA:1,(anonymous_3)
FNDA:0,(anonymous_4)
FNDA:0,(anonymous_5)
DA:13,8
DA:14,17
DA:15,13
DA:16,13
DA:18,13
DA:19,2
DA:20,2
DA:21,2
DA:23,2
DA:24,1
DA:25,1
DA:29,1
DA:39,2
DA:40,0
DA:41,0
DA:42,0
DA:46,13
DA:47,0
DA:50,13
DA:53,13
DA:61,13
LF:21
LH:17
BRDA:23,0,0,1
BRDA:23,0,1,1
BRDA:40,1,0,0
BRDA:40,1,1,0
BRDA:50,2,0,3
BRDA:50,2,1,10
BRDA:50,3,0,1
BRDA:50,3,1,2
BRDA:53,4,0,3
BRDA:53,4,1,10
BRDA:56,5,0,1
BRDA:56,5,1,2
BRDA:57,6,0,1
BRDA:57,6,1,2
BRF:14
BRH:12
end_of_record
TN:
SF:src/views/instrument-id/play/listening-skills/level/corner-icon/ReportCardIcon.js
FN:10,(anonymous_0)
FN:14,(anonymous_1)
FN:15,(anonymous_2)
FN:19,(anonymous_3)
FNF:4
FNH:3
FNDA:13,(anonymous_0)
FNDA:8,(anonymous_1)
FNDA:8,(anonymous_2)
FNDA:0,(anonymous_3)
DA:10,9
DA:11,13
DA:12,13
DA:14,13
DA:15,8
DA:19,13
DA:20,0
DA:25,13
LF:8
LH:7
BRF:0
BRH:0
end_of_record
TN:
SF:src/views/instrument-id/play/song-maker/SongMaker.js
FN:19,(anonymous_0)
FN:20,(anonymous_1)
FN:21,(anonymous_2)
FN:22,(anonymous_3)
FN:26,(anonymous_4)
FN:27,(anonymous_5)
FN:33,(anonymous_6)
FN:35,(anonymous_7)
FN:39,(anonymous_8)
FN:41,(anonymous_9)
FN:49,(anonymous_10)
FN:50,(anonymous_11)
FN:55,(anonymous_12)
FNF:13
FNH:10
FNDA:22,(anonymous_0)
FNDA:27,(anonymous_1)
FNDA:27,(anonymous_2)
FNDA:27,(anonymous_3)
FNDA:6,(anonymous_4)
FNDA:6,(anonymous_5)
FNDA:11,(anonymous_6)
FNDA:11,(anonymous_7)
FNDA:0,(anonymous_8)
FNDA:0,(anonymous_9)
FNDA:6,(anonymous_10)
FNDA:0,(anonymous_11)
FNDA:17,(anonymous_12)
DA:19,6
DA:20,27
DA:21,27
DA:22,27
DA:23,22
DA:24,22
DA:26,22
DA:27,6
DA:28,6
DA:29,6
DA:33,22
DA:34,11
DA:35,11
DA:37,0
DA:38,0
DA:39,0
DA:40,0
DA:41,0
DA:42,0
DA:43,0
DA:45,0
DA:49,22
DA:50,6
DA:51,0
DA:55,22
DA:56,17
DA:59,22
LF:27
LH:18
BRDA:34,0,0,11
BRDA:34,0,1,0
BRDA:37,1,0,0
BRDA:37,1,1,0
BRDA:50,2,0,0
BRDA:50,2,1,6
BRDA:50,3,0,6
BRDA:50,3,1,0
BRDA:50,4,0,0
BRDA:50,4,1,0
BRDA:51,5,0,0
BRDA:51,5,1,0
BRDA:56,6,0,0
BRDA:56,6,1,17
BRF:14
BRH:4
end_of_record
TN:
SF:src/views/instrument-id/play/song-maker/corner-icon/SavedSongsIcon.js
FN:9,(anonymous_0)
FN:12,(anonymous_1)
FN:13,(anonymous_2)
FN:17,(anonymous_3)
FNF:4
FNH:4
FNDA:27,(anonymous_0)
FNDA:8,(anonymous_1)
FNDA:8,(anonymous_2)
FNDA:1,(anonymous_3)
DA:9,7
DA:10,27
DA:12,27
DA:13,8
DA:17,27
DA:18,1
DA:23,27
LF:7
LH:7
BRF:0
BRH:0
end_of_record
TN:
SF:src/views/instrument-id/play/song-maker/instrument-display/InstrumentDisplay.js
FN:15,(anonymous_0)
FN:16,(anonymous_1)
FN:19,(anonymous_2)
FN:24,(anonymous_3)
FN:29,(anonymous_4)
FN:35,(anonymous_5)
FN:43,(anonymous_6)
FNF:7
FNH:6
FNDA:24,(anonymous_0)
FNDA:29,(anonymous_1)
FNDA:1,(anonymous_2)
FNDA:0,(anonymous_3)
FNDA:2,(anonymous_4)
FNDA:2,(anonymous_5)
FNDA:96,(anonymous_6)
DA:15,7
DA:16,29
DA:17,24
DA:19,24
DA:20,1
DA:21,1
DA:24,24
DA:25,0
DA:26,0
DA:29,24
DA:30,2
DA:31,2
DA:32,2
DA:35,24
DA:36,2
DA:37,2
DA:38,2
DA:41,24
DA:44,96
DA:45,66
DA:56,30
DA:64,30
DA:73,30
LF:23
LH:21
BRDA:44,0,0,66
BRDA:44,0,1,30
BRDA:64,1,0,22
BRDA:64,1,1,8
BRDA:68,2,0,4
BRDA:68,2,1,4
BRDA:69,3,0,4
BRDA:69,3,1,4
BRF:8
BRH:8
end_of_record
TN:
SF:src/views/instrument-id/play/song-maker/play-save/PlaySave.js
FN:12,(anonymous_0)
FN:13,(anonymous_1)
FN:17,(anonymous_2)
FN:18,(anonymous_3)
FN:22,(anonymous_4)
FN:23,(anonymous_5)
FN:26,(anonymous_6)
FNF:7
FNH:5
FNDA:27,(anonymous_0)
FNDA:32,(anonymous_1)
FNDA:8,(anonymous_2)
FNDA:8,(anonymous_3)
FNDA:0,(anonymous_4)
FNDA:0,(anonymous_5)
FNDA:1,(anonymous_6)
DA:12,7
DA:13,32
DA:14,27
DA:15,27
DA:17,27
DA:18,8
DA:22,27
DA:23,0
DA:26,27
DA:27,1
DA:32,27
LF:11
LH:10
BRDA:23,0,0,0
BRDA:23,0,1,0
BRDA:23,1,0,0
BRDA:23,1,1,0
BRDA:34,2,0,0
BRDA:34,2,1,27
BRDA:35,3,0,0
BRDA:35,3,1,27
BRF:8
BRH:2
end_of_record
TN:
SF:src/views/instrument-id/play/song-maker/save-song/SaveSong.js
FN:12,(anonymous_0)
FN:13,(anonymous_1)
FN:19,(anonymous_2)
FN:29,(anonymous_3)
FNF:4
FNH:3
FNDA:40,(anonymous_0)
FNDA:40,(anonymous_1)
FNDA:2,(anonymous_2)
FNDA:0,(anonymous_3)
DA:12,8
DA:13,40
DA:14,40
DA:15,40
DA:16,40
DA:17,40
DA:19,40
DA:20,2
DA:21,2
DA:22,2
DA:23,2
DA:25,2
DA:26,2
DA:27,2
DA:29,2
DA:30,0
DA:31,0
DA:35,40
LF:18
LH:16
BRF:0
BRH:0
end_of_record
TN:
SF:src/views/instrument-id/play/song-maker/saved-songs/SavedSongs.js
FN:15,(anonymous_0)
FN:17,(anonymous_1)
FN:18,(anonymous_2)
FN:23,(anonymous_3)
FN:28,(anonymous_4)
FN:31,(anonymous_5)
FN:36,(anonymous_6)
FN:42,(anonymous_7)
FN:43,(anonymous_8)
FN:45,(anonymous_9)
FN:50,(anonymous_10)
FNF:11
FNH:7
FNDA:3,(anonymous_0)
FNDA:3,(anonymous_1)
FNDA:3,(anonymous_2)
FNDA:0,(anonymous_3)
FNDA:0,(anonymous_4)
FNDA:0,(anonymous_5)
FNDA:0,(anonymous_6)
FNDA:3,(anonymous_7)
FNDA:3,(anonymous_8)
FNDA:3,(anonymous_9)
FNDA:1,(anonymous_10)
DA:15,8
DA:16,3
DA:17,3
DA:18,3
DA:19,3
DA:20,3
DA:21,3
DA:23,3
DA:24,0
DA:25,0
DA:26,0
DA:27,0
DA:28,0
DA:31,3
DA:32,0
DA:33,0
DA:36,3
DA:37,0
DA:38,0
DA:39,0
DA:42,3
DA:43,3
DA:44,3
DA:45,3
DA:50,3
DA:51,1
DA:60,3
LF:27
LH:17
BRDA:27,0,0,0
BRDA:27,0,1,0
BRDA:32,1,0,0
BRDA:32,1,1,0
BRDA:37,2,0,0
BRDA:37,2,1,0
BRDA:44,3,0,0
BRDA:44,3,1,3
BRDA:53,4,0,0
BRDA:53,4,1,1
BRF:10
BRH:2
end_of_record
TN:
SF:src/views/jump-into-rhythm/JumpIntoRhythm.js
FN:19,(anonymous_0)
FN:21,(anonymous_1)
FN:22,(anonymous_2)
FN:26,(anonymous_3)
FN:28,(anonymous_4)
FN:30,(anonymous_5)
FNF:6
FNH:6
FNDA:9,(anonymous_0)
FNDA:14,(anonymous_1)
FNDA:14,(anonymous_2)
FNDA:4,(anonymous_3)
FNDA:4,(anonymous_4)
FNDA:4,(anonymous_5)
DA:19,6
DA:20,9
DA:21,14
DA:22,14
DA:23,9
DA:24,9
DA:26,9
DA:27,4
DA:28,4
DA:29,4
DA:30,4
DA:31,4
DA:32,4
DA:33,4
DA:34,4
DA:39,9
LF:16
LH:16
BRDA:42,0,0,2
BRDA:42,0,1,7
BRDA:46,1,0,0
BRDA:46,1,1,7
BRF:4
BRH:3
end_of_record
TN:
SF:src/views/jump-into-rhythm/frog-lily-pad/FrogLilyPads.js
FN:11,(anonymous_0)
FN:12,(anonymous_1)
FNF:2
FNH:2
FNDA:2,(anonymous_0)
FNDA:2,(anonymous_1)
DA:11,7
DA:12,2
DA:13,2
LF:3
LH:3
BRDA:19,0,0,0
BRDA:19,0,1,2
BRDA:29,1,0,0
BRDA:29,1,1,2
BRDA:39,2,0,0
BRDA:39,2,1,2
BRF:6
BRH:3
end_of_record
TN:
SF:src/views/jump-into-rhythm/frog-lily-pad/frog/Frog.js
FN:9,(anonymous_0)
FN:10,(anonymous_1)
FN:13,(anonymous_2)
FN:15,(anonymous_3)
FN:17,(anonymous_4)
FNF:5
FNH:3
FNDA:4,(anonymous_0)
FNDA:4,(anonymous_1)
FNDA:4,(anonymous_2)
FNDA:0,(anonymous_3)
FNDA:0,(anonymous_4)
DA:9,8
DA:10,4
DA:11,4
DA:13,4
DA:14,4
DA:15,0
DA:16,0
DA:17,0
DA:18,0
DA:24,4
LF:10
LH:6
BRDA:9,0,0,4
BRDA:14,1,0,0
BRDA:14,1,1,4
BRF:3
BRH:2
end_of_record
TN:
SF:src/views/jump-into-rhythm/frog-lily-pad/lily-pad-display/LilyPadDisplay.js
FN:7,(anonymous_0)
FN:10,(anonymous_1)
FN:13,(anonymous_2)
FNF:3
FNH:3
FNDA:4,(anonymous_0)
FNDA:16,(anonymous_1)
FNDA:2,(anonymous_2)
DA:7,8
DA:8,4
DA:11,16
DA:14,2
LF:4
LH:4
BRDA:12,0,0,2
BRDA:12,0,1,14
BRDA:20,1,0,0
BRDA:20,1,1,2
BRDA:20,2,0,2
BRDA:20,2,1,2
BRDA:23,3,0,0
BRDA:23,3,1,2
BRF:8
BRH:6
end_of_record
TN:
SF:src/views/jump-into-rhythm/note-options/NoteOptions.js
FN:15,(anonymous_0)
FN:17,(anonymous_1)
FN:19,(anonymous_2)
FN:23,(anonymous_3)
FN:29,(anonymous_4)
FN:46,(anonymous_5)
FN:53,(anonymous_6)
FN:56,(anonymous_7)
FNF:8
FNH:5
FNDA:14,(anonymous_0)
FNDA:22,(anonymous_1)
FNDA:22,(anonymous_2)
FNDA:5,(anonymous_3)
FNDA:42,(anonymous_4)
FNDA:0,(anonymous_5)
FNDA:0,(anonymous_6)
FNDA:0,(anonymous_7)
DA:15,7
DA:16,14
DA:17,22
DA:19,22
DA:20,14
DA:21,14
DA:23,14
DA:24,5
DA:25,5
DA:26,5
DA:29,14
DA:30,42
DA:31,42
DA:32,42
DA:46,14
DA:47,0
DA:48,0
DA:49,0
DA:50,0
DA:52,0
DA:53,0
DA:56,14
DA:57,0
DA:58,0
DA:59,0
DA:62,14
LF:26
LH:17
BRDA:31,0,0,14
BRDA:31,0,1,28
BRDA:47,1,0,0
BRDA:47,1,1,0
BRDA:65,2,0,0
BRDA:65,2,1,14
BRF:6
BRH:3
end_of_record
TN:
SF:src/views/jump-into-rhythm/notes/Notes.js
FN:12,(anonymous_0)
FN:13,(anonymous_1)
FN:16,(anonymous_2)
FN:17,(anonymous_3)
FN:27,(anonymous_4)
FN:49,(anonymous_5)
FN:74,(anonymous_6)
FN:99,(anonymous_7)
FNF:8
FNH:3
FNDA:9,(anonymous_0)
FNDA:13,(anonymous_1)
FNDA:0,(anonymous_2)
FNDA:0,(anonymous_3)
FNDA:36,(anonymous_4)
FNDA:0,(anonymous_5)
FNDA:0,(anonymous_6)
FNDA:0,(anonymous_7)
DA:12,7
DA:13,13
DA:14,9
DA:16,9
DA:17,9
DA:19,9
DA:21,9
DA:28,36
DA:50,0
DA:75,0
DA:100,0
LF:11
LH:8
BRDA:40,0,0,0
BRDA:40,0,1,9
BRDA:43,1,0,9
BRDA:43,1,1,0
BRDA:46,2,0,0
BRDA:46,2,1,9
BRDA:62,3,0,0
BRDA:62,3,1,9
BRDA:64,4,0,0
BRDA:64,4,1,0
BRDA:67,5,0,0
BRDA:67,5,1,0
BRDA:71,6,0,0
BRDA:71,6,1,9
BRDA:87,7,0,0
BRDA:87,7,1,9
BRDA:89,8,0,0
BRDA:89,8,1,0
BRDA:92,9,0,0
BRDA:92,9,1,0
BRDA:96,10,0,0
BRDA:96,10,1,9
BRF:22
BRH:7
end_of_record
TN:
SF:src/views/jump-into-rhythm/notes/note-block/NoteBlock.js
FN:8,(anonymous_0)
FN:11,(anonymous_1)
FNF:2
FNH:1
FNDA:38,(anonymous_0)
FNDA:0,(anonymous_1)
DA:8,8
DA:9,38
DA:11,38
DA:13,38
LF:4
LH:4
BRDA:15,0,0,1
BRDA:15,0,1,37
BRF:2
BRH:2
end_of_record
TN:
SF:src/views/mood-meter/MoodMeter.js
FN:16,(anonymous_0)
FN:18,(anonymous_1)
FN:19,(anonymous_2)
FN:23,(anonymous_3)
FN:25,(anonymous_4)
FN:30,(anonymous_5)
FNF:6
FNH:6
FNDA:23,(anonymous_0)
FNDA:35,(anonymous_1)
FNDA:35,(anonymous_2)
FNDA:6,(anonymous_3)
FNDA:6,(anonymous_4)
FNDA:12,(anonymous_5)
DA:16,5
DA:17,23
DA:18,35
DA:19,35
DA:20,23
DA:21,23
DA:23,23
DA:24,6
DA:25,6
DA:26,6
DA:30,23
DA:31,12
DA:32,5
DA:40,23
LF:14
LH:14
BRDA:31,0,0,5
BRDA:31,0,1,7
BRDA:31,1,0,12
BRDA:31,1,1,8
BRDA:43,2,0,2
BRDA:43,2,1,21
BRF:6
BRH:6
end_of_record
TN:
SF:src/views/mood-meter/energy/Energy.js
FN:9,(anonymous_0)
FN:10,(anonymous_1)
FN:16,(anonymous_2)
FNF:3
FNH:3
FNDA:23,(anonymous_0)
FNDA:34,(anonymous_1)
FNDA:69,(anonymous_2)
DA:9,6
DA:10,34
DA:12,23
DA:17,69
DA:18,69
LF:5
LH:5
BRDA:23,0,0,11
BRDA:23,0,1,58
BRF:2
BRH:2
end_of_record
TN:
SF:src/views/mood-meter/energy/battery/Battery.js
FN:8,(anonymous_0)
FN:11,(anonymous_1)
FNF:2
FNH:2
FNDA:77,(anonymous_0)
FNDA:3,(anonymous_1)
DA:8,8
DA:9,77
DA:11,77
DA:12,77
LF:4
LH:4
BRF:0
BRH:0
end_of_record
TN:
SF:src/views/mood-meter/result/Result.js
FN:17,(anonymous_0)
FN:18,(anonymous_1)
FN:21,(anonymous_2)
FN:26,(anonymous_3)
FN:38,(anonymous_4)
FNF:5
FNH:4
FNDA:6,(anonymous_0)
FNDA:7,(anonymous_1)
FNDA:7,(anonymous_2)
FNDA:8,(anonymous_3)
FNDA:0,(anonymous_4)
DA:17,6
DA:18,7
DA:19,6
DA:21,7
DA:23,6
DA:26,8
DA:28,6
DA:36,6
DA:38,6
DA:39,0
DA:44,6
LF:11
LH:10
BRF:0
BRH:0
end_of_record
TN:
SF:src/views/mood-meter/valence/Valence.js
FN:9,(anonymous_0)
FN:10,(anonymous_1)
FN:16,(anonymous_2)
FNF:3
FNH:3
FNDA:23,(anonymous_0)
FNDA:34,(anonymous_1)
FNDA:69,(anonymous_2)
DA:9,6
DA:10,34
DA:12,23
DA:17,69
DA:18,69
LF:5
LH:5
BRF:0
BRH:0
end_of_record
TN:
SF:src/views/mood-meter/valence/face/Face.js
FN:6,(anonymous_0)
FN:9,(anonymous_1)
FNF:2
FNH:2
FNDA:77,(anonymous_0)
FNDA:3,(anonymous_1)
DA:6,8
DA:7,77
DA:9,77
DA:11,77
DA:12,77
LF:5
LH:5
BRDA:11,0,0,21
BRDA:11,0,1,56
BRF:2
BRH:2
end_of_record
TN:
SF:src/views/music-decoder/WordToMusic.js
FN:19,(anonymous_0)
FN:21,(anonymous_1)
FN:22,(anonymous_2)
FN:23,(anonymous_3)
FN:27,(anonymous_4)
FN:28,(anonymous_5)
FN:31,(anonymous_6)
FN:33,(anonymous_7)
FNF:8
FNH:8
FNDA:28,(anonymous_0)
FNDA:49,(anonymous_1)
FNDA:49,(anonymous_2)
FNDA:49,(anonymous_3)
FNDA:7,(anonymous_4)
FNDA:7,(anonymous_5)
FNDA:7,(anonymous_6)
FNDA:7,(anonymous_7)
DA:19,6
DA:20,28
DA:21,49
DA:22,49
DA:23,49
DA:24,28
DA:25,28
DA:27,28
DA:28,7
DA:31,28
DA:32,7
DA:33,7
DA:34,7
DA:35,7
DA:36,7
DA:37,7
DA:42,28
LF:17
LH:17
BRDA:45,0,0,2
BRDA:45,0,1,26
BRF:2
BRH:2
end_of_record
TN:
SF:src/views/music-decoder/alphabet-table/AlphabetTable.js
FN:12,(anonymous_0)
FN:19,(anonymous_1)
FN:23,(anonymous_2)
FN:24,(anonymous_3)
FN:26,(anonymous_4)
FN:38,(anonymous_5)
FN:54,(anonymous_6)
FN:55,(anonymous_7)
FNF:8
FNH:8
FNDA:28,(anonymous_0)
FNDA:48,(anonymous_1)
FNDA:702,(anonymous_2)
FNDA:26,(anonymous_3)
FNDA:728,(anonymous_4)
FNDA:3,(anonymous_5)
FNDA:364,(anonymous_6)
FNDA:364,(anonymous_7)
DA:12,7
DA:13,28
DA:19,48
DA:20,28
DA:22,28
DA:23,702
DA:24,26
DA:26,28
DA:27,728
DA:28,728
DA:29,728
DA:31,728
DA:38,28
DA:39,3
DA:40,3
DA:41,0
DA:43,3
DA:44,3
DA:45,2
DA:46,2
DA:51,28
DA:54,364
DA:55,364
LF:23
LH:22
BRDA:22,0,0,27
BRDA:22,0,1,1
BRDA:28,1,0,2
BRDA:28,1,1,726
BRDA:29,2,0,0
BRDA:29,2,1,728
BRDA:40,3,0,0
BRDA:40,3,1,3
BRDA:44,4,0,2
BRDA:44,4,1,1
BRF:10
BRH:8
end_of_record
TN:
SF:src/views/music-decoder/decoder-controls/DecoderControls.js
FN:18,(anonymous_0)
FN:21,(anonymous_1)
FN:22,(anonymous_2)
FN:25,(anonymous_3)
FN:28,(anonymous_4)
FN:33,(anonymous_5)
FN:35,(anonymous_6)
FN:39,(anonymous_7)
FN:41,(anonymous_8)
FN:52,(anonymous_9)
FN:58,(anonymous_10)
FNF:11
FNH:4
FNDA:28,(anonymous_0)
FNDA:48,(anonymous_1)
FNDA:48,(anonymous_2)
FNDA:0,(anonymous_3)
FNDA:0,(anonymous_4)
FNDA:0,(anonymous_5)
FNDA:0,(anonymous_6)
FNDA:2,(anonymous_7)
FNDA:0,(anonymous_8)
FNDA:0,(anonymous_9)
FNDA:0,(anonymous_10)
DA:18,7
DA:19,28
DA:21,48
DA:22,48
DA:23,28
DA:25,28
DA:26,0
DA:27,0
DA:28,0
DA:30,0
DA:33,28
DA:34,0
DA:35,0
DA:36,0
DA:39,28
DA:41,28
DA:42,0
DA:44,0
DA:49,0
DA:50,0
DA:51,0
DA:52,0
DA:53,0
DA:54,0
DA:58,0
DA:59,0
DA:60,0
DA:63,0
DA:66,28
LF:29
LH:10
BRDA:42,0,0,0
BRDA:42,0,1,0
BRDA:51,1,0,0
BRDA:51,1,1,0
BRF:4
BRH:0
end_of_record
TN:
SF:src/views/music-decoder/word-form/WordForm.js
FN:11,(anonymous_0)
FN:16,(anonymous_1)
FNF:2
FNH:2
FNDA:28,(anonymous_0)
FNDA:10,(anonymous_1)
DA:11,7
DA:12,28
DA:13,28
DA:14,28
DA:16,28
DA:17,10
DA:18,10
DA:19,10
DA:20,10
DA:21,10
DA:22,10
DA:24,0
DA:28,28
LF:13
LH:12
BRDA:20,0,0,10
BRDA:20,0,1,0
BRF:2
BRH:1
end_of_record
TN:
SF:src/views/noise-meter/NoiseMeter.js
FN:14,(anonymous_0)
FN:16,(anonymous_1)
FN:19,(anonymous_2)
FN:21,(anonymous_3)
FNF:4
FNH:4
FNDA:6,(anonymous_0)
FNDA:9,(anonymous_1)
FNDA:3,(anonymous_2)
FNDA:3,(anonymous_3)
DA:14,6
DA:15,6
DA:16,9
DA:17,6
DA:19,6
DA:20,3
DA:21,3
DA:24,6
LF:8
LH:8
BRDA:27,0,0,6
BRDA:27,0,1,0
BRF:2
BRH:1
end_of_record
TN:
SF:src/views/noise-meter/meter/Meter.js
FN:14,(anonymous_0)
FN:15,(anonymous_1)
FN:20,(anonymous_2)
FN:21,toggleMic
FN:28,(anonymous_4)
FN:48,(anonymous_5)
FNF:6
FNH:5
FNDA:3,(anonymous_0)
FNDA:2,(anonymous_1)
FNDA:2,(anonymous_2)
FNDA:2,toggleMic
FNDA:0,(anonymous_4)
FNDA:18,(anonymous_5)
DA:14,7
DA:15,3
DA:16,2
DA:17,2
DA:18,2
DA:20,2
DA:22,2
DA:23,0
DA:24,0
DA:25,0
DA:26,0
DA:28,0
DA:29,0
DA:30,0
DA:32,0
DA:33,0
DA:34,2
DA:35,0
DA:36,0
DA:37,0
DA:38,0
DA:39,0
DA:42,2
DA:46,2
DA:48,18
LF:25
LH:11
BRDA:22,0,0,0
BRDA:22,0,1,2
BRDA:23,1,0,0
BRDA:23,1,1,0
BRDA:34,2,0,0
BRDA:34,2,1,2
BRF:6
BRH:2
end_of_record
TN:
SF:src/views/noise-meter/meter/line/Line.js
FN:7,(anonymous_0)
FN:8,(anonymous_1)
FNF:2
FNH:2
FNDA:20,(anonymous_0)
FNDA:20,(anonymous_1)
DA:5,8
DA:7,8
DA:8,20
DA:9,20
DA:10,20
LF:5
LH:5
BRDA:9,0,0,0
BRDA:9,0,1,20
BRDA:9,1,0,20
BRDA:9,1,1,0
BRF:4
BRH:2
end_of_record
TN:
SF:src/views/noise-meter/switch/Switch.js
FN:14,(anonymous_0)
FN:15,(anonymous_1)
FN:20,(anonymous_2)
FNF:3
FNH:2
FNDA:2,(anonymous_0)
FNDA:2,(anonymous_1)
FNDA:0,(anonymous_2)
DA:14,7
DA:15,2
DA:16,2
DA:18,2
DA:20,2
DA:21,0
DA:22,0
DA:23,0
DA:28,0
DA:32,2
DA:33,2
DA:35,2
LF:12
LH:8
BRDA:22,0,0,0
BRDA:22,0,1,0
BRDA:32,1,0,2
BRDA:32,1,1,0
BRDA:33,2,0,2
BRDA:33,2,1,0
BRF:6
BRH:2
end_of_record
TN:
SF:src/views/score-keeper/ScoreKeeper.js
FN:14,(anonymous_0)
FN:16,(anonymous_1)
FN:17,(anonymous_2)
FN:20,(anonymous_3)
FN:23,(anonymous_4)
FNF:5
FNH:5
FNDA:10,(anonymous_0)
FNDA:37,(anonymous_1)
FNDA:37,(anonymous_2)
FNDA:5,(anonymous_3)
FNDA:5,(anonymous_4)
DA:14,6
DA:15,10
DA:16,37
DA:17,37
DA:18,10
DA:20,10
DA:21,5
DA:22,5
DA:23,5
DA:24,5
DA:25,5
DA:29,10
LF:12
LH:12
BRDA:32,0,0,4
BRDA:32,0,1,6
BRF:2
BRH:2
end_of_record
TN:
SF:src/views/score-keeper/students/Students.js
FN:7,(anonymous_0)
FN:8,(anonymous_1)
FN:12,(anonymous_2)
FNF:3
FNH:3
FNDA:24,(anonymous_0)
FNDA:46,(anonymous_1)
FNDA:84,(anonymous_2)
DA:7,7
DA:8,46
DA:10,24
DA:13,84
LF:4
LH:4
BRF:0
BRH:0
end_of_record
TN:
SF:src/views/score-keeper/students/student/Student.js
FN:8,(anonymous_0)
FN:11,(anonymous_1)
FN:12,(anonymous_2)
FNF:3
FNH:3
FNDA:86,(anonymous_0)
FNDA:11,(anonymous_1)
FNDA:6,(anonymous_2)
DA:8,8
DA:9,86
DA:11,86
DA:12,86
DA:13,6
DA:15,86
LF:6
LH:6
BRF:0
BRH:0
end_of_record
TN:
SF:src/views/sequence-maker/SequenceMaker.js
FN:20,(anonymous_0)
FN:22,(anonymous_1)
FN:23,(anonymous_2)
FN:24,(anonymous_3)
FN:28,(anonymous_4)
FN:30,(anonymous_5)
FN:37,(anonymous_6)
FN:38,(anonymous_7)
FNF:8
FNH:8
FNDA:57,(anonymous_0)
FNDA:91,(anonymous_1)
FNDA:91,(anonymous_2)
FNDA:91,(anonymous_3)
FNDA:9,(anonymous_4)
FNDA:9,(anonymous_5)
FNDA:27,(anonymous_6)
FNDA:27,(anonymous_7)
DA:20,6
DA:21,57
DA:22,91
DA:23,91
DA:24,91
DA:25,57
DA:26,57
DA:28,57
DA:29,9
DA:30,9
DA:31,9
DA:32,9
DA:33,9
DA:37,57
DA:38,27
DA:42,57
LF:16
LH:16
BRDA:45,0,0,2
BRDA:45,0,1,55
BRF:2
BRH:2
end_of_record
TN:
SF:src/views/sequence-maker/controls/SequenceControls.js
FN:12,(anonymous_0)
FN:15,(anonymous_1)
FN:16,(anonymous_2)
FN:17,(anonymous_3)
FNF:4
FNH:2
FNDA:57,(anonymous_0)
FNDA:6,(anonymous_1)
FNDA:0,(anonymous_2)
FNDA:0,(anonymous_3)
DA:12,7
DA:13,57
DA:15,57
DA:16,57
DA:17,57
DA:19,57
LF:6
LH:6
BRF:0
BRH:0
end_of_record
TN:
SF:src/views/sequence-maker/play-reset/SequencePlayReset.js
FN:14,(anonymous_0)
FN:16,(anonymous_1)
FN:21,(anonymous_2)
FN:27,(anonymous_3)
FN:31,(anonymous_4)
FN:39,(anonymous_5)
FN:46,(anonymous_6)
FN:54,(anonymous_7)
FNF:8
FNH:8
FNDA:57,(anonymous_0)
FNDA:90,(anonymous_1)
FNDA:1,(anonymous_2)
FNDA:2,(anonymous_3)
FNDA:2,(anonymous_4)
FNDA:1,(anonymous_5)
FNDA:2,(anonymous_6)
FNDA:1,(anonymous_7)
DA:14,7
DA:15,57
DA:16,90
DA:18,57
DA:19,57
DA:21,57
DA:22,1
DA:23,1
DA:25,1
DA:26,4
DA:27,2
DA:28,2
DA:29,2
DA:31,2
DA:32,2
DA:33,2
DA:36,1
DA:39,57
DA:40,1
DA:41,1
DA:43,1
DA:44,4
DA:45,2
DA:46,2
DA:47,2
DA:48,2
DA:51,1
DA:54,57
DA:55,1
DA:56,1
DA:59,57
LF:31
LH:31
BRDA:22,0,0,0
BRDA:22,0,1,1
BRDA:23,1,0,0
BRDA:23,1,1,1
BRDA:26,2,0,2
BRDA:26,2,1,2
BRDA:40,3,0,0
BRDA:40,3,1,1
BRDA:41,4,0,0
BRDA:41,4,1,1
BRDA:44,5,0,2
BRDA:44,5,1,2
BRF:12
BRH:8
end_of_record
TN:
SF:src/views/sequence-maker/sequence/Sequence.js
FN:13,(anonymous_0)
FN:14,(anonymous_1)
FN:18,(anonymous_2)
FN:23,(anonymous_3)
FN:27,(anonymous_4)
FN:36,(anonymous_5)
FNF:6
FNH:5
FNDA:57,(anonymous_0)
FNDA:90,(anonymous_1)
FNDA:0,(anonymous_2)
FNDA:1,(anonymous_3)
FNDA:1,(anonymous_4)
FNDA:228,(anonymous_5)
DA:13,7
DA:14,90
DA:15,57
DA:16,57
DA:18,57
DA:19,0
DA:20,0
DA:23,57
DA:24,1
DA:25,1
DA:26,1
DA:27,1
DA:28,1
DA:29,1
DA:31,1
DA:34,57
DA:37,228
LF:17
LH:15
BRDA:24,0,0,0
BRDA:24,0,1,1
BRDA:38,1,0,49
BRDA:38,1,1,179
BRDA:39,2,0,11
BRDA:39,2,1,217
BRDA:39,3,0,228
BRDA:39,3,1,49
BRDA:44,4,0,49
BRDA:44,4,1,179
BRF:10
BRH:9
end_of_record
TN:
SF:src/views/sequence-maker/sound-options/SoundOptions.js
FN:15,(anonymous_0)
FN:16,(anonymous_1)
FN:17,(anonymous_2)
FN:21,(anonymous_3)
FN:22,(anonymous_4)
FN:25,(anonymous_5)
FN:32,(anonymous_6)
FNF:7
FNH:7
FNDA:57,(anonymous_0)
FNDA:90,(anonymous_1)
FNDA:90,(anonymous_2)
FNDA:8,(anonymous_3)
FNDA:11,(anonymous_4)
FNDA:8,(anonymous_5)
FNDA:156,(anonymous_6)
DA:15,7
DA:16,90
DA:17,90
DA:18,57
DA:19,57
DA:21,57
DA:22,11
DA:23,8
DA:24,8
DA:25,8
DA:29,57
DA:31,57
DA:33,156
DA:44,57
LF:14
LH:14
BRDA:22,0,0,8
BRDA:22,0,1,0
BRDA:31,1,0,39
BRDA:31,1,1,18
BRF:4
BRH:3
end_of_record
TN:
SF:src/views/settings/Settings.js
FN:8,(anonymous_0)
FNF:1
FNH:1
FNDA:2,(anonymous_0)
DA:8,5
DA:9,2
LF:2
LH:2
BRF:0
BRH:0
end_of_record
TN:
SF:src/views/settings/color-blind/ColorBlind.js
FN:8,(anonymous_0)
FN:9,(anonymous_1)
FN:12,(anonymous_2)
FNF:3
FNH:2
FNDA:2,(anonymous_0)
FNDA:2,(anonymous_1)
FNDA:0,(anonymous_2)
DA:8,1
DA:9,2
DA:10,2
DA:12,2
DA:14,2
LF:5
LH:5
BRF:0
BRH:0
end_of_record
TN:
SF:src/views/settings/rosters/Rosters.js
FN:14,(anonymous_0)
FN:15,(anonymous_1)
FN:20,(anonymous_2)
FN:28,(anonymous_3)
FN:34,(anonymous_4)
FNF:5
FNH:3
FNDA:4,(anonymous_0)
FNDA:4,(anonymous_1)
FNDA:4,(anonymous_2)
FNDA:0,(anonymous_3)
FNDA:0,(anonymous_4)
DA:14,6
DA:15,4
DA:16,4
DA:17,4
DA:18,4
DA:20,4
DA:21,4
DA:22,4
DA:23,0
DA:25,4
DA:28,4
DA:29,0
DA:30,0
DA:31,0
DA:34,4
DA:35,0
DA:38,4
DA:40,4
LF:18
LH:13
BRDA:30,0,0,0
BRDA:30,0,1,0
BRDA:38,1,0,4
BRDA:38,1,1,0
BRDA:43,2,0,0
BRDA:43,2,1,4
BRF:6
BRH:2
end_of_record
TN:
SF:src/views/settings/rosters/new-roster/NewRoster.js
FN:14,(anonymous_0)
FN:25,(anonymous_1)
FN:41,(anonymous_2)
FN:47,(anonymous_3)
FN:57,(anonymous_4)
FN:62,(anonymous_5)
FN:63,(anonymous_6)
FN:64,(anonymous_7)
FN:70,(anonymous_8)
FN:76,(anonymous_9)
FNF:10
FNH:2
FNDA:2,(anonymous_0)
FNDA:2,(anonymous_1)
FNDA:0,(anonymous_2)
FNDA:0,(anonymous_3)
FNDA:0,(anonymous_4)
FNDA:0,(anonymous_5)
FNDA:0,(anonymous_6)
FNDA:0,(anonymous_7)
FNDA:0,(anonymous_8)
FNDA:0,(anonymous_9)
DA:14,7
DA:15,2
DA:19,2
DA:20,2
DA:21,2
DA:23,2
DA:26,2
DA:41,2
DA:42,0
DA:43,0
DA:44,0
DA:47,2
DA:48,0
DA:49,0
DA:50,0
DA:51,0
DA:52,0
DA:57,2
DA:58,0
DA:59,0
DA:60,0
DA:61,0
DA:62,0
DA:63,0
DA:64,0
DA:68,0
DA:69,0
DA:70,0
DA:71,0
DA:72,0
DA:76,2
DA:78,2
LF:32
LH:12
BRDA:51,0,0,0
BRDA:51,0,1,0
BRDA:52,1,0,0
BRDA:52,1,1,0
BRDA:58,2,0,0
BRDA:58,2,1,0
BRF:6
BRH:0
end_of_record
TN:
SF:src/views/settings/text-to-speech/TextToSpeech.js
FN:8,(anonymous_0)
FN:9,(anonymous_1)
FN:12,(anonymous_2)
FNF:3
FNH:2
FNDA:2,(anonymous_0)
FNDA:2,(anonymous_1)
FNDA:0,(anonymous_2)
DA:8,1
DA:9,2
DA:10,2
DA:12,2
DA:14,2
LF:5
LH:5
BRF:0
BRH:0
end_of_record
TN:
SF:src/views/settings/volume/Volume.js
FN:11,(anonymous_0)
FN:12,(anonymous_1)
FN:27,(anonymous_2)
FNF:3
FNH:2
FNDA:4,(anonymous_0)
FNDA:4,(anonymous_1)
FNDA:0,(anonymous_2)
DA:11,6
DA:12,4
DA:13,4
DA:15,4
DA:21,4
DA:27,4
DA:29,4
LF:7
LH:7
BRDA:33,0,0,0
BRDA:33,0,1,4
BRDA:42,1,0,4
BRDA:42,1,1,0
BRDA:50,2,0,0
BRDA:50,2,1,4
BRF:6
BRH:3
end_of_record
TN:
SF:src/views/time-keeper/TimeKeeper.js
FN:16,(anonymous_0)
FN:18,(anonymous_1)
FN:19,(anonymous_2)
FN:22,(anonymous_3)
FN:24,(anonymous_4)
FN:27,(anonymous_5)
FNF:6
FNH:5
FNDA:6,(anonymous_0)
FNDA:9,(anonymous_1)
FNDA:9,(anonymous_2)
FNDA:3,(anonymous_3)
FNDA:3,(anonymous_4)
FNDA:0,(anonymous_5)
DA:16,6
DA:17,6
DA:18,9
DA:19,9
DA:20,6
DA:22,6
DA:23,3
DA:24,3
DA:27,6
DA:28,0
DA:29,0
DA:30,0
DA:32,0
DA:35,6
LF:14
LH:10
BRDA:28,0,0,0
BRDA:28,0,1,0
BRDA:30,1,0,0
BRDA:30,1,1,0
BRDA:38,2,0,6
BRDA:38,2,1,0
BRF:6
BRH:1
end_of_record
TN:
SF:src/views/time-keeper/interface/Interface.js
FN:6,(anonymous_0)
FNF:1
FNH:1
FNDA:3,(anonymous_0)
DA:6,7
DA:7,3
LF:2
LH:2
BRF:0
BRH:0
end_of_record
TN:
SF:src/views/time-keeper/interface/music-choices/MusicChoices.js
FN:8,(anonymous_0)
FN:13,(anonymous_1)
FNF:2
FNH:2
FNDA:6,(anonymous_0)
FNDA:30,(anonymous_1)
DA:8,8
DA:9,6
DA:10,6
DA:14,30
LF:4
LH:4
BRDA:9,0,0,4
BRDA:9,0,1,2
BRF:2
BRH:2
end_of_record
TN:
SF:src/views/time-keeper/interface/play-pause/PlayPause.js
FN:12,(anonymous_0)
FN:13,(anonymous_1)
FN:15,(anonymous_2)
FN:19,(anonymous_3)
FNF:4
FNH:3
FNDA:4,(anonymous_0)
FNDA:4,(anonymous_1)
FNDA:0,(anonymous_2)
FNDA:4,(anonymous_3)
DA:12,10
DA:13,4
DA:14,4
DA:15,4
DA:16,0
DA:19,4
DA:20,4
DA:23,4
DA:24,4
DA:26,4
LF:10
LH:9
BRDA:16,0,0,0
BRDA:16,0,1,0
BRDA:20,1,0,0
BRDA:20,1,1,4
BRDA:20,2,0,4
BRDA:20,2,1,0
BRDA:23,3,0,4
BRDA:23,3,1,0
BRDA:24,4,0,4
BRDA:24,4,1,0
BRDA:28,5,0,0
BRDA:28,5,1,4
BRDA:28,6,0,0
BRDA:28,6,1,4
BRF:14
BRH:6
end_of_record
TN:
SF:src/views/time-keeper/time/time-bar/TimeBar.js
FN:7,(anonymous_0)
FN:8,(anonymous_1)
FN:12,(anonymous_2)
FNF:3
FNH:2
FNDA:2,(anonymous_0)
FNDA:2,(anonymous_1)
FNDA:0,(anonymous_2)
DA:7,7
DA:8,2
DA:9,2
DA:10,2
DA:13,0
LF:5
LH:4
BRDA:9,0,0,2
BRDA:9,0,1,0
BRF:2
BRH:1
end_of_record
TN:
SF:src/views/time-keeper/time/time-left/TimeLeft.js
FN:14,(anonymous_0)
FN:15,(anonymous_1)
FN:19,(anonymous_2)
FN:20,(anonymous_3)
FN:21,(anonymous_4)
FNF:5
FNH:2
FNDA:2,(anonymous_0)
FNDA:2,(anonymous_1)
FNDA:0,(anonymous_2)
FNDA:0,(anonymous_3)
FNDA:0,(anonymous_4)
DA:14,9
DA:15,2
DA:16,2
DA:17,2
DA:19,2
DA:20,2
DA:21,2
DA:22,0
DA:23,0
DA:24,0
DA:26,0
DA:29,2
DA:31,2
LF:13
LH:9
BRDA:22,0,0,0
BRDA:22,0,1,0
BRDA:24,1,0,0
BRDA:24,1,1,0
BRDA:32,2,0,0
BRDA:32,2,1,2
BRDA:39,3,0,0
BRDA:39,3,1,2
BRDA:43,4,0,0
BRDA:43,4,1,2
BRDA:44,5,0,0
BRDA:44,5,1,2
BRF:12
BRH:4
end_of_record
